[ 2016-08-16T18:30:55+08:00 ] ::1 /thinkv/index.php/Home
INFO: [ app_init ] --START--
INFO: Run Behavior\BuildLiteBehavior [ RunTime:0.000028s ]
INFO: [ app_init ] --END-- [ RunTime:0.000917s ]
INFO: [ app_begin ] --START--
INFO: Run Behavior\ReadHtmlCacheBehavior [ RunTime:0.001159s ]
INFO: [ app_begin ] --END-- [ RunTime:0.001270s ]

[ 2016-08-16T18:30:55+08:00 ] ::1 /thinkv/index.php/Home/User/login.html
INFO: [ app_init ] --START--
INFO: Run Behavior\BuildLiteBehavior [ RunTime:0.000026s ]
INFO: [ app_init ] --END-- [ RunTime:0.000632s ]
INFO: [ app_begin ] --START--
INFO: Run Behavior\ReadHtmlCacheBehavior [ RunTime:0.001219s ]
INFO: [ app_begin ] --END-- [ RunTime:0.001336s ]
NOTIC: [8] Undefined index: users E:\www\thinkv\Application\Home\Controller\UserController.class.php 第 12 行.
NOTIC: [8] Undefined index: HTTP_REFERER E:\www\thinkv\Application\Home\Controller\UserController.class.php 第 22 行.
INFO: [ view_parse ] --START--
INFO: [ template_filter ] --START--
INFO: Run Behavior\ContentReplaceBehavior [ RunTime:0.000079s ]
INFO: [ template_filter ] --END-- [ RunTime:0.000187s ]
NOTIC: [8] Undefined variable: cfg_webname E:\www\thinkv\Application\Runtime\Cache\Home\0621c80281283c62f18d8e87cf831c8d.php 第 11 行.
NOTIC: [8] Undefined variable: repage E:\www\thinkv\Application\Runtime\Cache\Home\0621c80281283c62f18d8e87cf831c8d.php 第 105 行.
INFO: Run Behavior\ParseTemplateBehavior [ RunTime:0.034585s ]
INFO: [ view_parse ] --END-- [ RunTime:0.034698s ]
INFO: [ view_filter ] --START--
INFO: Run Behavior\WriteHtmlCacheBehavior [ RunTime:0.000825s ]
INFO: [ view_filter ] --END-- [ RunTime:0.000900s ]
INFO: [ app_end ] --START--
INFO: Run Behavior\ShowPageTraceBehavior [ RunTime:0.001128s ]
INFO: [ app_end ] --END-- [ RunTime:0.001207s ]

[ 2016-08-16T18:36:50+08:00 ] ::1 /thinkv/index.php/Home/User/dologin.html
INFO: [ app_init ] --START--
INFO: Run Behavior\BuildLiteBehavior [ RunTime:0.000025s ]
INFO: [ app_init ] --END-- [ RunTime:0.000632s ]
INFO: [ app_begin ] --START--
INFO: Run Behavior\ReadHtmlCacheBehavior [ RunTime:0.001186s ]
INFO: [ app_begin ] --END-- [ RunTime:0.001306s ]
SQL: SHOW COLUMNS FROM `think_admin` [ RunTime:0.0068s ]
SQL: SELECT * FROM `think_admin` WHERE ( user='admin' ) LIMIT 1   [ RunTime:0.0009s ]
SQL: UPDATE `think_admin` SET `logintime`='1471343810' WHERE ( id=1 ) [ RunTime:0.0264s ]
SQL: UPDATE `think_admin` SET `loginip`='0.0.0.0' WHERE ( id=1 ) [ RunTime:0.0006s ]
INFO: [ app_end ] --START--
INFO: Run Behavior\ShowPageTraceBehavior [ RunTime:0.001381s ]
INFO: [ app_end ] --END-- [ RunTime:0.001469s ]

[ 2016-08-16T18:36:50+08:00 ] ::1 /thinkv/index.php/Home/Index/index.html
INFO: [ app_init ] --START--
INFO: Run Behavior\BuildLiteBehavior [ RunTime:0.000025s ]
INFO: [ app_init ] --END-- [ RunTime:0.000637s ]
INFO: [ app_begin ] --START--
INFO: Run Behavior\ReadHtmlCacheBehavior [ RunTime:0.001139s ]
INFO: [ app_begin ] --END-- [ RunTime:0.001251s ]
SQL: SHOW COLUMNS FROM `think_sysconfig` [ RunTime:0.0064s ]
SQL: SELECT `value` FROM `think_sysconfig` WHERE ( varname='cfg_start' ) LIMIT 1   [ RunTime:0.0007s ]
SQL: SELECT `value` FROM `think_sysconfig` WHERE ( varname='cfg_webname' ) LIMIT 1   [ RunTime:0.0006s ]
NOTIC: [2] Missing argument 1 for Think\Controller::show(), called in E:\www\thinkv\Application\Home\Controller\IndexController.class.php on line 6 and defined E:\www\thinkv\Core\Library\Think\Controller.class.php 第 68 行.
NOTIC: [8] Undefined variable: content E:\www\thinkv\Core\Library\Think\Controller.class.php 第 69 行.
INFO: [ view_parse ] --START--
INFO: [ template_filter ] --START--
INFO: Run Behavior\ContentReplaceBehavior [ RunTime:0.000115s ]
INFO: [ template_filter ] --END-- [ RunTime:0.000212s ]
SQL: SHOW COLUMNS FROM `think_msg` [ RunTime:0.0075s ]
SQL: SELECT COUNT(*) AS tp_count FROM `think_msg` WHERE ( `read` =1 ) LIMIT 1   [ RunTime:0.0005s ]
NOTIC: [8] Undefined variable: list2 E:\www\thinkv\Application\Home\Common\function.php 第 84 行.
SQL: SELECT * FROM `think_sysconfig` WHERE ( varname='cfg_indexurl' ) LIMIT 1   [ RunTime:0.0004s ]
SQL: SHOW COLUMNS FROM `think_admin` [ RunTime:0.0058s ]
SQL: SELECT * FROM `think_admin` WHERE ( id=1 ) LIMIT 1   [ RunTime:0.0008s ]
INFO: Run Behavior\ParseTemplateBehavior [ RunTime:0.067366s ]
INFO: [ view_parse ] --END-- [ RunTime:0.067493s ]
INFO: [ view_filter ] --START--
INFO: Run Behavior\WriteHtmlCacheBehavior [ RunTime:0.001018s ]
INFO: [ view_filter ] --END-- [ RunTime:0.001104s ]
INFO: [ app_end ] --START--
INFO: Run Behavior\ShowPageTraceBehavior [ RunTime:0.001537s ]
INFO: [ app_end ] --END-- [ RunTime:0.001695s ]

[ 2016-08-16T18:36:53+08:00 ] ::1 /thinkv/index.php/Home/Category/index.html
INFO: [ app_init ] --START--
INFO: Run Behavior\BuildLiteBehavior [ RunTime:0.000025s ]
INFO: [ app_init ] --END-- [ RunTime:0.000614s ]
INFO: [ app_begin ] --START--
INFO: Run Behavior\ReadHtmlCacheBehavior [ RunTime:0.001321s ]
INFO: [ app_begin ] --END-- [ RunTime:0.001452s ]
SQL: SHOW COLUMNS FROM `think_sysconfig` [ RunTime:0.0065s ]
SQL: SELECT `value` FROM `think_sysconfig` WHERE ( varname='cfg_start' ) LIMIT 1   [ RunTime:0.0006s ]
SQL: SELECT `value` FROM `think_sysconfig` WHERE ( varname='cfg_webname' ) LIMIT 1   [ RunTime:0.0002s ]
SQL: SHOW COLUMNS FROM `think_category` [ RunTime:0.0077s ]
SQL: SELECT * FROM `think_category` ORDER BY listorder  [ RunTime:0.0011s ]
SQL: SELECT * FROM `think_sysconfig` WHERE ( varname='cfg_theme' ) LIMIT 1   [ RunTime:0.0009s ]
INFO: [ view_parse ] --START--
INFO: [ template_filter ] --START--
INFO: Run Behavior\ContentReplaceBehavior [ RunTime:0.000292s ]
INFO: [ template_filter ] --END-- [ RunTime:0.000394s ]
SQL: SHOW COLUMNS FROM `think_msg` [ RunTime:0.0063s ]
SQL: SELECT COUNT(*) AS tp_count FROM `think_msg` WHERE ( `read` =1 ) LIMIT 1   [ RunTime:0.0008s ]
NOTIC: [8] Undefined variable: list2 E:\www\thinkv\Application\Home\Common\function.php 第 84 行.
SQL: SELECT * FROM `think_sysconfig` WHERE ( varname='cfg_indexurl' ) LIMIT 1   [ RunTime:0.0009s ]
SQL: SHOW COLUMNS FROM `think_admin` [ RunTime:0.0064s ]
SQL: SELECT * FROM `think_admin` WHERE ( id=1 ) LIMIT 1   [ RunTime:0.0005s ]
INFO: Run Behavior\ParseTemplateBehavior [ RunTime:0.060361s ]
INFO: [ view_parse ] --END-- [ RunTime:0.060442s ]
INFO: [ view_filter ] --START--
INFO: Run Behavior\WriteHtmlCacheBehavior [ RunTime:0.000980s ]
INFO: [ view_filter ] --END-- [ RunTime:0.001064s ]
INFO: [ app_end ] --START--
INFO: Run Behavior\ShowPageTraceBehavior [ RunTime:0.001729s ]
INFO: [ app_end ] --END-- [ RunTime:0.001852s ]

[ 2016-08-16T18:37:14+08:00 ] ::1 /thinkv/index.php/Home/category/add.html
INFO: [ app_init ] --START--
INFO: Run Behavior\BuildLiteBehavior [ RunTime:0.000030s ]
INFO: [ app_init ] --END-- [ RunTime:0.000959s ]
INFO: [ app_begin ] --START--
INFO: Run Behavior\ReadHtmlCacheBehavior [ RunTime:0.001178s ]
INFO: [ app_begin ] --END-- [ RunTime:0.001288s ]
SQL: SHOW COLUMNS FROM `think_sysconfig` [ RunTime:0.0055s ]
SQL: SELECT `value` FROM `think_sysconfig` WHERE ( varname='cfg_start' ) LIMIT 1   [ RunTime:0.0005s ]
SQL: SELECT `value` FROM `think_sysconfig` WHERE ( varname='cfg_webname' ) LIMIT 1   [ RunTime:0.0002s ]
SQL: SHOW COLUMNS FROM `think_category` [ RunTime:0.0065s ]
NOTIC: [8] Undefined index: usable_type E:\www\thinkv\Application\Home\Controller\CategoryController.class.php 第 152 行.
NOTIC: [8] Undefined index: linktop E:\www\thinkv\Application\Home\Controller\CategoryController.class.php 第 163 行.
SQL: INSERT INTO `think_category` (`parentid`,`arrparentid`,`catname`,`description`,`module`,`keyword`,`image`,`style`,`catdir`,`url`,`usable_type`,`listorder`,`linktop`) VALUES ('0','0','测试栏目','','media','','','about_gh','','','1','50','0') [ RunTime:0.0007s ]

[ 2016-08-16T18:37:15+08:00 ] ::1 /thinkv/index.php/Home/Category/index.html
INFO: [ app_init ] --START--
INFO: Run Behavior\BuildLiteBehavior [ RunTime:0.000024s ]
INFO: [ app_init ] --END-- [ RunTime:0.000599s ]
INFO: [ app_begin ] --START--
INFO: Run Behavior\ReadHtmlCacheBehavior [ RunTime:0.001370s ]
INFO: [ app_begin ] --END-- [ RunTime:0.001509s ]
SQL: SHOW COLUMNS FROM `think_sysconfig` [ RunTime:0.0060s ]
SQL: SELECT `value` FROM `think_sysconfig` WHERE ( varname='cfg_start' ) LIMIT 1   [ RunTime:0.0005s ]
SQL: SELECT `value` FROM `think_sysconfig` WHERE ( varname='cfg_webname' ) LIMIT 1   [ RunTime:0.0002s ]
SQL: SHOW COLUMNS FROM `think_category` [ RunTime:0.0066s ]
SQL: SELECT * FROM `think_category` ORDER BY listorder  [ RunTime:0.0009s ]
SQL: SELECT * FROM `think_sysconfig` WHERE ( varname='cfg_theme' ) LIMIT 1   [ RunTime:0.0007s ]
INFO: [ view_parse ] --START--
INFO: [ template_filter ] --START--
INFO: Run Behavior\ContentReplaceBehavior [ RunTime:0.000293s ]
INFO: [ template_filter ] --END-- [ RunTime:0.000392s ]
SQL: SHOW COLUMNS FROM `think_msg` [ RunTime:0.0067s ]
SQL: SELECT COUNT(*) AS tp_count FROM `think_msg` WHERE ( `read` =1 ) LIMIT 1   [ RunTime:0.0004s ]
NOTIC: [8] Undefined variable: list2 E:\www\thinkv\Application\Home\Common\function.php 第 84 行.
SQL: SELECT * FROM `think_sysconfig` WHERE ( varname='cfg_indexurl' ) LIMIT 1   [ RunTime:0.0003s ]
SQL: SHOW COLUMNS FROM `think_admin` [ RunTime:0.0058s ]
SQL: SELECT * FROM `think_admin` WHERE ( id=1 ) LIMIT 1   [ RunTime:0.0005s ]
INFO: Run Behavior\ParseTemplateBehavior [ RunTime:0.050352s ]
INFO: [ view_parse ] --END-- [ RunTime:0.050434s ]
INFO: [ view_filter ] --START--
INFO: Run Behavior\WriteHtmlCacheBehavior [ RunTime:0.001237s ]
INFO: [ view_filter ] --END-- [ RunTime:0.001347s ]
INFO: [ app_end ] --START--
INFO: Run Behavior\ShowPageTraceBehavior [ RunTime:0.001514s ]
INFO: [ app_end ] --END-- [ RunTime:0.001663s ]

[ 2016-08-16T18:37:16+08:00 ] ::1 /thinkv/index.php/Home/Content/index.html
INFO: [ app_init ] --START--
INFO: Run Behavior\BuildLiteBehavior [ RunTime:0.000026s ]
INFO: [ app_init ] --END-- [ RunTime:0.000599s ]
INFO: [ app_begin ] --START--
INFO: Run Behavior\ReadHtmlCacheBehavior [ RunTime:0.001757s ]
INFO: [ app_begin ] --END-- [ RunTime:0.001900s ]
SQL: SHOW COLUMNS FROM `think_category` [ RunTime:0.0072s ]
SQL: SELECT * FROM `think_category` WHERE ( parentid=0 ) ORDER BY listorder  [ RunTime:0.0011s ]
NOTIC: [8] Undefined index: cid E:\www\thinkv\Application\Home\Controller\ContentController.class.php 第 13 行.
NOTIC: [8] Use of undefined constant parentid - assumed 'parentid' E:\www\thinkv\Application\Home\Controller\ContentController.class.php 第 24 行.
NOTIC: [8] Undefined variable: ifson E:\www\thinkv\Application\Home\Controller\ContentController.class.php 第 24 行.
NOTIC: [8] Use of undefined constant catid - assumed 'catid' E:\www\thinkv\Application\Home\Controller\ContentController.class.php 第 25 行.
NOTIC: [8] Undefined variable: cinfo E:\www\thinkv\Application\Home\Controller\ContentController.class.php 第 73 行.
SQL: SELECT * FROM `think_category` WHERE ( catid=0 ) LIMIT 1   [ RunTime:0.0010s ]
SQL: SHOW COLUMNS FROM `think_catset_list` [ RunTime:0.0066s ]
SQL: SELECT * FROM `think_catset_list` WHERE `catid` IN ('0','')  [ RunTime:0.0009s ]
INFO: [ view_parse ] --START--
INFO: [ template_filter ] --START--
INFO: Run Behavior\ContentReplaceBehavior [ RunTime:0.000144s ]
INFO: [ template_filter ] --END-- [ RunTime:0.000236s ]
NOTIC: [8] Undefined variable: cfg_webname E:\www\thinkv\Application\Runtime\Cache\Home\a10681e8c699e01be2a2c4d1ec27cbdc.php 第 11 行.
SQL: SHOW COLUMNS FROM `think_msg` [ RunTime:0.0067s ]
SQL: SELECT COUNT(*) AS tp_count FROM `think_msg` WHERE ( `read` =1 ) LIMIT 1   [ RunTime:0.0006s ]
NOTIC: [8] Undefined variable: list2 E:\www\thinkv\Application\Home\Common\function.php 第 84 行.
SQL: SHOW COLUMNS FROM `think_sysconfig` [ RunTime:0.0058s ]
SQL: SELECT * FROM `think_sysconfig` WHERE ( varname='cfg_indexurl' ) LIMIT 1   [ RunTime:0.0008s ]
SQL: SHOW COLUMNS FROM `think_admin` [ RunTime:0.0061s ]
SQL: SELECT * FROM `think_admin` WHERE ( id=1 ) LIMIT 1   [ RunTime:0.0006s ]
NOTIC: [8] Undefined index: thisone E:\www\thinkv\Application\Runtime\Cache\Home\a10681e8c699e01be2a2c4d1ec27cbdc.php 第 91 行.
NOTIC: [8] Use of undefined constant catid - assumed 'catid' E:\www\thinkv\Application\Runtime\Cache\Home\a10681e8c699e01be2a2c4d1ec27cbdc.php 第 94 行.
SQL: SELECT * FROM `think_category` WHERE ( parentid=123 ) ORDER BY listorder  [ RunTime:0.0007s ]
INFO: Run Behavior\ParseTemplateBehavior [ RunTime:0.072453s ]
INFO: [ view_parse ] --END-- [ RunTime:0.072534s ]
INFO: [ view_filter ] --START--
INFO: Run Behavior\WriteHtmlCacheBehavior [ RunTime:0.001011s ]
INFO: [ view_filter ] --END-- [ RunTime:0.001098s ]
INFO: [ app_end ] --START--
INFO: Run Behavior\ShowPageTraceBehavior [ RunTime:0.001468s ]
INFO: [ app_end ] --END-- [ RunTime:0.001581s ]

[ 2016-08-16T18:37:18+08:00 ] ::1 /thinkv/index.php/Home/Content/media/cid/123
INFO: [ app_init ] --START--
INFO: Run Behavior\BuildLiteBehavior [ RunTime:0.000035s ]
INFO: [ app_init ] --END-- [ RunTime:0.001044s ]
INFO: [ app_begin ] --START--
INFO: Run Behavior\ReadHtmlCacheBehavior [ RunTime:0.001470s ]
INFO: [ app_begin ] --END-- [ RunTime:0.001620s ]
SQL: SHOW COLUMNS FROM `think_category` [ RunTime:0.0083s ]
SQL: SELECT * FROM `think_category` WHERE ( parentid=0 ) ORDER BY listorder  [ RunTime:0.0014s ]
SQL: SELECT * FROM `think_category` WHERE ( catid=123 ) LIMIT 1   [ RunTime:0.0011s ]
NOTIC: [8] Use of undefined constant parentid - assumed 'parentid' E:\www\thinkv\Application\Home\Controller\ContentController.class.php 第 24 行.
NOTIC: [8] Use of undefined constant catid - assumed 'catid' E:\www\thinkv\Application\Home\Controller\ContentController.class.php 第 25 行.
SQL: SELECT * FROM `think_category` WHERE ( catid=123 ) LIMIT 1   [ RunTime:0.0009s ]
SQL: SELECT * FROM `think_category` WHERE ( catid=0 ) LIMIT 1   [ RunTime:0.0010s ]
SQL: SELECT * FROM `think_category` WHERE ( catid=123 ) LIMIT 1   [ RunTime:0.0009s ]
SQL: SELECT * FROM `think_category` WHERE ( parentid=123 )  [ RunTime:0.0013s ]
SQL: SELECT * FROM `think_category` WHERE ( catid=123 ) LIMIT 1   [ RunTime:0.0009s ]
SQL: SHOW COLUMNS FROM `think_catset_list` [ RunTime:0.0073s ]
SQL: SELECT * FROM `think_catset_list` WHERE ( catid=123 )  [ RunTime:0.0008s ]
SQL: SELECT * FROM `think_category` WHERE ( catid=123 ) LIMIT 1   [ RunTime:0.0006s ]
SQL: SELECT * FROM `think_category` WHERE ( parentid=123 )  [ RunTime:0.0004s ]
SQL: SHOW COLUMNS FROM `think_media` [ RunTime:0.0079s ]
NOTIC: [8] Undefined index: p E:\www\thinkv\Application\Home\Controller\ContentController.class.php 第 433 行.
NOTIC: [8] Undefined index: limit E:\www\thinkv\Core\Library\Think\Db\Driver.class.php 第 961 行.
SQL: SELECT * FROM `think_media` WHERE ( `catid` = 123 ) ORDER BY listorder,updatetime desc LIMIT 0,20   [ RunTime:0.0007s ]
SQL: SELECT COUNT(*) AS tp_count FROM `think_media` WHERE ( status=99 ) LIMIT 1   [ RunTime:0.0002s ]
INFO: [ view_parse ] --START--
INFO: [ template_filter ] --START--
INFO: Run Behavior\ContentReplaceBehavior [ RunTime:0.000164s ]
INFO: [ template_filter ] --END-- [ RunTime:0.000264s ]
NOTIC: [8] Undefined variable: cfg_webname E:\www\thinkv\Application\Runtime\Cache\Home\bd855e3f79a5e99c4cd85242d72475dd.php 第 11 行.
SQL: SHOW COLUMNS FROM `think_msg` [ RunTime:0.0066s ]
SQL: SELECT COUNT(*) AS tp_count FROM `think_msg` WHERE ( `read` =1 ) LIMIT 1   [ RunTime:0.0007s ]
NOTIC: [8] Undefined variable: list2 E:\www\thinkv\Application\Home\Common\function.php 第 84 行.
SQL: SHOW COLUMNS FROM `think_sysconfig` [ RunTime:0.0062s ]
SQL: SELECT * FROM `think_sysconfig` WHERE ( varname='cfg_indexurl' ) LIMIT 1   [ RunTime:0.0011s ]
SQL: SHOW COLUMNS FROM `think_admin` [ RunTime:0.0063s ]
SQL: SELECT * FROM `think_admin` WHERE ( id=1 ) LIMIT 1   [ RunTime:0.0009s ]
NOTIC: [8] Use of undefined constant catid - assumed 'catid' E:\www\thinkv\Application\Runtime\Cache\Home\bd855e3f79a5e99c4cd85242d72475dd.php 第 95 行.
SQL: SELECT * FROM `think_category` WHERE ( parentid=123 ) ORDER BY listorder  [ RunTime:0.0009s ]
INFO: Run Behavior\ParseTemplateBehavior [ RunTime:0.065010s ]
INFO: [ view_parse ] --END-- [ RunTime:0.065119s ]
INFO: [ view_filter ] --START--
INFO: Run Behavior\WriteHtmlCacheBehavior [ RunTime:0.001088s ]
INFO: [ view_filter ] --END-- [ RunTime:0.001177s ]
INFO: [ app_end ] --START--
INFO: Run Behavior\ShowPageTraceBehavior [ RunTime:0.001505s ]
INFO: [ app_end ] --END-- [ RunTime:0.001609s ]

[ 2016-08-16T18:37:19+08:00 ] ::1 /thinkv/index.php/Home/Content/add_media/cid/123
INFO: [ app_init ] --START--
INFO: Run Behavior\BuildLiteBehavior [ RunTime:0.000029s ]
INFO: [ app_init ] --END-- [ RunTime:0.000638s ]
INFO: [ app_begin ] --START--
INFO: Run Behavior\ReadHtmlCacheBehavior [ RunTime:0.001643s ]
INFO: [ app_begin ] --END-- [ RunTime:0.001927s ]
SQL: SHOW COLUMNS FROM `think_category` [ RunTime:0.0069s ]
SQL: SELECT * FROM `think_category` WHERE ( parentid=0 ) ORDER BY listorder  [ RunTime:0.0011s ]
SQL: SELECT * FROM `think_category` WHERE ( catid=123 ) LIMIT 1   [ RunTime:0.0012s ]
NOTIC: [8] Use of undefined constant parentid - assumed 'parentid' E:\www\thinkv\Application\Home\Controller\ContentController.class.php 第 24 行.
NOTIC: [8] Use of undefined constant catid - assumed 'catid' E:\www\thinkv\Application\Home\Controller\ContentController.class.php 第 25 行.
SQL: SELECT * FROM `think_category` WHERE ( catid=123 ) LIMIT 1   [ RunTime:0.0011s ]
SQL: SELECT * FROM `think_category` WHERE ( catid=0 ) LIMIT 1   [ RunTime:0.0009s ]
SQL: SELECT * FROM `think_category` WHERE ( catid=123 ) LIMIT 1   [ RunTime:0.0008s ]
SQL: SELECT * FROM `think_category` WHERE ( parentid=123 )  [ RunTime:0.0004s ]
SQL: SELECT * FROM `think_category` WHERE ( catid=123 ) LIMIT 1   [ RunTime:0.0009s ]
SQL: SHOW COLUMNS FROM `think_catset_list` [ RunTime:0.0065s ]
SQL: SELECT * FROM `think_catset_list` WHERE ( catid=123 )  [ RunTime:0.0008s ]
NOTIC: [8] Use of undefined constant cid - assumed 'cid' E:\www\thinkv\Application\Home\Controller\ContentController.class.php 第 444 行.
INFO: [ view_parse ] --START--
INFO: [ template_filter ] --START--
INFO: Run Behavior\ContentReplaceBehavior [ RunTime:0.000315s ]
INFO: [ template_filter ] --END-- [ RunTime:0.000411s ]
NOTIC: [8] Undefined variable: cfg_webname E:\www\thinkv\Application\Runtime\Cache\Home\264149bf29bb5e1d4bfe4579de62edb2.php 第 10 行.
SQL: SHOW COLUMNS FROM `think_msg` [ RunTime:0.0059s ]
SQL: SELECT COUNT(*) AS tp_count FROM `think_msg` WHERE ( `read` =1 ) LIMIT 1   [ RunTime:0.0006s ]
NOTIC: [8] Undefined variable: list2 E:\www\thinkv\Application\Home\Common\function.php 第 84 行.
SQL: SHOW COLUMNS FROM `think_sysconfig` [ RunTime:0.0062s ]
SQL: SELECT * FROM `think_sysconfig` WHERE ( varname='cfg_indexurl' ) LIMIT 1   [ RunTime:0.0010s ]
SQL: SHOW COLUMNS FROM `think_admin` [ RunTime:0.0061s ]
SQL: SELECT * FROM `think_admin` WHERE ( id=1 ) LIMIT 1   [ RunTime:0.0009s ]
NOTIC: [8] Use of undefined constant catid - assumed 'catid' E:\www\thinkv\Application\Runtime\Cache\Home\264149bf29bb5e1d4bfe4579de62edb2.php 第 113 行.
SQL: SELECT * FROM `think_category` WHERE ( parentid=123 ) ORDER BY listorder  [ RunTime:0.0008s ]
NOTIC: [2] Missing argument 2 for getcatname(), called in E:\www\thinkv\Application\Runtime\Cache\Home\264149bf29bb5e1d4bfe4579de62edb2.php on line 160 and defined E:\www\thinkv\Application\Common\Common\function.php 第 16 行.
NOTIC: [8] Undefined variable: type E:\www\thinkv\Application\Common\Common\function.php 第 21 行.
NOTIC: [8] Undefined variable: type E:\www\thinkv\Application\Common\Common\function.php 第 30 行.
SQL: SELECT * FROM `think_category` WHERE ( catid='123' ) LIMIT 1   [ RunTime:0.0007s ]
INFO: Run Behavior\ParseTemplateBehavior [ RunTime:0.070130s ]
INFO: [ view_parse ] --END-- [ RunTime:0.070210s ]
INFO: [ view_filter ] --START--
INFO: Run Behavior\WriteHtmlCacheBehavior [ RunTime:0.000982s ]
INFO: [ view_filter ] --END-- [ RunTime:0.001067s ]
INFO: [ app_end ] --START--
INFO: Run Behavior\ShowPageTraceBehavior [ RunTime:0.001508s ]
INFO: [ app_end ] --END-- [ RunTime:0.001631s ]

[ 2016-08-16T18:37:20+08:00 ] ::1 /thinkv/index.php/Home/Content/add_media/cid/emotions.data
INFO: [ app_init ] --START--
INFO: Run Behavior\BuildLiteBehavior [ RunTime:0.000032s ]
INFO: [ app_init ] --END-- [ RunTime:0.000793s ]
INFO: [ app_begin ] --START--
INFO: Run Behavior\ReadHtmlCacheBehavior [ RunTime:0.001608s ]
INFO: [ app_begin ] --END-- [ RunTime:0.001737s ]
SQL: SHOW COLUMNS FROM `think_category` [ RunTime:0.0069s ]
SQL: SELECT * FROM `think_category` WHERE ( parentid=0 ) ORDER BY listorder  [ RunTime:0.0009s ]
ERR: 1054:Unknown column 'emotions.data' in 'where clause'
 [ SQL语句 ] : SELECT * FROM `think_category` WHERE ( catid=emotions.data ) LIMIT 1  
ERR: 1054:Unknown column 'emotions.data' in 'where clause'
 [ SQL语句 ] : SELECT * FROM `think_category` WHERE ( catid=emotions.data ) LIMIT 1  

[ 2016-08-16T18:38:56+08:00 ] ::1 /thinkv/index.php/Home/Content/uploadimg.html
INFO: [ app_init ] --START--
INFO: Run Behavior\BuildLiteBehavior [ RunTime:0.000025s ]
INFO: [ app_init ] --END-- [ RunTime:0.000608s ]
INFO: [ app_begin ] --START--
INFO: Run Behavior\ReadHtmlCacheBehavior [ RunTime:0.001013s ]
INFO: [ app_begin ] --END-- [ RunTime:0.001123s ]
SQL: SHOW COLUMNS FROM `think_category` [ RunTime:0.0064s ]
SQL: SELECT * FROM `think_category` WHERE ( parentid=0 ) ORDER BY listorder  [ RunTime:0.0007s ]
NOTIC: [8] Undefined index: cid E:\www\thinkv\Application\Home\Controller\ContentController.class.php 第 13 行.
NOTIC: [8] Use of undefined constant parentid - assumed 'parentid' E:\www\thinkv\Application\Home\Controller\ContentController.class.php 第 24 行.
NOTIC: [8] Undefined variable: ifson E:\www\thinkv\Application\Home\Controller\ContentController.class.php 第 24 行.
NOTIC: [8] Use of undefined constant catid - assumed 'catid' E:\www\thinkv\Application\Home\Controller\ContentController.class.php 第 25 行.
NOTIC: [8] Undefined variable: cinfo E:\www\thinkv\Application\Home\Controller\ContentController.class.php 第 73 行.
NOTIC: [2] call_user_func() expects parameter 1 to be a valid callback, no array or string given E:\www\thinkv\Core\Library\Think\Upload.class.php 第 170 行.
NOTIC: [8] Undefined index: Expires E:\www\thinkv\Core\Library\Think\Upload\Driver\Qiniu\QiniuStorage.class.php 第 46 行.
NOTIC: [8] Undefined index: saveName E:\www\thinkv\Core\Library\Think\Upload\Driver\Qiniu\QiniuStorage.class.php 第 81 行.
NOTIC: [8] Undefined index: custom_fields E:\www\thinkv\Core\Library\Think\Upload\Driver\Qiniu\QiniuStorage.class.php 第 84 行.
NOTIC: [8] Use of undefined constant files - assumed 'files' E:\www\thinkv\Application\Home\Controller\ContentController.class.php 第 1035 行.
NOTIC: [8] Undefined index: mark E:\www\thinkv\Application\Home\Controller\ContentController.class.php 第 1055 行.
INFO: [ app_end ] --START--
INFO: Run Behavior\ShowPageTraceBehavior [ RunTime:0.001332s ]
INFO: [ app_end ] --END-- [ RunTime:0.001452s ]

