[ 2016-06-17T16:56:57+08:00 ] ::1 /thinkp/dsaf
INFO: [ app_init ] --START--
INFO: Run Behavior\BuildLiteBehavior [ RunTime:0.000026s ]
INFO: [ app_init ] --END-- [ RunTime:0.000630s ]
ERR: 无法加载模块:Dsaf

[ 2016-06-17T18:03:52+08:00 ] ::1 /thinkp/ddd
INFO: [ app_init ] --START--
INFO: Run Behavior\BuildLiteBehavior [ RunTime:0.000026s ]
INFO: [ app_init ] --END-- [ RunTime:0.000715s ]
ERR: 无法加载模块:Ddd

[ 2016-06-17T18:04:02+08:00 ] ::1 /thinkp/ddd
INFO: [ app_init ] --START--
INFO: Run Behavior\BuildLiteBehavior [ RunTime:0.000033s ]
INFO: [ app_init ] --END-- [ RunTime:0.000892s ]
ERR: 无法加载模块:Ddd

[ 2016-06-17T18:04:50+08:00 ] ::1 /thinkp/ddd
INFO: [ app_init ] --START--
INFO: Run Behavior\BuildLiteBehavior [ RunTime:0.000033s ]
INFO: [ app_init ] --END-- [ RunTime:0.001188s ]
ERR: 无法加载模块:Ddd

[ 2016-06-17T18:04:51+08:00 ] ::1 /thinkp/ddd
INFO: [ app_init ] --START--
INFO: Run Behavior\BuildLiteBehavior [ RunTime:0.000029s ]
INFO: [ app_init ] --END-- [ RunTime:0.000812s ]
ERR: 无法加载模块:Ddd

[ 2016-06-17T18:04:51+08:00 ] ::1 /thinkp/ddd
INFO: [ app_init ] --START--
INFO: Run Behavior\BuildLiteBehavior [ RunTime:0.000026s ]
INFO: [ app_init ] --END-- [ RunTime:0.000625s ]
ERR: 无法加载模块:Ddd

[ 2016-06-17T18:04:59+08:00 ] ::1 /thinkp/ddd
INFO: [ app_init ] --START--
INFO: Run Behavior\BuildLiteBehavior [ RunTime:0.000031s ]
INFO: [ app_init ] --END-- [ RunTime:0.000807s ]
ERR: 无法加载模块:Ddd

[ 2016-06-17T18:06:37+08:00 ] ::1 /thinkp/ddd
ERR: 无法加载模块:Ddd

[ 2016-06-17T18:07:21+08:00 ] ::1 /thinkp/ddd
ERR: 无法加载模块:Ddd

[ 2016-06-17T18:07:22+08:00 ] ::1 /thinkp/ddd
ERR: 无法加载模块:Ddd

[ 2016-06-17T18:07:34+08:00 ] ::1 /thinkp/ddd
ERR: 无法加载模块:Ddd

[ 2016-06-17T18:07:35+08:00 ] ::1 /thinkp/ddd
ERR: 无法加载模块:Ddd

[ 2016-06-17T18:07:36+08:00 ] ::1 /thinkp/ddd
ERR: 无法加载模块:Ddd

[ 2016-06-17T18:07:36+08:00 ] ::1 /thinkp/ddd
ERR: 无法加载模块:Ddd

[ 2016-06-17T18:07:37+08:00 ] ::1 /thinkp/ddd
ERR: 无法加载模块:Ddd

[ 2016-06-17T18:07:37+08:00 ] ::1 /thinkp/ddd
ERR: 无法加载模块:Ddd

[ 2016-06-17T18:07:40+08:00 ] ::1 /thinkp/dddddd
ERR: 无法加载模块:Dddddd

[ 2016-06-17T18:07:48+08:00 ] ::1 /thinkp/dddddd
ERR: 无法加载模块:Dddddd

[ 2016-06-17T18:08:24+08:00 ] ::1 /thinkp/dddddd
ERR: 无法加载模块:Dddddd

[ 2016-06-17T18:08:25+08:00 ] ::1 /thinkp/dddddd
ERR: 无法加载模块:Dddddd

[ 2016-06-17T18:08:38+08:00 ] ::1 /thinkp/dddddd
ERR: 无法加载模块:Dddddd

[ 2016-06-17T18:08:41+08:00 ] ::1 /thinkp/dddddd
ERR: 无法加载模块:Dddddd

[ 2016-06-17T18:10:13+08:00 ] ::1 /thinkp/%E8%AE%A2%E5%8D%95%E7%9A%84%E5%8F%91%E7%94%9F%E7%9A%84
ERR: 无法加载模块:订单的发生的

[ 2016-06-17T18:10:23+08:00 ] ::1 /thinkp/%E8%AE%A2%E5%8D%95%E7%9A%84%E5%8F%91%E7%94%9F%E7%9A%84
ERR: 无法加载模块:订单的发生的

[ 2016-06-17T18:11:14+08:00 ] ::1 /thinkp/%E8%AE%A2%E5%8D%95%E7%9A%84%E5%8F%91%E7%94%9F%E7%9A%84
ERR: 无法加载模块:订单的发生的

[ 2016-06-17T18:11:15+08:00 ] ::1 /thinkp/%E8%AE%A2%E5%8D%95%E7%9A%84%E5%8F%91%E7%94%9F%E7%9A%84
ERR: 无法加载模块:订单的发生的

[ 2016-06-17T18:11:20+08:00 ] ::1 /thinkp/iundasfa%E3%80%82hs
ERR: 无法加载模块:Iundasfa。hs

[ 2016-06-17T18:11:22+08:00 ] ::1 /thinkp/d
ERR: 无法加载模块:D

[ 2016-06-17T18:12:36+08:00 ] ::1 /thinkp/d
ERR: 无法加载模块:D

[ 2016-06-17T18:12:37+08:00 ] ::1 /thinkp/d
ERR: 无法加载模块:D

[ 2016-06-17T18:24:10+08:00 ] ::1 /thinkp/dsafsd
ERR: 无法加载模块:Dsafsd

[ 2016-06-17T18:25:19+08:00 ] ::1 /thinkp/dsafsd
INFO: [ app_init ] --START--
INFO: Run Behavior\BuildLiteBehavior [ RunTime:0.000029s ]
INFO: [ app_init ] --END-- [ RunTime:0.000829s ]
ERR: 无法加载模块:Dsafsd

[ 2016-06-17T18:25:27+08:00 ] ::1 /thinkp/dsafsd
ERR: 无法加载模块:Dsafsd

[ 2016-06-17T18:25:27+08:00 ] ::1 /thinkp/www.baidu.com
ERR: 无法加载模块:Www.baidu

[ 2016-06-17T18:25:27+08:00 ] ::1 /thinkp/www.baidu.com
ERR: 无法加载模块:Www.baidu

[ 2016-06-17T18:25:27+08:00 ] ::1 /thinkp/www.baidu.com
ERR: 无法加载模块:Www.baidu

[ 2016-06-17T18:25:27+08:00 ] ::1 /thinkp/www.baidu.com
ERR: 无法加载模块:Www.baidu

[ 2016-06-17T18:25:27+08:00 ] ::1 /thinkp/www.baidu.com
ERR: 无法加载模块:Www.baidu

[ 2016-06-17T18:25:27+08:00 ] ::1 /thinkp/www.baidu.com
ERR: 无法加载模块:Www.baidu

[ 2016-06-17T18:25:27+08:00 ] ::1 /thinkp/www.baidu.com
ERR: 无法加载模块:Www.baidu

[ 2016-06-17T18:25:27+08:00 ] ::1 /thinkp/www.baidu.com
ERR: 无法加载模块:Www.baidu

[ 2016-06-17T18:25:27+08:00 ] ::1 /thinkp/www.baidu.com
ERR: 无法加载模块:Www.baidu

[ 2016-06-17T18:25:27+08:00 ] ::1 /thinkp/www.baidu.com
ERR: 无法加载模块:Www.baidu

[ 2016-06-17T18:25:27+08:00 ] ::1 /thinkp/www.baidu.com
ERR: 无法加载模块:Www.baidu

[ 2016-06-17T18:25:27+08:00 ] ::1 /thinkp/www.baidu.com
ERR: 无法加载模块:Www.baidu

[ 2016-06-17T18:25:27+08:00 ] ::1 /thinkp/www.baidu.com
ERR: 无法加载模块:Www.baidu

[ 2016-06-17T18:25:27+08:00 ] ::1 /thinkp/www.baidu.com
ERR: 无法加载模块:Www.baidu

[ 2016-06-17T18:25:27+08:00 ] ::1 /thinkp/www.baidu.com
ERR: 无法加载模块:Www.baidu

[ 2016-06-17T18:25:27+08:00 ] ::1 /thinkp/www.baidu.com
ERR: 无法加载模块:Www.baidu

[ 2016-06-17T18:25:28+08:00 ] ::1 /thinkp/www.baidu.com
ERR: 无法加载模块:Www.baidu

[ 2016-06-17T18:25:28+08:00 ] ::1 /thinkp/www.baidu.com
ERR: 无法加载模块:Www.baidu

[ 2016-06-17T18:25:28+08:00 ] ::1 /thinkp/www.baidu.com
ERR: 无法加载模块:Www.baidu

[ 2016-06-17T18:25:28+08:00 ] ::1 /thinkp/www.baidu.com
ERR: 无法加载模块:Www.baidu

[ 2016-06-17T18:25:28+08:00 ] ::1 /thinkp/www.baidu.com
ERR: 无法加载模块:Www.baidu

[ 2016-06-17T18:25:28+08:00 ] ::1 /thinkp/www.baidu.com
ERR: 无法加载模块:Www.baidu

[ 2016-06-17T18:25:28+08:00 ] ::1 /thinkp/www.baidu.com
ERR: 无法加载模块:Www.baidu

[ 2016-06-17T18:25:28+08:00 ] ::1 /thinkp/www.baidu.com
ERR: 无法加载模块:Www.baidu

[ 2016-06-17T18:25:28+08:00 ] ::1 /thinkp/www.baidu.com
ERR: 无法加载模块:Www.baidu

[ 2016-06-17T18:25:28+08:00 ] ::1 /thinkp/www.baidu.com
ERR: 无法加载模块:Www.baidu

[ 2016-06-17T18:25:28+08:00 ] ::1 /thinkp/www.baidu.com
ERR: 无法加载模块:Www.baidu

[ 2016-06-17T18:25:28+08:00 ] ::1 /thinkp/www.baidu.com
ERR: 无法加载模块:Www.baidu

[ 2016-06-17T18:25:28+08:00 ] ::1 /thinkp/www.baidu.com
ERR: 无法加载模块:Www.baidu

[ 2016-06-17T18:25:28+08:00 ] ::1 /thinkp/www.baidu.com
ERR: 无法加载模块:Www.baidu

[ 2016-06-17T18:25:28+08:00 ] ::1 /thinkp/www.baidu.com
ERR: 无法加载模块:Www.baidu

[ 2016-06-17T18:25:28+08:00 ] ::1 /thinkp/www.baidu.com
ERR: 无法加载模块:Www.baidu

[ 2016-06-17T18:25:28+08:00 ] ::1 /thinkp/www.baidu.com
ERR: 无法加载模块:Www.baidu

[ 2016-06-17T18:25:28+08:00 ] ::1 /thinkp/www.baidu.com
ERR: 无法加载模块:Www.baidu

[ 2016-06-17T18:25:28+08:00 ] ::1 /thinkp/www.baidu.com
ERR: 无法加载模块:Www.baidu

[ 2016-06-17T18:25:28+08:00 ] ::1 /thinkp/www.baidu.com
ERR: 无法加载模块:Www.baidu

[ 2016-06-17T18:25:28+08:00 ] ::1 /thinkp/www.baidu.com
ERR: 无法加载模块:Www.baidu

[ 2016-06-17T18:25:28+08:00 ] ::1 /thinkp/www.baidu.com
ERR: 无法加载模块:Www.baidu

[ 2016-06-17T18:25:28+08:00 ] ::1 /thinkp/www.baidu.com
ERR: 无法加载模块:Www.baidu

[ 2016-06-17T18:25:28+08:00 ] ::1 /thinkp/www.baidu.com
ERR: 无法加载模块:Www.baidu

[ 2016-06-17T18:25:28+08:00 ] ::1 /thinkp/www.baidu.com
ERR: 无法加载模块:Www.baidu

[ 2016-06-17T18:25:33+08:00 ] ::1 /thinkp/www.baidu.com
ERR: 无法加载模块:Www.baidu

[ 2016-06-17T18:25:33+08:00 ] ::1 /thinkp/www.baidu.com
ERR: 无法加载模块:Www.baidu

[ 2016-06-17T18:25:33+08:00 ] ::1 /thinkp/www.baidu.com
ERR: 无法加载模块:Www.baidu

[ 2016-06-17T18:25:33+08:00 ] ::1 /thinkp/www.baidu.com
ERR: 无法加载模块:Www.baidu

[ 2016-06-17T18:25:33+08:00 ] ::1 /thinkp/www.baidu.com
ERR: 无法加载模块:Www.baidu

[ 2016-06-17T18:25:33+08:00 ] ::1 /thinkp/www.baidu.com
ERR: 无法加载模块:Www.baidu

[ 2016-06-17T18:25:33+08:00 ] ::1 /thinkp/www.baidu.com
ERR: 无法加载模块:Www.baidu

[ 2016-06-17T18:25:33+08:00 ] ::1 /thinkp/www.baidu.com
ERR: 无法加载模块:Www.baidu

[ 2016-06-17T18:25:33+08:00 ] ::1 /thinkp/www.baidu.com
ERR: 无法加载模块:Www.baidu

[ 2016-06-17T18:25:33+08:00 ] ::1 /thinkp/www.baidu.com
ERR: 无法加载模块:Www.baidu

[ 2016-06-17T18:25:33+08:00 ] ::1 /thinkp/www.baidu.com
ERR: 无法加载模块:Www.baidu

[ 2016-06-17T18:25:33+08:00 ] ::1 /thinkp/www.baidu.com
ERR: 无法加载模块:Www.baidu

[ 2016-06-17T18:25:33+08:00 ] ::1 /thinkp/www.baidu.com
ERR: 无法加载模块:Www.baidu

[ 2016-06-17T18:25:33+08:00 ] ::1 /thinkp/www.baidu.com
ERR: 无法加载模块:Www.baidu

[ 2016-06-17T18:25:34+08:00 ] ::1 /thinkp/www.baidu.com
ERR: 无法加载模块:Www.baidu

[ 2016-06-17T18:25:34+08:00 ] ::1 /thinkp/www.baidu.com
ERR: 无法加载模块:Www.baidu

[ 2016-06-17T18:25:34+08:00 ] ::1 /thinkp/www.baidu.com
ERR: 无法加载模块:Www.baidu

[ 2016-06-17T18:25:34+08:00 ] ::1 /thinkp/www.baidu.com
ERR: 无法加载模块:Www.baidu

[ 2016-06-17T18:25:34+08:00 ] ::1 /thinkp/www.baidu.com
ERR: 无法加载模块:Www.baidu

[ 2016-06-17T18:25:34+08:00 ] ::1 /thinkp/www.baidu.com
ERR: 无法加载模块:Www.baidu

[ 2016-06-17T18:25:34+08:00 ] ::1 /thinkp/www.baidu.com
ERR: 无法加载模块:Www.baidu

[ 2016-06-17T18:25:53+08:00 ] ::1 /thinkp/www.baidu.com
ERR: 无法加载模块:Www.baidu

[ 2016-06-17T18:25:53+08:00 ] ::1 /thinkp/www.baidu.com
ERR: 无法加载模块:Www.baidu

[ 2016-06-17T18:25:53+08:00 ] ::1 /thinkp/www.baidu.com
ERR: 无法加载模块:Www.baidu

[ 2016-06-17T18:25:53+08:00 ] ::1 /thinkp/www.baidu.com
ERR: 无法加载模块:Www.baidu

[ 2016-06-17T18:25:53+08:00 ] ::1 /thinkp/www.baidu.com
ERR: 无法加载模块:Www.baidu

[ 2016-06-17T18:25:53+08:00 ] ::1 /thinkp/www.baidu.com
ERR: 无法加载模块:Www.baidu

[ 2016-06-17T18:25:53+08:00 ] ::1 /thinkp/www.baidu.com
ERR: 无法加载模块:Www.baidu

[ 2016-06-17T18:25:53+08:00 ] ::1 /thinkp/www.baidu.com
ERR: 无法加载模块:Www.baidu

[ 2016-06-17T18:25:53+08:00 ] ::1 /thinkp/www.baidu.com
ERR: 无法加载模块:Www.baidu

[ 2016-06-17T18:25:53+08:00 ] ::1 /thinkp/www.baidu.com
ERR: 无法加载模块:Www.baidu

[ 2016-06-17T18:25:53+08:00 ] ::1 /thinkp/www.baidu.com
ERR: 无法加载模块:Www.baidu

[ 2016-06-17T18:25:53+08:00 ] ::1 /thinkp/www.baidu.com
ERR: 无法加载模块:Www.baidu

[ 2016-06-17T18:25:53+08:00 ] ::1 /thinkp/www.baidu.com
ERR: 无法加载模块:Www.baidu

[ 2016-06-17T18:25:53+08:00 ] ::1 /thinkp/www.baidu.com
ERR: 无法加载模块:Www.baidu

[ 2016-06-17T18:25:53+08:00 ] ::1 /thinkp/www.baidu.com
ERR: 无法加载模块:Www.baidu

[ 2016-06-17T18:25:53+08:00 ] ::1 /thinkp/www.baidu.com
ERR: 无法加载模块:Www.baidu

[ 2016-06-17T18:25:53+08:00 ] ::1 /thinkp/www.baidu.com
ERR: 无法加载模块:Www.baidu

[ 2016-06-17T18:25:53+08:00 ] ::1 /thinkp/www.baidu.com
ERR: 无法加载模块:Www.baidu

[ 2016-06-17T18:25:53+08:00 ] ::1 /thinkp/www.baidu.com
ERR: 无法加载模块:Www.baidu

[ 2016-06-17T18:25:53+08:00 ] ::1 /thinkp/www.baidu.com
ERR: 无法加载模块:Www.baidu

[ 2016-06-17T18:25:53+08:00 ] ::1 /thinkp/www.baidu.com
ERR: 无法加载模块:Www.baidu

[ 2016-06-17T18:25:54+08:00 ] ::1 /thinkp/www.baidu.com
ERR: 无法加载模块:Www.baidu

[ 2016-06-17T18:25:54+08:00 ] ::1 /thinkp/www.baidu.com
ERR: 无法加载模块:Www.baidu

[ 2016-06-17T18:25:54+08:00 ] ::1 /thinkp/www.baidu.com
ERR: 无法加载模块:Www.baidu

[ 2016-06-17T18:25:54+08:00 ] ::1 /thinkp/www.baidu.com
ERR: 无法加载模块:Www.baidu

[ 2016-06-17T18:25:54+08:00 ] ::1 /thinkp/www.baidu.com
ERR: 无法加载模块:Www.baidu

[ 2016-06-17T18:25:54+08:00 ] ::1 /thinkp/www.baidu.com
ERR: 无法加载模块:Www.baidu

[ 2016-06-17T18:25:54+08:00 ] ::1 /thinkp/www.baidu.com
ERR: 无法加载模块:Www.baidu

[ 2016-06-17T18:25:54+08:00 ] ::1 /thinkp/www.baidu.com
ERR: 无法加载模块:Www.baidu

[ 2016-06-17T18:25:54+08:00 ] ::1 /thinkp/www.baidu.com
ERR: 无法加载模块:Www.baidu

[ 2016-06-17T18:25:54+08:00 ] ::1 /thinkp/www.baidu.com
ERR: 无法加载模块:Www.baidu

[ 2016-06-17T18:25:54+08:00 ] ::1 /thinkp/www.baidu.com
ERR: 无法加载模块:Www.baidu

[ 2016-06-17T18:25:54+08:00 ] ::1 /thinkp/www.baidu.com
ERR: 无法加载模块:Www.baidu

[ 2016-06-17T18:25:54+08:00 ] ::1 /thinkp/www.baidu.com
ERR: 无法加载模块:Www.baidu

[ 2016-06-17T18:25:54+08:00 ] ::1 /thinkp/www.baidu.com
ERR: 无法加载模块:Www.baidu

[ 2016-06-17T18:25:54+08:00 ] ::1 /thinkp/www.baidu.com
ERR: 无法加载模块:Www.baidu

[ 2016-06-17T18:25:54+08:00 ] ::1 /thinkp/www.baidu.com
ERR: 无法加载模块:Www.baidu

[ 2016-06-17T18:25:54+08:00 ] ::1 /thinkp/www.baidu.com
ERR: 无法加载模块:Www.baidu

[ 2016-06-17T18:25:55+08:00 ] ::1 /thinkp/www.baidu.com
ERR: 无法加载模块:Www.baidu

[ 2016-06-17T18:25:55+08:00 ] ::1 /thinkp/www.baidu.com
ERR: 无法加载模块:Www.baidu

[ 2016-06-17T18:25:55+08:00 ] ::1 /thinkp/www.baidu.com
ERR: 无法加载模块:Www.baidu

[ 2016-06-17T18:25:55+08:00 ] ::1 /thinkp/www.baidu.com
ERR: 无法加载模块:Www.baidu

[ 2016-06-17T18:25:57+08:00 ] ::1 /thinkp/f
ERR: 无法加载模块:F

[ 2016-06-17T18:25:57+08:00 ] ::1 /thinkp/www.baidu.com
ERR: 无法加载模块:Www.baidu

[ 2016-06-17T18:25:57+08:00 ] ::1 /thinkp/www.baidu.com
ERR: 无法加载模块:Www.baidu

[ 2016-06-17T18:25:57+08:00 ] ::1 /thinkp/www.baidu.com
ERR: 无法加载模块:Www.baidu

[ 2016-06-17T18:25:57+08:00 ] ::1 /thinkp/www.baidu.com
ERR: 无法加载模块:Www.baidu

[ 2016-06-17T18:25:57+08:00 ] ::1 /thinkp/www.baidu.com
ERR: 无法加载模块:Www.baidu

[ 2016-06-17T18:25:57+08:00 ] ::1 /thinkp/www.baidu.com
ERR: 无法加载模块:Www.baidu

[ 2016-06-17T18:25:57+08:00 ] ::1 /thinkp/www.baidu.com
ERR: 无法加载模块:Www.baidu

[ 2016-06-17T18:25:57+08:00 ] ::1 /thinkp/www.baidu.com
ERR: 无法加载模块:Www.baidu

[ 2016-06-17T18:25:57+08:00 ] ::1 /thinkp/www.baidu.com
ERR: 无法加载模块:Www.baidu

[ 2016-06-17T18:25:57+08:00 ] ::1 /thinkp/www.baidu.com
ERR: 无法加载模块:Www.baidu

[ 2016-06-17T18:25:57+08:00 ] ::1 /thinkp/www.baidu.com
ERR: 无法加载模块:Www.baidu

[ 2016-06-17T18:25:57+08:00 ] ::1 /thinkp/www.baidu.com
ERR: 无法加载模块:Www.baidu

[ 2016-06-17T18:25:57+08:00 ] ::1 /thinkp/www.baidu.com
ERR: 无法加载模块:Www.baidu

[ 2016-06-17T18:25:57+08:00 ] ::1 /thinkp/www.baidu.com
ERR: 无法加载模块:Www.baidu

[ 2016-06-17T18:25:57+08:00 ] ::1 /thinkp/www.baidu.com
ERR: 无法加载模块:Www.baidu

[ 2016-06-17T18:25:57+08:00 ] ::1 /thinkp/www.baidu.com
ERR: 无法加载模块:Www.baidu

[ 2016-06-17T18:25:57+08:00 ] ::1 /thinkp/www.baidu.com
ERR: 无法加载模块:Www.baidu

[ 2016-06-17T18:25:57+08:00 ] ::1 /thinkp/www.baidu.com
ERR: 无法加载模块:Www.baidu

[ 2016-06-17T18:25:57+08:00 ] ::1 /thinkp/www.baidu.com
ERR: 无法加载模块:Www.baidu

[ 2016-06-17T18:25:57+08:00 ] ::1 /thinkp/www.baidu.com
ERR: 无法加载模块:Www.baidu

[ 2016-06-17T18:26:00+08:00 ] ::1 /thinkp/ghfdghd
ERR: 无法加载模块:Ghfdghd

[ 2016-06-17T18:26:00+08:00 ] ::1 /thinkp/www.baidu.com
ERR: 无法加载模块:Www.baidu

[ 2016-06-17T18:26:00+08:00 ] ::1 /thinkp/www.baidu.com
ERR: 无法加载模块:Www.baidu

[ 2016-06-17T18:26:00+08:00 ] ::1 /thinkp/www.baidu.com
ERR: 无法加载模块:Www.baidu

[ 2016-06-17T18:26:00+08:00 ] ::1 /thinkp/www.baidu.com
ERR: 无法加载模块:Www.baidu

[ 2016-06-17T18:26:00+08:00 ] ::1 /thinkp/www.baidu.com
ERR: 无法加载模块:Www.baidu

[ 2016-06-17T18:26:00+08:00 ] ::1 /thinkp/www.baidu.com
ERR: 无法加载模块:Www.baidu

[ 2016-06-17T18:26:00+08:00 ] ::1 /thinkp/www.baidu.com
ERR: 无法加载模块:Www.baidu

[ 2016-06-17T18:26:00+08:00 ] ::1 /thinkp/www.baidu.com
ERR: 无法加载模块:Www.baidu

[ 2016-06-17T18:26:00+08:00 ] ::1 /thinkp/www.baidu.com
ERR: 无法加载模块:Www.baidu

[ 2016-06-17T18:26:00+08:00 ] ::1 /thinkp/www.baidu.com
ERR: 无法加载模块:Www.baidu

[ 2016-06-17T18:26:00+08:00 ] ::1 /thinkp/www.baidu.com
ERR: 无法加载模块:Www.baidu

[ 2016-06-17T18:26:00+08:00 ] ::1 /thinkp/www.baidu.com
ERR: 无法加载模块:Www.baidu

[ 2016-06-17T18:26:00+08:00 ] ::1 /thinkp/www.baidu.com
ERR: 无法加载模块:Www.baidu

[ 2016-06-17T18:26:00+08:00 ] ::1 /thinkp/www.baidu.com
ERR: 无法加载模块:Www.baidu

[ 2016-06-17T18:26:00+08:00 ] ::1 /thinkp/www.baidu.com
ERR: 无法加载模块:Www.baidu

[ 2016-06-17T18:26:00+08:00 ] ::1 /thinkp/www.baidu.com
ERR: 无法加载模块:Www.baidu

[ 2016-06-17T18:26:00+08:00 ] ::1 /thinkp/www.baidu.com
ERR: 无法加载模块:Www.baidu

[ 2016-06-17T18:26:00+08:00 ] ::1 /thinkp/www.baidu.com
ERR: 无法加载模块:Www.baidu

[ 2016-06-17T18:26:00+08:00 ] ::1 /thinkp/www.baidu.com
ERR: 无法加载模块:Www.baidu

[ 2016-06-17T18:26:00+08:00 ] ::1 /thinkp/www.baidu.com
ERR: 无法加载模块:Www.baidu

[ 2016-06-17T18:26:56+08:00 ] ::1 /thinkp/sss
ERR: 无法加载模块:Sss

[ 2016-06-17T18:27:15+08:00 ] ::1 /thinkp/sss
ERR: 无法加载模块:Sss

[ 2016-06-17T18:27:16+08:00 ] ::1 /thinkp/sss
ERR: 无法加载模块:Sss

[ 2016-06-17T18:27:18+08:00 ] ::1 /thinkp/sgggg
ERR: 无法加载模块:Sgggg

[ 2016-06-17T18:27:21+08:00 ] ::1 /thinkp/sggggdsafsd
ERR: 无法加载模块:Sggggdsafsd

[ 2016-06-17T18:27:26+08:00 ] ::1 /thinkp/ddd
ERR: 无法加载模块:Ddd

[ 2016-06-17T18:27:36+08:00 ] ::1 /thinkp/ddd
INFO: [ app_init ] --START--
INFO: Run Behavior\BuildLiteBehavior [ RunTime:0.000024s ]
INFO: [ app_init ] --END-- [ RunTime:0.000653s ]
ERR: 无法加载模块:Ddd

[ 2016-06-17T18:27:40+08:00 ] ::1 /thinkp/ddd
ERR: 无法加载模块:Ddd

[ 2016-06-17T18:28:05+08:00 ] ::1 /thinkp/sggggdsafsd
INFO: [ app_init ] --START--
INFO: Run Behavior\BuildLiteBehavior [ RunTime:0.000039s ]
INFO: [ app_init ] --END-- [ RunTime:0.000995s ]
ERR: 无法加载模块:Sggggdsafsd

[ 2016-06-17T18:28:12+08:00 ] ::1 /thinkp/sggggdsafsd
ERR: 无法加载模块:Sggggdsafsd

[ 2016-06-17T18:28:12+08:00 ] ::1 /thinkp/404.html
ERR: 无法加载模块:404

[ 2016-06-17T18:28:12+08:00 ] ::1 /thinkp/404.html
ERR: 无法加载模块:404

[ 2016-06-17T18:28:12+08:00 ] ::1 /thinkp/404.html
ERR: 无法加载模块:404

[ 2016-06-17T18:28:12+08:00 ] ::1 /thinkp/404.html
ERR: 无法加载模块:404

[ 2016-06-17T18:28:12+08:00 ] ::1 /thinkp/404.html
ERR: 无法加载模块:404

[ 2016-06-17T18:28:12+08:00 ] ::1 /thinkp/404.html
ERR: 无法加载模块:404

[ 2016-06-17T18:28:12+08:00 ] ::1 /thinkp/404.html
ERR: 无法加载模块:404

[ 2016-06-17T18:28:12+08:00 ] ::1 /thinkp/404.html
ERR: 无法加载模块:404

[ 2016-06-17T18:28:12+08:00 ] ::1 /thinkp/404.html
ERR: 无法加载模块:404

[ 2016-06-17T18:28:12+08:00 ] ::1 /thinkp/404.html
ERR: 无法加载模块:404

[ 2016-06-17T18:28:12+08:00 ] ::1 /thinkp/404.html
ERR: 无法加载模块:404

[ 2016-06-17T18:28:12+08:00 ] ::1 /thinkp/404.html
ERR: 无法加载模块:404

[ 2016-06-17T18:28:12+08:00 ] ::1 /thinkp/404.html
ERR: 无法加载模块:404

[ 2016-06-17T18:28:12+08:00 ] ::1 /thinkp/404.html
ERR: 无法加载模块:404

[ 2016-06-17T18:28:12+08:00 ] ::1 /thinkp/404.html
ERR: 无法加载模块:404

[ 2016-06-17T18:28:12+08:00 ] ::1 /thinkp/404.html
ERR: 无法加载模块:404

[ 2016-06-17T18:28:12+08:00 ] ::1 /thinkp/404.html
ERR: 无法加载模块:404

[ 2016-06-17T18:28:12+08:00 ] ::1 /thinkp/404.html
ERR: 无法加载模块:404

[ 2016-06-17T18:28:12+08:00 ] ::1 /thinkp/404.html
ERR: 无法加载模块:404

[ 2016-06-17T18:28:12+08:00 ] ::1 /thinkp/404.html
ERR: 无法加载模块:404

[ 2016-06-17T18:28:12+08:00 ] ::1 /thinkp/404.html
ERR: 无法加载模块:404

[ 2016-06-17T18:28:12+08:00 ] ::1 /thinkp/404.html
ERR: 无法加载模块:404

[ 2016-06-17T18:28:12+08:00 ] ::1 /thinkp/404.html
ERR: 无法加载模块:404

[ 2016-06-17T18:28:13+08:00 ] ::1 /thinkp/404.html
ERR: 无法加载模块:404

[ 2016-06-17T18:28:13+08:00 ] ::1 /thinkp/404.html
ERR: 无法加载模块:404

[ 2016-06-17T18:28:13+08:00 ] ::1 /thinkp/404.html
ERR: 无法加载模块:404

[ 2016-06-17T18:28:13+08:00 ] ::1 /thinkp/404.html
ERR: 无法加载模块:404

[ 2016-06-17T18:28:13+08:00 ] ::1 /thinkp/404.html
ERR: 无法加载模块:404

[ 2016-06-17T18:28:13+08:00 ] ::1 /thinkp/404.html
ERR: 无法加载模块:404

[ 2016-06-17T18:28:13+08:00 ] ::1 /thinkp/404.html
ERR: 无法加载模块:404

[ 2016-06-17T18:28:13+08:00 ] ::1 /thinkp/404.html
ERR: 无法加载模块:404

[ 2016-06-17T18:28:13+08:00 ] ::1 /thinkp/404.html
ERR: 无法加载模块:404

[ 2016-06-17T18:28:13+08:00 ] ::1 /thinkp/404.html
ERR: 无法加载模块:404

[ 2016-06-17T18:28:13+08:00 ] ::1 /thinkp/404.html
ERR: 无法加载模块:404

[ 2016-06-17T18:28:13+08:00 ] ::1 /thinkp/404.html
ERR: 无法加载模块:404

[ 2016-06-17T18:28:13+08:00 ] ::1 /thinkp/404.html
ERR: 无法加载模块:404

[ 2016-06-17T18:28:13+08:00 ] ::1 /thinkp/404.html
ERR: 无法加载模块:404

[ 2016-06-17T18:28:13+08:00 ] ::1 /thinkp/404.html
ERR: 无法加载模块:404

[ 2016-06-17T18:28:13+08:00 ] ::1 /thinkp/404.html
ERR: 无法加载模块:404

[ 2016-06-17T18:28:13+08:00 ] ::1 /thinkp/404.html
ERR: 无法加载模块:404

[ 2016-06-17T18:28:13+08:00 ] ::1 /thinkp/404.html
ERR: 无法加载模块:404

