[ 2016-07-04T22:37:57+08:00 ] ::1 /he/Theme/Ue/feiyu/pc/images/nav_bg.png
INFO: [ app_init ] --START--
INFO: Run Behavior\BuildLiteBehavior [ RunTime:0.000025s ]
INFO: [ app_init ] --END-- [ RunTime:0.000597s ]
ERR: 无法加载模块:Theme

[ 2016-07-04T22:37:57+08:00 ] ::1 /he/Theme/Ue/feiyu/pc/images/scbt.jpg
INFO: [ app_init ] --START--
INFO: Run Behavior\BuildLiteBehavior [ RunTime:0.000023s ]
INFO: [ app_init ] --END-- [ RunTime:0.000599s ]
ERR: 无法加载模块:Theme

[ 2016-07-04T22:37:57+08:00 ] ::1 /he/Theme/Ue/feiyu/pc/images/icon_3.png
INFO: [ app_init ] --START--
INFO: Run Behavior\BuildLiteBehavior [ RunTime:0.000023s ]
INFO: [ app_init ] --END-- [ RunTime:0.000620s ]
ERR: 无法加载模块:Theme

[ 2016-07-04T22:38:21+08:00 ] ::1 /he/Theme/Ue/feiyu/pc/images/nav_bg.png
INFO: [ app_init ] --START--
INFO: Run Behavior\BuildLiteBehavior [ RunTime:0.000025s ]
INFO: [ app_init ] --END-- [ RunTime:0.000661s ]
ERR: 无法加载模块:Theme

[ 2016-07-04T22:38:21+08:00 ] ::1 /he/Theme/Ue/feiyu/pc/images/scbt.jpg
INFO: [ app_init ] --START--
INFO: Run Behavior\BuildLiteBehavior [ RunTime:0.000025s ]
INFO: [ app_init ] --END-- [ RunTime:0.000588s ]
ERR: 无法加载模块:Theme

[ 2016-07-04T22:38:21+08:00 ] ::1 /he/Theme/Ue/feiyu/pc/images/icon_3.png
INFO: [ app_init ] --START--
INFO: Run Behavior\BuildLiteBehavior [ RunTime:0.000026s ]
INFO: [ app_init ] --END-- [ RunTime:0.000592s ]
ERR: 无法加载模块:Theme

[ 2016-07-04T22:38:23+08:00 ] ::1 /he/Theme/Ue/feiyu/pc/images/map_03.jpg
INFO: [ app_init ] --START--
INFO: Run Behavior\BuildLiteBehavior [ RunTime:0.000047s ]
INFO: [ app_init ] --END-- [ RunTime:0.000982s ]
ERR: 无法加载模块:Theme

[ 2016-07-04T22:56:48+08:00 ] ::1 /he/Theme/Ue/feiyu/pc/images/nav_bg.png
INFO: [ app_init ] --START--
INFO: Run Behavior\BuildLiteBehavior [ RunTime:0.000025s ]
INFO: [ app_init ] --END-- [ RunTime:0.000594s ]
ERR: 无法加载模块:Theme

[ 2016-07-04T22:56:48+08:00 ] ::1 /he/Theme/Ue/feiyu/pc/images/scbt.jpg
INFO: [ app_init ] --START--
INFO: Run Behavior\BuildLiteBehavior [ RunTime:0.000025s ]
INFO: [ app_init ] --END-- [ RunTime:0.000733s ]
ERR: 无法加载模块:Theme

[ 2016-07-04T22:56:48+08:00 ] ::1 /he/Theme/Ue/feiyu/pc/images/icon_3.png
INFO: [ app_init ] --START--
INFO: Run Behavior\BuildLiteBehavior [ RunTime:0.000023s ]
INFO: [ app_init ] --END-- [ RunTime:0.000580s ]
ERR: 无法加载模块:Theme

[ 2016-07-04T23:00:10+08:00 ] ::1 /he/Theme/Ue/default/pc/images/nav_bg.png
INFO: [ app_init ] --START--
INFO: Run Behavior\BuildLiteBehavior [ RunTime:0.000024s ]
INFO: [ app_init ] --END-- [ RunTime:0.000597s ]
ERR: 无法加载模块:Theme

[ 2016-07-04T23:00:10+08:00 ] ::1 /he/Theme/Ue/default/pc/images/scbt.jpg
INFO: [ app_init ] --START--
INFO: Run Behavior\BuildLiteBehavior [ RunTime:0.000024s ]
INFO: [ app_init ] --END-- [ RunTime:0.000609s ]
ERR: 无法加载模块:Theme

[ 2016-07-04T23:00:10+08:00 ] ::1 /he/Theme/Ue/default/pc/images/icon_3.png
INFO: [ app_init ] --START--
INFO: Run Behavior\BuildLiteBehavior [ RunTime:0.000024s ]
INFO: [ app_init ] --END-- [ RunTime:0.000557s ]
ERR: 无法加载模块:Theme

[ 2016-07-04T23:13:00+08:00 ] ::1 /he/Theme/Ue/default/pc/images/nav_bg.png
INFO: [ app_init ] --START--
INFO: Run Behavior\BuildLiteBehavior [ RunTime:0.000024s ]
INFO: [ app_init ] --END-- [ RunTime:0.000620s ]
ERR: 无法加载模块:Theme

[ 2016-07-04T23:13:00+08:00 ] ::1 /he/Theme/Ue/default/pc/images/scbt.jpg
INFO: [ app_init ] --START--
INFO: Run Behavior\BuildLiteBehavior [ RunTime:0.000026s ]
INFO: [ app_init ] --END-- [ RunTime:0.000693s ]
ERR: 无法加载模块:Theme

[ 2016-07-04T23:13:27+08:00 ] ::1 /he/Theme/Ue/default/pc/images/icon_3.png
INFO: [ app_init ] --START--
INFO: Run Behavior\BuildLiteBehavior [ RunTime:0.000024s ]
INFO: [ app_init ] --END-- [ RunTime:0.000548s ]
ERR: 无法加载模块:Theme

