[ 2016-07-01T08:43:58+08:00 ] ::1 /he/Theme/Ue/feiyu/pc/images/scbt.jpg
INFO: [ app_init ] --START--
INFO: Run Behavior\BuildLiteBehavior [ RunTime:0.000031s ]
INFO: [ app_init ] --END-- [ RunTime:0.000870s ]
ERR: 无法加载模块:Theme

[ 2016-07-01T08:43:58+08:00 ] ::1 /he/Theme/Ue/feiyu/pc/images/icon_3.png
INFO: [ app_init ] --START--
INFO: Run Behavior\BuildLiteBehavior [ RunTime:0.000036s ]
INFO: [ app_init ] --END-- [ RunTime:0.000710s ]
ERR: 无法加载模块:Theme

[ 2016-07-01T08:43:58+08:00 ] ::1 /he/Theme/Ue/feiyu/pc/images/nav_bg.png
INFO: [ app_init ] --START--
INFO: Run Behavior\BuildLiteBehavior [ RunTime:0.000026s ]
INFO: [ app_init ] --END-- [ RunTime:0.000774s ]
ERR: 无法加载模块:Theme

[ 2016-07-01T08:43:59+08:00 ] ::1 /he/Theme/Ue/feiyu/pc/images/nav_bg.png
INFO: [ app_init ] --START--
INFO: Run Behavior\BuildLiteBehavior [ RunTime:0.000024s ]
INFO: [ app_init ] --END-- [ RunTime:0.000523s ]
ERR: 无法加载模块:Theme

[ 2016-07-01T08:43:59+08:00 ] ::1 /he/Theme/Ue/feiyu/pc/images/scbt.jpg
INFO: [ app_init ] --START--
INFO: Run Behavior\BuildLiteBehavior [ RunTime:0.000024s ]
INFO: [ app_init ] --END-- [ RunTime:0.000527s ]
ERR: 无法加载模块:Theme

[ 2016-07-01T08:43:59+08:00 ] ::1 /he/Theme/Ue/feiyu/pc/images/icon_3.png
INFO: [ app_init ] --START--
INFO: Run Behavior\BuildLiteBehavior [ RunTime:0.000023s ]
INFO: [ app_init ] --END-- [ RunTime:0.000492s ]
ERR: 无法加载模块:Theme

