[ 2016-07-09T10:21:53+08:00 ] ::1 /thinkv/Theme/Ue/default/pc/images/nav_bg.png
INFO: [ app_init ] --START--
INFO: Run Behavior\BuildLiteBehavior [ RunTime:0.000025s ]
INFO: [ app_init ] --END-- [ RunTime:0.000559s ]
ERR: 无法加载模块:Theme

[ 2016-07-09T10:21:53+08:00 ] ::1 /thinkv/Theme/Ue/default/pc/images/scbt.jpg
INFO: [ app_init ] --START--
INFO: Run Behavior\BuildLiteBehavior [ RunTime:0.000053s ]
INFO: [ app_init ] --END-- [ RunTime:0.000988s ]
ERR: 无法加载模块:Theme

[ 2016-07-09T10:24:20+08:00 ] ::1 /thinkv/Theme/Ue/default/pc/images/nav_bg.png
INFO: [ app_init ] --START--
INFO: Run Behavior\BuildLiteBehavior [ RunTime:0.000026s ]
INFO: [ app_init ] --END-- [ RunTime:0.000638s ]
ERR: 无法加载模块:Theme

[ 2016-07-09T10:24:20+08:00 ] ::1 /thinkv/Theme/Ue/default/pc/images/scbt.jpg
INFO: [ app_init ] --START--
INFO: Run Behavior\BuildLiteBehavior [ RunTime:0.000026s ]
INFO: [ app_init ] --END-- [ RunTime:0.000609s ]
ERR: 无法加载模块:Theme

[ 2016-07-09T10:24:20+08:00 ] ::1 /thinkv/Theme/Ue/default/pc/images/icon_3.png
INFO: [ app_init ] --START--
INFO: Run Behavior\BuildLiteBehavior [ RunTime:0.000025s ]
INFO: [ app_init ] --END-- [ RunTime:0.000571s ]
ERR: 无法加载模块:Theme

