[ 2016-06-29T09:29:08+08:00 ] ::1 /he/Theme/Ue/feiyu/pc/images/scbt.jpg
INFO: [ app_init ] --START--
INFO: Run Behavior\BuildLiteBehavior [ RunTime:0.000025s ]
INFO: [ app_init ] --END-- [ RunTime:0.000573s ]
ERR: 无法加载模块:Theme

[ 2016-06-29T09:29:08+08:00 ] ::1 /he/Theme/Ue/feiyu/pc/images/nav_bg.png
INFO: [ app_init ] --START--
INFO: Run Behavior\BuildLiteBehavior [ RunTime:0.000027s ]
INFO: [ app_init ] --END-- [ RunTime:0.000798s ]
ERR: 无法加载模块:Theme

[ 2016-06-29T09:29:08+08:00 ] ::1 /he/Theme/Ue/feiyu/pc/images/icon_3.png
INFO: [ app_init ] --START--
INFO: Run Behavior\BuildLiteBehavior [ RunTime:0.000025s ]
INFO: [ app_init ] --END-- [ RunTime:0.000533s ]
ERR: 无法加载模块:Theme

[ 2016-06-29T09:32:21+08:00 ] ::1 /he/index.php/Public/admin/js/bootstrap-switch.js
INFO: [ app_init ] --START--
INFO: Run Behavior\BuildLiteBehavior [ RunTime:0.000025s ]
INFO: [ app_init ] --END-- [ RunTime:0.000539s ]
ERR: 无法加载模块:Public

[ 2016-06-29T09:32:21+08:00 ] ::1 /he/index.php/Public/admin/css/bootstrap-switch.css
INFO: [ app_init ] --START--
INFO: Run Behavior\BuildLiteBehavior [ RunTime:0.000025s ]
INFO: [ app_init ] --END-- [ RunTime:0.000568s ]
ERR: 无法加载模块:Public

[ 2016-06-29T09:32:21+08:00 ] ::1 /he/index.php/Public/admin/css/bootstrap.min.css
INFO: [ app_init ] --START--
INFO: Run Behavior\BuildLiteBehavior [ RunTime:0.000024s ]
INFO: [ app_init ] --END-- [ RunTime:0.000523s ]
ERR: 无法加载模块:Public

[ 2016-06-29T09:32:21+08:00 ] ::1 /he/index.php/Public/admin/img/thinkv.png
INFO: [ app_init ] --START--
INFO: Run Behavior\BuildLiteBehavior [ RunTime:0.000032s ]
INFO: [ app_init ] --END-- [ RunTime:0.001042s ]
ERR: 无法加载模块:Public

[ 2016-06-29T09:32:21+08:00 ] ::1 /he/index.php/Public/admin/css/admin.css
INFO: [ app_init ] --START--
INFO: Run Behavior\BuildLiteBehavior [ RunTime:0.000026s ]
INFO: [ app_init ] --END-- [ RunTime:0.000572s ]
ERR: 无法加载模块:Public

[ 2016-06-29T09:32:21+08:00 ] ::1 /he/index.php/Public/admin/img/thinkv.png
INFO: [ app_init ] --START--
INFO: Run Behavior\BuildLiteBehavior [ RunTime:0.000026s ]
INFO: [ app_init ] --END-- [ RunTime:0.000577s ]
ERR: 无法加载模块:Public

[ 2016-06-29T09:33:06+08:00 ] ::1 /he/index.php/Public/admin/js/bootstrap-switch.js
INFO: [ app_init ] --START--
INFO: Run Behavior\BuildLiteBehavior [ RunTime:0.000054s ]
INFO: [ app_init ] --END-- [ RunTime:0.001636s ]
ERR: 无法加载模块:Public

[ 2016-06-29T09:33:06+08:00 ] ::1 /he/index.php/Public/admin/img/thinkv.png
INFO: [ app_init ] --START--
INFO: Run Behavior\BuildLiteBehavior [ RunTime:0.000036s ]
INFO: [ app_init ] --END-- [ RunTime:0.000949s ]
ERR: 无法加载模块:Public

[ 2016-06-29T09:33:18+08:00 ] ::1 /he/index.php/Public/admin/js/bootstrap-switch.js
INFO: [ app_init ] --START--
INFO: Run Behavior\BuildLiteBehavior [ RunTime:0.000024s ]
INFO: [ app_init ] --END-- [ RunTime:0.000544s ]
ERR: 无法加载模块:Public

[ 2016-06-29T09:34:06+08:00 ] ::1 /he/index.php/Public/admin/js/bootstrap-switch.js
INFO: [ app_init ] --START--
INFO: Run Behavior\BuildLiteBehavior [ RunTime:0.000028s ]
INFO: [ app_init ] --END-- [ RunTime:0.000612s ]
ERR: 无法加载模块:Public

[ 2016-06-29T09:34:18+08:00 ] ::1 /he/index.php/Public/admin/js/bootstrap-switch.js
INFO: [ app_init ] --START--
INFO: Run Behavior\BuildLiteBehavior [ RunTime:0.000033s ]
INFO: [ app_init ] --END-- [ RunTime:0.000802s ]
ERR: 无法加载模块:Public

[ 2016-06-29T09:42:06+08:00 ] ::1 /he/index.php/Public/admin/js/bootstrap-switch.js
INFO: [ app_init ] --START--
INFO: Run Behavior\BuildLiteBehavior [ RunTime:0.000025s ]
INFO: [ app_init ] --END-- [ RunTime:0.000675s ]
ERR: 无法加载模块:Public

[ 2016-06-29T09:42:52+08:00 ] ::1 /he/index.php/Public/admin/js/bootstrap-switch.js
INFO: [ app_init ] --START--
INFO: Run Behavior\BuildLiteBehavior [ RunTime:0.000026s ]
INFO: [ app_init ] --END-- [ RunTime:0.000614s ]
ERR: 无法加载模块:Public

[ 2016-06-29T09:47:53+08:00 ] ::1 /he/index.php/Public/admin/js/bootstrap-switch.js
INFO: [ app_init ] --START--
INFO: Run Behavior\BuildLiteBehavior [ RunTime:0.000033s ]
INFO: [ app_init ] --END-- [ RunTime:0.000823s ]
ERR: 无法加载模块:Public

[ 2016-06-29T09:48:13+08:00 ] ::1 /he/index.php/Public/admin/js/bootstrap-switch.js
INFO: [ app_init ] --START--
INFO: Run Behavior\BuildLiteBehavior [ RunTime:0.000027s ]
INFO: [ app_init ] --END-- [ RunTime:0.000529s ]
ERR: 无法加载模块:Public

[ 2016-06-29T09:48:50+08:00 ] ::1 /he/index.php/Public/admin/js/bootstrap-switch.js
INFO: [ app_init ] --START--
INFO: Run Behavior\BuildLiteBehavior [ RunTime:0.000026s ]
INFO: [ app_init ] --END-- [ RunTime:0.000642s ]
ERR: 无法加载模块:Public

[ 2016-06-29T09:49:09+08:00 ] ::1 /he/index.php/Public/admin/js/bootstrap-switch.js
INFO: [ app_init ] --START--
INFO: Run Behavior\BuildLiteBehavior [ RunTime:0.000025s ]
INFO: [ app_init ] --END-- [ RunTime:0.000604s ]
ERR: 无法加载模块:Public

[ 2016-06-29T09:49:57+08:00 ] ::1 /he/index.php/Public/admin/js/bootstrap-switch.js
INFO: [ app_init ] --START--
INFO: Run Behavior\BuildLiteBehavior [ RunTime:0.000077s ]
INFO: [ app_init ] --END-- [ RunTime:0.000946s ]
ERR: 无法加载模块:Public

[ 2016-06-29T09:50:42+08:00 ] ::1 /he/index.php/Public/admin/js/bootstrap-switch.js
INFO: [ app_init ] --START--
INFO: Run Behavior\BuildLiteBehavior [ RunTime:0.000032s ]
INFO: [ app_init ] --END-- [ RunTime:0.000843s ]
ERR: 无法加载模块:Public

[ 2016-06-29T09:54:07+08:00 ] ::1 /he/index.php/Public/admin/js/bootstrap-switch.js
INFO: [ app_init ] --START--
INFO: Run Behavior\BuildLiteBehavior [ RunTime:0.000025s ]
INFO: [ app_init ] --END-- [ RunTime:0.000594s ]
ERR: 无法加载模块:Public

[ 2016-06-29T10:05:38+08:00 ] ::1 /he/index.php/Public/admin/js/bootstrap-switch.js
INFO: [ app_init ] --START--
INFO: Run Behavior\BuildLiteBehavior [ RunTime:0.000034s ]
INFO: [ app_init ] --END-- [ RunTime:0.000872s ]
ERR: 无法加载模块:Public

[ 2016-06-29T10:06:21+08:00 ] ::1 /he/index.php/Public/admin/js/bootstrap-switch.js
INFO: [ app_init ] --START--
INFO: Run Behavior\BuildLiteBehavior [ RunTime:0.000027s ]
INFO: [ app_init ] --END-- [ RunTime:0.000674s ]
ERR: 无法加载模块:Public

[ 2016-06-29T10:06:36+08:00 ] ::1 /he/index.php/Public/admin/js/bootstrap-switch.js
INFO: [ app_init ] --START--
INFO: Run Behavior\BuildLiteBehavior [ RunTime:0.000033s ]
INFO: [ app_init ] --END-- [ RunTime:0.001040s ]
ERR: 无法加载模块:Public

[ 2016-06-29T10:06:53+08:00 ] ::1 /he/index.php/Public/admin/js/bootstrap-switch.js
INFO: [ app_init ] --START--
INFO: Run Behavior\BuildLiteBehavior [ RunTime:0.000025s ]
INFO: [ app_init ] --END-- [ RunTime:0.000581s ]
ERR: 无法加载模块:Public

[ 2016-06-29T10:07:33+08:00 ] ::1 /he/index.php/Public/admin/js/bootstrap-switch.js
INFO: [ app_init ] --START--
INFO: Run Behavior\BuildLiteBehavior [ RunTime:0.000036s ]
INFO: [ app_init ] --END-- [ RunTime:0.000824s ]
ERR: 无法加载模块:Public

[ 2016-06-29T10:07:49+08:00 ] ::1 /he/index.php/Public/admin/js/bootstrap-switch.js
INFO: [ app_init ] --START--
INFO: Run Behavior\BuildLiteBehavior [ RunTime:0.000024s ]
INFO: [ app_init ] --END-- [ RunTime:0.000543s ]
ERR: 无法加载模块:Public

[ 2016-06-29T10:09:39+08:00 ] ::1 /he/index.php/Public/admin/js/bootstrap-switch.js
INFO: [ app_init ] --START--
INFO: Run Behavior\BuildLiteBehavior [ RunTime:0.000027s ]
INFO: [ app_init ] --END-- [ RunTime:0.000575s ]
ERR: 无法加载模块:Public

[ 2016-06-29T10:29:58+08:00 ] ::1 /he/index.php/Public/admin/js/bootstrap-switch.js
INFO: [ app_init ] --START--
INFO: Run Behavior\BuildLiteBehavior [ RunTime:0.000026s ]
INFO: [ app_init ] --END-- [ RunTime:0.000589s ]
ERR: 无法加载模块:Public

[ 2016-06-29T10:32:01+08:00 ] ::1 /he/index.php/Public/admin/js/bootstrap-switch.js
INFO: [ app_init ] --START--
INFO: Run Behavior\BuildLiteBehavior [ RunTime:0.000027s ]
INFO: [ app_init ] --END-- [ RunTime:0.000653s ]
ERR: 无法加载模块:Public

[ 2016-06-29T10:32:30+08:00 ] ::1 /he/index.php/Public/admin/js/bootstrap-switch.js
INFO: [ app_init ] --START--
INFO: Run Behavior\BuildLiteBehavior [ RunTime:0.000024s ]
INFO: [ app_init ] --END-- [ RunTime:0.000584s ]
ERR: 无法加载模块:Public

[ 2016-06-29T10:43:05+08:00 ] ::1 /he/index.php/Public/admin/js/bootstrap-switch.js
INFO: [ app_init ] --START--
INFO: Run Behavior\BuildLiteBehavior [ RunTime:0.000024s ]
INFO: [ app_init ] --END-- [ RunTime:0.000573s ]
ERR: 无法加载模块:Public

[ 2016-06-29T10:47:26+08:00 ] ::1 /he/index.php/Public/admin/js/bootstrap-switch.js
INFO: [ app_init ] --START--
INFO: Run Behavior\BuildLiteBehavior [ RunTime:0.000030s ]
INFO: [ app_init ] --END-- [ RunTime:0.000774s ]
ERR: 无法加载模块:Public

[ 2016-06-29T11:16:16+08:00 ] ::1 /he/Theme/Ue/feiyu/pc/images/nav_bg.png
INFO: [ app_init ] --START--
INFO: Run Behavior\BuildLiteBehavior [ RunTime:0.000026s ]
INFO: [ app_init ] --END-- [ RunTime:0.000582s ]
ERR: 无法加载模块:Theme

[ 2016-06-29T11:16:16+08:00 ] ::1 /he/Theme/Ue/feiyu/pc/images/scbt.jpg
INFO: [ app_init ] --START--
INFO: Run Behavior\BuildLiteBehavior [ RunTime:0.000026s ]
INFO: [ app_init ] --END-- [ RunTime:0.000634s ]
ERR: 无法加载模块:Theme

[ 2016-06-29T11:16:16+08:00 ] ::1 /he/Theme/Ue/feiyu/pc/images/icon_3.png
INFO: [ app_init ] --START--
INFO: Run Behavior\BuildLiteBehavior [ RunTime:0.000030s ]
INFO: [ app_init ] --END-- [ RunTime:0.000773s ]
ERR: 无法加载模块:Theme

[ 2016-06-29T11:20:30+08:00 ] ::1 /he/index.php/Public/admin/js/bootstrap-switch.js
INFO: [ app_init ] --START--
INFO: Run Behavior\BuildLiteBehavior [ RunTime:0.000028s ]
INFO: [ app_init ] --END-- [ RunTime:0.000898s ]
ERR: 无法加载模块:Public

[ 2016-06-29T11:30:06+08:00 ] ::1 /he/Theme/Ue/feiyu/pc/images/nav_bg.png
INFO: [ app_init ] --START--
INFO: Run Behavior\BuildLiteBehavior [ RunTime:0.000034s ]
INFO: [ app_init ] --END-- [ RunTime:0.001475s ]
ERR: 无法加载模块:Theme

[ 2016-06-29T11:30:06+08:00 ] ::1 /he/Theme/Ue/feiyu/pc/images/scbt.jpg
INFO: [ app_init ] --START--
INFO: Run Behavior\BuildLiteBehavior [ RunTime:0.000032s ]
INFO: [ app_init ] --END-- [ RunTime:0.001081s ]
ERR: 无法加载模块:Theme

[ 2016-06-29T11:30:06+08:00 ] ::1 /he/Theme/Ue/feiyu/pc/images/icon_3.png
INFO: [ app_init ] --START--
INFO: Run Behavior\BuildLiteBehavior [ RunTime:0.000023s ]
INFO: [ app_init ] --END-- [ RunTime:0.000561s ]
ERR: 无法加载模块:Theme

[ 2016-06-29T11:32:12+08:00 ] ::1 /he/Theme/Ue/feiyu/pc/images/scbt.jpg
INFO: [ app_init ] --START--
INFO: Run Behavior\BuildLiteBehavior [ RunTime:0.000030s ]
INFO: [ app_init ] --END-- [ RunTime:0.000807s ]
ERR: 无法加载模块:Theme

[ 2016-06-29T11:32:12+08:00 ] ::1 /he/Theme/Ue/feiyu/pc/images/nav_bg.png
INFO: [ app_init ] --START--
INFO: Run Behavior\BuildLiteBehavior [ RunTime:0.000026s ]
INFO: [ app_init ] --END-- [ RunTime:0.000632s ]
ERR: 无法加载模块:Theme

[ 2016-06-29T11:32:12+08:00 ] ::1 /he/Theme/Ue/feiyu/pc/images/icon_3.png
INFO: [ app_init ] --START--
INFO: Run Behavior\BuildLiteBehavior [ RunTime:0.000025s ]
INFO: [ app_init ] --END-- [ RunTime:0.000535s ]
ERR: 无法加载模块:Theme

[ 2016-06-29T11:33:01+08:00 ] ::1 /he/index.php/Set
INFO: [ app_init ] --START--
INFO: Run Behavior\BuildLiteBehavior [ RunTime:0.000023s ]
INFO: [ app_init ] --END-- [ RunTime:0.000572s ]
ERR: 无法加载模块:Set

[ 2016-06-29T11:33:06+08:00 ] ::1 /he/index.php/Public/admin/js/bootstrap-switch.js
INFO: [ app_init ] --START--
INFO: Run Behavior\BuildLiteBehavior [ RunTime:0.000023s ]
INFO: [ app_init ] --END-- [ RunTime:0.000578s ]
ERR: 无法加载模块:Public

[ 2016-06-29T11:53:12+08:00 ] ::1 /he/Theme/Ue/feiyu/pc/images/nav_bg.png
INFO: [ app_init ] --START--
INFO: Run Behavior\BuildLiteBehavior [ RunTime:0.000026s ]
INFO: [ app_init ] --END-- [ RunTime:0.000642s ]
ERR: 无法加载模块:Theme

[ 2016-06-29T11:53:12+08:00 ] ::1 /he/Theme/Ue/feiyu/pc/images/scbt.jpg
INFO: [ app_init ] --START--
INFO: Run Behavior\BuildLiteBehavior [ RunTime:0.000025s ]
INFO: [ app_init ] --END-- [ RunTime:0.000622s ]
ERR: 无法加载模块:Theme

[ 2016-06-29T11:53:12+08:00 ] ::1 /he/Theme/Ue/feiyu/pc/images/icon_3.png
INFO: [ app_init ] --START--
INFO: Run Behavior\BuildLiteBehavior [ RunTime:0.000025s ]
INFO: [ app_init ] --END-- [ RunTime:0.000662s ]
ERR: 无法加载模块:Theme

[ 2016-06-29T12:36:28+08:00 ] ::1 /he/Theme/Ue/feiyu/pc/images/scbt.jpg
INFO: [ app_init ] --START--
INFO: Run Behavior\BuildLiteBehavior [ RunTime:0.000034s ]
INFO: [ app_init ] --END-- [ RunTime:0.001526s ]
ERR: 无法加载模块:Theme

[ 2016-06-29T12:36:28+08:00 ] ::1 /he/Theme/Ue/feiyu/pc/images/nav_bg.png
INFO: [ app_init ] --START--
INFO: Run Behavior\BuildLiteBehavior [ RunTime:0.000023s ]
INFO: [ app_init ] --END-- [ RunTime:0.000594s ]
ERR: 无法加载模块:Theme

[ 2016-06-29T12:39:32+08:00 ] ::1 /he/Theme/Ue/feiyu/pc/images/map_03.jpg
INFO: [ app_init ] --START--
INFO: Run Behavior\BuildLiteBehavior [ RunTime:0.000025s ]
INFO: [ app_init ] --END-- [ RunTime:0.000575s ]
ERR: 无法加载模块:Theme

[ 2016-06-29T13:06:36+08:00 ] ::1 /he/Theme/Ue/feiyu/pc/images/nav_bg.png
INFO: [ app_init ] --START--
INFO: Run Behavior\BuildLiteBehavior [ RunTime:0.000026s ]
INFO: [ app_init ] --END-- [ RunTime:0.000591s ]
ERR: 无法加载模块:Theme

[ 2016-06-29T13:06:36+08:00 ] ::1 /he/Theme/Ue/feiyu/pc/images/scbt.jpg
INFO: [ app_init ] --START--
INFO: Run Behavior\BuildLiteBehavior [ RunTime:0.000034s ]
INFO: [ app_init ] --END-- [ RunTime:0.001084s ]
ERR: 无法加载模块:Theme

[ 2016-06-29T13:06:36+08:00 ] ::1 /he/Theme/Ue/feiyu/pc/images/map_03.jpg
INFO: [ app_init ] --START--
INFO: Run Behavior\BuildLiteBehavior [ RunTime:0.000039s ]
INFO: [ app_init ] --END-- [ RunTime:0.001058s ]
ERR: 无法加载模块:Theme

[ 2016-06-29T19:03:01+08:00 ] ::1 /he/Theme/Ue/feiyu/pc/images/scbt.jpg
INFO: [ app_init ] --START--
INFO: Run Behavior\BuildLiteBehavior [ RunTime:0.000025s ]
INFO: [ app_init ] --END-- [ RunTime:0.000619s ]
ERR: 无法加载模块:Theme

[ 2016-06-29T19:03:01+08:00 ] ::1 /he/Theme/Ue/feiyu/pc/images/nav_bg.png
INFO: [ app_init ] --START--
INFO: Run Behavior\BuildLiteBehavior [ RunTime:0.000034s ]
INFO: [ app_init ] --END-- [ RunTime:0.001088s ]
ERR: 无法加载模块:Theme

[ 2016-06-29T19:03:01+08:00 ] ::1 /he/Theme/Ue/feiyu/pc/images/icon_3.png
INFO: [ app_init ] --START--
INFO: Run Behavior\BuildLiteBehavior [ RunTime:0.000024s ]
INFO: [ app_init ] --END-- [ RunTime:0.000582s ]
ERR: 无法加载模块:Theme

[ 2016-06-29T19:04:22+08:00 ] ::1 /he/Theme/Ue/feiyu/pc/images/nav_bg.png
INFO: [ app_init ] --START--
INFO: Run Behavior\BuildLiteBehavior [ RunTime:0.000060s ]
INFO: [ app_init ] --END-- [ RunTime:0.000671s ]
ERR: 无法加载模块:Theme

[ 2016-06-29T19:04:22+08:00 ] ::1 /he/Theme/Ue/feiyu/pc/images/scbt.jpg
INFO: [ app_init ] --START--
INFO: Run Behavior\BuildLiteBehavior [ RunTime:0.000034s ]
INFO: [ app_init ] --END-- [ RunTime:0.000792s ]
ERR: 无法加载模块:Theme

[ 2016-06-29T19:04:22+08:00 ] ::1 /he/Theme/Ue/feiyu/pc/images/icon_3.png
INFO: [ app_init ] --START--
INFO: Run Behavior\BuildLiteBehavior [ RunTime:0.000030s ]
INFO: [ app_init ] --END-- [ RunTime:0.000711s ]
ERR: 无法加载模块:Theme

[ 2016-06-29T19:10:05+08:00 ] ::1 /he/Theme/Ue/feiyu/pc/images/scbt.jpg
INFO: [ app_init ] --START--
INFO: Run Behavior\BuildLiteBehavior [ RunTime:0.000028s ]
INFO: [ app_init ] --END-- [ RunTime:0.000726s ]
ERR: 无法加载模块:Theme

[ 2016-06-29T19:10:05+08:00 ] ::1 /he/Theme/Ue/feiyu/pc/images/nav_bg.png
INFO: [ app_init ] --START--
INFO: Run Behavior\BuildLiteBehavior [ RunTime:0.000056s ]
INFO: [ app_init ] --END-- [ RunTime:0.000924s ]
ERR: 无法加载模块:Theme

[ 2016-06-29T19:21:28+08:00 ] ::1 /he/Theme/Ue/feiyu/pc/images/map_03.jpg
INFO: [ app_init ] --START--
INFO: Run Behavior\BuildLiteBehavior [ RunTime:0.000030s ]
INFO: [ app_init ] --END-- [ RunTime:0.000758s ]
ERR: 无法加载模块:Theme

[ 2016-06-29T19:21:31+08:00 ] ::1 /he/Theme/Ue/feiyu/pc/images/icon_3.png
INFO: [ app_init ] --START--
INFO: Run Behavior\BuildLiteBehavior [ RunTime:0.000024s ]
INFO: [ app_init ] --END-- [ RunTime:0.000565s ]
ERR: 无法加载模块:Theme

[ 2016-06-29T19:22:03+08:00 ] ::1 /he/Theme/Ue/feiyu/pc/images/icon_3.png
INFO: [ app_init ] --START--
INFO: Run Behavior\BuildLiteBehavior [ RunTime:0.000023s ]
INFO: [ app_init ] --END-- [ RunTime:0.000569s ]
ERR: 无法加载模块:Theme

[ 2016-06-29T20:10:41+08:00 ] ::1 /he/Theme/Ue/feiyu/pc/images/nav_bg.png
INFO: [ app_init ] --START--
INFO: Run Behavior\BuildLiteBehavior [ RunTime:0.000106s ]
INFO: [ app_init ] --END-- [ RunTime:0.001041s ]
ERR: 无法加载模块:Theme

[ 2016-06-29T20:10:41+08:00 ] ::1 /he/Theme/Ue/feiyu/pc/images/scbt.jpg
INFO: [ app_init ] --START--
INFO: Run Behavior\BuildLiteBehavior [ RunTime:0.000035s ]
INFO: [ app_init ] --END-- [ RunTime:0.000688s ]
ERR: 无法加载模块:Theme

[ 2016-06-29T20:10:41+08:00 ] ::1 /he/Theme/Ue/feiyu/pc/images/icon_3.png
INFO: [ app_init ] --START--
INFO: Run Behavior\BuildLiteBehavior [ RunTime:0.000023s ]
INFO: [ app_init ] --END-- [ RunTime:0.000580s ]
ERR: 无法加载模块:Theme

[ 2016-06-29T20:20:34+08:00 ] ::1 /he/Theme/Ue/feiyu/pc/images/icon_3.png
INFO: [ app_init ] --START--
INFO: Run Behavior\BuildLiteBehavior [ RunTime:0.000025s ]
INFO: [ app_init ] --END-- [ RunTime:0.000548s ]
ERR: 无法加载模块:Theme

[ 2016-06-29T20:32:29+08:00 ] ::1 /he/Theme/Ue/feiyu/pc/images/icon_3.png
INFO: [ app_init ] --START--
INFO: Run Behavior\BuildLiteBehavior [ RunTime:0.000027s ]
INFO: [ app_init ] --END-- [ RunTime:0.000581s ]
ERR: 无法加载模块:Theme

[ 2016-06-29T20:34:46+08:00 ] ::1 /he/Theme/Ue/feiyu/pc/images/map_03.jpg
INFO: [ app_init ] --START--
INFO: Run Behavior\BuildLiteBehavior [ RunTime:0.000031s ]
INFO: [ app_init ] --END-- [ RunTime:0.001180s ]
ERR: 无法加载模块:Theme

