[ 2016-06-24T10:21:42+08:00 ] ::1 /feiyu/Theme/Ue/feiyu/pc/images/scbt.jpg
INFO: [ app_init ] --START--
INFO: Run Behavior\BuildLiteBehavior [ RunTime:0.000027s ]
INFO: [ app_init ] --END-- [ RunTime:0.000586s ]
ERR: 无法加载模块:Theme

[ 2016-06-24T10:21:42+08:00 ] ::1 /feiyu/Theme/Ue/feiyu/pc/images/nav_bg.png
INFO: [ app_init ] --START--
INFO: Run Behavior\BuildLiteBehavior [ RunTime:0.000033s ]
INFO: [ app_init ] --END-- [ RunTime:0.000878s ]
ERR: 无法加载模块:Theme

[ 2016-06-24T10:21:42+08:00 ] ::1 /feiyu/Theme/Ue/feiyu/pc/images/icon_3.png
INFO: [ app_init ] --START--
INFO: Run Behavior\BuildLiteBehavior [ RunTime:0.000064s ]
INFO: [ app_init ] --END-- [ RunTime:0.000868s ]
ERR: 无法加载模块:Theme

[ 2016-06-24T10:25:10+08:00 ] ::1 /feiyu/Theme/Ue/feiyu/pc/images/nav_bg.png
INFO: [ app_init ] --START--
INFO: Run Behavior\BuildLiteBehavior [ RunTime:0.000034s ]
INFO: [ app_init ] --END-- [ RunTime:0.000759s ]
ERR: 无法加载模块:Theme

[ 2016-06-24T10:25:10+08:00 ] ::1 /feiyu/Theme/Ue/feiyu/pc/images/scbt.jpg
INFO: [ app_init ] --START--
INFO: Run Behavior\BuildLiteBehavior [ RunTime:0.000026s ]
INFO: [ app_init ] --END-- [ RunTime:0.000651s ]
ERR: 无法加载模块:Theme

[ 2016-06-24T10:25:10+08:00 ] ::1 /feiyu/Theme/Ue/feiyu/pc/images/newsdian_26.jpg
INFO: [ app_init ] --START--
INFO: Run Behavior\BuildLiteBehavior [ RunTime:0.000023s ]
INFO: [ app_init ] --END-- [ RunTime:0.000573s ]
ERR: 无法加载模块:Theme

[ 2016-06-24T10:26:24+08:00 ] ::1 /feiyu/Theme/Ue/feiyu/pc/images/icon_3.png
INFO: [ app_init ] --START--
INFO: Run Behavior\BuildLiteBehavior [ RunTime:0.000025s ]
INFO: [ app_init ] --END-- [ RunTime:0.000559s ]
ERR: 无法加载模块:Theme

[ 2016-06-24T10:31:18+08:00 ] ::1 /feiyu/Theme/Ue/feiyu/pc/images/nav_bg.png
INFO: [ app_init ] --START--
INFO: Run Behavior\BuildLiteBehavior [ RunTime:0.000029s ]
INFO: [ app_init ] --END-- [ RunTime:0.000923s ]
ERR: 无法加载模块:Theme

[ 2016-06-24T10:31:18+08:00 ] ::1 /feiyu/Theme/Ue/feiyu/pc/images/scbt.jpg
INFO: [ app_init ] --START--
INFO: Run Behavior\BuildLiteBehavior [ RunTime:0.000028s ]
INFO: [ app_init ] --END-- [ RunTime:0.000650s ]
ERR: 无法加载模块:Theme

[ 2016-06-24T10:31:18+08:00 ] ::1 /feiyu/Theme/Ue/feiyu/pc/images/icon_3.png
INFO: [ app_init ] --START--
INFO: Run Behavior\BuildLiteBehavior [ RunTime:0.000025s ]
INFO: [ app_init ] --END-- [ RunTime:0.000535s ]
ERR: 无法加载模块:Theme

[ 2016-06-24T10:31:24+08:00 ] ::1 /feiyu/Theme/Ue/feiyu/pc/images/nav_bg.png
INFO: [ app_init ] --START--
INFO: Run Behavior\BuildLiteBehavior [ RunTime:0.000028s ]
INFO: [ app_init ] --END-- [ RunTime:0.000830s ]
ERR: 无法加载模块:Theme

[ 2016-06-24T10:31:24+08:00 ] ::1 /feiyu/Theme/Ue/feiyu/pc/images/scbt.jpg
INFO: [ app_init ] --START--
INFO: Run Behavior\BuildLiteBehavior [ RunTime:0.000029s ]
INFO: [ app_init ] --END-- [ RunTime:0.000790s ]
ERR: 无法加载模块:Theme

[ 2016-06-24T10:31:24+08:00 ] ::1 /feiyu/Theme/Ue/feiyu/pc/images/newsdian_26.jpg
INFO: [ app_init ] --START--
INFO: Run Behavior\BuildLiteBehavior [ RunTime:0.000026s ]
INFO: [ app_init ] --END-- [ RunTime:0.000608s ]
ERR: 无法加载模块:Theme

[ 2016-06-24T10:54:51+08:00 ] ::1 /feiyu/Theme/Ue/feiyu/pc/images/icon_3.png
INFO: [ app_init ] --START--
INFO: Run Behavior\BuildLiteBehavior [ RunTime:0.000023s ]
INFO: [ app_init ] --END-- [ RunTime:0.000533s ]
ERR: 无法加载模块:Theme

[ 2016-06-24T11:15:40+08:00 ] ::1 /feiyu/Theme/Ue/feiyu/pc/images/nav_bg.png
INFO: [ app_init ] --START--
INFO: Run Behavior\BuildLiteBehavior [ RunTime:0.000025s ]
INFO: [ app_init ] --END-- [ RunTime:0.000673s ]
ERR: 无法加载模块:Theme

[ 2016-06-24T11:15:40+08:00 ] ::1 /feiyu/Theme/Ue/feiyu/pc/images/scbt.jpg
INFO: [ app_init ] --START--
INFO: Run Behavior\BuildLiteBehavior [ RunTime:0.000024s ]
INFO: [ app_init ] --END-- [ RunTime:0.000602s ]
ERR: 无法加载模块:Theme

[ 2016-06-24T11:17:26+08:00 ] ::1 /feiyu/Theme/Ue/feiyu/pc/images/nav_bg.png
INFO: [ app_init ] --START--
INFO: Run Behavior\BuildLiteBehavior [ RunTime:0.000023s ]
INFO: [ app_init ] --END-- [ RunTime:0.000592s ]
ERR: 无法加载模块:Theme

[ 2016-06-24T11:17:26+08:00 ] ::1 /feiyu/Theme/Ue/feiyu/pc/images/scbt.jpg
INFO: [ app_init ] --START--
INFO: Run Behavior\BuildLiteBehavior [ RunTime:0.000025s ]
INFO: [ app_init ] --END-- [ RunTime:0.000596s ]
ERR: 无法加载模块:Theme

[ 2016-06-24T11:17:36+08:00 ] ::1 /feiyu/Theme/Ue/feiyu/pc/images/icon_3.png
INFO: [ app_init ] --START--
INFO: Run Behavior\BuildLiteBehavior [ RunTime:0.000025s ]
INFO: [ app_init ] --END-- [ RunTime:0.000615s ]
ERR: 无法加载模块:Theme

[ 2016-06-24T11:18:01+08:00 ] ::1 /feiyu/Theme/Ue/feiyu/pc/images/nav_bg.png
INFO: [ app_init ] --START--
INFO: Run Behavior\BuildLiteBehavior [ RunTime:0.000024s ]
INFO: [ app_init ] --END-- [ RunTime:0.000601s ]
ERR: 无法加载模块:Theme

[ 2016-06-24T11:18:01+08:00 ] ::1 /feiyu/Theme/Ue/feiyu/pc/images/scbt.jpg
INFO: [ app_init ] --START--
INFO: Run Behavior\BuildLiteBehavior [ RunTime:0.000033s ]
INFO: [ app_init ] --END-- [ RunTime:0.000902s ]
ERR: 无法加载模块:Theme

[ 2016-06-24T11:18:10+08:00 ] ::1 /feiyu/Theme/Ue/feiyu/pc/images/nav_bg.png
INFO: [ app_init ] --START--
INFO: Run Behavior\BuildLiteBehavior [ RunTime:0.000024s ]
INFO: [ app_init ] --END-- [ RunTime:0.000583s ]
ERR: 无法加载模块:Theme

[ 2016-06-24T11:18:10+08:00 ] ::1 /feiyu/Theme/Ue/feiyu/pc/images/scbt.jpg
INFO: [ app_init ] --START--
INFO: Run Behavior\BuildLiteBehavior [ RunTime:0.000026s ]
INFO: [ app_init ] --END-- [ RunTime:0.001020s ]
ERR: 无法加载模块:Theme

[ 2016-06-24T11:21:06+08:00 ] ::1 /feiyu/Theme/Ue/feiyu/pc/images/scbt.jpg
INFO: [ app_init ] --START--
INFO: Run Behavior\BuildLiteBehavior [ RunTime:0.000032s ]
INFO: [ app_init ] --END-- [ RunTime:0.000919s ]
ERR: 无法加载模块:Theme

[ 2016-06-24T11:21:06+08:00 ] ::1 /feiyu/Theme/Ue/feiyu/pc/images/nav_bg.png
INFO: [ app_init ] --START--
INFO: Run Behavior\BuildLiteBehavior [ RunTime:0.000030s ]
INFO: [ app_init ] --END-- [ RunTime:0.000768s ]
ERR: 无法加载模块:Theme

[ 2016-06-24T11:24:12+08:00 ] ::1 /feiyu/Theme/Ue/feiyu/pc/images/nav_bg.png
INFO: [ app_init ] --START--
INFO: Run Behavior\BuildLiteBehavior [ RunTime:0.000023s ]
INFO: [ app_init ] --END-- [ RunTime:0.000599s ]
ERR: 无法加载模块:Theme

[ 2016-06-24T11:24:12+08:00 ] ::1 /feiyu/Theme/Ue/feiyu/pc/images/scbt.jpg
INFO: [ app_init ] --START--
INFO: Run Behavior\BuildLiteBehavior [ RunTime:0.000030s ]
INFO: [ app_init ] --END-- [ RunTime:0.000893s ]
ERR: 无法加载模块:Theme

[ 2016-06-24T12:59:09+08:00 ] ::1 /feiyu/Theme/Ue/feiyu/pc/images/map_03.jpg
INFO: [ app_init ] --START--
INFO: Run Behavior\BuildLiteBehavior [ RunTime:0.000029s ]
INFO: [ app_init ] --END-- [ RunTime:0.000822s ]
ERR: 无法加载模块:Theme

[ 2016-06-24T14:21:33+08:00 ] ::1 /feiyu/Theme/Ue/feiyu/pc/images/nav_bg.png
INFO: [ app_init ] --START--
INFO: Run Behavior\BuildLiteBehavior [ RunTime:0.000027s ]
INFO: [ app_init ] --END-- [ RunTime:0.000743s ]
ERR: 无法加载模块:Theme

[ 2016-06-24T14:21:33+08:00 ] ::1 /feiyu/Theme/Ue/feiyu/pc/images/scbt.jpg
INFO: [ app_init ] --START--
INFO: Run Behavior\BuildLiteBehavior [ RunTime:0.000034s ]
INFO: [ app_init ] --END-- [ RunTime:0.000933s ]
ERR: 无法加载模块:Theme

[ 2016-06-24T14:21:33+08:00 ] ::1 /feiyu/Theme/Ue/feiyu/pc/images/icon_3.png
INFO: [ app_init ] --START--
INFO: Run Behavior\BuildLiteBehavior [ RunTime:0.000026s ]
INFO: [ app_init ] --END-- [ RunTime:0.000596s ]
ERR: 无法加载模块:Theme

[ 2016-06-24T14:21:35+08:00 ] ::1 /feiyu/Theme/Ue/feiyu/pc/images/nav_bg.png
INFO: [ app_init ] --START--
INFO: Run Behavior\BuildLiteBehavior [ RunTime:0.000029s ]
INFO: [ app_init ] --END-- [ RunTime:0.000687s ]
ERR: 无法加载模块:Theme

[ 2016-06-24T14:21:35+08:00 ] ::1 /feiyu/Theme/Ue/feiyu/pc/images/scbt.jpg
INFO: [ app_init ] --START--
INFO: Run Behavior\BuildLiteBehavior [ RunTime:0.000025s ]
INFO: [ app_init ] --END-- [ RunTime:0.000647s ]
ERR: 无法加载模块:Theme

[ 2016-06-24T14:21:51+08:00 ] ::1 /feiyu/Theme/Ue/feiyu/pc/images/scbt.jpg
INFO: [ app_init ] --START--
INFO: Run Behavior\BuildLiteBehavior [ RunTime:0.000024s ]
INFO: [ app_init ] --END-- [ RunTime:0.000608s ]
ERR: 无法加载模块:Theme

[ 2016-06-24T14:21:51+08:00 ] ::1 /feiyu/Theme/Ue/feiyu/pc/images/nav_bg.png
INFO: [ app_init ] --START--
INFO: Run Behavior\BuildLiteBehavior [ RunTime:0.000077s ]
INFO: [ app_init ] --END-- [ RunTime:0.001747s ]
ERR: 无法加载模块:Theme

[ 2016-06-24T14:21:51+08:00 ] ::1 /feiyu/Theme/Ue/feiyu/pc/images/icon_3.png
INFO: [ app_init ] --START--
INFO: Run Behavior\BuildLiteBehavior [ RunTime:0.000024s ]
INFO: [ app_init ] --END-- [ RunTime:0.000615s ]
ERR: 无法加载模块:Theme

[ 2016-06-24T15:16:24+08:00 ] ::1 /feiyu/Theme/Ue/feiyu/pc/images/nav_bg.png
INFO: [ app_init ] --START--
INFO: Run Behavior\BuildLiteBehavior [ RunTime:0.000028s ]
INFO: [ app_init ] --END-- [ RunTime:0.000699s ]
ERR: 无法加载模块:Theme

[ 2016-06-24T15:16:24+08:00 ] ::1 /feiyu/Theme/Ue/feiyu/pc/images/scbt.jpg
INFO: [ app_init ] --START--
INFO: Run Behavior\BuildLiteBehavior [ RunTime:0.000433s ]
INFO: [ app_init ] --END-- [ RunTime:0.002132s ]
ERR: 无法加载模块:Theme

[ 2016-06-24T15:16:24+08:00 ] ::1 /feiyu/Theme/Ue/feiyu/pc/images/icon_3.png
INFO: [ app_init ] --START--
INFO: Run Behavior\BuildLiteBehavior [ RunTime:0.000026s ]
INFO: [ app_init ] --END-- [ RunTime:0.000842s ]
ERR: 无法加载模块:Theme

[ 2016-06-24T15:51:44+08:00 ] ::1 /feiyu/Theme/Ue/feiyu/pc/images/nav_bg.png
INFO: [ app_init ] --START--
INFO: Run Behavior\BuildLiteBehavior [ RunTime:0.000024s ]
INFO: [ app_init ] --END-- [ RunTime:0.000579s ]
ERR: 无法加载模块:Theme

[ 2016-06-24T15:51:44+08:00 ] ::1 /feiyu/Theme/Ue/feiyu/pc/images/scbt.jpg
INFO: [ app_init ] --START--
INFO: Run Behavior\BuildLiteBehavior [ RunTime:0.000025s ]
INFO: [ app_init ] --END-- [ RunTime:0.000627s ]
ERR: 无法加载模块:Theme

[ 2016-06-24T15:51:44+08:00 ] ::1 /feiyu/Theme/Ue/feiyu/pc/images/icon_3.png
INFO: [ app_init ] --START--
INFO: Run Behavior\BuildLiteBehavior [ RunTime:0.000031s ]
INFO: [ app_init ] --END-- [ RunTime:0.001146s ]
ERR: 无法加载模块:Theme

[ 2016-06-24T15:55:09+08:00 ] ::1 /feiyu/Theme/Ue/feiyu/pc/images/scbt.jpg
INFO: [ app_init ] --START--
INFO: Run Behavior\BuildLiteBehavior [ RunTime:0.000027s ]
INFO: [ app_init ] --END-- [ RunTime:0.000631s ]
ERR: 无法加载模块:Theme

[ 2016-06-24T15:55:09+08:00 ] ::1 /feiyu/Theme/Ue/feiyu/pc/images/nav_bg.png
INFO: [ app_init ] --START--
INFO: Run Behavior\BuildLiteBehavior [ RunTime:0.000026s ]
INFO: [ app_init ] --END-- [ RunTime:0.000631s ]
ERR: 无法加载模块:Theme

[ 2016-06-24T15:55:12+08:00 ] ::1 /feiyu/Theme/Ue/feiyu/pc/images/nav_bg.png
INFO: [ app_init ] --START--
INFO: Run Behavior\BuildLiteBehavior [ RunTime:0.000026s ]
INFO: [ app_init ] --END-- [ RunTime:0.000890s ]
ERR: 无法加载模块:Theme

[ 2016-06-24T15:55:12+08:00 ] ::1 /feiyu/Theme/Ue/feiyu/pc/images/scbt.jpg
INFO: [ app_init ] --START--
INFO: Run Behavior\BuildLiteBehavior [ RunTime:0.000025s ]
INFO: [ app_init ] --END-- [ RunTime:0.000706s ]
ERR: 无法加载模块:Theme

[ 2016-06-24T15:55:14+08:00 ] ::1 /feiyu/Theme/Ue/feiyu/pc/images/nav_bg.png
INFO: [ app_init ] --START--
INFO: Run Behavior\BuildLiteBehavior [ RunTime:0.000034s ]
INFO: [ app_init ] --END-- [ RunTime:0.000919s ]
ERR: 无法加载模块:Theme

[ 2016-06-24T15:55:14+08:00 ] ::1 /feiyu/Theme/Ue/feiyu/pc/images/scbt.jpg
INFO: [ app_init ] --START--
INFO: Run Behavior\BuildLiteBehavior [ RunTime:0.000030s ]
INFO: [ app_init ] --END-- [ RunTime:0.000987s ]
ERR: 无法加载模块:Theme

[ 2016-06-24T15:55:14+08:00 ] ::1 /feiyu/Theme/Ue/feiyu/pc/images/icon_3.png
INFO: [ app_init ] --START--
INFO: Run Behavior\BuildLiteBehavior [ RunTime:0.000087s ]
INFO: [ app_init ] --END-- [ RunTime:0.000981s ]
ERR: 无法加载模块:Theme

[ 2016-06-24T15:55:16+08:00 ] ::1 /feiyu/Theme/Ue/feiyu/pc/images/nav_bg.png
INFO: [ app_init ] --START--
INFO: Run Behavior\BuildLiteBehavior [ RunTime:0.000024s ]
INFO: [ app_init ] --END-- [ RunTime:0.000589s ]
ERR: 无法加载模块:Theme

[ 2016-06-24T15:55:16+08:00 ] ::1 /feiyu/Theme/Ue/feiyu/pc/images/scbt.jpg
INFO: [ app_init ] --START--
INFO: Run Behavior\BuildLiteBehavior [ RunTime:0.000035s ]
INFO: [ app_init ] --END-- [ RunTime:0.000843s ]
ERR: 无法加载模块:Theme

[ 2016-06-24T15:55:20+08:00 ] ::1 /feiyu/Theme/Ue/feiyu/pc/images/nav_bg.png
INFO: [ app_init ] --START--
INFO: Run Behavior\BuildLiteBehavior [ RunTime:0.000024s ]
INFO: [ app_init ] --END-- [ RunTime:0.000611s ]
ERR: 无法加载模块:Theme

[ 2016-06-24T15:55:20+08:00 ] ::1 /feiyu/Theme/Ue/feiyu/pc/images/scbt.jpg
INFO: [ app_init ] --START--
INFO: Run Behavior\BuildLiteBehavior [ RunTime:0.000030s ]
INFO: [ app_init ] --END-- [ RunTime:0.000681s ]
ERR: 无法加载模块:Theme

[ 2016-06-24T15:55:21+08:00 ] ::1 /feiyu/Theme/Ue/feiyu/pc/images/nav_bg.png
INFO: [ app_init ] --START--
INFO: Run Behavior\BuildLiteBehavior [ RunTime:0.000023s ]
INFO: [ app_init ] --END-- [ RunTime:0.000588s ]
ERR: 无法加载模块:Theme

[ 2016-06-24T15:55:21+08:00 ] ::1 /feiyu/Theme/Ue/feiyu/pc/images/scbt.jpg
INFO: [ app_init ] --START--
INFO: Run Behavior\BuildLiteBehavior [ RunTime:0.000024s ]
INFO: [ app_init ] --END-- [ RunTime:0.000596s ]
ERR: 无法加载模块:Theme

[ 2016-06-24T15:55:23+08:00 ] ::1 /feiyu/Theme/Ue/feiyu/pc/images/nav_bg.png
INFO: [ app_init ] --START--
INFO: Run Behavior\BuildLiteBehavior [ RunTime:0.000024s ]
INFO: [ app_init ] --END-- [ RunTime:0.000582s ]
ERR: 无法加载模块:Theme

[ 2016-06-24T15:55:23+08:00 ] ::1 /feiyu/Theme/Ue/feiyu/pc/images/scbt.jpg
INFO: [ app_init ] --START--
INFO: Run Behavior\BuildLiteBehavior [ RunTime:0.000035s ]
INFO: [ app_init ] --END-- [ RunTime:0.000968s ]
ERR: 无法加载模块:Theme

[ 2016-06-24T16:39:04+08:00 ] ::1 /feiyu/Theme/Ue/feiyu/pc/images/nav_bg.png
INFO: [ app_init ] --START--
INFO: Run Behavior\BuildLiteBehavior [ RunTime:0.000034s ]
INFO: [ app_init ] --END-- [ RunTime:0.001180s ]
ERR: 无法加载模块:Theme

[ 2016-06-24T16:39:04+08:00 ] ::1 /feiyu/Theme/Ue/feiyu/pc/images/scbt.jpg
INFO: [ app_init ] --START--
INFO: Run Behavior\BuildLiteBehavior [ RunTime:0.000026s ]
INFO: [ app_init ] --END-- [ RunTime:0.000668s ]
ERR: 无法加载模块:Theme

[ 2016-06-24T16:39:04+08:00 ] ::1 /feiyu/Theme/Ue/feiyu/pc/images/icon_3.png
INFO: [ app_init ] --START--
INFO: Run Behavior\BuildLiteBehavior [ RunTime:0.000038s ]
INFO: [ app_init ] --END-- [ RunTime:0.000903s ]
ERR: 无法加载模块:Theme

[ 2016-06-24T16:50:06+08:00 ] ::1 /feiyu/Theme/Ue/feiyu/pc/images/nav_bg.png
INFO: [ app_init ] --START--
INFO: Run Behavior\BuildLiteBehavior [ RunTime:0.000024s ]
INFO: [ app_init ] --END-- [ RunTime:0.000492s ]
ERR: 无法加载模块:Theme

[ 2016-06-24T16:50:06+08:00 ] ::1 /feiyu/Theme/Ue/feiyu/pc/images/icon_3.png
INFO: [ app_init ] --START--
INFO: Run Behavior\BuildLiteBehavior [ RunTime:0.000051s ]
INFO: [ app_init ] --END-- [ RunTime:0.001242s ]
ERR: 无法加载模块:Theme

[ 2016-06-24T16:50:06+08:00 ] ::1 /feiyu/Theme/Ue/feiyu/pc/images/scbt.jpg
INFO: [ app_init ] --START--
INFO: Run Behavior\BuildLiteBehavior [ RunTime:0.000032s ]
INFO: [ app_init ] --END-- [ RunTime:0.000809s ]
ERR: 无法加载模块:Theme

[ 2016-06-24T16:55:26+08:00 ] ::1 /feiyu/Theme/Ue/feiyu/pc/images/nav_bg.png
INFO: [ app_init ] --START--
INFO: Run Behavior\BuildLiteBehavior [ RunTime:0.000025s ]
INFO: [ app_init ] --END-- [ RunTime:0.000529s ]
ERR: 无法加载模块:Theme

[ 2016-06-24T16:55:26+08:00 ] ::1 /feiyu/Theme/Ue/feiyu/pc/images/scbt.jpg
INFO: [ app_init ] --START--
INFO: Run Behavior\BuildLiteBehavior [ RunTime:0.000031s ]
INFO: [ app_init ] --END-- [ RunTime:0.000638s ]
ERR: 无法加载模块:Theme

[ 2016-06-24T16:55:26+08:00 ] ::1 /feiyu/Theme/Ue/feiyu/pc/images/icon_3.png
INFO: [ app_init ] --START--
INFO: Run Behavior\BuildLiteBehavior [ RunTime:0.000027s ]
INFO: [ app_init ] --END-- [ RunTime:0.000554s ]
ERR: 无法加载模块:Theme

[ 2016-06-24T16:58:05+08:00 ] ::1 /feiyu/Theme/Ue/feiyu/pc/images/nav_bg.png
INFO: [ app_init ] --START--
INFO: Run Behavior\BuildLiteBehavior [ RunTime:0.000026s ]
INFO: [ app_init ] --END-- [ RunTime:0.000595s ]
ERR: 无法加载模块:Theme

[ 2016-06-24T16:58:05+08:00 ] ::1 /feiyu/Theme/Ue/feiyu/pc/images/scbt.jpg
INFO: [ app_init ] --START--
INFO: Run Behavior\BuildLiteBehavior [ RunTime:0.000025s ]
INFO: [ app_init ] --END-- [ RunTime:0.000655s ]
ERR: 无法加载模块:Theme

[ 2016-06-24T16:58:05+08:00 ] ::1 /feiyu/Theme/Ue/feiyu/pc/images/icon_3.png
INFO: [ app_init ] --START--
INFO: Run Behavior\BuildLiteBehavior [ RunTime:0.000024s ]
INFO: [ app_init ] --END-- [ RunTime:0.000592s ]
ERR: 无法加载模块:Theme

[ 2016-06-24T17:00:48+08:00 ] ::1 /feiyu/Theme/Ue/feiyu/pc/images/scbt.jpg
INFO: [ app_init ] --START--
INFO: Run Behavior\BuildLiteBehavior [ RunTime:0.000024s ]
INFO: [ app_init ] --END-- [ RunTime:0.000564s ]
ERR: 无法加载模块:Theme

[ 2016-06-24T17:00:48+08:00 ] ::1 /feiyu/Theme/Ue/feiyu/pc/images/nav_bg.png
INFO: [ app_init ] --START--
INFO: Run Behavior\BuildLiteBehavior [ RunTime:0.000065s ]
INFO: [ app_init ] --END-- [ RunTime:0.001835s ]
ERR: 无法加载模块:Theme

[ 2016-06-24T17:00:48+08:00 ] ::1 /feiyu/Theme/Ue/feiyu/pc/images/icon_3.png
INFO: [ app_init ] --START--
INFO: Run Behavior\BuildLiteBehavior [ RunTime:0.000026s ]
INFO: [ app_init ] --END-- [ RunTime:0.000706s ]
ERR: 无法加载模块:Theme

[ 2016-06-24T17:00:52+08:00 ] ::1 /feiyu/Theme/Ue/feiyu/pc/images/nav_bg.png
INFO: [ app_init ] --START--
INFO: Run Behavior\BuildLiteBehavior [ RunTime:0.000026s ]
INFO: [ app_init ] --END-- [ RunTime:0.000626s ]
ERR: 无法加载模块:Theme

[ 2016-06-24T17:00:52+08:00 ] ::1 /feiyu/Theme/Ue/feiyu/pc/images/scbt.jpg
INFO: [ app_init ] --START--
INFO: Run Behavior\BuildLiteBehavior [ RunTime:0.000024s ]
INFO: [ app_init ] --END-- [ RunTime:0.000634s ]
ERR: 无法加载模块:Theme

[ 2016-06-24T17:01:14+08:00 ] ::1 /feiyu/Theme/Ue/feiyu/pc/images/rongyuBj_03.jpg
INFO: [ app_init ] --START--
INFO: Run Behavior\BuildLiteBehavior [ RunTime:0.000024s ]
INFO: [ app_init ] --END-- [ RunTime:0.000576s ]
ERR: 无法加载模块:Theme

[ 2016-06-24T17:01:43+08:00 ] ::1 /feiyu/Theme/Ue/feiyu/pc/images/nav_bg.png
INFO: [ app_init ] --START--
INFO: Run Behavior\BuildLiteBehavior [ RunTime:0.000034s ]
INFO: [ app_init ] --END-- [ RunTime:0.001110s ]
ERR: 无法加载模块:Theme

[ 2016-06-24T17:01:43+08:00 ] ::1 /feiyu/Theme/Ue/feiyu/pc/images/scbt.jpg
INFO: [ app_init ] --START--
INFO: Run Behavior\BuildLiteBehavior [ RunTime:0.000101s ]
INFO: [ app_init ] --END-- [ RunTime:0.001033s ]
ERR: 无法加载模块:Theme

[ 2016-06-24T17:01:43+08:00 ] ::1 /feiyu/Theme/Ue/feiyu/pc/images/icon_3.png
INFO: [ app_init ] --START--
INFO: Run Behavior\BuildLiteBehavior [ RunTime:0.000025s ]
INFO: [ app_init ] --END-- [ RunTime:0.000550s ]
ERR: 无法加载模块:Theme

[ 2016-06-24T18:49:09+08:00 ] ::1 /he/Theme/Ue/feiyu/pc/images/nav_bg.png
INFO: [ app_init ] --START--
INFO: Run Behavior\BuildLiteBehavior [ RunTime:0.000025s ]
INFO: [ app_init ] --END-- [ RunTime:0.000610s ]
ERR: 无法加载模块:Theme

[ 2016-06-24T18:49:09+08:00 ] ::1 /he/Theme/Ue/feiyu/pc/images/scbt.jpg
INFO: [ app_init ] --START--
INFO: Run Behavior\BuildLiteBehavior [ RunTime:0.000042s ]
INFO: [ app_init ] --END-- [ RunTime:0.000678s ]
ERR: 无法加载模块:Theme

[ 2016-06-24T18:49:09+08:00 ] ::1 /he/Theme/Ue/feiyu/pc/images/icon_3.png
INFO: [ app_init ] --START--
INFO: Run Behavior\BuildLiteBehavior [ RunTime:0.000026s ]
INFO: [ app_init ] --END-- [ RunTime:0.000604s ]
ERR: 无法加载模块:Theme

[ 2016-06-24T19:34:42+08:00 ] ::1 /he/Theme/Ue/feiyu/pc/images/nav_bg.png
INFO: [ app_init ] --START--
INFO: Run Behavior\BuildLiteBehavior [ RunTime:0.000031s ]
INFO: [ app_init ] --END-- [ RunTime:0.000917s ]
ERR: 无法加载模块:Theme

[ 2016-06-24T19:34:42+08:00 ] ::1 /he/Theme/Ue/feiyu/pc/images/scbt.jpg
INFO: [ app_init ] --START--
INFO: Run Behavior\BuildLiteBehavior [ RunTime:0.000025s ]
INFO: [ app_init ] --END-- [ RunTime:0.000613s ]
ERR: 无法加载模块:Theme

[ 2016-06-24T19:34:42+08:00 ] ::1 /he/Theme/Ue/feiyu/pc/images/icon_3.png
INFO: [ app_init ] --START--
INFO: Run Behavior\BuildLiteBehavior [ RunTime:0.000022s ]
INFO: [ app_init ] --END-- [ RunTime:0.000552s ]
ERR: 无法加载模块:Theme

[ 2016-06-24T20:06:28+08:00 ] ::1 /he/Theme/Ue/feiyu/pc/images/map_03.jpg
INFO: [ app_init ] --START--
INFO: Run Behavior\BuildLiteBehavior [ RunTime:0.000024s ]
INFO: [ app_init ] --END-- [ RunTime:0.000660s ]
ERR: 无法加载模块:Theme

[ 2016-06-24T20:09:35+08:00 ] ::1 /he/Theme/Ue/feiyu/pc/images/text_15.jpg
INFO: [ app_init ] --START--
INFO: Run Behavior\BuildLiteBehavior [ RunTime:0.000026s ]
INFO: [ app_init ] --END-- [ RunTime:0.000692s ]
ERR: 无法加载模块:Theme

[ 2016-06-24T20:09:35+08:00 ] ::1 /he/Theme/Ue/feiyu/pc/images/text2_26.jpg
INFO: [ app_init ] --START--
INFO: Run Behavior\BuildLiteBehavior [ RunTime:0.000023s ]
INFO: [ app_init ] --END-- [ RunTime:0.000570s ]
ERR: 无法加载模块:Theme

[ 2016-06-24T20:28:55+08:00 ] ::1 /he/Theme/Ue/feiyu/pc/images/scbt.jpg
INFO: [ app_init ] --START--
INFO: Run Behavior\BuildLiteBehavior [ RunTime:0.000026s ]
INFO: [ app_init ] --END-- [ RunTime:0.000711s ]
ERR: 无法加载模块:Theme

[ 2016-06-24T20:28:55+08:00 ] ::1 /he/Theme/Ue/feiyu/pc/images/nav_bg.png
INFO: [ app_init ] --START--
INFO: Run Behavior\BuildLiteBehavior [ RunTime:0.000036s ]
INFO: [ app_init ] --END-- [ RunTime:0.001200s ]
ERR: 无法加载模块:Theme

[ 2016-06-24T20:28:55+08:00 ] ::1 /he/Theme/Ue/feiyu/pc/images/icon_3.png
INFO: [ app_init ] --START--
INFO: Run Behavior\BuildLiteBehavior [ RunTime:0.000026s ]
INFO: [ app_init ] --END-- [ RunTime:0.000681s ]
ERR: 无法加载模块:Theme

