[ 2016-07-17T14:56:35+08:00 ] ::1 /demo/
INFO: [ app_init ] --START--
INFO: Run Behavior\BuildLiteBehavior [ RunTime:0.000024s ]
INFO: [ app_init ] --END-- [ RunTime:0.000562s ]
INFO: [ app_begin ] --START--
INFO: Run Behavior\ReadHtmlCacheBehavior [ RunTime:0.000773s ]
INFO: [ app_begin ] --END-- [ RunTime:0.000940s ]
SQL: SHOW COLUMNS FROM `think_sysconfig` [ RunTime:0.0016s ]
SQL: SELECT * FROM `think_sysconfig` WHERE ( varname='cfg_theme' ) LIMIT 1   [ RunTime:0.0004s ]
SQL: SELECT * FROM `think_sysconfig` WHERE ( varname='cfg_wap' ) LIMIT 1   [ RunTime:0.0003s ]
SQL: SHOW COLUMNS FROM `think_category` [ RunTime:0.0030s ]
SQL: SELECT * FROM `think_category` WHERE ( parentid=0 )  [ RunTime:0.0005s ]
INFO: [ view_parse ] --START--
INFO: [ template_filter ] --START--
INFO: Run Behavior\ContentReplaceBehavior [ RunTime:0.000157s ]
INFO: [ template_filter ] --END-- [ RunTime:0.000330s ]
NOTIC: [8] Use of undefined constant cfg_webname - assumed 'cfg_webname' /Applications/MAMP/htdocs/demo/Application/Runtime/Cache/Ue/36bfe89e1e28dbe73425186ed5cc5bf8.php 第 9 行.
SQL: SELECT * FROM `think_sysconfig` WHERE ( varname='cfg_webname' ) LIMIT 1   [ RunTime:0.0005s ]
SQL: SELECT * FROM `think_sysconfig` WHERE ( varname='cfg_indexurl' ) LIMIT 1   [ RunTime:0.0002s ]
NOTIC: [8] Use of undefined constant index_banner - assumed 'index_banner' /Applications/MAMP/htdocs/demo/Application/Runtime/Cache/Ue/36bfe89e1e28dbe73425186ed5cc5bf8.php 第 30 行.
NOTIC: [8] Use of undefined constant img - assumed 'img' /Applications/MAMP/htdocs/demo/Application/Runtime/Cache/Ue/36bfe89e1e28dbe73425186ed5cc5bf8.php 第 30 行.
NOTIC: [2] Missing argument 3 for getcatlist(), called in /Applications/MAMP/htdocs/demo/Application/Runtime/Cache/Ue/36bfe89e1e28dbe73425186ed5cc5bf8.php on line 30 and defined /Applications/MAMP/htdocs/demo/Application/Ue/Common/function.php 第 342 行.
SQL: SHOW COLUMNS FROM `think_catset_list` [ RunTime:0.0021s ]
NOTIC: [8] Undefined variable: catid /Applications/MAMP/htdocs/demo/Application/Ue/Common/function.php 第 345 行.
NOTIC: [8] Undefined index: parentid /Applications/MAMP/htdocs/demo/Application/Ue/Common/function.php 第 347 行.
SQL: SELECT * FROM `think_catset_list` WHERE ( value='index_banner'AND catid = '0' ) LIMIT 1   [ RunTime:0.0015s ]
SQL: SELECT * FROM `think_catset_list` WHERE ( value='index_banner'AND catid = '' ) LIMIT 1   [ RunTime:0.0003s ]
NOTIC: [8] Undefined offset: 1 /Applications/MAMP/htdocs/demo/Application/Common/Common/function.php 第 124 行.
NOTIC: [2] Illegal string offset 'link' /Applications/MAMP/htdocs/demo/Application/Runtime/Cache/Ue/36bfe89e1e28dbe73425186ed5cc5bf8.php 第 30 行.
NOTIC: [8] Uninitialized string offset: 0 /Applications/MAMP/htdocs/demo/Application/Runtime/Cache/Ue/36bfe89e1e28dbe73425186ed5cc5bf8.php 第 30 行.
SQL: SELECT * FROM `think_sysconfig` WHERE ( varname='cfg_indexurl' ) LIMIT 1   [ RunTime:0.0003s ]
NOTIC: [2] Missing argument 2 for getcategory(), called in /Applications/MAMP/htdocs/demo/Application/Runtime/Cache/Ue/36bfe89e1e28dbe73425186ed5cc5bf8.php on line 38 and defined /Applications/MAMP/htdocs/demo/Application/Ue/Common/function.php 第 72 行.
SQL: SELECT * FROM `think_category` WHERE ( usable_type='1' and parentid=0 ) ORDER BY listorder  [ RunTime:0.0004s ]
NOTIC: [8] Undefined variable: catinfos /Applications/MAMP/htdocs/demo/Application/Ue/Common/function.php 第 133 行.
NOTIC: [8] Undefined variable: catinfot /Applications/MAMP/htdocs/demo/Application/Ue/Common/function.php 第 133 行.
NOTIC: [8] Use of undefined constant catid - assumed 'catid' /Applications/MAMP/htdocs/demo/Application/Runtime/Cache/Ue/36bfe89e1e28dbe73425186ed5cc5bf8.php 第 41 行.
SQL: SELECT * FROM `think_category` WHERE ( catid=123 ) LIMIT 1   [ RunTime:0.0003s ]
SQL: SELECT * FROM `think_category` WHERE ( usable_type='1' and parentid=123 ) ORDER BY listorder  [ RunTime:0.0004s ]
NOTIC: [2] Missing argument 3 for getdatalist(), called in /Applications/MAMP/htdocs/demo/Application/Runtime/Cache/Ue/36bfe89e1e28dbe73425186ed5cc5bf8.php on line 54 and defined /Applications/MAMP/htdocs/demo/Application/Ue/Common/function.php 第 200 行.
SQL: SELECT * FROM `think_category` WHERE ( catid=81 ) LIMIT 1   [ RunTime:0.0003s ]
NOTIC: [8] Undefined variable: type /Applications/MAMP/htdocs/demo/Application/Ue/Common/function.php 第 207 行.
ERR: 1146:Table 'demo.think_' doesn't exist
 [ SQL语句 ] : SELECT * FROM `think_` WHERE ( `catid` = 81 ) ORDER BY listorder,updatetime desc LIMIT 2  
ERR: 1146:Table 'demo.think_' doesn't exist
 [ SQL语句 ] : SELECT * FROM `think_` WHERE ( `catid` = 81 ) ORDER BY listorder,updatetime desc LIMIT 2  

[ 2016-07-17T14:56:38+08:00 ] ::1 /demo/index.php/Ue/List/index/cid/123
INFO: [ app_init ] --START--
INFO: Run Behavior\BuildLiteBehavior [ RunTime:0.000024s ]
INFO: [ app_init ] --END-- [ RunTime:0.000550s ]
INFO: [ app_begin ] --START--
INFO: Run Behavior\ReadHtmlCacheBehavior [ RunTime:0.000759s ]
INFO: [ app_begin ] --END-- [ RunTime:0.000862s ]
SQL: SHOW COLUMNS FROM `think_sysconfig` [ RunTime:0.0019s ]
SQL: SELECT * FROM `think_sysconfig` WHERE ( varname='cfg_theme' ) LIMIT 1   [ RunTime:0.0003s ]
SQL: SELECT * FROM `think_sysconfig` WHERE ( varname='cfg_wap' ) LIMIT 1   [ RunTime:0.0003s ]
SQL: SHOW COLUMNS FROM `think_category` [ RunTime:0.0027s ]
SQL: SELECT * FROM `think_category` WHERE ( parentid=0 )  [ RunTime:0.0005s ]
SQL: SELECT * FROM `think_category` WHERE ( catid=123 ) LIMIT 1   [ RunTime:0.0004s ]
SQL: SELECT * FROM `think_category` WHERE ( catid=0 ) LIMIT 1   [ RunTime:0.0003s ]
NOTIC: [8] Use of undefined constant url - assumed 'url' /Applications/MAMP/htdocs/demo/Application/Ue/Controller/ListController.class.php 第 15 行.
NOTIC: [8] Use of undefined constant catid - assumed 'catid' /Applications/MAMP/htdocs/demo/Application/Ue/Controller/ListController.class.php 第 37 行.
SQL: SHOW COLUMNS FROM `think_page` [ RunTime:0.0020s ]
SQL: SELECT * FROM `think_category` WHERE ( parentid=123 )  [ RunTime:0.0004s ]
NOTIC: [8] Undefined index: p /Applications/MAMP/htdocs/demo/Application/Ue/Controller/ListController.class.php 第 86 行.
SQL: SELECT * FROM `think_page` WHERE ( `catid` = 123 ) ORDER BY listorder,updatetime desc LIMIT 0,6   [ RunTime:0.0005s ]
SQL: SELECT COUNT(*) AS tp_count FROM `think_page` WHERE ( catid=123 ) LIMIT 1   [ RunTime:0.0018s ]
INFO: [ view_parse ] --START--
INFO: [ template_filter ] --START--
INFO: Run Behavior\ContentReplaceBehavior [ RunTime:0.000173s ]
INFO: [ template_filter ] --END-- [ RunTime:0.000290s ]
NOTIC: [8] Use of undefined constant cfg_webname - assumed 'cfg_webname' /Applications/MAMP/htdocs/demo/Application/Runtime/Cache/Ue/42b130013cf05fb97cd1ad4d328e1ddb.php 第 10 行.
SQL: SELECT * FROM `think_sysconfig` WHERE ( varname='cfg_webname' ) LIMIT 1   [ RunTime:0.0008s ]
SQL: SELECT * FROM `think_sysconfig` WHERE ( varname='cfg_indexurl' ) LIMIT 1   [ RunTime:0.0005s ]
NOTIC: [8] Use of undefined constant about_banner - assumed 'about_banner' /Applications/MAMP/htdocs/demo/Application/Runtime/Cache/Ue/42b130013cf05fb97cd1ad4d328e1ddb.php 第 30 行.
NOTIC: [8] Use of undefined constant img - assumed 'img' /Applications/MAMP/htdocs/demo/Application/Runtime/Cache/Ue/42b130013cf05fb97cd1ad4d328e1ddb.php 第 30 行.
NOTIC: [2] Missing argument 3 for getcatlist(), called in /Applications/MAMP/htdocs/demo/Application/Runtime/Cache/Ue/42b130013cf05fb97cd1ad4d328e1ddb.php on line 30 and defined /Applications/MAMP/htdocs/demo/Application/Ue/Common/function.php 第 342 行.
SQL: SHOW COLUMNS FROM `think_catset_list` [ RunTime:0.0022s ]
NOTIC: [8] Undefined variable: catid /Applications/MAMP/htdocs/demo/Application/Ue/Common/function.php 第 345 行.
SQL: SELECT * FROM `think_catset_list` WHERE ( value='about_banner'AND catid = '123' ) LIMIT 1   [ RunTime:0.0004s ]
SQL: SELECT * FROM `think_catset_list` WHERE ( value='about_banner'AND catid = '0' ) LIMIT 1   [ RunTime:0.0002s ]
NOTIC: [8] Undefined offset: 1 /Applications/MAMP/htdocs/demo/Application/Common/Common/function.php 第 124 行.
NOTIC: [2] Illegal string offset 'link' /Applications/MAMP/htdocs/demo/Application/Runtime/Cache/Ue/42b130013cf05fb97cd1ad4d328e1ddb.php 第 30 行.
NOTIC: [8] Uninitialized string offset: 0 /Applications/MAMP/htdocs/demo/Application/Runtime/Cache/Ue/42b130013cf05fb97cd1ad4d328e1ddb.php 第 30 行.
SQL: SELECT * FROM `think_sysconfig` WHERE ( varname='cfg_indexurl' ) LIMIT 1   [ RunTime:0.0002s ]
NOTIC: [2] Missing argument 2 for getcategory(), called in /Applications/MAMP/htdocs/demo/Application/Runtime/Cache/Ue/42b130013cf05fb97cd1ad4d328e1ddb.php on line 37 and defined /Applications/MAMP/htdocs/demo/Application/Ue/Common/function.php 第 72 行.
SQL: SELECT * FROM `think_category` WHERE ( usable_type='1' and parentid=0 ) ORDER BY listorder  [ RunTime:0.0004s ]
NOTIC: [8] Use of undefined constant catid - assumed 'catid' /Applications/MAMP/htdocs/demo/Application/Runtime/Cache/Ue/42b130013cf05fb97cd1ad4d328e1ddb.php 第 40 行.
SQL: SELECT * FROM `think_category` WHERE ( catid=123 ) LIMIT 1   [ RunTime:0.0003s ]
SQL: SELECT * FROM `think_category` WHERE ( usable_type='1' and parentid=123 ) ORDER BY listorder  [ RunTime:0.0003s ]
NOTIC: [8] Use of undefined constant catid - assumed 'catid' /Applications/MAMP/htdocs/demo/Application/Runtime/Cache/Ue/42b130013cf05fb97cd1ad4d328e1ddb.php 第 53 行.
SQL: SELECT * FROM `think_category` WHERE ( catid=123 ) LIMIT 1   [ RunTime:0.0008s ]
NOTIC: [8] Undefined variable: catinf /Applications/MAMP/htdocs/demo/Application/Ue/Common/function.php 第 94 行.
ERR: 1064:You have an error in your SQL syntax; check the manual that corresponds to your MySQL server version for the right syntax to use near ') LIMIT 1' at line 1
 [ SQL语句 ] : SELECT * FROM `think_category` WHERE ( catid= ) LIMIT 1  
ERR: 1064:You have an error in your SQL syntax; check the manual that corresponds to your MySQL server version for the right syntax to use near ') LIMIT 1' at line 1
 [ SQL语句 ] : SELECT * FROM `think_category` WHERE ( catid= ) LIMIT 1  

[ 2016-07-17T14:56:42+08:00 ] ::1 /demo/index.php/Ue/List/index/cid/123
INFO: [ app_init ] --START--
INFO: Run Behavior\BuildLiteBehavior [ RunTime:0.000030s ]
INFO: [ app_init ] --END-- [ RunTime:0.000735s ]
INFO: [ app_begin ] --START--
INFO: Run Behavior\ReadHtmlCacheBehavior [ RunTime:0.000824s ]
INFO: [ app_begin ] --END-- [ RunTime:0.000931s ]
SQL: SHOW COLUMNS FROM `think_sysconfig` [ RunTime:0.0045s ]
SQL: SELECT * FROM `think_sysconfig` WHERE ( varname='cfg_theme' ) LIMIT 1   [ RunTime:0.0004s ]
SQL: SELECT * FROM `think_sysconfig` WHERE ( varname='cfg_wap' ) LIMIT 1   [ RunTime:0.0004s ]
SQL: SHOW COLUMNS FROM `think_category` [ RunTime:0.0032s ]
SQL: SELECT * FROM `think_category` WHERE ( parentid=0 )  [ RunTime:0.0007s ]
SQL: SELECT * FROM `think_category` WHERE ( catid=123 ) LIMIT 1   [ RunTime:0.0004s ]
SQL: SELECT * FROM `think_category` WHERE ( catid=0 ) LIMIT 1   [ RunTime:0.0003s ]
NOTIC: [8] Use of undefined constant url - assumed 'url' /Applications/MAMP/htdocs/demo/Application/Ue/Controller/ListController.class.php 第 15 行.
NOTIC: [8] Use of undefined constant catid - assumed 'catid' /Applications/MAMP/htdocs/demo/Application/Ue/Controller/ListController.class.php 第 37 行.
SQL: SHOW COLUMNS FROM `think_page` [ RunTime:0.0019s ]
SQL: SELECT * FROM `think_category` WHERE ( parentid=123 )  [ RunTime:0.0004s ]
NOTIC: [8] Undefined index: p /Applications/MAMP/htdocs/demo/Application/Ue/Controller/ListController.class.php 第 86 行.
SQL: SELECT * FROM `think_page` WHERE ( `catid` = 123 ) ORDER BY listorder,updatetime desc LIMIT 0,6   [ RunTime:0.0003s ]
SQL: SELECT COUNT(*) AS tp_count FROM `think_page` WHERE ( catid=123 ) LIMIT 1   [ RunTime:0.0002s ]
INFO: [ view_parse ] --START--
INFO: [ template_filter ] --START--
INFO: Run Behavior\ContentReplaceBehavior [ RunTime:0.000137s ]
INFO: [ template_filter ] --END-- [ RunTime:0.000256s ]
NOTIC: [8] Use of undefined constant cfg_webname - assumed 'cfg_webname' /Applications/MAMP/htdocs/demo/Application/Runtime/Cache/Ue/42b130013cf05fb97cd1ad4d328e1ddb.php 第 10 行.
SQL: SELECT * FROM `think_sysconfig` WHERE ( varname='cfg_webname' ) LIMIT 1   [ RunTime:0.0005s ]
SQL: SELECT * FROM `think_sysconfig` WHERE ( varname='cfg_indexurl' ) LIMIT 1   [ RunTime:0.0002s ]
NOTIC: [8] Use of undefined constant about_banner - assumed 'about_banner' /Applications/MAMP/htdocs/demo/Application/Runtime/Cache/Ue/42b130013cf05fb97cd1ad4d328e1ddb.php 第 30 行.
NOTIC: [8] Use of undefined constant img - assumed 'img' /Applications/MAMP/htdocs/demo/Application/Runtime/Cache/Ue/42b130013cf05fb97cd1ad4d328e1ddb.php 第 30 行.
NOTIC: [2] Missing argument 3 for getcatlist(), called in /Applications/MAMP/htdocs/demo/Application/Runtime/Cache/Ue/42b130013cf05fb97cd1ad4d328e1ddb.php on line 30 and defined /Applications/MAMP/htdocs/demo/Application/Ue/Common/function.php 第 342 行.
SQL: SHOW COLUMNS FROM `think_catset_list` [ RunTime:0.0020s ]
NOTIC: [8] Undefined variable: catid /Applications/MAMP/htdocs/demo/Application/Ue/Common/function.php 第 345 行.
SQL: SELECT * FROM `think_catset_list` WHERE ( value='about_banner'AND catid = '123' ) LIMIT 1   [ RunTime:0.0004s ]
SQL: SELECT * FROM `think_catset_list` WHERE ( value='about_banner'AND catid = '0' ) LIMIT 1   [ RunTime:0.0003s ]
NOTIC: [8] Undefined offset: 1 /Applications/MAMP/htdocs/demo/Application/Common/Common/function.php 第 124 行.
NOTIC: [2] Illegal string offset 'link' /Applications/MAMP/htdocs/demo/Application/Runtime/Cache/Ue/42b130013cf05fb97cd1ad4d328e1ddb.php 第 30 行.
NOTIC: [8] Uninitialized string offset: 0 /Applications/MAMP/htdocs/demo/Application/Runtime/Cache/Ue/42b130013cf05fb97cd1ad4d328e1ddb.php 第 30 行.
SQL: SELECT * FROM `think_sysconfig` WHERE ( varname='cfg_indexurl' ) LIMIT 1   [ RunTime:0.0002s ]
NOTIC: [2] Missing argument 2 for getcategory(), called in /Applications/MAMP/htdocs/demo/Application/Runtime/Cache/Ue/42b130013cf05fb97cd1ad4d328e1ddb.php on line 37 and defined /Applications/MAMP/htdocs/demo/Application/Ue/Common/function.php 第 72 行.
SQL: SELECT * FROM `think_category` WHERE ( usable_type='1' and parentid=0 ) ORDER BY listorder  [ RunTime:0.0003s ]
NOTIC: [8] Use of undefined constant catid - assumed 'catid' /Applications/MAMP/htdocs/demo/Application/Runtime/Cache/Ue/42b130013cf05fb97cd1ad4d328e1ddb.php 第 40 行.
SQL: SELECT * FROM `think_category` WHERE ( catid=123 ) LIMIT 1   [ RunTime:0.0003s ]
SQL: SELECT * FROM `think_category` WHERE ( usable_type='1' and parentid=123 ) ORDER BY listorder  [ RunTime:0.0003s ]
NOTIC: [8] Use of undefined constant catid - assumed 'catid' /Applications/MAMP/htdocs/demo/Application/Runtime/Cache/Ue/42b130013cf05fb97cd1ad4d328e1ddb.php 第 53 行.
SQL: SELECT * FROM `think_category` WHERE ( catid=123 ) LIMIT 1   [ RunTime:0.0003s ]
NOTIC: [8] Undefined variable: catinf /Applications/MAMP/htdocs/demo/Application/Ue/Common/function.php 第 94 行.
ERR: 1064:You have an error in your SQL syntax; check the manual that corresponds to your MySQL server version for the right syntax to use near ') LIMIT 1' at line 1
 [ SQL语句 ] : SELECT * FROM `think_category` WHERE ( catid= ) LIMIT 1  
ERR: 1064:You have an error in your SQL syntax; check the manual that corresponds to your MySQL server version for the right syntax to use near ') LIMIT 1' at line 1
 [ SQL语句 ] : SELECT * FROM `think_category` WHERE ( catid= ) LIMIT 1  

