[ 2016-07-09T10:21:53+08:00 ] ::1 /thinkv/
INFO: [ app_init ] --START--
INFO: Run Behavior\BuildLiteBehavior [ RunTime:0.000038s ]
INFO: [ app_init ] --END-- [ RunTime:0.000976s ]
INFO: [ app_begin ] --START--
INFO: Run Behavior\ReadHtmlCacheBehavior [ RunTime:0.001150s ]
INFO: [ app_begin ] --END-- [ RunTime:0.001309s ]
SQL: SHOW COLUMNS FROM `think_sysconfig` [ RunTime:0.0019s ]
SQL: SELECT * FROM `think_sysconfig` WHERE ( varname='cfg_theme' ) LIMIT 1   [ RunTime:0.0004s ]
SQL: SELECT * FROM `think_sysconfig` WHERE ( varname='cfg_wap' ) LIMIT 1   [ RunTime:0.0003s ]
SQL: SHOW COLUMNS FROM `think_category` [ RunTime:0.0050s ]
SQL: SELECT * FROM `think_category` WHERE ( parentid=0 )  [ RunTime:0.0042s ]
INFO: [ view_parse ] --START--
INFO: [ template_filter ] --START--
INFO: Run Behavior\ContentReplaceBehavior [ RunTime:0.000188s ]
INFO: [ template_filter ] --END-- [ RunTime:0.000447s ]
NOTIC: [8] Use of undefined constant cfg_webname - assumed 'cfg_webname' /Applications/MAMP/htdocs/thinkv/Application/Runtime/Cache/Ue/36bfe89e1e28dbe73425186ed5cc5bf8.php 第 9 行.
SQL: SELECT * FROM `think_sysconfig` WHERE ( varname='cfg_webname' ) LIMIT 1   [ RunTime:0.0005s ]
SQL: SELECT * FROM `think_sysconfig` WHERE ( varname='cfg_indexurl' ) LIMIT 1   [ RunTime:0.0003s ]
NOTIC: [8] Use of undefined constant index_banner - assumed 'index_banner' /Applications/MAMP/htdocs/thinkv/Application/Runtime/Cache/Ue/36bfe89e1e28dbe73425186ed5cc5bf8.php 第 30 行.
NOTIC: [8] Use of undefined constant img - assumed 'img' /Applications/MAMP/htdocs/thinkv/Application/Runtime/Cache/Ue/36bfe89e1e28dbe73425186ed5cc5bf8.php 第 30 行.
NOTIC: [2] Missing argument 3 for getcatlist(), called in /Applications/MAMP/htdocs/thinkv/Application/Runtime/Cache/Ue/36bfe89e1e28dbe73425186ed5cc5bf8.php on line 30 and defined /Applications/MAMP/htdocs/thinkv/Application/Ue/Common/function.php 第 335 行.
SQL: SHOW COLUMNS FROM `think_catset_list` [ RunTime:0.0022s ]
NOTIC: [8] Undefined variable: catid /Applications/MAMP/htdocs/thinkv/Application/Ue/Common/function.php 第 338 行.
NOTIC: [8] Undefined index: parentid /Applications/MAMP/htdocs/thinkv/Application/Ue/Common/function.php 第 340 行.
SQL: SELECT * FROM `think_catset_list` WHERE ( value='index_banner'AND catid = '0' ) LIMIT 1   [ RunTime:0.0004s ]
SQL: SELECT * FROM `think_catset_list` WHERE ( value='index_banner'AND catid = '' ) LIMIT 1   [ RunTime:0.0004s ]
NOTIC: [8] Undefined offset: 1 /Applications/MAMP/htdocs/thinkv/Application/Common/Common/function.php 第 92 行.
NOTIC: [2] Illegal string offset 'link' /Applications/MAMP/htdocs/thinkv/Application/Runtime/Cache/Ue/36bfe89e1e28dbe73425186ed5cc5bf8.php 第 30 行.
NOTIC: [8] Uninitialized string offset: 0 /Applications/MAMP/htdocs/thinkv/Application/Runtime/Cache/Ue/36bfe89e1e28dbe73425186ed5cc5bf8.php 第 30 行.
SQL: SELECT * FROM `think_sysconfig` WHERE ( varname='cfg_indexurl' ) LIMIT 1   [ RunTime:0.0004s ]
NOTIC: [2] Missing argument 2 for getcategory(), called in /Applications/MAMP/htdocs/thinkv/Application/Runtime/Cache/Ue/36bfe89e1e28dbe73425186ed5cc5bf8.php on line 38 and defined /Applications/MAMP/htdocs/thinkv/Application/Ue/Common/function.php 第 72 行.
NOTIC: [2] Missing argument 3 for getcategory(), called in /Applications/MAMP/htdocs/thinkv/Application/Runtime/Cache/Ue/36bfe89e1e28dbe73425186ed5cc5bf8.php on line 38 and defined /Applications/MAMP/htdocs/thinkv/Application/Ue/Common/function.php 第 72 行.
SQL: SELECT * FROM `think_category` WHERE ( parentid=0 ) ORDER BY listorder  [ RunTime:0.0003s ]
NOTIC: [2] Missing argument 3 for getdatalist(), called in /Applications/MAMP/htdocs/thinkv/Application/Runtime/Cache/Ue/36bfe89e1e28dbe73425186ed5cc5bf8.php on line 54 and defined /Applications/MAMP/htdocs/thinkv/Application/Ue/Common/function.php 第 193 行.
SQL: SELECT * FROM `think_category` WHERE ( catid=81 ) LIMIT 1   [ RunTime:0.0003s ]
NOTIC: [8] Undefined variable: type /Applications/MAMP/htdocs/thinkv/Application/Ue/Common/function.php 第 200 行.
ERR: 1146:Table 'thinkv.think_' doesn't exist
 [ SQL语句 ] : SELECT * FROM `think_` WHERE ( `catid` = 81 ) ORDER BY listorder,updatetime desc LIMIT 2  
ERR: 1146:Table 'thinkv.think_' doesn't exist
 [ SQL语句 ] : SELECT * FROM `think_` WHERE ( `catid` = 81 ) ORDER BY listorder,updatetime desc LIMIT 2  

[ 2016-07-09T10:24:20+08:00 ] ::1 /thinkv/
INFO: [ app_init ] --START--
INFO: Run Behavior\BuildLiteBehavior [ RunTime:0.000036s ]
INFO: [ app_init ] --END-- [ RunTime:0.000779s ]
INFO: [ app_begin ] --START--
INFO: Run Behavior\ReadHtmlCacheBehavior [ RunTime:0.000864s ]
INFO: [ app_begin ] --END-- [ RunTime:0.000993s ]
SQL: SHOW COLUMNS FROM `think_sysconfig` [ RunTime:0.0046s ]
SQL: SELECT * FROM `think_sysconfig` WHERE ( varname='cfg_theme' ) LIMIT 1   [ RunTime:0.0004s ]
SQL: SELECT * FROM `think_sysconfig` WHERE ( varname='cfg_wap' ) LIMIT 1   [ RunTime:0.0003s ]
SQL: SHOW COLUMNS FROM `think_category` [ RunTime:0.0028s ]
SQL: SELECT * FROM `think_category` WHERE ( parentid=0 )  [ RunTime:0.0008s ]
INFO: [ view_parse ] --START--
INFO: [ template_filter ] --START--
INFO: Run Behavior\ContentReplaceBehavior [ RunTime:0.000139s ]
INFO: [ template_filter ] --END-- [ RunTime:0.000247s ]
NOTIC: [8] Use of undefined constant cfg_webname - assumed 'cfg_webname' /Applications/MAMP/htdocs/thinkv/Application/Runtime/Cache/Ue/36bfe89e1e28dbe73425186ed5cc5bf8.php 第 9 行.
SQL: SELECT * FROM `think_sysconfig` WHERE ( varname='cfg_webname' ) LIMIT 1   [ RunTime:0.0009s ]
SQL: SELECT * FROM `think_sysconfig` WHERE ( varname='cfg_indexurl' ) LIMIT 1   [ RunTime:0.0003s ]
NOTIC: [8] Use of undefined constant index_banner - assumed 'index_banner' /Applications/MAMP/htdocs/thinkv/Application/Runtime/Cache/Ue/36bfe89e1e28dbe73425186ed5cc5bf8.php 第 30 行.
NOTIC: [8] Use of undefined constant img - assumed 'img' /Applications/MAMP/htdocs/thinkv/Application/Runtime/Cache/Ue/36bfe89e1e28dbe73425186ed5cc5bf8.php 第 30 行.
NOTIC: [2] Missing argument 3 for getcatlist(), called in /Applications/MAMP/htdocs/thinkv/Application/Runtime/Cache/Ue/36bfe89e1e28dbe73425186ed5cc5bf8.php on line 30 and defined /Applications/MAMP/htdocs/thinkv/Application/Ue/Common/function.php 第 335 行.
SQL: SHOW COLUMNS FROM `think_catset_list` [ RunTime:0.0022s ]
NOTIC: [8] Undefined variable: catid /Applications/MAMP/htdocs/thinkv/Application/Ue/Common/function.php 第 338 行.
NOTIC: [8] Undefined index: parentid /Applications/MAMP/htdocs/thinkv/Application/Ue/Common/function.php 第 340 行.
SQL: SELECT * FROM `think_catset_list` WHERE ( value='index_banner'AND catid = '0' ) LIMIT 1   [ RunTime:0.0005s ]
SQL: SELECT * FROM `think_sysconfig` WHERE ( varname='cfg_indexurl' ) LIMIT 1   [ RunTime:0.0003s ]
NOTIC: [2] Missing argument 2 for getcategory(), called in /Applications/MAMP/htdocs/thinkv/Application/Runtime/Cache/Ue/36bfe89e1e28dbe73425186ed5cc5bf8.php on line 38 and defined /Applications/MAMP/htdocs/thinkv/Application/Ue/Common/function.php 第 72 行.
NOTIC: [2] Missing argument 3 for getcategory(), called in /Applications/MAMP/htdocs/thinkv/Application/Runtime/Cache/Ue/36bfe89e1e28dbe73425186ed5cc5bf8.php on line 38 and defined /Applications/MAMP/htdocs/thinkv/Application/Ue/Common/function.php 第 72 行.
SQL: SELECT * FROM `think_category` WHERE ( parentid=0 ) ORDER BY listorder  [ RunTime:0.0005s ]
NOTIC: [8] Undefined variable: catinfos /Applications/MAMP/htdocs/thinkv/Application/Ue/Common/function.php 第 126 行.
NOTIC: [8] Undefined variable: catinfot /Applications/MAMP/htdocs/thinkv/Application/Ue/Common/function.php 第 126 行.
NOTIC: [8] Undefined variable: catinfos /Applications/MAMP/htdocs/thinkv/Application/Ue/Common/function.php 第 126 行.
NOTIC: [8] Undefined variable: catinfot /Applications/MAMP/htdocs/thinkv/Application/Ue/Common/function.php 第 126 行.
NOTIC: [8] Undefined variable: catinfos /Applications/MAMP/htdocs/thinkv/Application/Ue/Common/function.php 第 126 行.
NOTIC: [8] Undefined variable: catinfot /Applications/MAMP/htdocs/thinkv/Application/Ue/Common/function.php 第 126 行.
NOTIC: [8] Undefined variable: catinfos /Applications/MAMP/htdocs/thinkv/Application/Ue/Common/function.php 第 126 行.
NOTIC: [8] Undefined variable: catinfot /Applications/MAMP/htdocs/thinkv/Application/Ue/Common/function.php 第 126 行.
NOTIC: [8] Undefined variable: catinfos /Applications/MAMP/htdocs/thinkv/Application/Ue/Common/function.php 第 126 行.
NOTIC: [8] Undefined variable: catinfot /Applications/MAMP/htdocs/thinkv/Application/Ue/Common/function.php 第 126 行.
NOTIC: [8] Undefined variable: catinfos /Applications/MAMP/htdocs/thinkv/Application/Ue/Common/function.php 第 126 行.
NOTIC: [8] Undefined variable: catinfot /Applications/MAMP/htdocs/thinkv/Application/Ue/Common/function.php 第 126 行.
NOTIC: [8] Undefined variable: catinfos /Applications/MAMP/htdocs/thinkv/Application/Ue/Common/function.php 第 126 行.
NOTIC: [8] Undefined variable: catinfot /Applications/MAMP/htdocs/thinkv/Application/Ue/Common/function.php 第 126 行.
NOTIC: [8] Undefined variable: catinfos /Applications/MAMP/htdocs/thinkv/Application/Ue/Common/function.php 第 126 行.
NOTIC: [8] Undefined variable: catinfot /Applications/MAMP/htdocs/thinkv/Application/Ue/Common/function.php 第 126 行.
NOTIC: [8] Use of undefined constant catid - assumed 'catid' /Applications/MAMP/htdocs/thinkv/Application/Runtime/Cache/Ue/36bfe89e1e28dbe73425186ed5cc5bf8.php 第 41 行.
NOTIC: [2] Missing argument 3 for getcategory(), called in /Applications/MAMP/htdocs/thinkv/Application/Runtime/Cache/Ue/36bfe89e1e28dbe73425186ed5cc5bf8.php on line 41 and defined /Applications/MAMP/htdocs/thinkv/Application/Ue/Common/function.php 第 72 行.
NOTIC: [8] Undefined variable: usable /Applications/MAMP/htdocs/thinkv/Application/Ue/Common/function.php 第 78 行.
SQL: SELECT * FROM `think_category` WHERE ( usable_type=1 and parentid=72 ) ORDER BY listorder  [ RunTime:0.0008s ]
NOTIC: [8] Undefined variable: catinfos /Applications/MAMP/htdocs/thinkv/Application/Ue/Common/function.php 第 126 行.
NOTIC: [8] Undefined variable: catinfot /Applications/MAMP/htdocs/thinkv/Application/Ue/Common/function.php 第 126 行.
NOTIC: [8] Undefined variable: catinfos /Applications/MAMP/htdocs/thinkv/Application/Ue/Common/function.php 第 126 行.
NOTIC: [8] Undefined variable: catinfot /Applications/MAMP/htdocs/thinkv/Application/Ue/Common/function.php 第 126 行.
NOTIC: [8] Undefined variable: catinfos /Applications/MAMP/htdocs/thinkv/Application/Ue/Common/function.php 第 126 行.
NOTIC: [8] Undefined variable: catinfot /Applications/MAMP/htdocs/thinkv/Application/Ue/Common/function.php 第 126 行.
NOTIC: [8] Undefined variable: catinfos /Applications/MAMP/htdocs/thinkv/Application/Ue/Common/function.php 第 126 行.
NOTIC: [8] Undefined variable: catinfot /Applications/MAMP/htdocs/thinkv/Application/Ue/Common/function.php 第 126 行.
NOTIC: [8] Undefined variable: catinfos /Applications/MAMP/htdocs/thinkv/Application/Ue/Common/function.php 第 126 行.
NOTIC: [8] Undefined variable: catinfot /Applications/MAMP/htdocs/thinkv/Application/Ue/Common/function.php 第 126 行.
NOTIC: [8] Undefined variable: catinfos /Applications/MAMP/htdocs/thinkv/Application/Ue/Common/function.php 第 126 行.
NOTIC: [8] Undefined variable: catinfot /Applications/MAMP/htdocs/thinkv/Application/Ue/Common/function.php 第 126 行.
NOTIC: [8] Use of undefined constant catid - assumed 'catid' /Applications/MAMP/htdocs/thinkv/Application/Runtime/Cache/Ue/36bfe89e1e28dbe73425186ed5cc5bf8.php 第 41 行.
NOTIC: [2] Missing argument 3 for getcategory(), called in /Applications/MAMP/htdocs/thinkv/Application/Runtime/Cache/Ue/36bfe89e1e28dbe73425186ed5cc5bf8.php on line 41 and defined /Applications/MAMP/htdocs/thinkv/Application/Ue/Common/function.php 第 72 行.
NOTIC: [8] Undefined variable: usable /Applications/MAMP/htdocs/thinkv/Application/Ue/Common/function.php 第 78 行.
SQL: SELECT * FROM `think_category` WHERE ( usable_type=1 and parentid=73 ) ORDER BY listorder  [ RunTime:0.0006s ]
NOTIC: [8] Undefined variable: catinfos /Applications/MAMP/htdocs/thinkv/Application/Ue/Common/function.php 第 126 行.
NOTIC: [8] Undefined variable: catinfot /Applications/MAMP/htdocs/thinkv/Application/Ue/Common/function.php 第 126 行.
NOTIC: [8] Undefined variable: catinfos /Applications/MAMP/htdocs/thinkv/Application/Ue/Common/function.php 第 126 行.
NOTIC: [8] Undefined variable: catinfot /Applications/MAMP/htdocs/thinkv/Application/Ue/Common/function.php 第 126 行.
NOTIC: [8] Undefined variable: catinfos /Applications/MAMP/htdocs/thinkv/Application/Ue/Common/function.php 第 126 行.
NOTIC: [8] Undefined variable: catinfot /Applications/MAMP/htdocs/thinkv/Application/Ue/Common/function.php 第 126 行.
NOTIC: [8] Undefined variable: catinfos /Applications/MAMP/htdocs/thinkv/Application/Ue/Common/function.php 第 126 行.
NOTIC: [8] Undefined variable: catinfot /Applications/MAMP/htdocs/thinkv/Application/Ue/Common/function.php 第 126 行.
NOTIC: [8] Undefined variable: catinfos /Applications/MAMP/htdocs/thinkv/Application/Ue/Common/function.php 第 126 行.
NOTIC: [8] Undefined variable: catinfot /Applications/MAMP/htdocs/thinkv/Application/Ue/Common/function.php 第 126 行.
NOTIC: [8] Use of undefined constant catid - assumed 'catid' /Applications/MAMP/htdocs/thinkv/Application/Runtime/Cache/Ue/36bfe89e1e28dbe73425186ed5cc5bf8.php 第 41 行.
NOTIC: [2] Missing argument 3 for getcategory(), called in /Applications/MAMP/htdocs/thinkv/Application/Runtime/Cache/Ue/36bfe89e1e28dbe73425186ed5cc5bf8.php on line 41 and defined /Applications/MAMP/htdocs/thinkv/Application/Ue/Common/function.php 第 72 行.
NOTIC: [8] Undefined variable: usable /Applications/MAMP/htdocs/thinkv/Application/Ue/Common/function.php 第 78 行.
SQL: SELECT * FROM `think_category` WHERE ( usable_type=1 and parentid=74 ) ORDER BY listorder  [ RunTime:0.0006s ]
NOTIC: [8] Undefined variable: catinfos /Applications/MAMP/htdocs/thinkv/Application/Ue/Common/function.php 第 126 行.
NOTIC: [8] Undefined variable: catinfot /Applications/MAMP/htdocs/thinkv/Application/Ue/Common/function.php 第 126 行.
NOTIC: [8] Undefined variable: catinfos /Applications/MAMP/htdocs/thinkv/Application/Ue/Common/function.php 第 126 行.
NOTIC: [8] Undefined variable: catinfot /Applications/MAMP/htdocs/thinkv/Application/Ue/Common/function.php 第 126 行.
NOTIC: [8] Undefined variable: catinfos /Applications/MAMP/htdocs/thinkv/Application/Ue/Common/function.php 第 126 行.
NOTIC: [8] Undefined variable: catinfot /Applications/MAMP/htdocs/thinkv/Application/Ue/Common/function.php 第 126 行.
NOTIC: [8] Undefined variable: catinfos /Applications/MAMP/htdocs/thinkv/Application/Ue/Common/function.php 第 126 行.
NOTIC: [8] Undefined variable: catinfot /Applications/MAMP/htdocs/thinkv/Application/Ue/Common/function.php 第 126 行.
NOTIC: [8] Use of undefined constant catid - assumed 'catid' /Applications/MAMP/htdocs/thinkv/Application/Runtime/Cache/Ue/36bfe89e1e28dbe73425186ed5cc5bf8.php 第 41 行.
NOTIC: [2] Missing argument 3 for getcategory(), called in /Applications/MAMP/htdocs/thinkv/Application/Runtime/Cache/Ue/36bfe89e1e28dbe73425186ed5cc5bf8.php on line 41 and defined /Applications/MAMP/htdocs/thinkv/Application/Ue/Common/function.php 第 72 行.
NOTIC: [8] Undefined variable: usable /Applications/MAMP/htdocs/thinkv/Application/Ue/Common/function.php 第 78 行.
SQL: SELECT * FROM `think_category` WHERE ( usable_type=1 and parentid=75 ) ORDER BY listorder  [ RunTime:0.0005s ]
NOTIC: [8] Undefined variable: catinfos /Applications/MAMP/htdocs/thinkv/Application/Ue/Common/function.php 第 126 行.
NOTIC: [8] Undefined variable: catinfot /Applications/MAMP/htdocs/thinkv/Application/Ue/Common/function.php 第 126 行.
NOTIC: [8] Undefined variable: catinfos /Applications/MAMP/htdocs/thinkv/Application/Ue/Common/function.php 第 126 行.
NOTIC: [8] Undefined variable: catinfot /Applications/MAMP/htdocs/thinkv/Application/Ue/Common/function.php 第 126 行.
NOTIC: [8] Use of undefined constant catid - assumed 'catid' /Applications/MAMP/htdocs/thinkv/Application/Runtime/Cache/Ue/36bfe89e1e28dbe73425186ed5cc5bf8.php 第 41 行.
NOTIC: [2] Missing argument 3 for getcategory(), called in /Applications/MAMP/htdocs/thinkv/Application/Runtime/Cache/Ue/36bfe89e1e28dbe73425186ed5cc5bf8.php on line 41 and defined /Applications/MAMP/htdocs/thinkv/Application/Ue/Common/function.php 第 72 行.
NOTIC: [8] Undefined variable: usable /Applications/MAMP/htdocs/thinkv/Application/Ue/Common/function.php 第 78 行.
SQL: SELECT * FROM `think_category` WHERE ( usable_type=1 and parentid=76 ) ORDER BY listorder  [ RunTime:0.0005s ]
NOTIC: [8] Undefined variable: catinfos /Applications/MAMP/htdocs/thinkv/Application/Ue/Common/function.php 第 126 行.
NOTIC: [8] Undefined variable: catinfot /Applications/MAMP/htdocs/thinkv/Application/Ue/Common/function.php 第 126 行.
NOTIC: [8] Undefined variable: catinfos /Applications/MAMP/htdocs/thinkv/Application/Ue/Common/function.php 第 126 行.
NOTIC: [8] Undefined variable: catinfot /Applications/MAMP/htdocs/thinkv/Application/Ue/Common/function.php 第 126 行.
NOTIC: [8] Undefined variable: catinfos /Applications/MAMP/htdocs/thinkv/Application/Ue/Common/function.php 第 126 行.
NOTIC: [8] Undefined variable: catinfot /Applications/MAMP/htdocs/thinkv/Application/Ue/Common/function.php 第 126 行.
NOTIC: [8] Use of undefined constant catid - assumed 'catid' /Applications/MAMP/htdocs/thinkv/Application/Runtime/Cache/Ue/36bfe89e1e28dbe73425186ed5cc5bf8.php 第 41 行.
NOTIC: [2] Missing argument 3 for getcategory(), called in /Applications/MAMP/htdocs/thinkv/Application/Runtime/Cache/Ue/36bfe89e1e28dbe73425186ed5cc5bf8.php on line 41 and defined /Applications/MAMP/htdocs/thinkv/Application/Ue/Common/function.php 第 72 行.
NOTIC: [8] Undefined variable: usable /Applications/MAMP/htdocs/thinkv/Application/Ue/Common/function.php 第 78 行.
SQL: SELECT * FROM `think_category` WHERE ( usable_type=1 and parentid=77 ) ORDER BY listorder  [ RunTime:0.0004s ]
NOTIC: [8] Undefined variable: catinfos /Applications/MAMP/htdocs/thinkv/Application/Ue/Common/function.php 第 126 行.
NOTIC: [8] Undefined variable: catinfot /Applications/MAMP/htdocs/thinkv/Application/Ue/Common/function.php 第 126 行.
NOTIC: [8] Undefined variable: catinfos /Applications/MAMP/htdocs/thinkv/Application/Ue/Common/function.php 第 126 行.
NOTIC: [8] Undefined variable: catinfot /Applications/MAMP/htdocs/thinkv/Application/Ue/Common/function.php 第 126 行.
NOTIC: [8] Use of undefined constant catid - assumed 'catid' /Applications/MAMP/htdocs/thinkv/Application/Runtime/Cache/Ue/36bfe89e1e28dbe73425186ed5cc5bf8.php 第 41 行.
NOTIC: [2] Missing argument 3 for getcategory(), called in /Applications/MAMP/htdocs/thinkv/Application/Runtime/Cache/Ue/36bfe89e1e28dbe73425186ed5cc5bf8.php on line 41 and defined /Applications/MAMP/htdocs/thinkv/Application/Ue/Common/function.php 第 72 行.
NOTIC: [8] Undefined variable: usable /Applications/MAMP/htdocs/thinkv/Application/Ue/Common/function.php 第 78 行.
SQL: SELECT * FROM `think_category` WHERE ( usable_type=1 and parentid=78 ) ORDER BY listorder  [ RunTime:0.0004s ]
NOTIC: [8] Undefined variable: catinfos /Applications/MAMP/htdocs/thinkv/Application/Ue/Common/function.php 第 126 行.
NOTIC: [8] Undefined variable: catinfot /Applications/MAMP/htdocs/thinkv/Application/Ue/Common/function.php 第 126 行.
NOTIC: [8] Undefined variable: catinfos /Applications/MAMP/htdocs/thinkv/Application/Ue/Common/function.php 第 126 行.
NOTIC: [8] Undefined variable: catinfot /Applications/MAMP/htdocs/thinkv/Application/Ue/Common/function.php 第 126 行.
NOTIC: [8] Undefined variable: catinfos /Applications/MAMP/htdocs/thinkv/Application/Ue/Common/function.php 第 126 行.
NOTIC: [8] Undefined variable: catinfot /Applications/MAMP/htdocs/thinkv/Application/Ue/Common/function.php 第 126 行.
NOTIC: [8] Use of undefined constant catid - assumed 'catid' /Applications/MAMP/htdocs/thinkv/Application/Runtime/Cache/Ue/36bfe89e1e28dbe73425186ed5cc5bf8.php 第 41 行.
NOTIC: [2] Missing argument 3 for getcategory(), called in /Applications/MAMP/htdocs/thinkv/Application/Runtime/Cache/Ue/36bfe89e1e28dbe73425186ed5cc5bf8.php on line 41 and defined /Applications/MAMP/htdocs/thinkv/Application/Ue/Common/function.php 第 72 行.
NOTIC: [8] Undefined variable: usable /Applications/MAMP/htdocs/thinkv/Application/Ue/Common/function.php 第 78 行.
SQL: SELECT * FROM `think_category` WHERE ( usable_type=1 and parentid=79 ) ORDER BY listorder  [ RunTime:0.0003s ]
NOTIC: [8] Undefined variable: catinfos /Applications/MAMP/htdocs/thinkv/Application/Ue/Common/function.php 第 126 行.
NOTIC: [8] Undefined variable: catinfot /Applications/MAMP/htdocs/thinkv/Application/Ue/Common/function.php 第 126 行.
NOTIC: [2] Missing argument 3 for getdatalist(), called in /Applications/MAMP/htdocs/thinkv/Application/Runtime/Cache/Ue/36bfe89e1e28dbe73425186ed5cc5bf8.php on line 54 and defined /Applications/MAMP/htdocs/thinkv/Application/Ue/Common/function.php 第 193 行.
SQL: SELECT * FROM `think_category` WHERE ( catid=81 ) LIMIT 1   [ RunTime:0.0003s ]
SQL: SHOW COLUMNS FROM `think_news` [ RunTime:0.0024s ]
NOTIC: [8] Undefined variable: type /Applications/MAMP/htdocs/thinkv/Application/Ue/Common/function.php 第 200 行.
SQL: SELECT * FROM `think_news` WHERE ( `catid` = 81 ) ORDER BY listorder,updatetime desc LIMIT 2   [ RunTime:0.0004s ]
NOTIC: [2] Missing argument 3 for getdatalist(), called in /Applications/MAMP/htdocs/thinkv/Application/Runtime/Cache/Ue/36bfe89e1e28dbe73425186ed5cc5bf8.php on line 58 and defined /Applications/MAMP/htdocs/thinkv/Application/Ue/Common/function.php 第 193 行.
SQL: SELECT * FROM `think_category` WHERE ( catid=80 ) LIMIT 1   [ RunTime:0.0003s ]
SQL: SHOW COLUMNS FROM `think_page` [ RunTime:0.0018s ]
NOTIC: [8] Undefined variable: type /Applications/MAMP/htdocs/thinkv/Application/Ue/Common/function.php 第 200 行.
SQL: SELECT * FROM `think_page` WHERE ( `catid` = 80 ) ORDER BY listorder,updatetime desc LIMIT 1   [ RunTime:0.0003s ]
NOTIC: [8] Use of undefined constant cfg_powerby - assumed 'cfg_powerby' /Applications/MAMP/htdocs/thinkv/Application/Runtime/Cache/Ue/36bfe89e1e28dbe73425186ed5cc5bf8.php 第 87 行.
SQL: SELECT * FROM `think_sysconfig` WHERE ( varname='cfg_powerby' ) LIMIT 1   [ RunTime:0.0002s ]
NOTIC: [8] Use of undefined constant weibo - assumed 'weibo' /Applications/MAMP/htdocs/thinkv/Application/Runtime/Cache/Ue/36bfe89e1e28dbe73425186ed5cc5bf8.php 第 90 行.
SQL: SELECT * FROM `think_sysconfig` WHERE ( varname='weibo' ) LIMIT 1   [ RunTime:0.0002s ]
NOTIC: [8] Use of undefined constant tencent - assumed 'tencent' /Applications/MAMP/htdocs/thinkv/Application/Runtime/Cache/Ue/36bfe89e1e28dbe73425186ed5cc5bf8.php 第 91 行.
SQL: SELECT * FROM `think_sysconfig` WHERE ( varname='tencent' ) LIMIT 1   [ RunTime:0.0002s ]
INFO: Run Behavior\ParseTemplateBehavior [ RunTime:0.057517s ]
INFO: [ view_parse ] --END-- [ RunTime:0.057625s ]
INFO: [ view_filter ] --START--
INFO: Run Behavior\WriteHtmlCacheBehavior [ RunTime:0.000330s ]
INFO: [ view_filter ] --END-- [ RunTime:0.000413s ]
INFO: [ app_end ] --START--
INFO: Run Behavior\ShowPageTraceBehavior [ RunTime:0.000847s ]
INFO: [ app_end ] --END-- [ RunTime:0.000933s ]

