[ 2016-06-17T09:20:26+08:00 ] ::1 /thinkp/
INFO: [ app_init ] --START--
INFO: Run Behavior\BuildLiteBehavior [ RunTime:0.000051s ]
INFO: [ app_init ] --END-- [ RunTime:0.001373s ]
INFO: [ app_begin ] --START--
INFO: Run Behavior\ReadHtmlCacheBehavior [ RunTime:0.001067s ]
INFO: [ app_begin ] --END-- [ RunTime:0.001195s ]
SQL: SHOW COLUMNS FROM `think_sysconfig` [ RunTime:0.0187s ]
SQL: SELECT * FROM `think_sysconfig` WHERE ( varname='cfg_theme' ) LIMIT 1   [ RunTime:0.0007s ]
SQL: SELECT * FROM `think_sysconfig` WHERE ( varname='cfg_wap' ) LIMIT 1   [ RunTime:0.0004s ]
SQL: SHOW COLUMNS FROM `think_category` [ RunTime:0.0160s ]
SQL: SELECT * FROM `think_category` WHERE ( parentid=0 )  [ RunTime:0.0007s ]
INFO: [ view_parse ] --START--
INFO: [ template_filter ] --START--
INFO: Run Behavior\ContentReplaceBehavior [ RunTime:0.000086s ]
INFO: [ template_filter ] --END-- [ RunTime:0.000186s ]
NOTIC: [8] Undefined index: cid E:\www\thinkp\Application\Ue\Common\function.php 第 32 行.
NOTIC: [8] Undefined index: aid E:\www\thinkp\Application\Ue\Common\function.php 第 33 行.
SQL: SELECT * FROM `think_sysconfig` WHERE ( varname='cfg_description' ) LIMIT 1   [ RunTime:0.0005s ]
NOTIC: [8] Undefined index: cid E:\www\thinkp\Application\Ue\Common\function.php 第 32 行.
NOTIC: [8] Undefined index: aid E:\www\thinkp\Application\Ue\Common\function.php 第 33 行.
SQL: SELECT * FROM `think_sysconfig` WHERE ( varname='cfg_keywords' ) LIMIT 1   [ RunTime:0.0002s ]
NOTIC: [8] Use of undefined constant cfg_webname - assumed 'cfg_webname' E:\www\thinkp\Application\Runtime\Cache\Ue\0506db7323ed060f47824f98c0eae460.php 第 12 行.
SQL: SELECT * FROM `think_sysconfig` WHERE ( varname='cfg_webname' ) LIMIT 1   [ RunTime:0.0002s ]
NOTIC: [2] Missing argument 2 for getcategory(), called in E:\www\thinkp\Application\Runtime\Cache\Ue\0506db7323ed060f47824f98c0eae460.php on line 21 and defined E:\www\thinkp\Application\Ue\Common\function.php 第 79 行.
SQL: SELECT * FROM `think_category` WHERE ( parentid=0 ) ORDER BY listorder  [ RunTime:0.0005s ]
NOTIC: [8] Undefined index: cid E:\www\thinkp\Application\Ue\Common\function.php 第 105 行.
SQL: SELECT * FROM `think_category` WHERE ( catid=1 ) LIMIT 1   [ RunTime:0.0003s ]
NOTIC: [8] Undefined index: cid E:\www\thinkp\Application\Ue\Common\function.php 第 105 行.
SQL: SELECT * FROM `think_category` WHERE ( catid=6 ) LIMIT 1   [ RunTime:0.0003s ]
NOTIC: [8] Undefined index: cid E:\www\thinkp\Application\Ue\Common\function.php 第 105 行.
SQL: SELECT * FROM `think_category` WHERE ( catid=4 ) LIMIT 1   [ RunTime:0.0003s ]
NOTIC: [8] Undefined index: cid E:\www\thinkp\Application\Ue\Common\function.php 第 105 行.
SQL: SELECT * FROM `think_category` WHERE ( catid=54 ) LIMIT 1   [ RunTime:0.0003s ]
NOTIC: [8] Undefined index: cid E:\www\thinkp\Application\Ue\Common\function.php 第 105 行.
SQL: SELECT * FROM `think_category` WHERE ( catid=7 ) LIMIT 1   [ RunTime:0.0006s ]
NOTIC: [2] Missing argument 2 for getcategory(), called in E:\www\thinkp\Application\Runtime\Cache\Ue\0506db7323ed060f47824f98c0eae460.php on line 28 and defined E:\www\thinkp\Application\Ue\Common\function.php 第 79 行.
SQL: SELECT * FROM `think_category` WHERE ( parentid=0 ) ORDER BY listorder  [ RunTime:0.0005s ]
NOTIC: [8] Undefined index: cid E:\www\thinkp\Application\Ue\Common\function.php 第 105 行.
SQL: SELECT * FROM `think_category` WHERE ( catid=1 ) LIMIT 1   [ RunTime:0.0003s ]
NOTIC: [8] Undefined index: cid E:\www\thinkp\Application\Ue\Common\function.php 第 105 行.
SQL: SELECT * FROM `think_category` WHERE ( catid=6 ) LIMIT 1   [ RunTime:0.0003s ]
NOTIC: [8] Undefined index: cid E:\www\thinkp\Application\Ue\Common\function.php 第 105 行.
SQL: SELECT * FROM `think_category` WHERE ( catid=4 ) LIMIT 1   [ RunTime:0.0003s ]
NOTIC: [8] Undefined index: cid E:\www\thinkp\Application\Ue\Common\function.php 第 105 行.
SQL: SELECT * FROM `think_category` WHERE ( catid=54 ) LIMIT 1   [ RunTime:0.0004s ]
NOTIC: [8] Undefined index: cid E:\www\thinkp\Application\Ue\Common\function.php 第 105 行.
SQL: SELECT * FROM `think_category` WHERE ( catid=7 ) LIMIT 1   [ RunTime:0.0003s ]
NOTIC: [8] Use of undefined constant catid - assumed 'catid' E:\www\thinkp\Application\Runtime\Cache\Ue\0506db7323ed060f47824f98c0eae460.php 第 31 行.
SQL: SELECT * FROM `think_category` WHERE ( parentid=1 ) ORDER BY listorder  [ RunTime:0.0004s ]
NOTIC: [8] Undefined index: cid E:\www\thinkp\Application\Ue\Common\function.php 第 105 行.
SQL: SELECT * FROM `think_category` WHERE ( catid=64 ) LIMIT 1   [ RunTime:0.0004s ]
NOTIC: [8] Undefined index: cid E:\www\thinkp\Application\Ue\Common\function.php 第 105 行.
SQL: SELECT * FROM `think_category` WHERE ( catid=34 ) LIMIT 1   [ RunTime:0.0003s ]
NOTIC: [8] Undefined index: cid E:\www\thinkp\Application\Ue\Common\function.php 第 105 行.
SQL: SELECT * FROM `think_category` WHERE ( catid=39 ) LIMIT 1   [ RunTime:0.0003s ]
NOTIC: [8] Undefined index: cid E:\www\thinkp\Application\Ue\Common\function.php 第 105 行.
SQL: SELECT * FROM `think_category` WHERE ( catid=45 ) LIMIT 1   [ RunTime:0.0005s ]
NOTIC: [8] Use of undefined constant catid - assumed 'catid' E:\www\thinkp\Application\Runtime\Cache\Ue\0506db7323ed060f47824f98c0eae460.php 第 31 行.
SQL: SELECT * FROM `think_category` WHERE ( parentid=6 ) ORDER BY listorder  [ RunTime:0.0004s ]
NOTIC: [8] Undefined index: cid E:\www\thinkp\Application\Ue\Common\function.php 第 105 行.
SQL: SELECT * FROM `think_category` WHERE ( catid=51 ) LIMIT 1   [ RunTime:0.0003s ]
NOTIC: [8] Undefined index: cid E:\www\thinkp\Application\Ue\Common\function.php 第 105 行.
SQL: SELECT * FROM `think_category` WHERE ( catid=47 ) LIMIT 1   [ RunTime:0.0003s ]
NOTIC: [8] Undefined index: cid E:\www\thinkp\Application\Ue\Common\function.php 第 105 行.
SQL: SELECT * FROM `think_category` WHERE ( catid=53 ) LIMIT 1   [ RunTime:0.0003s ]
NOTIC: [8] Undefined index: cid E:\www\thinkp\Application\Ue\Common\function.php 第 105 行.
SQL: SELECT * FROM `think_category` WHERE ( catid=52 ) LIMIT 1   [ RunTime:0.0003s ]
NOTIC: [8] Undefined index: cid E:\www\thinkp\Application\Ue\Common\function.php 第 105 行.
SQL: SELECT * FROM `think_category` WHERE ( catid=55 ) LIMIT 1   [ RunTime:0.0004s ]
NOTIC: [8] Use of undefined constant catid - assumed 'catid' E:\www\thinkp\Application\Runtime\Cache\Ue\0506db7323ed060f47824f98c0eae460.php 第 31 行.
SQL: SELECT * FROM `think_category` WHERE ( parentid=4 ) ORDER BY listorder  [ RunTime:0.0005s ]
NOTIC: [8] Undefined index: cid E:\www\thinkp\Application\Ue\Common\function.php 第 105 行.
SQL: SELECT * FROM `think_category` WHERE ( catid=48 ) LIMIT 1   [ RunTime:0.0004s ]
NOTIC: [8] Undefined index: cid E:\www\thinkp\Application\Ue\Common\function.php 第 105 行.
SQL: SELECT * FROM `think_category` WHERE ( catid=50 ) LIMIT 1   [ RunTime:0.0003s ]
NOTIC: [8] Undefined index: cid E:\www\thinkp\Application\Ue\Common\function.php 第 105 行.
SQL: SELECT * FROM `think_category` WHERE ( catid=65 ) LIMIT 1   [ RunTime:0.0003s ]
NOTIC: [8] Undefined index: cid E:\www\thinkp\Application\Ue\Common\function.php 第 105 行.
SQL: SELECT * FROM `think_category` WHERE ( catid=66 ) LIMIT 1   [ RunTime:0.0003s ]
NOTIC: [8] Undefined index: cid E:\www\thinkp\Application\Ue\Common\function.php 第 105 行.
SQL: SELECT * FROM `think_category` WHERE ( catid=67 ) LIMIT 1   [ RunTime:0.0003s ]
NOTIC: [8] Undefined index: cid E:\www\thinkp\Application\Ue\Common\function.php 第 105 行.
SQL: SELECT * FROM `think_category` WHERE ( catid=68 ) LIMIT 1   [ RunTime:0.0003s ]
NOTIC: [8] Undefined index: cid E:\www\thinkp\Application\Ue\Common\function.php 第 105 行.
SQL: SELECT * FROM `think_category` WHERE ( catid=69 ) LIMIT 1   [ RunTime:0.0003s ]
NOTIC: [8] Undefined index: cid E:\www\thinkp\Application\Ue\Common\function.php 第 105 行.
SQL: SELECT * FROM `think_category` WHERE ( catid=70 ) LIMIT 1   [ RunTime:0.0003s ]
NOTIC: [8] Use of undefined constant catid - assumed 'catid' E:\www\thinkp\Application\Runtime\Cache\Ue\0506db7323ed060f47824f98c0eae460.php 第 31 行.
SQL: SELECT * FROM `think_category` WHERE ( parentid=54 ) ORDER BY listorder  [ RunTime:0.0003s ]
NOTIC: [8] Use of undefined constant catid - assumed 'catid' E:\www\thinkp\Application\Runtime\Cache\Ue\0506db7323ed060f47824f98c0eae460.php 第 31 行.
SQL: SELECT * FROM `think_category` WHERE ( parentid=7 ) ORDER BY listorder  [ RunTime:0.0003s ]
NOTIC: [8] Undefined index: cid E:\www\thinkp\Application\Ue\Common\function.php 第 105 行.
SQL: SELECT * FROM `think_category` WHERE ( catid=13 ) LIMIT 1   [ RunTime:0.0003s ]
NOTIC: [8] Undefined index: cid E:\www\thinkp\Application\Ue\Common\function.php 第 105 行.
SQL: SELECT * FROM `think_category` WHERE ( catid=14 ) LIMIT 1   [ RunTime:0.0010s ]
INFO: Run Behavior\ParseTemplateBehavior [ RunTime:0.039961s ]
INFO: [ view_parse ] --END-- [ RunTime:0.040085s ]
INFO: [ view_filter ] --START--
INFO: Run Behavior\WriteHtmlCacheBehavior [ RunTime:0.001985s ]
INFO: [ view_filter ] --END-- [ RunTime:0.002120s ]
INFO: [ app_end ] --START--
INFO: Run Behavior\ShowPageTraceBehavior [ RunTime:0.001896s ]
INFO: [ app_end ] --END-- [ RunTime:0.002033s ]

[ 2016-06-17T09:20:30+08:00 ] ::1 /thinkp/index.php/Ue/Ajax/getcontent/cid/66
INFO: [ app_init ] --START--
INFO: Run Behavior\BuildLiteBehavior [ RunTime:0.000027s ]
INFO: [ app_init ] --END-- [ RunTime:0.000615s ]
INFO: [ app_begin ] --START--
INFO: Run Behavior\ReadHtmlCacheBehavior [ RunTime:0.000960s ]
INFO: [ app_begin ] --END-- [ RunTime:0.001079s ]
SQL: SHOW COLUMNS FROM `think_sysconfig` [ RunTime:0.0064s ]
SQL: SELECT * FROM `think_sysconfig` WHERE ( varname='cfg_theme' ) LIMIT 1   [ RunTime:0.0022s ]
SQL: SELECT * FROM `think_sysconfig` WHERE ( varname='cfg_wap' ) LIMIT 1   [ RunTime:0.0009s ]
SQL: SHOW COLUMNS FROM `think_category` [ RunTime:0.0066s ]
SQL: SELECT * FROM `think_category` WHERE ( parentid=0 )  [ RunTime:0.0013s ]
NOTIC: [8] Use of undefined constant cid - assumed 'cid' E:\www\thinkp\Application\Ue\Controller\AjaxController.class.php 第 9 行.
NOTIC: [8] Use of undefined constant aid - assumed 'aid' E:\www\thinkp\Application\Ue\Controller\AjaxController.class.php 第 10 行.
NOTIC: [8] Undefined index: aid E:\www\thinkp\Application\Ue\Controller\AjaxController.class.php 第 10 行.
SQL: SHOW COLUMNS FROM `think_page` [ RunTime:0.0457s ]
SQL: SELECT * FROM `think_page` WHERE ( catid=66 ) LIMIT 1   [ RunTime:0.0096s ]
NOTIC: [8] Use of undefined constant content - assumed 'content' E:\www\thinkp\Application\Ue\Controller\AjaxController.class.php 第 14 行.
INFO: [ app_end ] --START--
INFO: Run Behavior\ShowPageTraceBehavior [ RunTime:0.001300s ]
INFO: [ app_end ] --END-- [ RunTime:0.001411s ]

[ 2016-06-17T09:20:37+08:00 ] ::1 /thinkp/index.php/Ue/Ajax/getcontent/cid/67
INFO: [ app_init ] --START--
INFO: Run Behavior\BuildLiteBehavior [ RunTime:0.000025s ]
INFO: [ app_init ] --END-- [ RunTime:0.000569s ]
INFO: [ app_begin ] --START--
INFO: Run Behavior\ReadHtmlCacheBehavior [ RunTime:0.001380s ]
INFO: [ app_begin ] --END-- [ RunTime:0.001537s ]
SQL: SHOW COLUMNS FROM `think_sysconfig` [ RunTime:0.0059s ]
SQL: SELECT * FROM `think_sysconfig` WHERE ( varname='cfg_theme' ) LIMIT 1   [ RunTime:0.0013s ]
SQL: SELECT * FROM `think_sysconfig` WHERE ( varname='cfg_wap' ) LIMIT 1   [ RunTime:0.0016s ]
SQL: SHOW COLUMNS FROM `think_category` [ RunTime:0.0075s ]
SQL: SELECT * FROM `think_category` WHERE ( parentid=0 )  [ RunTime:0.0010s ]
NOTIC: [8] Use of undefined constant cid - assumed 'cid' E:\www\thinkp\Application\Ue\Controller\AjaxController.class.php 第 9 行.
NOTIC: [8] Use of undefined constant aid - assumed 'aid' E:\www\thinkp\Application\Ue\Controller\AjaxController.class.php 第 10 行.
NOTIC: [8] Undefined index: aid E:\www\thinkp\Application\Ue\Controller\AjaxController.class.php 第 10 行.
SQL: SHOW COLUMNS FROM `think_page` [ RunTime:0.0056s ]
SQL: SELECT * FROM `think_page` WHERE ( catid=67 ) LIMIT 1   [ RunTime:0.0014s ]
NOTIC: [8] Use of undefined constant content - assumed 'content' E:\www\thinkp\Application\Ue\Controller\AjaxController.class.php 第 14 行.
INFO: [ app_end ] --START--
INFO: Run Behavior\ShowPageTraceBehavior [ RunTime:0.001258s ]
INFO: [ app_end ] --END-- [ RunTime:0.001395s ]

[ 2016-06-17T09:21:59+08:00 ] ::1 /thinkp/
INFO: [ app_init ] --START--
INFO: Run Behavior\BuildLiteBehavior [ RunTime:0.000023s ]
INFO: [ app_init ] --END-- [ RunTime:0.000770s ]
INFO: [ app_begin ] --START--
INFO: Run Behavior\ReadHtmlCacheBehavior [ RunTime:0.001667s ]
INFO: [ app_begin ] --END-- [ RunTime:0.001773s ]
SQL: SHOW COLUMNS FROM `think_sysconfig` [ RunTime:0.0050s ]
SQL: SELECT * FROM `think_sysconfig` WHERE ( varname='cfg_theme' ) LIMIT 1   [ RunTime:0.0005s ]
SQL: SELECT * FROM `think_sysconfig` WHERE ( varname='cfg_wap' ) LIMIT 1   [ RunTime:0.0003s ]
SQL: SHOW COLUMNS FROM `think_category` [ RunTime:0.0050s ]
SQL: SELECT * FROM `think_category` WHERE ( parentid=0 )  [ RunTime:0.0007s ]
INFO: [ view_parse ] --START--
INFO: [ template_filter ] --START--
INFO: Run Behavior\ContentReplaceBehavior [ RunTime:0.000086s ]
INFO: [ template_filter ] --END-- [ RunTime:0.000188s ]
NOTIC: [8] Undefined index: cid E:\www\thinkp\Application\Ue\Common\function.php 第 32 行.
NOTIC: [8] Undefined index: aid E:\www\thinkp\Application\Ue\Common\function.php 第 33 行.
SQL: SELECT * FROM `think_sysconfig` WHERE ( varname='cfg_description' ) LIMIT 1   [ RunTime:0.0006s ]
NOTIC: [8] Undefined index: cid E:\www\thinkp\Application\Ue\Common\function.php 第 32 行.
NOTIC: [8] Undefined index: aid E:\www\thinkp\Application\Ue\Common\function.php 第 33 行.
SQL: SELECT * FROM `think_sysconfig` WHERE ( varname='cfg_keywords' ) LIMIT 1   [ RunTime:0.0005s ]
NOTIC: [8] Use of undefined constant cfg_webname - assumed 'cfg_webname' E:\www\thinkp\Application\Runtime\Cache\Ue\0506db7323ed060f47824f98c0eae460.php 第 12 行.
SQL: SELECT * FROM `think_sysconfig` WHERE ( varname='cfg_webname' ) LIMIT 1   [ RunTime:0.0002s ]
NOTIC: [2] Missing argument 2 for getcategory(), called in E:\www\thinkp\Application\Runtime\Cache\Ue\0506db7323ed060f47824f98c0eae460.php on line 21 and defined E:\www\thinkp\Application\Ue\Common\function.php 第 79 行.
SQL: SELECT * FROM `think_category` WHERE ( parentid=0 ) ORDER BY listorder  [ RunTime:0.0005s ]
NOTIC: [8] Undefined index: cid E:\www\thinkp\Application\Ue\Common\function.php 第 105 行.
SQL: SELECT * FROM `think_category` WHERE ( catid=1 ) LIMIT 1   [ RunTime:0.0003s ]
NOTIC: [8] Undefined index: cid E:\www\thinkp\Application\Ue\Common\function.php 第 105 行.
SQL: SELECT * FROM `think_category` WHERE ( catid=6 ) LIMIT 1   [ RunTime:0.0003s ]
NOTIC: [8] Undefined index: cid E:\www\thinkp\Application\Ue\Common\function.php 第 105 行.
SQL: SELECT * FROM `think_category` WHERE ( catid=4 ) LIMIT 1   [ RunTime:0.0003s ]
NOTIC: [8] Undefined index: cid E:\www\thinkp\Application\Ue\Common\function.php 第 105 行.
SQL: SELECT * FROM `think_category` WHERE ( catid=54 ) LIMIT 1   [ RunTime:0.0003s ]
NOTIC: [8] Undefined index: cid E:\www\thinkp\Application\Ue\Common\function.php 第 105 行.
SQL: SELECT * FROM `think_category` WHERE ( catid=7 ) LIMIT 1   [ RunTime:0.0003s ]
NOTIC: [2] Missing argument 2 for getcategory(), called in E:\www\thinkp\Application\Runtime\Cache\Ue\0506db7323ed060f47824f98c0eae460.php on line 28 and defined E:\www\thinkp\Application\Ue\Common\function.php 第 79 行.
SQL: SELECT * FROM `think_category` WHERE ( parentid=0 ) ORDER BY listorder  [ RunTime:0.0004s ]
NOTIC: [8] Undefined index: cid E:\www\thinkp\Application\Ue\Common\function.php 第 105 行.
SQL: SELECT * FROM `think_category` WHERE ( catid=1 ) LIMIT 1   [ RunTime:0.0003s ]
NOTIC: [8] Undefined index: cid E:\www\thinkp\Application\Ue\Common\function.php 第 105 行.
SQL: SELECT * FROM `think_category` WHERE ( catid=6 ) LIMIT 1   [ RunTime:0.0003s ]
NOTIC: [8] Undefined index: cid E:\www\thinkp\Application\Ue\Common\function.php 第 105 行.
SQL: SELECT * FROM `think_category` WHERE ( catid=4 ) LIMIT 1   [ RunTime:0.0003s ]
NOTIC: [8] Undefined index: cid E:\www\thinkp\Application\Ue\Common\function.php 第 105 行.
SQL: SELECT * FROM `think_category` WHERE ( catid=54 ) LIMIT 1   [ RunTime:0.0003s ]
NOTIC: [8] Undefined index: cid E:\www\thinkp\Application\Ue\Common\function.php 第 105 行.
SQL: SELECT * FROM `think_category` WHERE ( catid=7 ) LIMIT 1   [ RunTime:0.0003s ]
NOTIC: [8] Use of undefined constant catid - assumed 'catid' E:\www\thinkp\Application\Runtime\Cache\Ue\0506db7323ed060f47824f98c0eae460.php 第 31 行.
SQL: SELECT * FROM `think_category` WHERE ( parentid=1 ) ORDER BY listorder  [ RunTime:0.0004s ]
NOTIC: [8] Undefined index: cid E:\www\thinkp\Application\Ue\Common\function.php 第 105 行.
SQL: SELECT * FROM `think_category` WHERE ( catid=64 ) LIMIT 1   [ RunTime:0.0003s ]
NOTIC: [8] Undefined index: cid E:\www\thinkp\Application\Ue\Common\function.php 第 105 行.
SQL: SELECT * FROM `think_category` WHERE ( catid=34 ) LIMIT 1   [ RunTime:0.0003s ]
NOTIC: [8] Undefined index: cid E:\www\thinkp\Application\Ue\Common\function.php 第 105 行.
SQL: SELECT * FROM `think_category` WHERE ( catid=39 ) LIMIT 1   [ RunTime:0.0004s ]
NOTIC: [8] Undefined index: cid E:\www\thinkp\Application\Ue\Common\function.php 第 105 行.
SQL: SELECT * FROM `think_category` WHERE ( catid=45 ) LIMIT 1   [ RunTime:0.0003s ]
NOTIC: [8] Use of undefined constant catid - assumed 'catid' E:\www\thinkp\Application\Runtime\Cache\Ue\0506db7323ed060f47824f98c0eae460.php 第 31 行.
SQL: SELECT * FROM `think_category` WHERE ( parentid=6 ) ORDER BY listorder  [ RunTime:0.0004s ]
NOTIC: [8] Undefined index: cid E:\www\thinkp\Application\Ue\Common\function.php 第 105 行.
SQL: SELECT * FROM `think_category` WHERE ( catid=51 ) LIMIT 1   [ RunTime:0.0003s ]
NOTIC: [8] Undefined index: cid E:\www\thinkp\Application\Ue\Common\function.php 第 105 行.
SQL: SELECT * FROM `think_category` WHERE ( catid=47 ) LIMIT 1   [ RunTime:0.0003s ]
NOTIC: [8] Undefined index: cid E:\www\thinkp\Application\Ue\Common\function.php 第 105 行.
SQL: SELECT * FROM `think_category` WHERE ( catid=53 ) LIMIT 1   [ RunTime:0.0003s ]
NOTIC: [8] Undefined index: cid E:\www\thinkp\Application\Ue\Common\function.php 第 105 行.
SQL: SELECT * FROM `think_category` WHERE ( catid=52 ) LIMIT 1   [ RunTime:0.0003s ]
NOTIC: [8] Undefined index: cid E:\www\thinkp\Application\Ue\Common\function.php 第 105 行.
SQL: SELECT * FROM `think_category` WHERE ( catid=55 ) LIMIT 1   [ RunTime:0.0008s ]
NOTIC: [8] Use of undefined constant catid - assumed 'catid' E:\www\thinkp\Application\Runtime\Cache\Ue\0506db7323ed060f47824f98c0eae460.php 第 31 行.
SQL: SELECT * FROM `think_category` WHERE ( parentid=4 ) ORDER BY listorder  [ RunTime:0.0010s ]
NOTIC: [8] Undefined index: cid E:\www\thinkp\Application\Ue\Common\function.php 第 105 行.
SQL: SELECT * FROM `think_category` WHERE ( catid=48 ) LIMIT 1   [ RunTime:0.0004s ]
NOTIC: [8] Undefined index: cid E:\www\thinkp\Application\Ue\Common\function.php 第 105 行.
SQL: SELECT * FROM `think_category` WHERE ( catid=50 ) LIMIT 1   [ RunTime:0.0003s ]
NOTIC: [8] Undefined index: cid E:\www\thinkp\Application\Ue\Common\function.php 第 105 行.
SQL: SELECT * FROM `think_category` WHERE ( catid=65 ) LIMIT 1   [ RunTime:0.0003s ]
NOTIC: [8] Undefined index: cid E:\www\thinkp\Application\Ue\Common\function.php 第 105 行.
SQL: SELECT * FROM `think_category` WHERE ( catid=66 ) LIMIT 1   [ RunTime:0.0003s ]
NOTIC: [8] Undefined index: cid E:\www\thinkp\Application\Ue\Common\function.php 第 105 行.
SQL: SELECT * FROM `think_category` WHERE ( catid=67 ) LIMIT 1   [ RunTime:0.0005s ]
NOTIC: [8] Undefined index: cid E:\www\thinkp\Application\Ue\Common\function.php 第 105 行.
SQL: SELECT * FROM `think_category` WHERE ( catid=68 ) LIMIT 1   [ RunTime:0.0005s ]
NOTIC: [8] Undefined index: cid E:\www\thinkp\Application\Ue\Common\function.php 第 105 行.
SQL: SELECT * FROM `think_category` WHERE ( catid=69 ) LIMIT 1   [ RunTime:0.0003s ]
NOTIC: [8] Undefined index: cid E:\www\thinkp\Application\Ue\Common\function.php 第 105 行.
SQL: SELECT * FROM `think_category` WHERE ( catid=70 ) LIMIT 1   [ RunTime:0.0003s ]
NOTIC: [8] Use of undefined constant catid - assumed 'catid' E:\www\thinkp\Application\Runtime\Cache\Ue\0506db7323ed060f47824f98c0eae460.php 第 31 行.
SQL: SELECT * FROM `think_category` WHERE ( parentid=54 ) ORDER BY listorder  [ RunTime:0.0003s ]
NOTIC: [8] Use of undefined constant catid - assumed 'catid' E:\www\thinkp\Application\Runtime\Cache\Ue\0506db7323ed060f47824f98c0eae460.php 第 31 行.
SQL: SELECT * FROM `think_category` WHERE ( parentid=7 ) ORDER BY listorder  [ RunTime:0.0005s ]
NOTIC: [8] Undefined index: cid E:\www\thinkp\Application\Ue\Common\function.php 第 105 行.
SQL: SELECT * FROM `think_category` WHERE ( catid=13 ) LIMIT 1   [ RunTime:0.0013s ]
NOTIC: [8] Undefined index: cid E:\www\thinkp\Application\Ue\Common\function.php 第 105 行.
SQL: SELECT * FROM `think_category` WHERE ( catid=14 ) LIMIT 1   [ RunTime:0.0008s ]
INFO: Run Behavior\ParseTemplateBehavior [ RunTime:0.046123s ]
INFO: [ view_parse ] --END-- [ RunTime:0.046204s ]
INFO: [ view_filter ] --START--
INFO: Run Behavior\WriteHtmlCacheBehavior [ RunTime:0.002178s ]
INFO: [ view_filter ] --END-- [ RunTime:0.002293s ]
INFO: [ app_end ] --START--
INFO: Run Behavior\ShowPageTraceBehavior [ RunTime:0.009894s ]
INFO: [ app_end ] --END-- [ RunTime:0.010010s ]

[ 2016-06-17T11:49:54+08:00 ] ::1 /thinkp/
INFO: [ app_init ] --START--
INFO: Run Behavior\BuildLiteBehavior [ RunTime:0.000026s ]
INFO: [ app_init ] --END-- [ RunTime:0.000586s ]
INFO: [ app_begin ] --START--
INFO: Run Behavior\ReadHtmlCacheBehavior [ RunTime:0.001237s ]
INFO: [ app_begin ] --END-- [ RunTime:0.001374s ]
SQL: SHOW COLUMNS FROM `think_sysconfig` [ RunTime:0.0047s ]
SQL: SELECT * FROM `think_sysconfig` WHERE ( varname='cfg_theme' ) LIMIT 1   [ RunTime:0.0010s ]
SQL: SELECT * FROM `think_sysconfig` WHERE ( varname='cfg_wap' ) LIMIT 1   [ RunTime:0.0007s ]
SQL: SHOW COLUMNS FROM `think_category` [ RunTime:0.0061s ]
SQL: SELECT * FROM `think_category` WHERE ( parentid=0 )  [ RunTime:0.0008s ]
INFO: [ view_parse ] --START--
INFO: [ template_filter ] --START--
INFO: Run Behavior\ContentReplaceBehavior [ RunTime:0.000083s ]
INFO: [ template_filter ] --END-- [ RunTime:0.000176s ]
NOTIC: [8] Undefined index: cid E:\www\thinkp\Application\Ue\Common\function.php 第 32 行.
NOTIC: [8] Undefined index: aid E:\www\thinkp\Application\Ue\Common\function.php 第 33 行.
SQL: SELECT * FROM `think_sysconfig` WHERE ( varname='cfg_description' ) LIMIT 1   [ RunTime:0.0007s ]
NOTIC: [8] Undefined index: cid E:\www\thinkp\Application\Ue\Common\function.php 第 32 行.
NOTIC: [8] Undefined index: aid E:\www\thinkp\Application\Ue\Common\function.php 第 33 行.
SQL: SELECT * FROM `think_sysconfig` WHERE ( varname='cfg_keywords' ) LIMIT 1   [ RunTime:0.0003s ]
NOTIC: [8] Use of undefined constant cfg_webname - assumed 'cfg_webname' E:\www\thinkp\Application\Runtime\Cache\Ue\0506db7323ed060f47824f98c0eae460.php 第 12 行.
SQL: SELECT * FROM `think_sysconfig` WHERE ( varname='cfg_webname' ) LIMIT 1   [ RunTime:0.0003s ]
NOTIC: [2] Missing argument 2 for getcategory(), called in E:\www\thinkp\Application\Runtime\Cache\Ue\0506db7323ed060f47824f98c0eae460.php on line 21 and defined E:\www\thinkp\Application\Ue\Common\function.php 第 79 行.
SQL: SELECT * FROM `think_category` WHERE ( parentid=0 ) ORDER BY listorder  [ RunTime:0.0006s ]
NOTIC: [8] Undefined index: cid E:\www\thinkp\Application\Ue\Common\function.php 第 105 行.
SQL: SELECT * FROM `think_category` WHERE ( catid=1 ) LIMIT 1   [ RunTime:0.0008s ]
NOTIC: [8] Undefined index: cid E:\www\thinkp\Application\Ue\Common\function.php 第 105 行.
SQL: SELECT * FROM `think_category` WHERE ( catid=6 ) LIMIT 1   [ RunTime:0.0010s ]
NOTIC: [8] Undefined index: cid E:\www\thinkp\Application\Ue\Common\function.php 第 105 行.
SQL: SELECT * FROM `think_category` WHERE ( catid=4 ) LIMIT 1   [ RunTime:0.0007s ]
NOTIC: [8] Undefined index: cid E:\www\thinkp\Application\Ue\Common\function.php 第 105 行.
SQL: SELECT * FROM `think_category` WHERE ( catid=54 ) LIMIT 1   [ RunTime:0.0007s ]
NOTIC: [8] Undefined index: cid E:\www\thinkp\Application\Ue\Common\function.php 第 105 行.
SQL: SELECT * FROM `think_category` WHERE ( catid=7 ) LIMIT 1   [ RunTime:0.0006s ]
NOTIC: [2] Missing argument 2 for getcategory(), called in E:\www\thinkp\Application\Runtime\Cache\Ue\0506db7323ed060f47824f98c0eae460.php on line 28 and defined E:\www\thinkp\Application\Ue\Common\function.php 第 79 行.
SQL: SELECT * FROM `think_category` WHERE ( parentid=0 ) ORDER BY listorder  [ RunTime:0.0010s ]
NOTIC: [8] Undefined index: cid E:\www\thinkp\Application\Ue\Common\function.php 第 105 行.
SQL: SELECT * FROM `think_category` WHERE ( catid=1 ) LIMIT 1   [ RunTime:0.0006s ]
NOTIC: [8] Undefined index: cid E:\www\thinkp\Application\Ue\Common\function.php 第 105 行.
SQL: SELECT * FROM `think_category` WHERE ( catid=6 ) LIMIT 1   [ RunTime:0.0004s ]
NOTIC: [8] Undefined index: cid E:\www\thinkp\Application\Ue\Common\function.php 第 105 行.
SQL: SELECT * FROM `think_category` WHERE ( catid=4 ) LIMIT 1   [ RunTime:0.0006s ]
NOTIC: [8] Undefined index: cid E:\www\thinkp\Application\Ue\Common\function.php 第 105 行.
SQL: SELECT * FROM `think_category` WHERE ( catid=54 ) LIMIT 1   [ RunTime:0.0008s ]
NOTIC: [8] Undefined index: cid E:\www\thinkp\Application\Ue\Common\function.php 第 105 行.
SQL: SELECT * FROM `think_category` WHERE ( catid=7 ) LIMIT 1   [ RunTime:0.0007s ]
NOTIC: [8] Use of undefined constant catid - assumed 'catid' E:\www\thinkp\Application\Runtime\Cache\Ue\0506db7323ed060f47824f98c0eae460.php 第 31 行.
SQL: SELECT * FROM `think_category` WHERE ( parentid=1 ) ORDER BY listorder  [ RunTime:0.0007s ]
NOTIC: [8] Undefined index: cid E:\www\thinkp\Application\Ue\Common\function.php 第 105 行.
SQL: SELECT * FROM `think_category` WHERE ( catid=64 ) LIMIT 1   [ RunTime:0.0004s ]
NOTIC: [8] Undefined index: cid E:\www\thinkp\Application\Ue\Common\function.php 第 105 行.
SQL: SELECT * FROM `think_category` WHERE ( catid=34 ) LIMIT 1   [ RunTime:0.0007s ]
NOTIC: [8] Undefined index: cid E:\www\thinkp\Application\Ue\Common\function.php 第 105 行.
SQL: SELECT * FROM `think_category` WHERE ( catid=39 ) LIMIT 1   [ RunTime:0.0007s ]
NOTIC: [8] Undefined index: cid E:\www\thinkp\Application\Ue\Common\function.php 第 105 行.
SQL: SELECT * FROM `think_category` WHERE ( catid=45 ) LIMIT 1   [ RunTime:0.0007s ]
NOTIC: [8] Use of undefined constant catid - assumed 'catid' E:\www\thinkp\Application\Runtime\Cache\Ue\0506db7323ed060f47824f98c0eae460.php 第 31 行.
SQL: SELECT * FROM `think_category` WHERE ( parentid=6 ) ORDER BY listorder  [ RunTime:0.0008s ]
NOTIC: [8] Undefined index: cid E:\www\thinkp\Application\Ue\Common\function.php 第 105 行.
SQL: SELECT * FROM `think_category` WHERE ( catid=51 ) LIMIT 1   [ RunTime:0.0009s ]
NOTIC: [8] Undefined index: cid E:\www\thinkp\Application\Ue\Common\function.php 第 105 行.
SQL: SELECT * FROM `think_category` WHERE ( catid=47 ) LIMIT 1   [ RunTime:0.0007s ]
NOTIC: [8] Undefined index: cid E:\www\thinkp\Application\Ue\Common\function.php 第 105 行.
SQL: SELECT * FROM `think_category` WHERE ( catid=53 ) LIMIT 1   [ RunTime:0.0007s ]
NOTIC: [8] Undefined index: cid E:\www\thinkp\Application\Ue\Common\function.php 第 105 行.
SQL: SELECT * FROM `think_category` WHERE ( catid=52 ) LIMIT 1   [ RunTime:0.0007s ]
NOTIC: [8] Undefined index: cid E:\www\thinkp\Application\Ue\Common\function.php 第 105 行.
SQL: SELECT * FROM `think_category` WHERE ( catid=55 ) LIMIT 1   [ RunTime:0.0007s ]
NOTIC: [8] Use of undefined constant catid - assumed 'catid' E:\www\thinkp\Application\Runtime\Cache\Ue\0506db7323ed060f47824f98c0eae460.php 第 31 行.
SQL: SELECT * FROM `think_category` WHERE ( parentid=4 ) ORDER BY listorder  [ RunTime:0.0010s ]
NOTIC: [8] Undefined index: cid E:\www\thinkp\Application\Ue\Common\function.php 第 105 行.
SQL: SELECT * FROM `think_category` WHERE ( catid=48 ) LIMIT 1   [ RunTime:0.0010s ]
NOTIC: [8] Undefined index: cid E:\www\thinkp\Application\Ue\Common\function.php 第 105 行.
SQL: SELECT * FROM `think_category` WHERE ( catid=50 ) LIMIT 1   [ RunTime:0.0009s ]
NOTIC: [8] Undefined index: cid E:\www\thinkp\Application\Ue\Common\function.php 第 105 行.
SQL: SELECT * FROM `think_category` WHERE ( catid=65 ) LIMIT 1   [ RunTime:0.0009s ]
NOTIC: [8] Undefined index: cid E:\www\thinkp\Application\Ue\Common\function.php 第 105 行.
SQL: SELECT * FROM `think_category` WHERE ( catid=66 ) LIMIT 1   [ RunTime:0.0008s ]
NOTIC: [8] Undefined index: cid E:\www\thinkp\Application\Ue\Common\function.php 第 105 行.
SQL: SELECT * FROM `think_category` WHERE ( catid=67 ) LIMIT 1   [ RunTime:0.0007s ]
NOTIC: [8] Undefined index: cid E:\www\thinkp\Application\Ue\Common\function.php 第 105 行.
SQL: SELECT * FROM `think_category` WHERE ( catid=68 ) LIMIT 1   [ RunTime:0.0005s ]
NOTIC: [8] Undefined index: cid E:\www\thinkp\Application\Ue\Common\function.php 第 105 行.
SQL: SELECT * FROM `think_category` WHERE ( catid=69 ) LIMIT 1   [ RunTime:0.0004s ]
NOTIC: [8] Undefined index: cid E:\www\thinkp\Application\Ue\Common\function.php 第 105 行.
SQL: SELECT * FROM `think_category` WHERE ( catid=70 ) LIMIT 1   [ RunTime:0.0004s ]
NOTIC: [8] Use of undefined constant catid - assumed 'catid' E:\www\thinkp\Application\Runtime\Cache\Ue\0506db7323ed060f47824f98c0eae460.php 第 31 行.
SQL: SELECT * FROM `think_category` WHERE ( parentid=54 ) ORDER BY listorder  [ RunTime:0.0004s ]
NOTIC: [8] Use of undefined constant catid - assumed 'catid' E:\www\thinkp\Application\Runtime\Cache\Ue\0506db7323ed060f47824f98c0eae460.php 第 31 行.
SQL: SELECT * FROM `think_category` WHERE ( parentid=7 ) ORDER BY listorder  [ RunTime:0.0006s ]
NOTIC: [8] Undefined index: cid E:\www\thinkp\Application\Ue\Common\function.php 第 105 行.
SQL: SELECT * FROM `think_category` WHERE ( catid=13 ) LIMIT 1   [ RunTime:0.0004s ]
NOTIC: [8] Undefined index: cid E:\www\thinkp\Application\Ue\Common\function.php 第 105 行.
SQL: SELECT * FROM `think_category` WHERE ( catid=14 ) LIMIT 1   [ RunTime:0.0004s ]
INFO: Run Behavior\ParseTemplateBehavior [ RunTime:0.056805s ]
INFO: [ view_parse ] --END-- [ RunTime:0.056906s ]
INFO: [ view_filter ] --START--
INFO: Run Behavior\WriteHtmlCacheBehavior [ RunTime:0.000921s ]
INFO: [ view_filter ] --END-- [ RunTime:0.001005s ]
INFO: [ app_end ] --START--
INFO: Run Behavior\ShowPageTraceBehavior [ RunTime:0.001312s ]
INFO: [ app_end ] --END-- [ RunTime:0.001429s ]

[ 2016-06-17T11:49:56+08:00 ] ::1 /thinkp/index.php/Ue/Ajax/getcontent/cid/67
INFO: [ app_init ] --START--
INFO: Run Behavior\BuildLiteBehavior [ RunTime:0.000064s ]
INFO: [ app_init ] --END-- [ RunTime:0.001057s ]
INFO: [ app_begin ] --START--
INFO: Run Behavior\ReadHtmlCacheBehavior [ RunTime:0.001293s ]
INFO: [ app_begin ] --END-- [ RunTime:0.001427s ]
SQL: SHOW COLUMNS FROM `think_sysconfig` [ RunTime:0.0048s ]
SQL: SELECT * FROM `think_sysconfig` WHERE ( varname='cfg_theme' ) LIMIT 1   [ RunTime:0.0007s ]
SQL: SELECT * FROM `think_sysconfig` WHERE ( varname='cfg_wap' ) LIMIT 1   [ RunTime:0.0008s ]
SQL: SHOW COLUMNS FROM `think_category` [ RunTime:0.0062s ]
SQL: SELECT * FROM `think_category` WHERE ( parentid=0 )  [ RunTime:0.0011s ]
NOTIC: [8] Use of undefined constant cid - assumed 'cid' E:\www\thinkp\Application\Ue\Controller\AjaxController.class.php 第 9 行.
NOTIC: [8] Use of undefined constant aid - assumed 'aid' E:\www\thinkp\Application\Ue\Controller\AjaxController.class.php 第 10 行.
NOTIC: [8] Undefined index: aid E:\www\thinkp\Application\Ue\Controller\AjaxController.class.php 第 10 行.
SQL: SHOW COLUMNS FROM `think_page` [ RunTime:0.0052s ]
SQL: SELECT * FROM `think_page` WHERE ( catid=67 ) LIMIT 1   [ RunTime:0.0008s ]
NOTIC: [8] Use of undefined constant content - assumed 'content' E:\www\thinkp\Application\Ue\Controller\AjaxController.class.php 第 14 行.
INFO: [ app_end ] --START--
INFO: Run Behavior\ShowPageTraceBehavior [ RunTime:0.001371s ]
INFO: [ app_end ] --END-- [ RunTime:0.001626s ]

[ 2016-06-17T11:50:05+08:00 ] ::1 /thinkp/index.php/Ue/Ajax/getcontent/cid/66
INFO: [ app_init ] --START--
INFO: Run Behavior\BuildLiteBehavior [ RunTime:0.000025s ]
INFO: [ app_init ] --END-- [ RunTime:0.000698s ]
INFO: [ app_begin ] --START--
INFO: Run Behavior\ReadHtmlCacheBehavior [ RunTime:0.001273s ]
INFO: [ app_begin ] --END-- [ RunTime:0.001412s ]
SQL: SHOW COLUMNS FROM `think_sysconfig` [ RunTime:0.0052s ]
SQL: SELECT * FROM `think_sysconfig` WHERE ( varname='cfg_theme' ) LIMIT 1   [ RunTime:0.0034s ]
SQL: SELECT * FROM `think_sysconfig` WHERE ( varname='cfg_wap' ) LIMIT 1   [ RunTime:0.0011s ]
SQL: SHOW COLUMNS FROM `think_category` [ RunTime:0.0066s ]
SQL: SELECT * FROM `think_category` WHERE ( parentid=0 )  [ RunTime:0.0018s ]
NOTIC: [8] Use of undefined constant cid - assumed 'cid' E:\www\thinkp\Application\Ue\Controller\AjaxController.class.php 第 9 行.
NOTIC: [8] Use of undefined constant aid - assumed 'aid' E:\www\thinkp\Application\Ue\Controller\AjaxController.class.php 第 10 行.
NOTIC: [8] Undefined index: aid E:\www\thinkp\Application\Ue\Controller\AjaxController.class.php 第 10 行.
SQL: SHOW COLUMNS FROM `think_page` [ RunTime:0.0058s ]
SQL: SELECT * FROM `think_page` WHERE ( catid=66 ) LIMIT 1   [ RunTime:0.0009s ]
NOTIC: [8] Use of undefined constant content - assumed 'content' E:\www\thinkp\Application\Ue\Controller\AjaxController.class.php 第 14 行.
INFO: [ app_end ] --START--
INFO: Run Behavior\ShowPageTraceBehavior [ RunTime:0.001421s ]
INFO: [ app_end ] --END-- [ RunTime:0.001543s ]

[ 2016-06-17T15:16:05+08:00 ] ::1 /thinkp/
INFO: [ app_init ] --START--
INFO: Run Behavior\BuildLiteBehavior [ RunTime:0.000032s ]
INFO: [ app_init ] --END-- [ RunTime:0.000895s ]
INFO: [ app_begin ] --START--
INFO: Run Behavior\ReadHtmlCacheBehavior [ RunTime:0.001114s ]
INFO: [ app_begin ] --END-- [ RunTime:0.001245s ]
SQL: SHOW COLUMNS FROM `think_sysconfig` [ RunTime:0.0070s ]
SQL: SELECT * FROM `think_sysconfig` WHERE ( varname='cfg_theme' ) LIMIT 1   [ RunTime:0.0008s ]
SQL: SELECT * FROM `think_sysconfig` WHERE ( varname='cfg_wap' ) LIMIT 1   [ RunTime:0.0005s ]
SQL: SHOW COLUMNS FROM `think_category` [ RunTime:0.0060s ]
SQL: SELECT * FROM `think_category` WHERE ( parentid=0 )  [ RunTime:0.0008s ]
INFO: [ view_parse ] --START--
INFO: [ template_filter ] --START--
INFO: Run Behavior\ContentReplaceBehavior [ RunTime:0.000082s ]
INFO: [ template_filter ] --END-- [ RunTime:0.000177s ]
NOTIC: [8] Undefined index: cid E:\www\thinkp\Application\Ue\Common\function.php 第 32 行.
NOTIC: [8] Undefined index: aid E:\www\thinkp\Application\Ue\Common\function.php 第 33 行.
SQL: SELECT * FROM `think_sysconfig` WHERE ( varname='cfg_description' ) LIMIT 1   [ RunTime:0.0006s ]
NOTIC: [8] Undefined index: cid E:\www\thinkp\Application\Ue\Common\function.php 第 32 行.
NOTIC: [8] Undefined index: aid E:\www\thinkp\Application\Ue\Common\function.php 第 33 行.
SQL: SELECT * FROM `think_sysconfig` WHERE ( varname='cfg_keywords' ) LIMIT 1   [ RunTime:0.0005s ]
NOTIC: [8] Use of undefined constant cfg_webname - assumed 'cfg_webname' E:\www\thinkp\Application\Runtime\Cache\Ue\0506db7323ed060f47824f98c0eae460.php 第 12 行.
SQL: SELECT * FROM `think_sysconfig` WHERE ( varname='cfg_webname' ) LIMIT 1   [ RunTime:0.0019s ]
NOTIC: [2] Missing argument 2 for getcategory(), called in E:\www\thinkp\Application\Runtime\Cache\Ue\0506db7323ed060f47824f98c0eae460.php on line 21 and defined E:\www\thinkp\Application\Ue\Common\function.php 第 79 行.
SQL: SELECT * FROM `think_category` WHERE ( parentid=0 ) ORDER BY listorder  [ RunTime:0.0009s ]
NOTIC: [8] Undefined index: cid E:\www\thinkp\Application\Ue\Common\function.php 第 105 行.
SQL: SELECT * FROM `think_category` WHERE ( catid=1 ) LIMIT 1   [ RunTime:0.0008s ]
NOTIC: [8] Undefined index: cid E:\www\thinkp\Application\Ue\Common\function.php 第 105 行.
SQL: SELECT * FROM `think_category` WHERE ( catid=6 ) LIMIT 1   [ RunTime:0.0008s ]
NOTIC: [8] Undefined index: cid E:\www\thinkp\Application\Ue\Common\function.php 第 105 行.
SQL: SELECT * FROM `think_category` WHERE ( catid=4 ) LIMIT 1   [ RunTime:0.0006s ]
NOTIC: [8] Undefined index: cid E:\www\thinkp\Application\Ue\Common\function.php 第 105 行.
SQL: SELECT * FROM `think_category` WHERE ( catid=54 ) LIMIT 1   [ RunTime:0.0008s ]
NOTIC: [8] Undefined index: cid E:\www\thinkp\Application\Ue\Common\function.php 第 105 行.
SQL: SELECT * FROM `think_category` WHERE ( catid=7 ) LIMIT 1   [ RunTime:0.0007s ]
NOTIC: [2] Missing argument 2 for getcategory(), called in E:\www\thinkp\Application\Runtime\Cache\Ue\0506db7323ed060f47824f98c0eae460.php on line 28 and defined E:\www\thinkp\Application\Ue\Common\function.php 第 79 行.
SQL: SELECT * FROM `think_category` WHERE ( parentid=0 ) ORDER BY listorder  [ RunTime:0.0007s ]
NOTIC: [8] Undefined index: cid E:\www\thinkp\Application\Ue\Common\function.php 第 105 行.
SQL: SELECT * FROM `think_category` WHERE ( catid=1 ) LIMIT 1   [ RunTime:0.0004s ]
NOTIC: [8] Undefined index: cid E:\www\thinkp\Application\Ue\Common\function.php 第 105 行.
SQL: SELECT * FROM `think_category` WHERE ( catid=6 ) LIMIT 1   [ RunTime:0.0003s ]
NOTIC: [8] Undefined index: cid E:\www\thinkp\Application\Ue\Common\function.php 第 105 行.
SQL: SELECT * FROM `think_category` WHERE ( catid=4 ) LIMIT 1   [ RunTime:0.0003s ]
NOTIC: [8] Undefined index: cid E:\www\thinkp\Application\Ue\Common\function.php 第 105 行.
SQL: SELECT * FROM `think_category` WHERE ( catid=54 ) LIMIT 1   [ RunTime:0.0003s ]
NOTIC: [8] Undefined index: cid E:\www\thinkp\Application\Ue\Common\function.php 第 105 行.
SQL: SELECT * FROM `think_category` WHERE ( catid=7 ) LIMIT 1   [ RunTime:0.0003s ]
NOTIC: [8] Use of undefined constant catid - assumed 'catid' E:\www\thinkp\Application\Runtime\Cache\Ue\0506db7323ed060f47824f98c0eae460.php 第 31 行.
SQL: SELECT * FROM `think_category` WHERE ( parentid=1 ) ORDER BY listorder  [ RunTime:0.0008s ]
NOTIC: [8] Undefined index: cid E:\www\thinkp\Application\Ue\Common\function.php 第 105 行.
SQL: SELECT * FROM `think_category` WHERE ( catid=64 ) LIMIT 1   [ RunTime:0.0005s ]
NOTIC: [8] Undefined index: cid E:\www\thinkp\Application\Ue\Common\function.php 第 105 行.
SQL: SELECT * FROM `think_category` WHERE ( catid=34 ) LIMIT 1   [ RunTime:0.0006s ]
NOTIC: [8] Undefined index: cid E:\www\thinkp\Application\Ue\Common\function.php 第 105 行.
SQL: SELECT * FROM `think_category` WHERE ( catid=39 ) LIMIT 1   [ RunTime:0.0006s ]
NOTIC: [8] Undefined index: cid E:\www\thinkp\Application\Ue\Common\function.php 第 105 行.
SQL: SELECT * FROM `think_category` WHERE ( catid=45 ) LIMIT 1   [ RunTime:0.0004s ]
NOTIC: [8] Use of undefined constant catid - assumed 'catid' E:\www\thinkp\Application\Runtime\Cache\Ue\0506db7323ed060f47824f98c0eae460.php 第 31 行.
SQL: SELECT * FROM `think_category` WHERE ( parentid=6 ) ORDER BY listorder  [ RunTime:0.0005s ]
NOTIC: [8] Undefined index: cid E:\www\thinkp\Application\Ue\Common\function.php 第 105 行.
SQL: SELECT * FROM `think_category` WHERE ( catid=51 ) LIMIT 1   [ RunTime:0.0005s ]
NOTIC: [8] Undefined index: cid E:\www\thinkp\Application\Ue\Common\function.php 第 105 行.
SQL: SELECT * FROM `think_category` WHERE ( catid=47 ) LIMIT 1   [ RunTime:0.0003s ]
NOTIC: [8] Undefined index: cid E:\www\thinkp\Application\Ue\Common\function.php 第 105 行.
SQL: SELECT * FROM `think_category` WHERE ( catid=53 ) LIMIT 1   [ RunTime:0.0007s ]
NOTIC: [8] Undefined index: cid E:\www\thinkp\Application\Ue\Common\function.php 第 105 行.
SQL: SELECT * FROM `think_category` WHERE ( catid=52 ) LIMIT 1   [ RunTime:0.0004s ]
NOTIC: [8] Undefined index: cid E:\www\thinkp\Application\Ue\Common\function.php 第 105 行.
SQL: SELECT * FROM `think_category` WHERE ( catid=55 ) LIMIT 1   [ RunTime:0.0007s ]
NOTIC: [8] Use of undefined constant catid - assumed 'catid' E:\www\thinkp\Application\Runtime\Cache\Ue\0506db7323ed060f47824f98c0eae460.php 第 31 行.
SQL: SELECT * FROM `think_category` WHERE ( parentid=4 ) ORDER BY listorder  [ RunTime:0.0009s ]
NOTIC: [8] Undefined index: cid E:\www\thinkp\Application\Ue\Common\function.php 第 105 行.
SQL: SELECT * FROM `think_category` WHERE ( catid=48 ) LIMIT 1   [ RunTime:0.0007s ]
NOTIC: [8] Undefined index: cid E:\www\thinkp\Application\Ue\Common\function.php 第 105 行.
SQL: SELECT * FROM `think_category` WHERE ( catid=50 ) LIMIT 1   [ RunTime:0.0006s ]
NOTIC: [8] Undefined index: cid E:\www\thinkp\Application\Ue\Common\function.php 第 105 行.
SQL: SELECT * FROM `think_category` WHERE ( catid=65 ) LIMIT 1   [ RunTime:0.0006s ]
NOTIC: [8] Undefined index: cid E:\www\thinkp\Application\Ue\Common\function.php 第 105 行.
SQL: SELECT * FROM `think_category` WHERE ( catid=66 ) LIMIT 1   [ RunTime:0.0005s ]
NOTIC: [8] Undefined index: cid E:\www\thinkp\Application\Ue\Common\function.php 第 105 行.
SQL: SELECT * FROM `think_category` WHERE ( catid=67 ) LIMIT 1   [ RunTime:0.0010s ]
NOTIC: [8] Undefined index: cid E:\www\thinkp\Application\Ue\Common\function.php 第 105 行.
SQL: SELECT * FROM `think_category` WHERE ( catid=68 ) LIMIT 1   [ RunTime:0.0010s ]
NOTIC: [8] Undefined index: cid E:\www\thinkp\Application\Ue\Common\function.php 第 105 行.
SQL: SELECT * FROM `think_category` WHERE ( catid=69 ) LIMIT 1   [ RunTime:0.0009s ]
NOTIC: [8] Undefined index: cid E:\www\thinkp\Application\Ue\Common\function.php 第 105 行.
SQL: SELECT * FROM `think_category` WHERE ( catid=70 ) LIMIT 1   [ RunTime:0.0007s ]
NOTIC: [8] Use of undefined constant catid - assumed 'catid' E:\www\thinkp\Application\Runtime\Cache\Ue\0506db7323ed060f47824f98c0eae460.php 第 31 行.
SQL: SELECT * FROM `think_category` WHERE ( parentid=54 ) ORDER BY listorder  [ RunTime:0.0006s ]
NOTIC: [8] Use of undefined constant catid - assumed 'catid' E:\www\thinkp\Application\Runtime\Cache\Ue\0506db7323ed060f47824f98c0eae460.php 第 31 行.
SQL: SELECT * FROM `think_category` WHERE ( parentid=7 ) ORDER BY listorder  [ RunTime:0.0005s ]
NOTIC: [8] Undefined index: cid E:\www\thinkp\Application\Ue\Common\function.php 第 105 行.
SQL: SELECT * FROM `think_category` WHERE ( catid=13 ) LIMIT 1   [ RunTime:0.0003s ]
NOTIC: [8] Undefined index: cid E:\www\thinkp\Application\Ue\Common\function.php 第 105 行.
SQL: SELECT * FROM `think_category` WHERE ( catid=14 ) LIMIT 1   [ RunTime:0.0008s ]
INFO: Run Behavior\ParseTemplateBehavior [ RunTime:0.055309s ]
INFO: [ view_parse ] --END-- [ RunTime:0.055396s ]
INFO: [ view_filter ] --START--
INFO: Run Behavior\WriteHtmlCacheBehavior [ RunTime:0.001263s ]
INFO: [ view_filter ] --END-- [ RunTime:0.001365s ]
INFO: [ app_end ] --START--
INFO: Run Behavior\ShowPageTraceBehavior [ RunTime:0.001369s ]
INFO: [ app_end ] --END-- [ RunTime:0.001479s ]

[ 2016-06-17T15:27:49+08:00 ] ::1 /thinkp/
INFO: [ app_init ] --START--
INFO: Run Behavior\BuildLiteBehavior [ RunTime:0.000024s ]
INFO: [ app_init ] --END-- [ RunTime:0.000578s ]
INFO: [ app_begin ] --START--
INFO: Run Behavior\ReadHtmlCacheBehavior [ RunTime:0.001093s ]
INFO: [ app_begin ] --END-- [ RunTime:0.001208s ]
SQL: SHOW COLUMNS FROM `think_sysconfig` [ RunTime:0.0058s ]
SQL: SELECT * FROM `think_sysconfig` WHERE ( varname='cfg_theme' ) LIMIT 1   [ RunTime:0.0008s ]
SQL: SELECT * FROM `think_sysconfig` WHERE ( varname='cfg_wap' ) LIMIT 1   [ RunTime:0.0006s ]
SQL: SHOW COLUMNS FROM `think_category` [ RunTime:0.0073s ]
SQL: SELECT * FROM `think_category` WHERE ( parentid=0 )  [ RunTime:0.0008s ]
INFO: [ view_parse ] --START--
INFO: [ template_filter ] --START--
INFO: Run Behavior\ContentReplaceBehavior [ RunTime:0.000087s ]
INFO: [ template_filter ] --END-- [ RunTime:0.000191s ]
NOTIC: [8] Undefined index: cid E:\www\thinkp\Application\Ue\Common\function.php 第 32 行.
NOTIC: [8] Undefined index: aid E:\www\thinkp\Application\Ue\Common\function.php 第 33 行.
SQL: SELECT * FROM `think_sysconfig` WHERE ( varname='cfg_description' ) LIMIT 1   [ RunTime:0.0009s ]
NOTIC: [8] Undefined index: cid E:\www\thinkp\Application\Ue\Common\function.php 第 32 行.
NOTIC: [8] Undefined index: aid E:\www\thinkp\Application\Ue\Common\function.php 第 33 行.
SQL: SELECT * FROM `think_sysconfig` WHERE ( varname='cfg_keywords' ) LIMIT 1   [ RunTime:0.0003s ]
NOTIC: [8] Use of undefined constant cfg_webname - assumed 'cfg_webname' E:\www\thinkp\Application\Runtime\Cache\Ue\0506db7323ed060f47824f98c0eae460.php 第 12 行.
SQL: SELECT * FROM `think_sysconfig` WHERE ( varname='cfg_webname' ) LIMIT 1   [ RunTime:0.0005s ]
NOTIC: [2] Missing argument 2 for getcategory(), called in E:\www\thinkp\Application\Runtime\Cache\Ue\0506db7323ed060f47824f98c0eae460.php on line 21 and defined E:\www\thinkp\Application\Ue\Common\function.php 第 79 行.
SQL: SELECT * FROM `think_category` WHERE ( parentid=0 ) ORDER BY listorder  [ RunTime:0.0006s ]
NOTIC: [8] Undefined index: cid E:\www\thinkp\Application\Ue\Common\function.php 第 105 行.
SQL: SELECT * FROM `think_category` WHERE ( catid=1 ) LIMIT 1   [ RunTime:0.0005s ]
NOTIC: [8] Undefined index: cid E:\www\thinkp\Application\Ue\Common\function.php 第 105 行.
SQL: SELECT * FROM `think_category` WHERE ( catid=6 ) LIMIT 1   [ RunTime:0.0004s ]
NOTIC: [8] Undefined index: cid E:\www\thinkp\Application\Ue\Common\function.php 第 105 行.
SQL: SELECT * FROM `think_category` WHERE ( catid=4 ) LIMIT 1   [ RunTime:0.0004s ]
NOTIC: [8] Undefined index: cid E:\www\thinkp\Application\Ue\Common\function.php 第 105 行.
SQL: SELECT * FROM `think_category` WHERE ( catid=54 ) LIMIT 1   [ RunTime:0.0005s ]
NOTIC: [8] Undefined index: cid E:\www\thinkp\Application\Ue\Common\function.php 第 105 行.
SQL: SELECT * FROM `think_category` WHERE ( catid=7 ) LIMIT 1   [ RunTime:0.0005s ]
NOTIC: [2] Missing argument 2 for getcategory(), called in E:\www\thinkp\Application\Runtime\Cache\Ue\0506db7323ed060f47824f98c0eae460.php on line 28 and defined E:\www\thinkp\Application\Ue\Common\function.php 第 79 行.
SQL: SELECT * FROM `think_category` WHERE ( parentid=0 ) ORDER BY listorder  [ RunTime:0.0008s ]
NOTIC: [8] Undefined index: cid E:\www\thinkp\Application\Ue\Common\function.php 第 105 行.
SQL: SELECT * FROM `think_category` WHERE ( catid=1 ) LIMIT 1   [ RunTime:0.0008s ]
NOTIC: [8] Undefined index: cid E:\www\thinkp\Application\Ue\Common\function.php 第 105 行.
SQL: SELECT * FROM `think_category` WHERE ( catid=6 ) LIMIT 1   [ RunTime:0.0007s ]
NOTIC: [8] Undefined index: cid E:\www\thinkp\Application\Ue\Common\function.php 第 105 行.
SQL: SELECT * FROM `think_category` WHERE ( catid=4 ) LIMIT 1   [ RunTime:0.0006s ]
NOTIC: [8] Undefined index: cid E:\www\thinkp\Application\Ue\Common\function.php 第 105 行.
SQL: SELECT * FROM `think_category` WHERE ( catid=54 ) LIMIT 1   [ RunTime:0.0006s ]
NOTIC: [8] Undefined index: cid E:\www\thinkp\Application\Ue\Common\function.php 第 105 行.
SQL: SELECT * FROM `think_category` WHERE ( catid=7 ) LIMIT 1   [ RunTime:0.0006s ]
NOTIC: [8] Use of undefined constant catid - assumed 'catid' E:\www\thinkp\Application\Runtime\Cache\Ue\0506db7323ed060f47824f98c0eae460.php 第 31 行.
SQL: SELECT * FROM `think_category` WHERE ( parentid=1 ) ORDER BY listorder  [ RunTime:0.0007s ]
NOTIC: [8] Undefined index: cid E:\www\thinkp\Application\Ue\Common\function.php 第 105 行.
SQL: SELECT * FROM `think_category` WHERE ( catid=64 ) LIMIT 1   [ RunTime:0.0007s ]
NOTIC: [8] Undefined index: cid E:\www\thinkp\Application\Ue\Common\function.php 第 105 行.
SQL: SELECT * FROM `think_category` WHERE ( catid=34 ) LIMIT 1   [ RunTime:0.0007s ]
NOTIC: [8] Undefined index: cid E:\www\thinkp\Application\Ue\Common\function.php 第 105 行.
SQL: SELECT * FROM `think_category` WHERE ( catid=39 ) LIMIT 1   [ RunTime:0.0006s ]
NOTIC: [8] Undefined index: cid E:\www\thinkp\Application\Ue\Common\function.php 第 105 行.
SQL: SELECT * FROM `think_category` WHERE ( catid=45 ) LIMIT 1   [ RunTime:0.0007s ]
NOTIC: [8] Use of undefined constant catid - assumed 'catid' E:\www\thinkp\Application\Runtime\Cache\Ue\0506db7323ed060f47824f98c0eae460.php 第 31 行.
SQL: SELECT * FROM `think_category` WHERE ( parentid=6 ) ORDER BY listorder  [ RunTime:0.0007s ]
NOTIC: [8] Undefined index: cid E:\www\thinkp\Application\Ue\Common\function.php 第 105 行.
SQL: SELECT * FROM `think_category` WHERE ( catid=51 ) LIMIT 1   [ RunTime:0.0005s ]
NOTIC: [8] Undefined index: cid E:\www\thinkp\Application\Ue\Common\function.php 第 105 行.
SQL: SELECT * FROM `think_category` WHERE ( catid=47 ) LIMIT 1   [ RunTime:0.0007s ]
NOTIC: [8] Undefined index: cid E:\www\thinkp\Application\Ue\Common\function.php 第 105 行.
SQL: SELECT * FROM `think_category` WHERE ( catid=53 ) LIMIT 1   [ RunTime:0.0006s ]
NOTIC: [8] Undefined index: cid E:\www\thinkp\Application\Ue\Common\function.php 第 105 行.
SQL: SELECT * FROM `think_category` WHERE ( catid=52 ) LIMIT 1   [ RunTime:0.0007s ]
NOTIC: [8] Undefined index: cid E:\www\thinkp\Application\Ue\Common\function.php 第 105 行.
SQL: SELECT * FROM `think_category` WHERE ( catid=55 ) LIMIT 1   [ RunTime:0.0006s ]
NOTIC: [8] Use of undefined constant catid - assumed 'catid' E:\www\thinkp\Application\Runtime\Cache\Ue\0506db7323ed060f47824f98c0eae460.php 第 31 行.
SQL: SELECT * FROM `think_category` WHERE ( parentid=4 ) ORDER BY listorder  [ RunTime:0.0008s ]
NOTIC: [8] Undefined index: cid E:\www\thinkp\Application\Ue\Common\function.php 第 105 行.
SQL: SELECT * FROM `think_category` WHERE ( catid=48 ) LIMIT 1   [ RunTime:0.0008s ]
NOTIC: [8] Undefined index: cid E:\www\thinkp\Application\Ue\Common\function.php 第 105 行.
SQL: SELECT * FROM `think_category` WHERE ( catid=50 ) LIMIT 1   [ RunTime:0.0006s ]
NOTIC: [8] Undefined index: cid E:\www\thinkp\Application\Ue\Common\function.php 第 105 行.
SQL: SELECT * FROM `think_category` WHERE ( catid=65 ) LIMIT 1   [ RunTime:0.0006s ]
NOTIC: [8] Undefined index: cid E:\www\thinkp\Application\Ue\Common\function.php 第 105 行.
SQL: SELECT * FROM `think_category` WHERE ( catid=66 ) LIMIT 1   [ RunTime:0.0006s ]
NOTIC: [8] Undefined index: cid E:\www\thinkp\Application\Ue\Common\function.php 第 105 行.
SQL: SELECT * FROM `think_category` WHERE ( catid=67 ) LIMIT 1   [ RunTime:0.0005s ]
NOTIC: [8] Undefined index: cid E:\www\thinkp\Application\Ue\Common\function.php 第 105 行.
SQL: SELECT * FROM `think_category` WHERE ( catid=68 ) LIMIT 1   [ RunTime:0.0005s ]
NOTIC: [8] Undefined index: cid E:\www\thinkp\Application\Ue\Common\function.php 第 105 行.
SQL: SELECT * FROM `think_category` WHERE ( catid=69 ) LIMIT 1   [ RunTime:0.0005s ]
NOTIC: [8] Undefined index: cid E:\www\thinkp\Application\Ue\Common\function.php 第 105 行.
SQL: SELECT * FROM `think_category` WHERE ( catid=70 ) LIMIT 1   [ RunTime:0.0006s ]
NOTIC: [8] Use of undefined constant catid - assumed 'catid' E:\www\thinkp\Application\Runtime\Cache\Ue\0506db7323ed060f47824f98c0eae460.php 第 31 行.
SQL: SELECT * FROM `think_category` WHERE ( parentid=54 ) ORDER BY listorder  [ RunTime:0.0007s ]
NOTIC: [8] Use of undefined constant catid - assumed 'catid' E:\www\thinkp\Application\Runtime\Cache\Ue\0506db7323ed060f47824f98c0eae460.php 第 31 行.
SQL: SELECT * FROM `think_category` WHERE ( parentid=7 ) ORDER BY listorder  [ RunTime:0.0007s ]
NOTIC: [8] Undefined index: cid E:\www\thinkp\Application\Ue\Common\function.php 第 105 行.
SQL: SELECT * FROM `think_category` WHERE ( catid=13 ) LIMIT 1   [ RunTime:0.0005s ]
NOTIC: [8] Undefined index: cid E:\www\thinkp\Application\Ue\Common\function.php 第 105 行.
SQL: SELECT * FROM `think_category` WHERE ( catid=14 ) LIMIT 1   [ RunTime:0.0004s ]
INFO: Run Behavior\ParseTemplateBehavior [ RunTime:0.053085s ]
INFO: [ view_parse ] --END-- [ RunTime:0.053171s ]
INFO: [ view_filter ] --START--
INFO: Run Behavior\WriteHtmlCacheBehavior [ RunTime:0.001081s ]
INFO: [ view_filter ] --END-- [ RunTime:0.001189s ]
INFO: [ app_end ] --START--
INFO: Run Behavior\ShowPageTraceBehavior [ RunTime:0.001476s ]
INFO: [ app_end ] --END-- [ RunTime:0.001588s ]

[ 2016-06-17T16:45:49+08:00 ] ::1 /thinkp/
INFO: [ app_init ] --START--
INFO: Run Behavior\BuildLiteBehavior [ RunTime:0.000033s ]
INFO: [ app_init ] --END-- [ RunTime:0.001074s ]
INFO: [ app_begin ] --START--
INFO: Run Behavior\ReadHtmlCacheBehavior [ RunTime:0.001115s ]
INFO: [ app_begin ] --END-- [ RunTime:0.001228s ]
SQL: SHOW COLUMNS FROM `think_sysconfig` [ RunTime:0.0064s ]
SQL: SELECT * FROM `think_sysconfig` WHERE ( varname='cfg_theme' ) LIMIT 1   [ RunTime:0.0007s ]
SQL: SELECT * FROM `think_sysconfig` WHERE ( varname='cfg_wap' ) LIMIT 1   [ RunTime:0.0006s ]
SQL: SHOW COLUMNS FROM `think_category` [ RunTime:0.0066s ]
SQL: SELECT * FROM `think_category` WHERE ( parentid=0 )  [ RunTime:0.0008s ]
INFO: [ view_parse ] --START--
INFO: [ template_filter ] --START--
INFO: Run Behavior\ContentReplaceBehavior [ RunTime:0.000083s ]
INFO: [ template_filter ] --END-- [ RunTime:0.000176s ]
NOTIC: [8] Undefined index: cid E:\www\thinkp\Application\Ue\Common\function.php 第 32 行.
NOTIC: [8] Undefined index: aid E:\www\thinkp\Application\Ue\Common\function.php 第 33 行.
SQL: SELECT * FROM `think_sysconfig` WHERE ( varname='cfg_description' ) LIMIT 1   [ RunTime:0.0007s ]
NOTIC: [8] Undefined index: cid E:\www\thinkp\Application\Ue\Common\function.php 第 32 行.
NOTIC: [8] Undefined index: aid E:\www\thinkp\Application\Ue\Common\function.php 第 33 行.
SQL: SELECT * FROM `think_sysconfig` WHERE ( varname='cfg_keywords' ) LIMIT 1   [ RunTime:0.0007s ]
NOTIC: [8] Use of undefined constant cfg_webname - assumed 'cfg_webname' E:\www\thinkp\Application\Runtime\Cache\Ue\0506db7323ed060f47824f98c0eae460.php 第 12 行.
SQL: SELECT * FROM `think_sysconfig` WHERE ( varname='cfg_webname' ) LIMIT 1   [ RunTime:0.0006s ]
NOTIC: [2] Missing argument 2 for getcategory(), called in E:\www\thinkp\Application\Runtime\Cache\Ue\0506db7323ed060f47824f98c0eae460.php on line 21 and defined E:\www\thinkp\Application\Ue\Common\function.php 第 79 行.
SQL: SELECT * FROM `think_category` WHERE ( parentid=0 ) ORDER BY listorder  [ RunTime:0.0005s ]
NOTIC: [8] Undefined index: cid E:\www\thinkp\Application\Ue\Common\function.php 第 105 行.
SQL: SELECT * FROM `think_category` WHERE ( catid=1 ) LIMIT 1   [ RunTime:0.0003s ]
NOTIC: [8] Undefined index: cid E:\www\thinkp\Application\Ue\Common\function.php 第 105 行.
SQL: SELECT * FROM `think_category` WHERE ( catid=6 ) LIMIT 1   [ RunTime:0.0003s ]
NOTIC: [8] Undefined index: cid E:\www\thinkp\Application\Ue\Common\function.php 第 105 行.
SQL: SELECT * FROM `think_category` WHERE ( catid=4 ) LIMIT 1   [ RunTime:0.0003s ]
NOTIC: [8] Undefined index: cid E:\www\thinkp\Application\Ue\Common\function.php 第 105 行.
SQL: SELECT * FROM `think_category` WHERE ( catid=54 ) LIMIT 1   [ RunTime:0.0006s ]
NOTIC: [8] Undefined index: cid E:\www\thinkp\Application\Ue\Common\function.php 第 105 行.
SQL: SELECT * FROM `think_category` WHERE ( catid=7 ) LIMIT 1   [ RunTime:0.0006s ]
NOTIC: [2] Missing argument 2 for getcategory(), called in E:\www\thinkp\Application\Runtime\Cache\Ue\0506db7323ed060f47824f98c0eae460.php on line 28 and defined E:\www\thinkp\Application\Ue\Common\function.php 第 79 行.
SQL: SELECT * FROM `think_category` WHERE ( parentid=0 ) ORDER BY listorder  [ RunTime:0.0008s ]
NOTIC: [8] Undefined index: cid E:\www\thinkp\Application\Ue\Common\function.php 第 105 行.
SQL: SELECT * FROM `think_category` WHERE ( catid=1 ) LIMIT 1   [ RunTime:0.0004s ]
NOTIC: [8] Undefined index: cid E:\www\thinkp\Application\Ue\Common\function.php 第 105 行.
SQL: SELECT * FROM `think_category` WHERE ( catid=6 ) LIMIT 1   [ RunTime:0.0006s ]
NOTIC: [8] Undefined index: cid E:\www\thinkp\Application\Ue\Common\function.php 第 105 行.
SQL: SELECT * FROM `think_category` WHERE ( catid=4 ) LIMIT 1   [ RunTime:0.0006s ]
NOTIC: [8] Undefined index: cid E:\www\thinkp\Application\Ue\Common\function.php 第 105 行.
SQL: SELECT * FROM `think_category` WHERE ( catid=54 ) LIMIT 1   [ RunTime:0.0006s ]
NOTIC: [8] Undefined index: cid E:\www\thinkp\Application\Ue\Common\function.php 第 105 行.
SQL: SELECT * FROM `think_category` WHERE ( catid=7 ) LIMIT 1   [ RunTime:0.0003s ]
NOTIC: [8] Use of undefined constant catid - assumed 'catid' E:\www\thinkp\Application\Runtime\Cache\Ue\0506db7323ed060f47824f98c0eae460.php 第 31 行.
SQL: SELECT * FROM `think_category` WHERE ( parentid=1 ) ORDER BY listorder  [ RunTime:0.0004s ]
NOTIC: [8] Undefined index: cid E:\www\thinkp\Application\Ue\Common\function.php 第 105 行.
SQL: SELECT * FROM `think_category` WHERE ( catid=64 ) LIMIT 1   [ RunTime:0.0003s ]
NOTIC: [8] Undefined index: cid E:\www\thinkp\Application\Ue\Common\function.php 第 105 行.
SQL: SELECT * FROM `think_category` WHERE ( catid=34 ) LIMIT 1   [ RunTime:0.0004s ]
NOTIC: [8] Undefined index: cid E:\www\thinkp\Application\Ue\Common\function.php 第 105 行.
SQL: SELECT * FROM `think_category` WHERE ( catid=39 ) LIMIT 1   [ RunTime:0.0003s ]
NOTIC: [8] Undefined index: cid E:\www\thinkp\Application\Ue\Common\function.php 第 105 行.
SQL: SELECT * FROM `think_category` WHERE ( catid=45 ) LIMIT 1   [ RunTime:0.0003s ]
NOTIC: [8] Use of undefined constant catid - assumed 'catid' E:\www\thinkp\Application\Runtime\Cache\Ue\0506db7323ed060f47824f98c0eae460.php 第 31 行.
SQL: SELECT * FROM `think_category` WHERE ( parentid=6 ) ORDER BY listorder  [ RunTime:0.0004s ]
NOTIC: [8] Undefined index: cid E:\www\thinkp\Application\Ue\Common\function.php 第 105 行.
SQL: SELECT * FROM `think_category` WHERE ( catid=51 ) LIMIT 1   [ RunTime:0.0003s ]
NOTIC: [8] Undefined index: cid E:\www\thinkp\Application\Ue\Common\function.php 第 105 行.
SQL: SELECT * FROM `think_category` WHERE ( catid=47 ) LIMIT 1   [ RunTime:0.0003s ]
NOTIC: [8] Undefined index: cid E:\www\thinkp\Application\Ue\Common\function.php 第 105 行.
SQL: SELECT * FROM `think_category` WHERE ( catid=53 ) LIMIT 1   [ RunTime:0.0003s ]
NOTIC: [8] Undefined index: cid E:\www\thinkp\Application\Ue\Common\function.php 第 105 行.
SQL: SELECT * FROM `think_category` WHERE ( catid=52 ) LIMIT 1   [ RunTime:0.0003s ]
NOTIC: [8] Undefined index: cid E:\www\thinkp\Application\Ue\Common\function.php 第 105 行.
SQL: SELECT * FROM `think_category` WHERE ( catid=55 ) LIMIT 1   [ RunTime:0.0003s ]
NOTIC: [8] Use of undefined constant catid - assumed 'catid' E:\www\thinkp\Application\Runtime\Cache\Ue\0506db7323ed060f47824f98c0eae460.php 第 31 行.
SQL: SELECT * FROM `think_category` WHERE ( parentid=4 ) ORDER BY listorder  [ RunTime:0.0004s ]
NOTIC: [8] Undefined index: cid E:\www\thinkp\Application\Ue\Common\function.php 第 105 行.
SQL: SELECT * FROM `think_category` WHERE ( catid=48 ) LIMIT 1   [ RunTime:0.0004s ]
NOTIC: [8] Undefined index: cid E:\www\thinkp\Application\Ue\Common\function.php 第 105 行.
SQL: SELECT * FROM `think_category` WHERE ( catid=50 ) LIMIT 1   [ RunTime:0.0003s ]
NOTIC: [8] Undefined index: cid E:\www\thinkp\Application\Ue\Common\function.php 第 105 行.
SQL: SELECT * FROM `think_category` WHERE ( catid=65 ) LIMIT 1   [ RunTime:0.0003s ]
NOTIC: [8] Undefined index: cid E:\www\thinkp\Application\Ue\Common\function.php 第 105 行.
SQL: SELECT * FROM `think_category` WHERE ( catid=66 ) LIMIT 1   [ RunTime:0.0008s ]
NOTIC: [8] Undefined index: cid E:\www\thinkp\Application\Ue\Common\function.php 第 105 行.
SQL: SELECT * FROM `think_category` WHERE ( catid=67 ) LIMIT 1   [ RunTime:0.0007s ]
NOTIC: [8] Undefined index: cid E:\www\thinkp\Application\Ue\Common\function.php 第 105 行.
SQL: SELECT * FROM `think_category` WHERE ( catid=68 ) LIMIT 1   [ RunTime:0.0005s ]
NOTIC: [8] Undefined index: cid E:\www\thinkp\Application\Ue\Common\function.php 第 105 行.
SQL: SELECT * FROM `think_category` WHERE ( catid=69 ) LIMIT 1   [ RunTime:0.0007s ]
NOTIC: [8] Undefined index: cid E:\www\thinkp\Application\Ue\Common\function.php 第 105 行.
SQL: SELECT * FROM `think_category` WHERE ( catid=70 ) LIMIT 1   [ RunTime:0.0005s ]
NOTIC: [8] Use of undefined constant catid - assumed 'catid' E:\www\thinkp\Application\Runtime\Cache\Ue\0506db7323ed060f47824f98c0eae460.php 第 31 行.
SQL: SELECT * FROM `think_category` WHERE ( parentid=54 ) ORDER BY listorder  [ RunTime:0.0006s ]
NOTIC: [8] Use of undefined constant catid - assumed 'catid' E:\www\thinkp\Application\Runtime\Cache\Ue\0506db7323ed060f47824f98c0eae460.php 第 31 行.
SQL: SELECT * FROM `think_category` WHERE ( parentid=7 ) ORDER BY listorder  [ RunTime:0.0013s ]
NOTIC: [8] Undefined index: cid E:\www\thinkp\Application\Ue\Common\function.php 第 105 行.
SQL: SELECT * FROM `think_category` WHERE ( catid=13 ) LIMIT 1   [ RunTime:0.0010s ]
NOTIC: [8] Undefined index: cid E:\www\thinkp\Application\Ue\Common\function.php 第 105 行.
SQL: SELECT * FROM `think_category` WHERE ( catid=14 ) LIMIT 1   [ RunTime:0.0008s ]
INFO: Run Behavior\ParseTemplateBehavior [ RunTime:0.047339s ]
INFO: [ view_parse ] --END-- [ RunTime:0.047423s ]
INFO: [ view_filter ] --START--
INFO: Run Behavior\WriteHtmlCacheBehavior [ RunTime:0.000938s ]
INFO: [ view_filter ] --END-- [ RunTime:0.001020s ]
INFO: [ app_end ] --START--
INFO: Run Behavior\ShowPageTraceBehavior [ RunTime:0.001441s ]
INFO: [ app_end ] --END-- [ RunTime:0.001583s ]

[ 2016-06-17T16:56:56+08:00 ] ::1 /thinkp/
INFO: [ app_init ] --START--
INFO: Run Behavior\BuildLiteBehavior [ RunTime:0.000037s ]
INFO: [ app_init ] --END-- [ RunTime:0.001975s ]
INFO: [ app_begin ] --START--
INFO: Run Behavior\ReadHtmlCacheBehavior [ RunTime:0.001111s ]
INFO: [ app_begin ] --END-- [ RunTime:0.001258s ]
SQL: SHOW COLUMNS FROM `think_sysconfig` [ RunTime:0.0060s ]
SQL: SELECT * FROM `think_sysconfig` WHERE ( varname='cfg_theme' ) LIMIT 1   [ RunTime:0.0009s ]
SQL: SELECT * FROM `think_sysconfig` WHERE ( varname='cfg_wap' ) LIMIT 1   [ RunTime:0.0005s ]
SQL: SHOW COLUMNS FROM `think_category` [ RunTime:0.0073s ]
SQL: SELECT * FROM `think_category` WHERE ( parentid=0 )  [ RunTime:0.0009s ]
INFO: [ view_parse ] --START--
INFO: [ template_filter ] --START--
INFO: Run Behavior\ContentReplaceBehavior [ RunTime:0.000082s ]
INFO: [ template_filter ] --END-- [ RunTime:0.000177s ]
NOTIC: [8] Undefined index: cid E:\www\thinkp\Application\Ue\Common\function.php 第 32 行.
NOTIC: [8] Undefined index: aid E:\www\thinkp\Application\Ue\Common\function.php 第 33 行.
SQL: SELECT * FROM `think_sysconfig` WHERE ( varname='cfg_description' ) LIMIT 1   [ RunTime:0.0006s ]
NOTIC: [8] Undefined index: cid E:\www\thinkp\Application\Ue\Common\function.php 第 32 行.
NOTIC: [8] Undefined index: aid E:\www\thinkp\Application\Ue\Common\function.php 第 33 行.
SQL: SELECT * FROM `think_sysconfig` WHERE ( varname='cfg_keywords' ) LIMIT 1   [ RunTime:0.0002s ]
NOTIC: [8] Use of undefined constant cfg_webname - assumed 'cfg_webname' E:\www\thinkp\Application\Runtime\Cache\Ue\0506db7323ed060f47824f98c0eae460.php 第 12 行.
SQL: SELECT * FROM `think_sysconfig` WHERE ( varname='cfg_webname' ) LIMIT 1   [ RunTime:0.0002s ]
NOTIC: [2] Missing argument 2 for getcategory(), called in E:\www\thinkp\Application\Runtime\Cache\Ue\0506db7323ed060f47824f98c0eae460.php on line 21 and defined E:\www\thinkp\Application\Ue\Common\function.php 第 79 行.
SQL: SELECT * FROM `think_category` WHERE ( parentid=0 ) ORDER BY listorder  [ RunTime:0.0005s ]
NOTIC: [8] Undefined index: cid E:\www\thinkp\Application\Ue\Common\function.php 第 105 行.
SQL: SELECT * FROM `think_category` WHERE ( catid=1 ) LIMIT 1   [ RunTime:0.0003s ]
NOTIC: [8] Undefined index: cid E:\www\thinkp\Application\Ue\Common\function.php 第 105 行.
SQL: SELECT * FROM `think_category` WHERE ( catid=6 ) LIMIT 1   [ RunTime:0.0006s ]
NOTIC: [8] Undefined index: cid E:\www\thinkp\Application\Ue\Common\function.php 第 105 行.
SQL: SELECT * FROM `think_category` WHERE ( catid=4 ) LIMIT 1   [ RunTime:0.0003s ]
NOTIC: [8] Undefined index: cid E:\www\thinkp\Application\Ue\Common\function.php 第 105 行.
SQL: SELECT * FROM `think_category` WHERE ( catid=54 ) LIMIT 1   [ RunTime:0.0003s ]
NOTIC: [8] Undefined index: cid E:\www\thinkp\Application\Ue\Common\function.php 第 105 行.
SQL: SELECT * FROM `think_category` WHERE ( catid=7 ) LIMIT 1   [ RunTime:0.0003s ]
NOTIC: [2] Missing argument 2 for getcategory(), called in E:\www\thinkp\Application\Runtime\Cache\Ue\0506db7323ed060f47824f98c0eae460.php on line 28 and defined E:\www\thinkp\Application\Ue\Common\function.php 第 79 行.
SQL: SELECT * FROM `think_category` WHERE ( parentid=0 ) ORDER BY listorder  [ RunTime:0.0005s ]
NOTIC: [8] Undefined index: cid E:\www\thinkp\Application\Ue\Common\function.php 第 105 行.
SQL: SELECT * FROM `think_category` WHERE ( catid=1 ) LIMIT 1   [ RunTime:0.0007s ]
NOTIC: [8] Undefined index: cid E:\www\thinkp\Application\Ue\Common\function.php 第 105 行.
SQL: SELECT * FROM `think_category` WHERE ( catid=6 ) LIMIT 1   [ RunTime:0.0006s ]
NOTIC: [8] Undefined index: cid E:\www\thinkp\Application\Ue\Common\function.php 第 105 行.
SQL: SELECT * FROM `think_category` WHERE ( catid=4 ) LIMIT 1   [ RunTime:0.0005s ]
NOTIC: [8] Undefined index: cid E:\www\thinkp\Application\Ue\Common\function.php 第 105 行.
SQL: SELECT * FROM `think_category` WHERE ( catid=54 ) LIMIT 1   [ RunTime:0.0003s ]
NOTIC: [8] Undefined index: cid E:\www\thinkp\Application\Ue\Common\function.php 第 105 行.
SQL: SELECT * FROM `think_category` WHERE ( catid=7 ) LIMIT 1   [ RunTime:0.0003s ]
NOTIC: [8] Use of undefined constant catid - assumed 'catid' E:\www\thinkp\Application\Runtime\Cache\Ue\0506db7323ed060f47824f98c0eae460.php 第 31 行.
SQL: SELECT * FROM `think_category` WHERE ( parentid=1 ) ORDER BY listorder  [ RunTime:0.0007s ]
NOTIC: [8] Undefined index: cid E:\www\thinkp\Application\Ue\Common\function.php 第 105 行.
SQL: SELECT * FROM `think_category` WHERE ( catid=64 ) LIMIT 1   [ RunTime:0.0006s ]
NOTIC: [8] Undefined index: cid E:\www\thinkp\Application\Ue\Common\function.php 第 105 行.
SQL: SELECT * FROM `think_category` WHERE ( catid=34 ) LIMIT 1   [ RunTime:0.0007s ]
NOTIC: [8] Undefined index: cid E:\www\thinkp\Application\Ue\Common\function.php 第 105 行.
SQL: SELECT * FROM `think_category` WHERE ( catid=39 ) LIMIT 1   [ RunTime:0.0008s ]
NOTIC: [8] Undefined index: cid E:\www\thinkp\Application\Ue\Common\function.php 第 105 行.
SQL: SELECT * FROM `think_category` WHERE ( catid=45 ) LIMIT 1   [ RunTime:0.0005s ]
NOTIC: [8] Use of undefined constant catid - assumed 'catid' E:\www\thinkp\Application\Runtime\Cache\Ue\0506db7323ed060f47824f98c0eae460.php 第 31 行.
SQL: SELECT * FROM `think_category` WHERE ( parentid=6 ) ORDER BY listorder  [ RunTime:0.0008s ]
NOTIC: [8] Undefined index: cid E:\www\thinkp\Application\Ue\Common\function.php 第 105 行.
SQL: SELECT * FROM `think_category` WHERE ( catid=51 ) LIMIT 1   [ RunTime:0.0007s ]
NOTIC: [8] Undefined index: cid E:\www\thinkp\Application\Ue\Common\function.php 第 105 行.
SQL: SELECT * FROM `think_category` WHERE ( catid=47 ) LIMIT 1   [ RunTime:0.0004s ]
NOTIC: [8] Undefined index: cid E:\www\thinkp\Application\Ue\Common\function.php 第 105 行.
SQL: SELECT * FROM `think_category` WHERE ( catid=53 ) LIMIT 1   [ RunTime:0.0003s ]
NOTIC: [8] Undefined index: cid E:\www\thinkp\Application\Ue\Common\function.php 第 105 行.
SQL: SELECT * FROM `think_category` WHERE ( catid=52 ) LIMIT 1   [ RunTime:0.0003s ]
NOTIC: [8] Undefined index: cid E:\www\thinkp\Application\Ue\Common\function.php 第 105 行.
SQL: SELECT * FROM `think_category` WHERE ( catid=55 ) LIMIT 1   [ RunTime:0.0005s ]
NOTIC: [8] Use of undefined constant catid - assumed 'catid' E:\www\thinkp\Application\Runtime\Cache\Ue\0506db7323ed060f47824f98c0eae460.php 第 31 行.
SQL: SELECT * FROM `think_category` WHERE ( parentid=4 ) ORDER BY listorder  [ RunTime:0.0007s ]
NOTIC: [8] Undefined index: cid E:\www\thinkp\Application\Ue\Common\function.php 第 105 行.
SQL: SELECT * FROM `think_category` WHERE ( catid=48 ) LIMIT 1   [ RunTime:0.0003s ]
NOTIC: [8] Undefined index: cid E:\www\thinkp\Application\Ue\Common\function.php 第 105 行.
SQL: SELECT * FROM `think_category` WHERE ( catid=50 ) LIMIT 1   [ RunTime:0.0004s ]
NOTIC: [8] Undefined index: cid E:\www\thinkp\Application\Ue\Common\function.php 第 105 行.
SQL: SELECT * FROM `think_category` WHERE ( catid=65 ) LIMIT 1   [ RunTime:0.0007s ]
NOTIC: [8] Undefined index: cid E:\www\thinkp\Application\Ue\Common\function.php 第 105 行.
SQL: SELECT * FROM `think_category` WHERE ( catid=66 ) LIMIT 1   [ RunTime:0.0007s ]
NOTIC: [8] Undefined index: cid E:\www\thinkp\Application\Ue\Common\function.php 第 105 行.
SQL: SELECT * FROM `think_category` WHERE ( catid=67 ) LIMIT 1   [ RunTime:0.0004s ]
NOTIC: [8] Undefined index: cid E:\www\thinkp\Application\Ue\Common\function.php 第 105 行.
SQL: SELECT * FROM `think_category` WHERE ( catid=68 ) LIMIT 1   [ RunTime:0.0003s ]
NOTIC: [8] Undefined index: cid E:\www\thinkp\Application\Ue\Common\function.php 第 105 行.
SQL: SELECT * FROM `think_category` WHERE ( catid=69 ) LIMIT 1   [ RunTime:0.0003s ]
NOTIC: [8] Undefined index: cid E:\www\thinkp\Application\Ue\Common\function.php 第 105 行.
SQL: SELECT * FROM `think_category` WHERE ( catid=70 ) LIMIT 1   [ RunTime:0.0004s ]
NOTIC: [8] Use of undefined constant catid - assumed 'catid' E:\www\thinkp\Application\Runtime\Cache\Ue\0506db7323ed060f47824f98c0eae460.php 第 31 行.
SQL: SELECT * FROM `think_category` WHERE ( parentid=54 ) ORDER BY listorder  [ RunTime:0.0003s ]
NOTIC: [8] Use of undefined constant catid - assumed 'catid' E:\www\thinkp\Application\Runtime\Cache\Ue\0506db7323ed060f47824f98c0eae460.php 第 31 行.
SQL: SELECT * FROM `think_category` WHERE ( parentid=7 ) ORDER BY listorder  [ RunTime:0.0003s ]
NOTIC: [8] Undefined index: cid E:\www\thinkp\Application\Ue\Common\function.php 第 105 行.
SQL: SELECT * FROM `think_category` WHERE ( catid=13 ) LIMIT 1   [ RunTime:0.0004s ]
NOTIC: [8] Undefined index: cid E:\www\thinkp\Application\Ue\Common\function.php 第 105 行.
SQL: SELECT * FROM `think_category` WHERE ( catid=14 ) LIMIT 1   [ RunTime:0.0003s ]
INFO: Run Behavior\ParseTemplateBehavior [ RunTime:0.044899s ]
INFO: [ view_parse ] --END-- [ RunTime:0.044979s ]
INFO: [ view_filter ] --START--
INFO: Run Behavior\WriteHtmlCacheBehavior [ RunTime:0.000796s ]
INFO: [ view_filter ] --END-- [ RunTime:0.000879s ]
INFO: [ app_end ] --START--
INFO: Run Behavior\ShowPageTraceBehavior [ RunTime:0.001479s ]
INFO: [ app_end ] --END-- [ RunTime:0.001679s ]

[ 2016-06-17T17:38:12+08:00 ] ::1 /thinkp/
INFO: [ app_init ] --START--
INFO: Run Behavior\BuildLiteBehavior [ RunTime:0.000029s ]
INFO: [ app_init ] --END-- [ RunTime:0.001330s ]
INFO: [ app_begin ] --START--
INFO: Run Behavior\ReadHtmlCacheBehavior [ RunTime:0.002013s ]
INFO: [ app_begin ] --END-- [ RunTime:0.002839s ]
SQL: SHOW COLUMNS FROM `think_sysconfig` [ RunTime:0.0062s ]
SQL: SELECT * FROM `think_sysconfig` WHERE ( varname='cfg_theme' ) LIMIT 1   [ RunTime:0.0009s ]
SQL: SELECT * FROM `think_sysconfig` WHERE ( varname='cfg_wap' ) LIMIT 1   [ RunTime:0.0006s ]
SQL: SHOW COLUMNS FROM `think_category` [ RunTime:0.0072s ]
SQL: SELECT * FROM `think_category` WHERE ( parentid=0 )  [ RunTime:0.0007s ]
INFO: [ view_parse ] --START--
INFO: [ template_filter ] --START--
INFO: Run Behavior\ContentReplaceBehavior [ RunTime:0.000106s ]
INFO: [ template_filter ] --END-- [ RunTime:0.000283s ]
NOTIC: [8] Undefined index: cid E:\www\thinkp\Application\Ue\Common\function.php 第 32 行.
NOTIC: [8] Undefined index: aid E:\www\thinkp\Application\Ue\Common\function.php 第 33 行.
SQL: SELECT * FROM `think_sysconfig` WHERE ( varname='cfg_description' ) LIMIT 1   [ RunTime:0.0008s ]
NOTIC: [8] Undefined index: cid E:\www\thinkp\Application\Ue\Common\function.php 第 32 行.
NOTIC: [8] Undefined index: aid E:\www\thinkp\Application\Ue\Common\function.php 第 33 行.
SQL: SELECT * FROM `think_sysconfig` WHERE ( varname='cfg_keywords' ) LIMIT 1   [ RunTime:0.0006s ]
NOTIC: [8] Use of undefined constant cfg_webname - assumed 'cfg_webname' E:\www\thinkp\Application\Runtime\Cache\Ue\0506db7323ed060f47824f98c0eae460.php 第 12 行.
SQL: SELECT * FROM `think_sysconfig` WHERE ( varname='cfg_webname' ) LIMIT 1   [ RunTime:0.0003s ]
NOTIC: [2] Missing argument 2 for getcategory(), called in E:\www\thinkp\Application\Runtime\Cache\Ue\0506db7323ed060f47824f98c0eae460.php on line 21 and defined E:\www\thinkp\Application\Ue\Common\function.php 第 79 行.
SQL: SELECT * FROM `think_category` WHERE ( parentid=0 ) ORDER BY listorder  [ RunTime:0.0007s ]
NOTIC: [8] Undefined index: cid E:\www\thinkp\Application\Ue\Common\function.php 第 105 行.
SQL: SELECT * FROM `think_category` WHERE ( catid=1 ) LIMIT 1   [ RunTime:0.0006s ]
NOTIC: [8] Undefined index: cid E:\www\thinkp\Application\Ue\Common\function.php 第 105 行.
SQL: SELECT * FROM `think_category` WHERE ( catid=6 ) LIMIT 1   [ RunTime:0.0003s ]
NOTIC: [8] Undefined index: cid E:\www\thinkp\Application\Ue\Common\function.php 第 105 行.
SQL: SELECT * FROM `think_category` WHERE ( catid=4 ) LIMIT 1   [ RunTime:0.0007s ]
NOTIC: [8] Undefined index: cid E:\www\thinkp\Application\Ue\Common\function.php 第 105 行.
SQL: SELECT * FROM `think_category` WHERE ( catid=54 ) LIMIT 1   [ RunTime:0.0007s ]
NOTIC: [8] Undefined index: cid E:\www\thinkp\Application\Ue\Common\function.php 第 105 行.
SQL: SELECT * FROM `think_category` WHERE ( catid=7 ) LIMIT 1   [ RunTime:0.0004s ]
NOTIC: [2] Missing argument 2 for getcategory(), called in E:\www\thinkp\Application\Runtime\Cache\Ue\0506db7323ed060f47824f98c0eae460.php on line 28 and defined E:\www\thinkp\Application\Ue\Common\function.php 第 79 行.
SQL: SELECT * FROM `think_category` WHERE ( parentid=0 ) ORDER BY listorder  [ RunTime:0.0005s ]
NOTIC: [8] Undefined index: cid E:\www\thinkp\Application\Ue\Common\function.php 第 105 行.
SQL: SELECT * FROM `think_category` WHERE ( catid=1 ) LIMIT 1   [ RunTime:0.0007s ]
NOTIC: [8] Undefined index: cid E:\www\thinkp\Application\Ue\Common\function.php 第 105 行.
SQL: SELECT * FROM `think_category` WHERE ( catid=6 ) LIMIT 1   [ RunTime:0.0011s ]
NOTIC: [8] Undefined index: cid E:\www\thinkp\Application\Ue\Common\function.php 第 105 行.
SQL: SELECT * FROM `think_category` WHERE ( catid=4 ) LIMIT 1   [ RunTime:0.0012s ]
NOTIC: [8] Undefined index: cid E:\www\thinkp\Application\Ue\Common\function.php 第 105 行.
SQL: SELECT * FROM `think_category` WHERE ( catid=54 ) LIMIT 1   [ RunTime:0.0008s ]
NOTIC: [8] Undefined index: cid E:\www\thinkp\Application\Ue\Common\function.php 第 105 行.
SQL: SELECT * FROM `think_category` WHERE ( catid=7 ) LIMIT 1   [ RunTime:0.0007s ]
NOTIC: [8] Use of undefined constant catid - assumed 'catid' E:\www\thinkp\Application\Runtime\Cache\Ue\0506db7323ed060f47824f98c0eae460.php 第 31 行.
SQL: SELECT * FROM `think_category` WHERE ( parentid=1 ) ORDER BY listorder  [ RunTime:0.0005s ]
NOTIC: [8] Undefined index: cid E:\www\thinkp\Application\Ue\Common\function.php 第 105 行.
SQL: SELECT * FROM `think_category` WHERE ( catid=64 ) LIMIT 1   [ RunTime:0.0003s ]
NOTIC: [8] Undefined index: cid E:\www\thinkp\Application\Ue\Common\function.php 第 105 行.
SQL: SELECT * FROM `think_category` WHERE ( catid=34 ) LIMIT 1   [ RunTime:0.0004s ]
NOTIC: [8] Undefined index: cid E:\www\thinkp\Application\Ue\Common\function.php 第 105 行.
SQL: SELECT * FROM `think_category` WHERE ( catid=39 ) LIMIT 1   [ RunTime:0.0007s ]
NOTIC: [8] Undefined index: cid E:\www\thinkp\Application\Ue\Common\function.php 第 105 行.
SQL: SELECT * FROM `think_category` WHERE ( catid=45 ) LIMIT 1   [ RunTime:0.0007s ]
NOTIC: [8] Use of undefined constant catid - assumed 'catid' E:\www\thinkp\Application\Runtime\Cache\Ue\0506db7323ed060f47824f98c0eae460.php 第 31 行.
SQL: SELECT * FROM `think_category` WHERE ( parentid=6 ) ORDER BY listorder  [ RunTime:0.0010s ]
NOTIC: [8] Undefined index: cid E:\www\thinkp\Application\Ue\Common\function.php 第 105 行.
SQL: SELECT * FROM `think_category` WHERE ( catid=51 ) LIMIT 1   [ RunTime:0.0006s ]
NOTIC: [8] Undefined index: cid E:\www\thinkp\Application\Ue\Common\function.php 第 105 行.
SQL: SELECT * FROM `think_category` WHERE ( catid=47 ) LIMIT 1   [ RunTime:0.0006s ]
NOTIC: [8] Undefined index: cid E:\www\thinkp\Application\Ue\Common\function.php 第 105 行.
SQL: SELECT * FROM `think_category` WHERE ( catid=53 ) LIMIT 1   [ RunTime:0.0006s ]
NOTIC: [8] Undefined index: cid E:\www\thinkp\Application\Ue\Common\function.php 第 105 行.
SQL: SELECT * FROM `think_category` WHERE ( catid=52 ) LIMIT 1   [ RunTime:0.0005s ]
NOTIC: [8] Undefined index: cid E:\www\thinkp\Application\Ue\Common\function.php 第 105 行.
SQL: SELECT * FROM `think_category` WHERE ( catid=55 ) LIMIT 1   [ RunTime:0.0003s ]
NOTIC: [8] Use of undefined constant catid - assumed 'catid' E:\www\thinkp\Application\Runtime\Cache\Ue\0506db7323ed060f47824f98c0eae460.php 第 31 行.
SQL: SELECT * FROM `think_category` WHERE ( parentid=4 ) ORDER BY listorder  [ RunTime:0.0013s ]
NOTIC: [8] Undefined index: cid E:\www\thinkp\Application\Ue\Common\function.php 第 105 行.
SQL: SELECT * FROM `think_category` WHERE ( catid=48 ) LIMIT 1   [ RunTime:0.0010s ]
NOTIC: [8] Undefined index: cid E:\www\thinkp\Application\Ue\Common\function.php 第 105 行.
SQL: SELECT * FROM `think_category` WHERE ( catid=50 ) LIMIT 1   [ RunTime:0.0009s ]
NOTIC: [8] Undefined index: cid E:\www\thinkp\Application\Ue\Common\function.php 第 105 行.
SQL: SELECT * FROM `think_category` WHERE ( catid=65 ) LIMIT 1   [ RunTime:0.0008s ]
NOTIC: [8] Undefined index: cid E:\www\thinkp\Application\Ue\Common\function.php 第 105 行.
SQL: SELECT * FROM `think_category` WHERE ( catid=66 ) LIMIT 1   [ RunTime:0.0008s ]
NOTIC: [8] Undefined index: cid E:\www\thinkp\Application\Ue\Common\function.php 第 105 行.
SQL: SELECT * FROM `think_category` WHERE ( catid=67 ) LIMIT 1   [ RunTime:0.0007s ]
NOTIC: [8] Undefined index: cid E:\www\thinkp\Application\Ue\Common\function.php 第 105 行.
SQL: SELECT * FROM `think_category` WHERE ( catid=68 ) LIMIT 1   [ RunTime:0.0004s ]
NOTIC: [8] Undefined index: cid E:\www\thinkp\Application\Ue\Common\function.php 第 105 行.
SQL: SELECT * FROM `think_category` WHERE ( catid=69 ) LIMIT 1   [ RunTime:0.0006s ]
NOTIC: [8] Undefined index: cid E:\www\thinkp\Application\Ue\Common\function.php 第 105 行.
SQL: SELECT * FROM `think_category` WHERE ( catid=70 ) LIMIT 1   [ RunTime:0.0006s ]
NOTIC: [8] Use of undefined constant catid - assumed 'catid' E:\www\thinkp\Application\Runtime\Cache\Ue\0506db7323ed060f47824f98c0eae460.php 第 31 行.
SQL: SELECT * FROM `think_category` WHERE ( parentid=54 ) ORDER BY listorder  [ RunTime:0.0004s ]
NOTIC: [8] Use of undefined constant catid - assumed 'catid' E:\www\thinkp\Application\Runtime\Cache\Ue\0506db7323ed060f47824f98c0eae460.php 第 31 行.
SQL: SELECT * FROM `think_category` WHERE ( parentid=7 ) ORDER BY listorder  [ RunTime:0.0004s ]
NOTIC: [8] Undefined index: cid E:\www\thinkp\Application\Ue\Common\function.php 第 105 行.
SQL: SELECT * FROM `think_category` WHERE ( catid=13 ) LIMIT 1   [ RunTime:0.0003s ]
NOTIC: [8] Undefined index: cid E:\www\thinkp\Application\Ue\Common\function.php 第 105 行.
SQL: SELECT * FROM `think_category` WHERE ( catid=14 ) LIMIT 1   [ RunTime:0.0003s ]
INFO: Run Behavior\ParseTemplateBehavior [ RunTime:0.058716s ]
INFO: [ view_parse ] --END-- [ RunTime:0.058804s ]
INFO: [ view_filter ] --START--
INFO: Run Behavior\WriteHtmlCacheBehavior [ RunTime:0.001598s ]
INFO: [ view_filter ] --END-- [ RunTime:0.001688s ]
INFO: [ app_end ] --START--
INFO: Run Behavior\ShowPageTraceBehavior [ RunTime:0.002931s ]
INFO: [ app_end ] --END-- [ RunTime:0.003041s ]

[ 2016-06-17T17:38:17+08:00 ] ::1 /thinkp/index.php/Ue/Ajax/getcontent/cid/69
INFO: [ app_init ] --START--
INFO: Run Behavior\BuildLiteBehavior [ RunTime:0.000062s ]
INFO: [ app_init ] --END-- [ RunTime:0.006690s ]
INFO: [ app_begin ] --START--
INFO: Run Behavior\ReadHtmlCacheBehavior [ RunTime:0.012461s ]
INFO: [ app_begin ] --END-- [ RunTime:0.012658s ]
SQL: SHOW COLUMNS FROM `think_sysconfig` [ RunTime:0.0065s ]
SQL: SELECT * FROM `think_sysconfig` WHERE ( varname='cfg_theme' ) LIMIT 1   [ RunTime:0.0010s ]
SQL: SELECT * FROM `think_sysconfig` WHERE ( varname='cfg_wap' ) LIMIT 1   [ RunTime:0.0007s ]
SQL: SHOW COLUMNS FROM `think_category` [ RunTime:0.0084s ]
SQL: SELECT * FROM `think_category` WHERE ( parentid=0 )  [ RunTime:0.0008s ]
NOTIC: [8] Use of undefined constant cid - assumed 'cid' E:\www\thinkp\Application\Ue\Controller\AjaxController.class.php 第 9 行.
NOTIC: [8] Use of undefined constant aid - assumed 'aid' E:\www\thinkp\Application\Ue\Controller\AjaxController.class.php 第 10 行.
NOTIC: [8] Undefined index: aid E:\www\thinkp\Application\Ue\Controller\AjaxController.class.php 第 10 行.
SQL: SHOW COLUMNS FROM `think_page` [ RunTime:0.0075s ]
SQL: SELECT * FROM `think_page` WHERE ( catid=69 ) LIMIT 1   [ RunTime:0.0009s ]
NOTIC: [8] Use of undefined constant content - assumed 'content' E:\www\thinkp\Application\Ue\Controller\AjaxController.class.php 第 14 行.
INFO: [ app_end ] --START--
INFO: Run Behavior\ShowPageTraceBehavior [ RunTime:0.002129s ]
INFO: [ app_end ] --END-- [ RunTime:0.002249s ]

[ 2016-06-17T17:38:18+08:00 ] ::1 /thinkp/index.php/Ue/Ajax/getcontent/cid/69
INFO: [ app_init ] --START--
INFO: Run Behavior\BuildLiteBehavior [ RunTime:0.000030s ]
INFO: [ app_init ] --END-- [ RunTime:0.004909s ]
INFO: [ app_begin ] --START--
INFO: Run Behavior\ReadHtmlCacheBehavior [ RunTime:0.008720s ]
INFO: [ app_begin ] --END-- [ RunTime:0.009573s ]
SQL: SHOW COLUMNS FROM `think_sysconfig` [ RunTime:0.0071s ]
SQL: SELECT * FROM `think_sysconfig` WHERE ( varname='cfg_theme' ) LIMIT 1   [ RunTime:0.0007s ]
SQL: SELECT * FROM `think_sysconfig` WHERE ( varname='cfg_wap' ) LIMIT 1   [ RunTime:0.0006s ]
SQL: SHOW COLUMNS FROM `think_category` [ RunTime:0.0077s ]
SQL: SELECT * FROM `think_category` WHERE ( parentid=0 )  [ RunTime:0.0017s ]
NOTIC: [8] Use of undefined constant cid - assumed 'cid' E:\www\thinkp\Application\Ue\Controller\AjaxController.class.php 第 9 行.
NOTIC: [8] Use of undefined constant aid - assumed 'aid' E:\www\thinkp\Application\Ue\Controller\AjaxController.class.php 第 10 行.
NOTIC: [8] Undefined index: aid E:\www\thinkp\Application\Ue\Controller\AjaxController.class.php 第 10 行.
SQL: SHOW COLUMNS FROM `think_page` [ RunTime:0.0074s ]
SQL: SELECT * FROM `think_page` WHERE ( catid=69 ) LIMIT 1   [ RunTime:0.0009s ]
NOTIC: [8] Use of undefined constant content - assumed 'content' E:\www\thinkp\Application\Ue\Controller\AjaxController.class.php 第 14 行.
INFO: [ app_end ] --START--
INFO: Run Behavior\ShowPageTraceBehavior [ RunTime:0.001695s ]
INFO: [ app_end ] --END-- [ RunTime:0.001823s ]

[ 2016-06-17T17:38:19+08:00 ] ::1 /thinkp/index.php/Ue/Ajax/getcontent/cid/69
INFO: [ app_init ] --START--
INFO: Run Behavior\BuildLiteBehavior [ RunTime:0.000025s ]
INFO: [ app_init ] --END-- [ RunTime:0.000642s ]
INFO: [ app_begin ] --START--
INFO: Run Behavior\ReadHtmlCacheBehavior [ RunTime:0.001556s ]
INFO: [ app_begin ] --END-- [ RunTime:0.001686s ]
SQL: SHOW COLUMNS FROM `think_sysconfig` [ RunTime:0.0091s ]
SQL: SELECT * FROM `think_sysconfig` WHERE ( varname='cfg_theme' ) LIMIT 1   [ RunTime:0.0007s ]
SQL: SELECT * FROM `think_sysconfig` WHERE ( varname='cfg_wap' ) LIMIT 1   [ RunTime:0.0008s ]
SQL: SHOW COLUMNS FROM `think_category` [ RunTime:0.0079s ]
SQL: SELECT * FROM `think_category` WHERE ( parentid=0 )  [ RunTime:0.0011s ]
NOTIC: [8] Use of undefined constant cid - assumed 'cid' E:\www\thinkp\Application\Ue\Controller\AjaxController.class.php 第 9 行.
NOTIC: [8] Use of undefined constant aid - assumed 'aid' E:\www\thinkp\Application\Ue\Controller\AjaxController.class.php 第 10 行.
NOTIC: [8] Undefined index: aid E:\www\thinkp\Application\Ue\Controller\AjaxController.class.php 第 10 行.
SQL: SHOW COLUMNS FROM `think_page` [ RunTime:0.0100s ]
SQL: SELECT * FROM `think_page` WHERE ( catid=69 ) LIMIT 1   [ RunTime:0.0009s ]
NOTIC: [8] Use of undefined constant content - assumed 'content' E:\www\thinkp\Application\Ue\Controller\AjaxController.class.php 第 14 行.
INFO: [ app_end ] --START--
INFO: Run Behavior\ShowPageTraceBehavior [ RunTime:0.001259s ]
INFO: [ app_end ] --END-- [ RunTime:0.001357s ]

[ 2016-06-17T17:38:22+08:00 ] ::1 /thinkp/index.php/Ue/Ajax/getcontent/cid/68
INFO: [ app_init ] --START--
INFO: Run Behavior\BuildLiteBehavior [ RunTime:0.000030s ]
INFO: [ app_init ] --END-- [ RunTime:0.000877s ]
INFO: [ app_begin ] --START--
INFO: Run Behavior\ReadHtmlCacheBehavior [ RunTime:0.001096s ]
INFO: [ app_begin ] --END-- [ RunTime:0.001236s ]
SQL: SHOW COLUMNS FROM `think_sysconfig` [ RunTime:0.0099s ]
SQL: SELECT * FROM `think_sysconfig` WHERE ( varname='cfg_theme' ) LIMIT 1   [ RunTime:0.0008s ]
SQL: SELECT * FROM `think_sysconfig` WHERE ( varname='cfg_wap' ) LIMIT 1   [ RunTime:0.0007s ]
SQL: SHOW COLUMNS FROM `think_category` [ RunTime:0.0090s ]
SQL: SELECT * FROM `think_category` WHERE ( parentid=0 )  [ RunTime:0.0008s ]
NOTIC: [8] Use of undefined constant cid - assumed 'cid' E:\www\thinkp\Application\Ue\Controller\AjaxController.class.php 第 9 行.
NOTIC: [8] Use of undefined constant aid - assumed 'aid' E:\www\thinkp\Application\Ue\Controller\AjaxController.class.php 第 10 行.
NOTIC: [8] Undefined index: aid E:\www\thinkp\Application\Ue\Controller\AjaxController.class.php 第 10 行.
SQL: SHOW COLUMNS FROM `think_page` [ RunTime:0.0103s ]
SQL: SELECT * FROM `think_page` WHERE ( catid=68 ) LIMIT 1   [ RunTime:0.0010s ]
NOTIC: [8] Use of undefined constant content - assumed 'content' E:\www\thinkp\Application\Ue\Controller\AjaxController.class.php 第 14 行.
INFO: [ app_end ] --START--
INFO: Run Behavior\ShowPageTraceBehavior [ RunTime:0.002151s ]
INFO: [ app_end ] --END-- [ RunTime:0.002440s ]

[ 2016-06-17T17:38:23+08:00 ] ::1 /thinkp/index.php/Ue/Ajax/getcontent/cid/67
INFO: [ app_init ] --START--
INFO: Run Behavior\BuildLiteBehavior [ RunTime:0.000091s ]
INFO: [ app_init ] --END-- [ RunTime:0.002603s ]
INFO: [ app_begin ] --START--
INFO: Run Behavior\ReadHtmlCacheBehavior [ RunTime:0.002158s ]
INFO: [ app_begin ] --END-- [ RunTime:0.002318s ]
SQL: SHOW COLUMNS FROM `think_sysconfig` [ RunTime:0.0067s ]
SQL: SELECT * FROM `think_sysconfig` WHERE ( varname='cfg_theme' ) LIMIT 1   [ RunTime:0.0010s ]
SQL: SELECT * FROM `think_sysconfig` WHERE ( varname='cfg_wap' ) LIMIT 1   [ RunTime:0.0008s ]
SQL: SHOW COLUMNS FROM `think_category` [ RunTime:0.0079s ]
SQL: SELECT * FROM `think_category` WHERE ( parentid=0 )  [ RunTime:0.0009s ]
NOTIC: [8] Use of undefined constant cid - assumed 'cid' E:\www\thinkp\Application\Ue\Controller\AjaxController.class.php 第 9 行.
NOTIC: [8] Use of undefined constant aid - assumed 'aid' E:\www\thinkp\Application\Ue\Controller\AjaxController.class.php 第 10 行.
NOTIC: [8] Undefined index: aid E:\www\thinkp\Application\Ue\Controller\AjaxController.class.php 第 10 行.
SQL: SHOW COLUMNS FROM `think_page` [ RunTime:0.0085s ]
SQL: SELECT * FROM `think_page` WHERE ( catid=67 ) LIMIT 1   [ RunTime:0.0007s ]
NOTIC: [8] Use of undefined constant content - assumed 'content' E:\www\thinkp\Application\Ue\Controller\AjaxController.class.php 第 14 行.
INFO: [ app_end ] --START--
INFO: Run Behavior\ShowPageTraceBehavior [ RunTime:0.001540s ]
INFO: [ app_end ] --END-- [ RunTime:0.001653s ]

[ 2016-06-17T18:03:50+08:00 ] ::1 /thinkp/
INFO: [ app_init ] --START--
INFO: Run Behavior\BuildLiteBehavior [ RunTime:0.000029s ]
INFO: [ app_init ] --END-- [ RunTime:0.000902s ]
INFO: [ app_begin ] --START--
INFO: Run Behavior\ReadHtmlCacheBehavior [ RunTime:0.003184s ]
INFO: [ app_begin ] --END-- [ RunTime:0.003344s ]
SQL: SHOW COLUMNS FROM `think_sysconfig` [ RunTime:0.0063s ]
SQL: SELECT * FROM `think_sysconfig` WHERE ( varname='cfg_theme' ) LIMIT 1   [ RunTime:0.0007s ]
SQL: SELECT * FROM `think_sysconfig` WHERE ( varname='cfg_wap' ) LIMIT 1   [ RunTime:0.0010s ]
SQL: SHOW COLUMNS FROM `think_category` [ RunTime:0.0068s ]
SQL: SELECT * FROM `think_category` WHERE ( parentid=0 )  [ RunTime:0.0009s ]
INFO: [ view_parse ] --START--
INFO: [ template_filter ] --START--
INFO: Run Behavior\ContentReplaceBehavior [ RunTime:0.000083s ]
INFO: [ template_filter ] --END-- [ RunTime:0.000182s ]
NOTIC: [8] Undefined index: cid E:\www\thinkp\Application\Ue\Common\function.php 第 32 行.
NOTIC: [8] Undefined index: aid E:\www\thinkp\Application\Ue\Common\function.php 第 33 行.
SQL: SELECT * FROM `think_sysconfig` WHERE ( varname='cfg_description' ) LIMIT 1   [ RunTime:0.0010s ]
NOTIC: [8] Undefined index: cid E:\www\thinkp\Application\Ue\Common\function.php 第 32 行.
NOTIC: [8] Undefined index: aid E:\www\thinkp\Application\Ue\Common\function.php 第 33 行.
SQL: SELECT * FROM `think_sysconfig` WHERE ( varname='cfg_keywords' ) LIMIT 1   [ RunTime:0.0006s ]
NOTIC: [8] Use of undefined constant cfg_webname - assumed 'cfg_webname' E:\www\thinkp\Application\Runtime\Cache\Ue\0506db7323ed060f47824f98c0eae460.php 第 12 行.
SQL: SELECT * FROM `think_sysconfig` WHERE ( varname='cfg_webname' ) LIMIT 1   [ RunTime:0.0006s ]
NOTIC: [2] Missing argument 2 for getcategory(), called in E:\www\thinkp\Application\Runtime\Cache\Ue\0506db7323ed060f47824f98c0eae460.php on line 21 and defined E:\www\thinkp\Application\Ue\Common\function.php 第 79 行.
SQL: SELECT * FROM `think_category` WHERE ( parentid=0 ) ORDER BY listorder  [ RunTime:0.0008s ]
NOTIC: [8] Undefined index: cid E:\www\thinkp\Application\Ue\Common\function.php 第 105 行.
SQL: SELECT * FROM `think_category` WHERE ( catid=1 ) LIMIT 1   [ RunTime:0.0008s ]
NOTIC: [8] Undefined index: cid E:\www\thinkp\Application\Ue\Common\function.php 第 105 行.
SQL: SELECT * FROM `think_category` WHERE ( catid=6 ) LIMIT 1   [ RunTime:0.0010s ]
NOTIC: [8] Undefined index: cid E:\www\thinkp\Application\Ue\Common\function.php 第 105 行.
SQL: SELECT * FROM `think_category` WHERE ( catid=4 ) LIMIT 1   [ RunTime:0.0007s ]
NOTIC: [8] Undefined index: cid E:\www\thinkp\Application\Ue\Common\function.php 第 105 行.
SQL: SELECT * FROM `think_category` WHERE ( catid=54 ) LIMIT 1   [ RunTime:0.0010s ]
NOTIC: [8] Undefined index: cid E:\www\thinkp\Application\Ue\Common\function.php 第 105 行.
SQL: SELECT * FROM `think_category` WHERE ( catid=7 ) LIMIT 1   [ RunTime:0.0010s ]
NOTIC: [2] Missing argument 2 for getcategory(), called in E:\www\thinkp\Application\Runtime\Cache\Ue\0506db7323ed060f47824f98c0eae460.php on line 28 and defined E:\www\thinkp\Application\Ue\Common\function.php 第 79 行.
SQL: SELECT * FROM `think_category` WHERE ( parentid=0 ) ORDER BY listorder  [ RunTime:0.0011s ]
NOTIC: [8] Undefined index: cid E:\www\thinkp\Application\Ue\Common\function.php 第 105 行.
SQL: SELECT * FROM `think_category` WHERE ( catid=1 ) LIMIT 1   [ RunTime:0.0014s ]
NOTIC: [8] Undefined index: cid E:\www\thinkp\Application\Ue\Common\function.php 第 105 行.
SQL: SELECT * FROM `think_category` WHERE ( catid=6 ) LIMIT 1   [ RunTime:0.0012s ]
NOTIC: [8] Undefined index: cid E:\www\thinkp\Application\Ue\Common\function.php 第 105 行.
SQL: SELECT * FROM `think_category` WHERE ( catid=4 ) LIMIT 1   [ RunTime:0.0014s ]
NOTIC: [8] Undefined index: cid E:\www\thinkp\Application\Ue\Common\function.php 第 105 行.
SQL: SELECT * FROM `think_category` WHERE ( catid=54 ) LIMIT 1   [ RunTime:0.0007s ]
NOTIC: [8] Undefined index: cid E:\www\thinkp\Application\Ue\Common\function.php 第 105 行.
SQL: SELECT * FROM `think_category` WHERE ( catid=7 ) LIMIT 1   [ RunTime:0.0006s ]
NOTIC: [8] Use of undefined constant catid - assumed 'catid' E:\www\thinkp\Application\Runtime\Cache\Ue\0506db7323ed060f47824f98c0eae460.php 第 31 行.
SQL: SELECT * FROM `think_category` WHERE ( parentid=1 ) ORDER BY listorder  [ RunTime:0.0009s ]
NOTIC: [8] Undefined index: cid E:\www\thinkp\Application\Ue\Common\function.php 第 105 行.
SQL: SELECT * FROM `think_category` WHERE ( catid=64 ) LIMIT 1   [ RunTime:0.0008s ]
NOTIC: [8] Undefined index: cid E:\www\thinkp\Application\Ue\Common\function.php 第 105 行.
SQL: SELECT * FROM `think_category` WHERE ( catid=34 ) LIMIT 1   [ RunTime:0.0006s ]
NOTIC: [8] Undefined index: cid E:\www\thinkp\Application\Ue\Common\function.php 第 105 行.
SQL: SELECT * FROM `think_category` WHERE ( catid=39 ) LIMIT 1   [ RunTime:0.0006s ]
NOTIC: [8] Undefined index: cid E:\www\thinkp\Application\Ue\Common\function.php 第 105 行.
SQL: SELECT * FROM `think_category` WHERE ( catid=45 ) LIMIT 1   [ RunTime:0.0008s ]
NOTIC: [8] Use of undefined constant catid - assumed 'catid' E:\www\thinkp\Application\Runtime\Cache\Ue\0506db7323ed060f47824f98c0eae460.php 第 31 行.
SQL: SELECT * FROM `think_category` WHERE ( parentid=6 ) ORDER BY listorder  [ RunTime:0.0010s ]
NOTIC: [8] Undefined index: cid E:\www\thinkp\Application\Ue\Common\function.php 第 105 行.
SQL: SELECT * FROM `think_category` WHERE ( catid=51 ) LIMIT 1   [ RunTime:0.0008s ]
NOTIC: [8] Undefined index: cid E:\www\thinkp\Application\Ue\Common\function.php 第 105 行.
SQL: SELECT * FROM `think_category` WHERE ( catid=47 ) LIMIT 1   [ RunTime:0.0006s ]
NOTIC: [8] Undefined index: cid E:\www\thinkp\Application\Ue\Common\function.php 第 105 行.
SQL: SELECT * FROM `think_category` WHERE ( catid=53 ) LIMIT 1   [ RunTime:0.0008s ]
NOTIC: [8] Undefined index: cid E:\www\thinkp\Application\Ue\Common\function.php 第 105 行.
SQL: SELECT * FROM `think_category` WHERE ( catid=52 ) LIMIT 1   [ RunTime:0.0007s ]
NOTIC: [8] Undefined index: cid E:\www\thinkp\Application\Ue\Common\function.php 第 105 行.
SQL: SELECT * FROM `think_category` WHERE ( catid=55 ) LIMIT 1   [ RunTime:0.0006s ]
NOTIC: [8] Use of undefined constant catid - assumed 'catid' E:\www\thinkp\Application\Runtime\Cache\Ue\0506db7323ed060f47824f98c0eae460.php 第 31 行.
SQL: SELECT * FROM `think_category` WHERE ( parentid=4 ) ORDER BY listorder  [ RunTime:0.0010s ]
NOTIC: [8] Undefined index: cid E:\www\thinkp\Application\Ue\Common\function.php 第 105 行.
SQL: SELECT * FROM `think_category` WHERE ( catid=48 ) LIMIT 1   [ RunTime:0.0007s ]
NOTIC: [8] Undefined index: cid E:\www\thinkp\Application\Ue\Common\function.php 第 105 行.
SQL: SELECT * FROM `think_category` WHERE ( catid=50 ) LIMIT 1   [ RunTime:0.0011s ]
NOTIC: [8] Undefined index: cid E:\www\thinkp\Application\Ue\Common\function.php 第 105 行.
SQL: SELECT * FROM `think_category` WHERE ( catid=65 ) LIMIT 1   [ RunTime:0.0007s ]
NOTIC: [8] Undefined index: cid E:\www\thinkp\Application\Ue\Common\function.php 第 105 行.
SQL: SELECT * FROM `think_category` WHERE ( catid=66 ) LIMIT 1   [ RunTime:0.0005s ]
NOTIC: [8] Undefined index: cid E:\www\thinkp\Application\Ue\Common\function.php 第 105 行.
SQL: SELECT * FROM `think_category` WHERE ( catid=67 ) LIMIT 1   [ RunTime:0.0005s ]
NOTIC: [8] Undefined index: cid E:\www\thinkp\Application\Ue\Common\function.php 第 105 行.
SQL: SELECT * FROM `think_category` WHERE ( catid=68 ) LIMIT 1   [ RunTime:0.0006s ]
NOTIC: [8] Undefined index: cid E:\www\thinkp\Application\Ue\Common\function.php 第 105 行.
SQL: SELECT * FROM `think_category` WHERE ( catid=69 ) LIMIT 1   [ RunTime:0.0003s ]
NOTIC: [8] Undefined index: cid E:\www\thinkp\Application\Ue\Common\function.php 第 105 行.
SQL: SELECT * FROM `think_category` WHERE ( catid=70 ) LIMIT 1   [ RunTime:0.0005s ]
NOTIC: [8] Use of undefined constant catid - assumed 'catid' E:\www\thinkp\Application\Runtime\Cache\Ue\0506db7323ed060f47824f98c0eae460.php 第 31 行.
SQL: SELECT * FROM `think_category` WHERE ( parentid=54 ) ORDER BY listorder  [ RunTime:0.0008s ]
NOTIC: [8] Use of undefined constant catid - assumed 'catid' E:\www\thinkp\Application\Runtime\Cache\Ue\0506db7323ed060f47824f98c0eae460.php 第 31 行.
SQL: SELECT * FROM `think_category` WHERE ( parentid=7 ) ORDER BY listorder  [ RunTime:0.0007s ]
NOTIC: [8] Undefined index: cid E:\www\thinkp\Application\Ue\Common\function.php 第 105 行.
SQL: SELECT * FROM `think_category` WHERE ( catid=13 ) LIMIT 1   [ RunTime:0.0006s ]
NOTIC: [8] Undefined index: cid E:\www\thinkp\Application\Ue\Common\function.php 第 105 行.
SQL: SELECT * FROM `think_category` WHERE ( catid=14 ) LIMIT 1   [ RunTime:0.0005s ]
INFO: Run Behavior\ParseTemplateBehavior [ RunTime:0.064453s ]
INFO: [ view_parse ] --END-- [ RunTime:0.064593s ]
INFO: [ view_filter ] --START--
INFO: Run Behavior\WriteHtmlCacheBehavior [ RunTime:0.000991s ]
INFO: [ view_filter ] --END-- [ RunTime:0.001075s ]
INFO: [ app_end ] --START--
INFO: Run Behavior\ShowPageTraceBehavior [ RunTime:0.001578s ]
INFO: [ app_end ] --END-- [ RunTime:0.001704s ]

