[ 2016-08-17T11:03:36+08:00 ] ::1 /thinkv/
INFO: [ app_init ] --START--
INFO: Run Behavior\BuildLiteBehavior [ RunTime:0.000029s ]
INFO: [ app_init ] --END-- [ RunTime:0.044296s ]
INFO: [ app_begin ] --START--
INFO: Run Behavior\ReadHtmlCacheBehavior [ RunTime:0.053903s ]
INFO: [ app_begin ] --END-- [ RunTime:0.054030s ]
SQL: SHOW COLUMNS FROM `think_sysconfig` [ RunTime:0.0430s ]
SQL: SELECT * FROM `think_sysconfig` WHERE ( varname='cfg_theme' ) LIMIT 1   [ RunTime:0.0219s ]
SQL: SELECT * FROM `think_sysconfig` WHERE ( varname='cfg_wap' ) LIMIT 1   [ RunTime:0.0005s ]
SQL: SHOW COLUMNS FROM `think_category` [ RunTime:0.1465s ]
SQL: SELECT * FROM `think_category` WHERE ( parentid=0 )  [ RunTime:0.0007s ]
INFO: [ view_parse ] --START--
INFO: [ template_filter ] --START--
INFO: Run Behavior\ContentReplaceBehavior [ RunTime:0.000092s ]
INFO: [ template_filter ] --END-- [ RunTime:0.000203s ]
NOTIC: [8] Use of undefined constant cfg_webname - assumed 'cfg_webname' E:\www\thinkv\Application\Runtime\Cache\Ue\36bfe89e1e28dbe73425186ed5cc5bf8.php 第 9 行.
SQL: SELECT * FROM `think_sysconfig` WHERE ( varname='cfg_webname' ) LIMIT 1   [ RunTime:0.0006s ]
SQL: SELECT * FROM `think_sysconfig` WHERE ( varname='cfg_indexurl' ) LIMIT 1   [ RunTime:0.0003s ]
NOTIC: [8] Use of undefined constant index_banner - assumed 'index_banner' E:\www\thinkv\Application\Runtime\Cache\Ue\36bfe89e1e28dbe73425186ed5cc5bf8.php 第 30 行.
NOTIC: [8] Use of undefined constant img - assumed 'img' E:\www\thinkv\Application\Runtime\Cache\Ue\36bfe89e1e28dbe73425186ed5cc5bf8.php 第 30 行.
NOTIC: [2] Missing argument 3 for getcatlist(), called in E:\www\thinkv\Application\Runtime\Cache\Ue\36bfe89e1e28dbe73425186ed5cc5bf8.php on line 30 and defined E:\www\thinkv\Application\Ue\Common\function.php 第 342 行.
SQL: SHOW COLUMNS FROM `think_catset_list` [ RunTime:0.2223s ]
NOTIC: [8] Undefined variable: catid E:\www\thinkv\Application\Ue\Common\function.php 第 345 行.
NOTIC: [8] Undefined index: parentid E:\www\thinkv\Application\Ue\Common\function.php 第 347 行.
SQL: SELECT * FROM `think_catset_list` WHERE ( value='index_banner'AND catid = '0' ) LIMIT 1   [ RunTime:0.0006s ]
SQL: SELECT * FROM `think_catset_list` WHERE ( value='index_banner'AND catid = '' ) LIMIT 1   [ RunTime:0.0003s ]
NOTIC: [8] Undefined offset: 1 E:\www\thinkv\Application\Common\Common\function.php 第 124 行.
NOTIC: [8] Uninitialized string offset: 0 E:\www\thinkv\Application\Runtime\Cache\Ue\36bfe89e1e28dbe73425186ed5cc5bf8.php 第 30 行.
SQL: SELECT * FROM `think_sysconfig` WHERE ( varname='cfg_indexurl' ) LIMIT 1   [ RunTime:0.0003s ]
NOTIC: [2] Missing argument 2 for getcategory(), called in E:\www\thinkv\Application\Runtime\Cache\Ue\36bfe89e1e28dbe73425186ed5cc5bf8.php on line 38 and defined E:\www\thinkv\Application\Ue\Common\function.php 第 72 行.
SQL: SELECT * FROM `think_category` WHERE ( usable_type='1' and parentid=0 ) ORDER BY listorder  [ RunTime:0.0004s ]
NOTIC: [8] Undefined variable: catinfos E:\www\thinkv\Application\Ue\Common\function.php 第 133 行.
NOTIC: [8] Undefined variable: catinfot E:\www\thinkv\Application\Ue\Common\function.php 第 133 行.
NOTIC: [8] Use of undefined constant catid - assumed 'catid' E:\www\thinkv\Application\Runtime\Cache\Ue\36bfe89e1e28dbe73425186ed5cc5bf8.php 第 41 行.
SQL: SELECT * FROM `think_category` WHERE ( catid=123 ) LIMIT 1   [ RunTime:0.0004s ]
SQL: SELECT * FROM `think_category` WHERE ( usable_type='1' and parentid=123 ) ORDER BY listorder  [ RunTime:0.0003s ]
NOTIC: [2] Missing argument 3 for getdatalist(), called in E:\www\thinkv\Application\Runtime\Cache\Ue\36bfe89e1e28dbe73425186ed5cc5bf8.php on line 54 and defined E:\www\thinkv\Application\Ue\Common\function.php 第 200 行.
SQL: SELECT * FROM `think_category` WHERE ( catid=81 ) LIMIT 1   [ RunTime:0.0003s ]
NOTIC: [8] Undefined variable: type E:\www\thinkv\Application\Ue\Common\function.php 第 207 行.
ERR: 1146:Table 'thinkv.think_' doesn't exist
 [ SQL语句 ] : SELECT * FROM `think_` WHERE ( `catid` = 81 ) ORDER BY listorder,updatetime desc LIMIT 2  
ERR: 1146:Table 'thinkv.think_' doesn't exist
 [ SQL语句 ] : SELECT * FROM `think_` WHERE ( `catid` = 81 ) ORDER BY listorder,updatetime desc LIMIT 2  

