[ 2016-06-20T13:21:59+08:00 ] ::1 /thinkv_p/
INFO: [ app_init ] --START--
INFO: Run Behavior\BuildLiteBehavior [ RunTime:0.000029s ]
INFO: [ app_init ] --END-- [ RunTime:0.000700s ]
INFO: [ app_begin ] --START--
INFO: Run Behavior\ReadHtmlCacheBehavior [ RunTime:0.001218s ]
INFO: [ app_begin ] --END-- [ RunTime:0.001356s ]
SQL: SHOW COLUMNS FROM `think_sysconfig` [ RunTime:0.0256s ]
SQL: SELECT * FROM `think_sysconfig` WHERE ( varname='cfg_theme' ) LIMIT 1   [ RunTime:0.0013s ]
SQL: SELECT * FROM `think_sysconfig` WHERE ( varname='cfg_wap' ) LIMIT 1   [ RunTime:0.0006s ]
SQL: SHOW COLUMNS FROM `think_category` [ RunTime:0.0276s ]
SQL: SELECT * FROM `think_category` WHERE ( parentid=0 )  [ RunTime:0.0013s ]
INFO: [ view_parse ] --START--
INFO: [ template_filter ] --START--
INFO: Run Behavior\ContentReplaceBehavior [ RunTime:0.000081s ]
INFO: [ template_filter ] --END-- [ RunTime:0.000176s ]
NOTIC: [8] Undefined index: cid E:\www\thinkv_p\Application\Ue\Common\function.php 第 32 行.
NOTIC: [8] Undefined index: aid E:\www\thinkv_p\Application\Ue\Common\function.php 第 33 行.
SQL: SELECT * FROM `think_sysconfig` WHERE ( varname='cfg_description' ) LIMIT 1   [ RunTime:0.0008s ]
NOTIC: [8] Undefined index: cid E:\www\thinkv_p\Application\Ue\Common\function.php 第 32 行.
NOTIC: [8] Undefined index: aid E:\www\thinkv_p\Application\Ue\Common\function.php 第 33 行.
SQL: SELECT * FROM `think_sysconfig` WHERE ( varname='cfg_keywords' ) LIMIT 1   [ RunTime:0.0008s ]
NOTIC: [8] Use of undefined constant cfg_webname - assumed 'cfg_webname' E:\www\thinkv_p\Application\Runtime\Cache\Ue\0506db7323ed060f47824f98c0eae460.php 第 12 行.
SQL: SELECT * FROM `think_sysconfig` WHERE ( varname='cfg_webname' ) LIMIT 1   [ RunTime:0.0007s ]
NOTIC: [2] Missing argument 2 for getcategory(), called in E:\www\thinkv_p\Application\Runtime\Cache\Ue\0506db7323ed060f47824f98c0eae460.php on line 21 and defined E:\www\thinkv_p\Application\Ue\Common\function.php 第 79 行.
SQL: SELECT * FROM `think_category` WHERE ( parentid=0 ) ORDER BY listorder  [ RunTime:0.0008s ]
NOTIC: [8] Undefined index: cid E:\www\thinkv_p\Application\Ue\Common\function.php 第 105 行.
SQL: SELECT * FROM `think_category` WHERE ( catid=1 ) LIMIT 1   [ RunTime:0.0008s ]
NOTIC: [8] Undefined index: cid E:\www\thinkv_p\Application\Ue\Common\function.php 第 105 行.
SQL: SELECT * FROM `think_category` WHERE ( catid=6 ) LIMIT 1   [ RunTime:0.0007s ]
NOTIC: [8] Undefined index: cid E:\www\thinkv_p\Application\Ue\Common\function.php 第 105 行.
SQL: SELECT * FROM `think_category` WHERE ( catid=4 ) LIMIT 1   [ RunTime:0.0003s ]
NOTIC: [8] Undefined index: cid E:\www\thinkv_p\Application\Ue\Common\function.php 第 105 行.
SQL: SELECT * FROM `think_category` WHERE ( catid=54 ) LIMIT 1   [ RunTime:0.0003s ]
NOTIC: [8] Undefined index: cid E:\www\thinkv_p\Application\Ue\Common\function.php 第 105 行.
SQL: SELECT * FROM `think_category` WHERE ( catid=7 ) LIMIT 1   [ RunTime:0.0006s ]
NOTIC: [2] Missing argument 2 for getcategory(), called in E:\www\thinkv_p\Application\Runtime\Cache\Ue\0506db7323ed060f47824f98c0eae460.php on line 28 and defined E:\www\thinkv_p\Application\Ue\Common\function.php 第 79 行.
SQL: SELECT * FROM `think_category` WHERE ( parentid=0 ) ORDER BY listorder  [ RunTime:0.0008s ]
NOTIC: [8] Undefined index: cid E:\www\thinkv_p\Application\Ue\Common\function.php 第 105 行.
SQL: SELECT * FROM `think_category` WHERE ( catid=1 ) LIMIT 1   [ RunTime:0.0007s ]
NOTIC: [8] Undefined index: cid E:\www\thinkv_p\Application\Ue\Common\function.php 第 105 行.
SQL: SELECT * FROM `think_category` WHERE ( catid=6 ) LIMIT 1   [ RunTime:0.0004s ]
NOTIC: [8] Undefined index: cid E:\www\thinkv_p\Application\Ue\Common\function.php 第 105 行.
SQL: SELECT * FROM `think_category` WHERE ( catid=4 ) LIMIT 1   [ RunTime:0.0007s ]
NOTIC: [8] Undefined index: cid E:\www\thinkv_p\Application\Ue\Common\function.php 第 105 行.
SQL: SELECT * FROM `think_category` WHERE ( catid=54 ) LIMIT 1   [ RunTime:0.0010s ]
NOTIC: [8] Undefined index: cid E:\www\thinkv_p\Application\Ue\Common\function.php 第 105 行.
SQL: SELECT * FROM `think_category` WHERE ( catid=7 ) LIMIT 1   [ RunTime:0.0006s ]
NOTIC: [8] Use of undefined constant catid - assumed 'catid' E:\www\thinkv_p\Application\Runtime\Cache\Ue\0506db7323ed060f47824f98c0eae460.php 第 31 行.
SQL: SELECT * FROM `think_category` WHERE ( parentid=1 ) ORDER BY listorder  [ RunTime:0.0008s ]
NOTIC: [8] Undefined index: cid E:\www\thinkv_p\Application\Ue\Common\function.php 第 105 行.
SQL: SELECT * FROM `think_category` WHERE ( catid=64 ) LIMIT 1   [ RunTime:0.0007s ]
NOTIC: [8] Undefined index: cid E:\www\thinkv_p\Application\Ue\Common\function.php 第 105 行.
SQL: SELECT * FROM `think_category` WHERE ( catid=34 ) LIMIT 1   [ RunTime:0.0009s ]
NOTIC: [8] Undefined index: cid E:\www\thinkv_p\Application\Ue\Common\function.php 第 105 行.
SQL: SELECT * FROM `think_category` WHERE ( catid=39 ) LIMIT 1   [ RunTime:0.0007s ]
NOTIC: [8] Undefined index: cid E:\www\thinkv_p\Application\Ue\Common\function.php 第 105 行.
SQL: SELECT * FROM `think_category` WHERE ( catid=45 ) LIMIT 1   [ RunTime:0.0004s ]
NOTIC: [8] Use of undefined constant catid - assumed 'catid' E:\www\thinkv_p\Application\Runtime\Cache\Ue\0506db7323ed060f47824f98c0eae460.php 第 31 行.
SQL: SELECT * FROM `think_category` WHERE ( parentid=6 ) ORDER BY listorder  [ RunTime:0.0004s ]
NOTIC: [8] Undefined index: cid E:\www\thinkv_p\Application\Ue\Common\function.php 第 105 行.
SQL: SELECT * FROM `think_category` WHERE ( catid=51 ) LIMIT 1   [ RunTime:0.0007s ]
NOTIC: [8] Undefined index: cid E:\www\thinkv_p\Application\Ue\Common\function.php 第 105 行.
SQL: SELECT * FROM `think_category` WHERE ( catid=47 ) LIMIT 1   [ RunTime:0.0008s ]
NOTIC: [8] Undefined index: cid E:\www\thinkv_p\Application\Ue\Common\function.php 第 105 行.
SQL: SELECT * FROM `think_category` WHERE ( catid=53 ) LIMIT 1   [ RunTime:0.0008s ]
NOTIC: [8] Undefined index: cid E:\www\thinkv_p\Application\Ue\Common\function.php 第 105 行.
SQL: SELECT * FROM `think_category` WHERE ( catid=52 ) LIMIT 1   [ RunTime:0.0007s ]
NOTIC: [8] Undefined index: cid E:\www\thinkv_p\Application\Ue\Common\function.php 第 105 行.
SQL: SELECT * FROM `think_category` WHERE ( catid=55 ) LIMIT 1   [ RunTime:0.0003s ]
NOTIC: [8] Use of undefined constant catid - assumed 'catid' E:\www\thinkv_p\Application\Runtime\Cache\Ue\0506db7323ed060f47824f98c0eae460.php 第 31 行.
SQL: SELECT * FROM `think_category` WHERE ( parentid=4 ) ORDER BY listorder  [ RunTime:0.0009s ]
NOTIC: [8] Undefined index: cid E:\www\thinkv_p\Application\Ue\Common\function.php 第 105 行.
SQL: SELECT * FROM `think_category` WHERE ( catid=48 ) LIMIT 1   [ RunTime:0.0006s ]
NOTIC: [8] Undefined index: cid E:\www\thinkv_p\Application\Ue\Common\function.php 第 105 行.
SQL: SELECT * FROM `think_category` WHERE ( catid=50 ) LIMIT 1   [ RunTime:0.0003s ]
NOTIC: [8] Undefined index: cid E:\www\thinkv_p\Application\Ue\Common\function.php 第 105 行.
SQL: SELECT * FROM `think_category` WHERE ( catid=65 ) LIMIT 1   [ RunTime:0.0003s ]
NOTIC: [8] Undefined index: cid E:\www\thinkv_p\Application\Ue\Common\function.php 第 105 行.
SQL: SELECT * FROM `think_category` WHERE ( catid=66 ) LIMIT 1   [ RunTime:0.0003s ]
NOTIC: [8] Undefined index: cid E:\www\thinkv_p\Application\Ue\Common\function.php 第 105 行.
SQL: SELECT * FROM `think_category` WHERE ( catid=67 ) LIMIT 1   [ RunTime:0.0003s ]
NOTIC: [8] Undefined index: cid E:\www\thinkv_p\Application\Ue\Common\function.php 第 105 行.
SQL: SELECT * FROM `think_category` WHERE ( catid=68 ) LIMIT 1   [ RunTime:0.0003s ]
NOTIC: [8] Undefined index: cid E:\www\thinkv_p\Application\Ue\Common\function.php 第 105 行.
SQL: SELECT * FROM `think_category` WHERE ( catid=69 ) LIMIT 1   [ RunTime:0.0003s ]
NOTIC: [8] Undefined index: cid E:\www\thinkv_p\Application\Ue\Common\function.php 第 105 行.
SQL: SELECT * FROM `think_category` WHERE ( catid=70 ) LIMIT 1   [ RunTime:0.0003s ]
NOTIC: [8] Use of undefined constant catid - assumed 'catid' E:\www\thinkv_p\Application\Runtime\Cache\Ue\0506db7323ed060f47824f98c0eae460.php 第 31 行.
SQL: SELECT * FROM `think_category` WHERE ( parentid=54 ) ORDER BY listorder  [ RunTime:0.0003s ]
NOTIC: [8] Use of undefined constant catid - assumed 'catid' E:\www\thinkv_p\Application\Runtime\Cache\Ue\0506db7323ed060f47824f98c0eae460.php 第 31 行.
SQL: SELECT * FROM `think_category` WHERE ( parentid=7 ) ORDER BY listorder  [ RunTime:0.0004s ]
NOTIC: [8] Undefined index: cid E:\www\thinkv_p\Application\Ue\Common\function.php 第 105 行.
SQL: SELECT * FROM `think_category` WHERE ( catid=13 ) LIMIT 1   [ RunTime:0.0005s ]
NOTIC: [8] Undefined index: cid E:\www\thinkv_p\Application\Ue\Common\function.php 第 105 行.
SQL: SELECT * FROM `think_category` WHERE ( catid=14 ) LIMIT 1   [ RunTime:0.0003s ]
INFO: Run Behavior\ParseTemplateBehavior [ RunTime:0.050036s ]
INFO: [ view_parse ] --END-- [ RunTime:0.050117s ]
INFO: [ view_filter ] --START--
INFO: Run Behavior\WriteHtmlCacheBehavior [ RunTime:0.000875s ]
INFO: [ view_filter ] --END-- [ RunTime:0.000967s ]
INFO: [ app_end ] --START--
INFO: Run Behavior\ShowPageTraceBehavior [ RunTime:0.001138s ]
INFO: [ app_end ] --END-- [ RunTime:0.001239s ]

[ 2016-06-20T13:53:36+08:00 ] ::1 /thinkv_p/index.php/
INFO: [ app_init ] --START--
INFO: Run Behavior\BuildLiteBehavior [ RunTime:0.000030s ]
INFO: [ app_init ] --END-- [ RunTime:0.001360s ]
INFO: [ app_begin ] --START--
INFO: Run Behavior\ReadHtmlCacheBehavior [ RunTime:0.001560s ]
INFO: [ app_begin ] --END-- [ RunTime:0.001686s ]
SQL: SHOW COLUMNS FROM `think_sysconfig` [ RunTime:0.0189s ]
SQL: SELECT * FROM `think_sysconfig` WHERE ( varname='cfg_theme' ) LIMIT 1   [ RunTime:0.0008s ]
SQL: SELECT * FROM `think_sysconfig` WHERE ( varname='cfg_wap' ) LIMIT 1   [ RunTime:0.0007s ]
SQL: SHOW COLUMNS FROM `think_category` [ RunTime:0.0091s ]
SQL: SELECT * FROM `think_category` WHERE ( parentid=0 )  [ RunTime:0.0009s ]
ERR: 模板不存在:./Theme/Ue/default/pc//index.html

[ 2016-06-20T14:12:15+08:00 ] ::1 /feiyu/
INFO: [ app_init ] --START--
INFO: Run Behavior\BuildLiteBehavior [ RunTime:0.000000s ]
INFO: [ app_init ] --END-- [ RunTime:0.001000s ]
INFO: [ app_begin ] --START--
INFO: Run Behavior\ReadHtmlCacheBehavior [ RunTime:0.001000s ]
INFO: [ app_begin ] --END-- [ RunTime:0.001000s ]
ERR: SQLSTATE[42000] [1049] Unknown database 'fff'

[ 2016-06-20T14:21:48+08:00 ] ::1 /feiyu/
INFO: [ app_init ] --START--
INFO: Run Behavior\BuildLiteBehavior [ RunTime:0.000000s ]
INFO: [ app_init ] --END-- [ RunTime:0.001000s ]
INFO: [ app_begin ] --START--
INFO: Run Behavior\ReadHtmlCacheBehavior [ RunTime:0.001000s ]
INFO: [ app_begin ] --END-- [ RunTime:0.001000s ]
SQL: SHOW COLUMNS FROM `think_sysconfig` [ RunTime:0.0050s ]
SQL: SELECT * FROM `think_sysconfig` WHERE ( varname='cfg_theme' ) LIMIT 1   [ RunTime:0.0010s ]
SQL: SELECT * FROM `think_sysconfig` WHERE ( varname='cfg_wap' ) LIMIT 1   [ RunTime:0.0000s ]
SQL: SHOW COLUMNS FROM `think_category` [ RunTime:0.0070s ]
SQL: SELECT * FROM `think_category` WHERE ( parentid=0 )  [ RunTime:0.0000s ]
INFO: [ view_parse ] --START--
INFO: [ template_filter ] --START--
INFO: Run Behavior\ContentReplaceBehavior [ RunTime:0.000000s ]
INFO: [ template_filter ] --END-- [ RunTime:0.000000s ]
INFO: Run Behavior\ParseTemplateBehavior [ RunTime:0.011001s ]
INFO: [ view_parse ] --END-- [ RunTime:0.011001s ]
INFO: [ view_filter ] --START--
INFO: Run Behavior\WriteHtmlCacheBehavior [ RunTime:0.001000s ]
INFO: [ view_filter ] --END-- [ RunTime:0.001000s ]
INFO: [ app_end ] --START--
INFO: Run Behavior\ShowPageTraceBehavior [ RunTime:0.001000s ]
INFO: [ app_end ] --END-- [ RunTime:0.001000s ]

[ 2016-06-20T15:01:20+08:00 ] ::1 /feiyu/
INFO: [ app_init ] --START--
INFO: Run Behavior\BuildLiteBehavior [ RunTime:0.000000s ]
INFO: [ app_init ] --END-- [ RunTime:0.001000s ]
INFO: [ app_begin ] --START--
INFO: Run Behavior\ReadHtmlCacheBehavior [ RunTime:0.001000s ]
INFO: [ app_begin ] --END-- [ RunTime:0.001000s ]
SQL: SHOW COLUMNS FROM `think_sysconfig` [ RunTime:0.0060s ]
SQL: SELECT * FROM `think_sysconfig` WHERE ( varname='cfg_theme' ) LIMIT 1   [ RunTime:0.0000s ]
SQL: SELECT * FROM `think_sysconfig` WHERE ( varname='cfg_wap' ) LIMIT 1   [ RunTime:0.0000s ]
SQL: SHOW COLUMNS FROM `think_category` [ RunTime:0.0060s ]
SQL: SELECT * FROM `think_category` WHERE ( parentid=0 )  [ RunTime:0.0000s ]
INFO: [ view_parse ] --START--
INFO: [ template_filter ] --START--
INFO: Run Behavior\ContentReplaceBehavior [ RunTime:0.000000s ]
INFO: [ template_filter ] --END-- [ RunTime:0.000000s ]
INFO: Run Behavior\ParseTemplateBehavior [ RunTime:0.011000s ]
INFO: [ view_parse ] --END-- [ RunTime:0.011000s ]
INFO: [ view_filter ] --START--
INFO: Run Behavior\WriteHtmlCacheBehavior [ RunTime:0.001000s ]
INFO: [ view_filter ] --END-- [ RunTime:0.001000s ]
INFO: [ app_end ] --START--
INFO: Run Behavior\ShowPageTraceBehavior [ RunTime:0.001000s ]
INFO: [ app_end ] --END-- [ RunTime:0.001000s ]

[ 2016-06-20T15:02:13+08:00 ] ::1 /feiyu/
INFO: [ app_init ] --START--
INFO: Run Behavior\BuildLiteBehavior [ RunTime:0.000000s ]
INFO: [ app_init ] --END-- [ RunTime:0.001000s ]
INFO: [ app_begin ] --START--
INFO: Run Behavior\ReadHtmlCacheBehavior [ RunTime:0.001001s ]
INFO: [ app_begin ] --END-- [ RunTime:0.001001s ]
SQL: SHOW COLUMNS FROM `think_sysconfig` [ RunTime:0.0050s ]
SQL: SELECT * FROM `think_sysconfig` WHERE ( varname='cfg_theme' ) LIMIT 1   [ RunTime:0.0010s ]
SQL: SELECT * FROM `think_sysconfig` WHERE ( varname='cfg_wap' ) LIMIT 1   [ RunTime:0.0010s ]
SQL: SHOW COLUMNS FROM `think_category` [ RunTime:0.0060s ]
SQL: SELECT * FROM `think_category` WHERE ( parentid=0 )  [ RunTime:0.0000s ]
INFO: [ view_parse ] --START--
INFO: [ template_filter ] --START--
INFO: Run Behavior\ContentReplaceBehavior [ RunTime:0.000000s ]
INFO: [ template_filter ] --END-- [ RunTime:0.000000s ]
NOTIC: [8] Use of undefined constant cfg_webname - assumed 'cfg_webname' D:\phpStudy\WWW\feiyu\Application\Runtime\Cache\Ue\808813c6a855567b62439811c82f00f8.php 第 9 行.
SQL: SELECT * FROM `think_sysconfig` WHERE ( varname='cfg_webname' ) LIMIT 1   [ RunTime:0.0000s ]
INFO: Run Behavior\ParseTemplateBehavior [ RunTime:0.011001s ]
INFO: [ view_parse ] --END-- [ RunTime:0.012001s ]
INFO: [ view_filter ] --START--
INFO: Run Behavior\WriteHtmlCacheBehavior [ RunTime:0.000000s ]
INFO: [ view_filter ] --END-- [ RunTime:0.000000s ]
INFO: [ app_end ] --START--
INFO: Run Behavior\ShowPageTraceBehavior [ RunTime:0.001000s ]
INFO: [ app_end ] --END-- [ RunTime:0.001000s ]

[ 2016-06-20T15:02:32+08:00 ] ::1 /feiyu/
INFO: [ app_init ] --START--
INFO: Run Behavior\BuildLiteBehavior [ RunTime:0.000000s ]
INFO: [ app_init ] --END-- [ RunTime:0.001000s ]
INFO: [ app_begin ] --START--
INFO: Run Behavior\ReadHtmlCacheBehavior [ RunTime:0.001000s ]
INFO: [ app_begin ] --END-- [ RunTime:0.001000s ]
SQL: SHOW COLUMNS FROM `think_sysconfig` [ RunTime:0.0060s ]
SQL: SELECT * FROM `think_sysconfig` WHERE ( varname='cfg_theme' ) LIMIT 1   [ RunTime:0.0010s ]
SQL: SELECT * FROM `think_sysconfig` WHERE ( varname='cfg_wap' ) LIMIT 1   [ RunTime:0.0010s ]
SQL: SHOW COLUMNS FROM `think_category` [ RunTime:0.0060s ]
SQL: SELECT * FROM `think_category` WHERE ( parentid=0 )  [ RunTime:0.0000s ]
INFO: [ view_parse ] --START--
INFO: [ template_filter ] --START--
INFO: Run Behavior\ContentReplaceBehavior [ RunTime:0.000000s ]
INFO: [ template_filter ] --END-- [ RunTime:0.000000s ]
NOTIC: [8] Use of undefined constant cfg_webname - assumed 'cfg_webname' D:\phpStudy\WWW\feiyu\Application\Runtime\Cache\Ue\808813c6a855567b62439811c82f00f8.php 第 9 行.
SQL: SELECT * FROM `think_sysconfig` WHERE ( varname='cfg_webname' ) LIMIT 1   [ RunTime:0.0010s ]
INFO: Run Behavior\ParseTemplateBehavior [ RunTime:0.013001s ]
INFO: [ view_parse ] --END-- [ RunTime:0.013001s ]
INFO: [ view_filter ] --START--
INFO: Run Behavior\WriteHtmlCacheBehavior [ RunTime:0.001000s ]
INFO: [ view_filter ] --END-- [ RunTime:0.001000s ]
INFO: [ app_end ] --START--
INFO: Run Behavior\ShowPageTraceBehavior [ RunTime:0.001000s ]
INFO: [ app_end ] --END-- [ RunTime:0.001000s ]

