[ 2016-06-15T08:44:57+08:00 ] ::1 /thinkp/
INFO: [ app_init ] --START--
INFO: Run Behavior\BuildLiteBehavior [ RunTime:0.000027s ]
INFO: [ app_init ] --END-- [ RunTime:0.000616s ]
INFO: [ app_begin ] --START--
INFO: Run Behavior\ReadHtmlCacheBehavior [ RunTime:0.000852s ]
INFO: [ app_begin ] --END-- [ RunTime:0.000969s ]
SQL: SHOW COLUMNS FROM `think_sysconfig` [ RunTime:0.0193s ]
SQL: SELECT * FROM `think_sysconfig` WHERE ( varname='cfg_theme' ) LIMIT 1   [ RunTime:0.0010s ]
SQL: SELECT * FROM `think_sysconfig` WHERE ( varname='cfg_wap' ) LIMIT 1   [ RunTime:0.0003s ]
SQL: SHOW COLUMNS FROM `think_category` [ RunTime:0.0157s ]
SQL: SELECT * FROM `think_category` WHERE ( parentid=0 )  [ RunTime:0.0104s ]
INFO: [ view_parse ] --START--
INFO: [ template_filter ] --START--
INFO: Run Behavior\ContentReplaceBehavior [ RunTime:0.000080s ]
INFO: [ template_filter ] --END-- [ RunTime:0.000174s ]
NOTIC: [8] Undefined index: cid E:\www\thinkp\Application\Ue\Common\function.php 第 32 行.
NOTIC: [8] Undefined index: aid E:\www\thinkp\Application\Ue\Common\function.php 第 33 行.
SQL: SELECT * FROM `think_sysconfig` WHERE ( varname='cfg_description' ) LIMIT 1   [ RunTime:0.0006s ]
NOTIC: [8] Undefined index: cid E:\www\thinkp\Application\Ue\Common\function.php 第 32 行.
NOTIC: [8] Undefined index: aid E:\www\thinkp\Application\Ue\Common\function.php 第 33 行.
SQL: SELECT * FROM `think_sysconfig` WHERE ( varname='cfg_keywords' ) LIMIT 1   [ RunTime:0.0002s ]
NOTIC: [8] Use of undefined constant cfg_webname - assumed 'cfg_webname' E:\www\thinkp\Application\Runtime\Cache\Ue\0506db7323ed060f47824f98c0eae460.php 第 12 行.
SQL: SELECT * FROM `think_sysconfig` WHERE ( varname='cfg_webname' ) LIMIT 1   [ RunTime:0.0002s ]
NOTIC: [2] Missing argument 2 for getcategory(), called in E:\www\thinkp\Application\Runtime\Cache\Ue\0506db7323ed060f47824f98c0eae460.php on line 21 and defined E:\www\thinkp\Application\Ue\Common\function.php 第 79 行.
SQL: SELECT * FROM `think_category` WHERE ( parentid=0 ) ORDER BY listorder  [ RunTime:0.0004s ]
NOTIC: [8] Undefined index: cid E:\www\thinkp\Application\Ue\Common\function.php 第 105 行.
SQL: SELECT * FROM `think_category` WHERE ( catid=1 ) LIMIT 1   [ RunTime:0.0003s ]
NOTIC: [8] Undefined index: cid E:\www\thinkp\Application\Ue\Common\function.php 第 105 行.
SQL: SELECT * FROM `think_category` WHERE ( catid=6 ) LIMIT 1   [ RunTime:0.0003s ]
NOTIC: [8] Undefined index: cid E:\www\thinkp\Application\Ue\Common\function.php 第 105 行.
SQL: SELECT * FROM `think_category` WHERE ( catid=4 ) LIMIT 1   [ RunTime:0.0003s ]
NOTIC: [8] Undefined index: cid E:\www\thinkp\Application\Ue\Common\function.php 第 105 行.
SQL: SELECT * FROM `think_category` WHERE ( catid=54 ) LIMIT 1   [ RunTime:0.0003s ]
NOTIC: [8] Undefined index: cid E:\www\thinkp\Application\Ue\Common\function.php 第 105 行.
SQL: SELECT * FROM `think_category` WHERE ( catid=7 ) LIMIT 1   [ RunTime:0.0003s ]
NOTIC: [2] Missing argument 2 for getcategory(), called in E:\www\thinkp\Application\Runtime\Cache\Ue\0506db7323ed060f47824f98c0eae460.php on line 28 and defined E:\www\thinkp\Application\Ue\Common\function.php 第 79 行.
SQL: SELECT * FROM `think_category` WHERE ( parentid=0 ) ORDER BY listorder  [ RunTime:0.0004s ]
NOTIC: [8] Undefined index: cid E:\www\thinkp\Application\Ue\Common\function.php 第 105 行.
SQL: SELECT * FROM `think_category` WHERE ( catid=1 ) LIMIT 1   [ RunTime:0.0003s ]
NOTIC: [8] Undefined index: cid E:\www\thinkp\Application\Ue\Common\function.php 第 105 行.
SQL: SELECT * FROM `think_category` WHERE ( catid=6 ) LIMIT 1   [ RunTime:0.0003s ]
NOTIC: [8] Undefined index: cid E:\www\thinkp\Application\Ue\Common\function.php 第 105 行.
SQL: SELECT * FROM `think_category` WHERE ( catid=4 ) LIMIT 1   [ RunTime:0.0003s ]
NOTIC: [8] Undefined index: cid E:\www\thinkp\Application\Ue\Common\function.php 第 105 行.
SQL: SELECT * FROM `think_category` WHERE ( catid=54 ) LIMIT 1   [ RunTime:0.0003s ]
NOTIC: [8] Undefined index: cid E:\www\thinkp\Application\Ue\Common\function.php 第 105 行.
SQL: SELECT * FROM `think_category` WHERE ( catid=7 ) LIMIT 1   [ RunTime:0.0003s ]
NOTIC: [8] Use of undefined constant catid - assumed 'catid' E:\www\thinkp\Application\Runtime\Cache\Ue\0506db7323ed060f47824f98c0eae460.php 第 31 行.
SQL: SELECT * FROM `think_category` WHERE ( parentid=1 ) ORDER BY listorder  [ RunTime:0.0004s ]
NOTIC: [8] Undefined index: cid E:\www\thinkp\Application\Ue\Common\function.php 第 105 行.
SQL: SELECT * FROM `think_category` WHERE ( catid=64 ) LIMIT 1   [ RunTime:0.0003s ]
NOTIC: [8] Undefined index: cid E:\www\thinkp\Application\Ue\Common\function.php 第 105 行.
SQL: SELECT * FROM `think_category` WHERE ( catid=34 ) LIMIT 1   [ RunTime:0.0003s ]
NOTIC: [8] Undefined index: cid E:\www\thinkp\Application\Ue\Common\function.php 第 105 行.
SQL: SELECT * FROM `think_category` WHERE ( catid=39 ) LIMIT 1   [ RunTime:0.0003s ]
NOTIC: [8] Undefined index: cid E:\www\thinkp\Application\Ue\Common\function.php 第 105 行.
SQL: SELECT * FROM `think_category` WHERE ( catid=45 ) LIMIT 1   [ RunTime:0.0003s ]
NOTIC: [8] Use of undefined constant catid - assumed 'catid' E:\www\thinkp\Application\Runtime\Cache\Ue\0506db7323ed060f47824f98c0eae460.php 第 31 行.
SQL: SELECT * FROM `think_category` WHERE ( parentid=6 ) ORDER BY listorder  [ RunTime:0.0004s ]
NOTIC: [8] Undefined index: cid E:\www\thinkp\Application\Ue\Common\function.php 第 105 行.
SQL: SELECT * FROM `think_category` WHERE ( catid=51 ) LIMIT 1   [ RunTime:0.0003s ]
NOTIC: [8] Undefined index: cid E:\www\thinkp\Application\Ue\Common\function.php 第 105 行.
SQL: SELECT * FROM `think_category` WHERE ( catid=47 ) LIMIT 1   [ RunTime:0.0003s ]
NOTIC: [8] Undefined index: cid E:\www\thinkp\Application\Ue\Common\function.php 第 105 行.
SQL: SELECT * FROM `think_category` WHERE ( catid=53 ) LIMIT 1   [ RunTime:0.0003s ]
NOTIC: [8] Undefined index: cid E:\www\thinkp\Application\Ue\Common\function.php 第 105 行.
SQL: SELECT * FROM `think_category` WHERE ( catid=52 ) LIMIT 1   [ RunTime:0.0003s ]
NOTIC: [8] Undefined index: cid E:\www\thinkp\Application\Ue\Common\function.php 第 105 行.
SQL: SELECT * FROM `think_category` WHERE ( catid=55 ) LIMIT 1   [ RunTime:0.0004s ]
NOTIC: [8] Use of undefined constant catid - assumed 'catid' E:\www\thinkp\Application\Runtime\Cache\Ue\0506db7323ed060f47824f98c0eae460.php 第 31 行.
SQL: SELECT * FROM `think_category` WHERE ( parentid=4 ) ORDER BY listorder  [ RunTime:0.0005s ]
NOTIC: [8] Undefined index: cid E:\www\thinkp\Application\Ue\Common\function.php 第 105 行.
SQL: SELECT * FROM `think_category` WHERE ( catid=48 ) LIMIT 1   [ RunTime:0.0003s ]
NOTIC: [8] Undefined index: cid E:\www\thinkp\Application\Ue\Common\function.php 第 105 行.
SQL: SELECT * FROM `think_category` WHERE ( catid=50 ) LIMIT 1   [ RunTime:0.0003s ]
NOTIC: [8] Undefined index: cid E:\www\thinkp\Application\Ue\Common\function.php 第 105 行.
SQL: SELECT * FROM `think_category` WHERE ( catid=65 ) LIMIT 1   [ RunTime:0.0003s ]
NOTIC: [8] Undefined index: cid E:\www\thinkp\Application\Ue\Common\function.php 第 105 行.
SQL: SELECT * FROM `think_category` WHERE ( catid=66 ) LIMIT 1   [ RunTime:0.0003s ]
NOTIC: [8] Undefined index: cid E:\www\thinkp\Application\Ue\Common\function.php 第 105 行.
SQL: SELECT * FROM `think_category` WHERE ( catid=67 ) LIMIT 1   [ RunTime:0.0003s ]
NOTIC: [8] Undefined index: cid E:\www\thinkp\Application\Ue\Common\function.php 第 105 行.
SQL: SELECT * FROM `think_category` WHERE ( catid=68 ) LIMIT 1   [ RunTime:0.0003s ]
NOTIC: [8] Undefined index: cid E:\www\thinkp\Application\Ue\Common\function.php 第 105 行.
SQL: SELECT * FROM `think_category` WHERE ( catid=69 ) LIMIT 1   [ RunTime:0.0006s ]
NOTIC: [8] Undefined index: cid E:\www\thinkp\Application\Ue\Common\function.php 第 105 行.
SQL: SELECT * FROM `think_category` WHERE ( catid=70 ) LIMIT 1   [ RunTime:0.0007s ]
NOTIC: [8] Use of undefined constant catid - assumed 'catid' E:\www\thinkp\Application\Runtime\Cache\Ue\0506db7323ed060f47824f98c0eae460.php 第 31 行.
SQL: SELECT * FROM `think_category` WHERE ( parentid=54 ) ORDER BY listorder  [ RunTime:0.0006s ]
NOTIC: [8] Use of undefined constant catid - assumed 'catid' E:\www\thinkp\Application\Runtime\Cache\Ue\0506db7323ed060f47824f98c0eae460.php 第 31 行.
SQL: SELECT * FROM `think_category` WHERE ( parentid=7 ) ORDER BY listorder  [ RunTime:0.0005s ]
NOTIC: [8] Undefined index: cid E:\www\thinkp\Application\Ue\Common\function.php 第 105 行.
SQL: SELECT * FROM `think_category` WHERE ( catid=13 ) LIMIT 1   [ RunTime:0.0003s ]
NOTIC: [8] Undefined index: cid E:\www\thinkp\Application\Ue\Common\function.php 第 105 行.
SQL: SELECT * FROM `think_category` WHERE ( catid=14 ) LIMIT 1   [ RunTime:0.0003s ]
INFO: Run Behavior\ParseTemplateBehavior [ RunTime:0.038342s ]
INFO: [ view_parse ] --END-- [ RunTime:0.038437s ]
INFO: [ view_filter ] --START--
INFO: Run Behavior\WriteHtmlCacheBehavior [ RunTime:0.000724s ]
INFO: [ view_filter ] --END-- [ RunTime:0.000809s ]
INFO: [ app_end ] --START--
INFO: Run Behavior\ShowPageTraceBehavior [ RunTime:0.000992s ]
INFO: [ app_end ] --END-- [ RunTime:0.001088s ]

[ 2016-06-15T08:45:03+08:00 ] ::1 /thinkp/index.php/Ue/Ajax/getcontent/cid/65
INFO: [ app_init ] --START--
INFO: Run Behavior\BuildLiteBehavior [ RunTime:0.000025s ]
INFO: [ app_init ] --END-- [ RunTime:0.000650s ]
INFO: [ app_begin ] --START--
INFO: Run Behavior\ReadHtmlCacheBehavior [ RunTime:0.000928s ]
INFO: [ app_begin ] --END-- [ RunTime:0.001039s ]
SQL: SHOW COLUMNS FROM `think_sysconfig` [ RunTime:0.0054s ]
SQL: SELECT * FROM `think_sysconfig` WHERE ( varname='cfg_theme' ) LIMIT 1   [ RunTime:0.0012s ]
SQL: SELECT * FROM `think_sysconfig` WHERE ( varname='cfg_wap' ) LIMIT 1   [ RunTime:0.0011s ]
SQL: SHOW COLUMNS FROM `think_category` [ RunTime:0.0071s ]
SQL: SELECT * FROM `think_category` WHERE ( parentid=0 )  [ RunTime:0.0012s ]
NOTIC: [8] Use of undefined constant cid - assumed 'cid' E:\www\thinkp\Application\Ue\Controller\AjaxController.class.php 第 9 行.
NOTIC: [8] Use of undefined constant aid - assumed 'aid' E:\www\thinkp\Application\Ue\Controller\AjaxController.class.php 第 10 行.
NOTIC: [8] Undefined index: aid E:\www\thinkp\Application\Ue\Controller\AjaxController.class.php 第 10 行.
SQL: SHOW COLUMNS FROM `think_page` [ RunTime:0.0480s ]
SQL: SELECT * FROM `think_page` WHERE ( catid=65 ) LIMIT 1   [ RunTime:0.0107s ]
NOTIC: [8] Use of undefined constant content - assumed 'content' E:\www\thinkp\Application\Ue\Controller\AjaxController.class.php 第 14 行.
INFO: [ app_end ] --START--
INFO: Run Behavior\ShowPageTraceBehavior [ RunTime:0.001274s ]
INFO: [ app_end ] --END-- [ RunTime:0.001393s ]

[ 2016-06-15T08:45:08+08:00 ] ::1 /thinkp/index.php/Ue/Ajax/getcontent/cid/66
INFO: [ app_init ] --START--
INFO: Run Behavior\BuildLiteBehavior [ RunTime:0.000035s ]
INFO: [ app_init ] --END-- [ RunTime:0.001111s ]
INFO: [ app_begin ] --START--
INFO: Run Behavior\ReadHtmlCacheBehavior [ RunTime:0.000961s ]
INFO: [ app_begin ] --END-- [ RunTime:0.001213s ]
SQL: SHOW COLUMNS FROM `think_sysconfig` [ RunTime:0.0062s ]
SQL: SELECT * FROM `think_sysconfig` WHERE ( varname='cfg_theme' ) LIMIT 1   [ RunTime:0.0009s ]
SQL: SELECT * FROM `think_sysconfig` WHERE ( varname='cfg_wap' ) LIMIT 1   [ RunTime:0.0010s ]
SQL: SHOW COLUMNS FROM `think_category` [ RunTime:0.0078s ]
SQL: SELECT * FROM `think_category` WHERE ( parentid=0 )  [ RunTime:0.0009s ]
NOTIC: [8] Use of undefined constant cid - assumed 'cid' E:\www\thinkp\Application\Ue\Controller\AjaxController.class.php 第 9 行.
NOTIC: [8] Use of undefined constant aid - assumed 'aid' E:\www\thinkp\Application\Ue\Controller\AjaxController.class.php 第 10 行.
NOTIC: [8] Undefined index: aid E:\www\thinkp\Application\Ue\Controller\AjaxController.class.php 第 10 行.
SQL: SHOW COLUMNS FROM `think_page` [ RunTime:0.0052s ]
SQL: SELECT * FROM `think_page` WHERE ( catid=66 ) LIMIT 1   [ RunTime:0.0007s ]
NOTIC: [8] Use of undefined constant content - assumed 'content' E:\www\thinkp\Application\Ue\Controller\AjaxController.class.php 第 14 行.
INFO: [ app_end ] --START--
INFO: Run Behavior\ShowPageTraceBehavior [ RunTime:0.001063s ]
INFO: [ app_end ] --END-- [ RunTime:0.001161s ]

[ 2016-06-15T09:42:23+08:00 ] ::1 /thinkp/
INFO: [ app_init ] --START--
INFO: Run Behavior\BuildLiteBehavior [ RunTime:0.000024s ]
INFO: [ app_init ] --END-- [ RunTime:0.000590s ]
INFO: [ app_begin ] --START--
INFO: Run Behavior\ReadHtmlCacheBehavior [ RunTime:0.000976s ]
INFO: [ app_begin ] --END-- [ RunTime:0.001096s ]
SQL: SHOW COLUMNS FROM `think_sysconfig` [ RunTime:0.0063s ]
SQL: SELECT * FROM `think_sysconfig` WHERE ( varname='cfg_theme' ) LIMIT 1   [ RunTime:0.0005s ]
SQL: SELECT * FROM `think_sysconfig` WHERE ( varname='cfg_wap' ) LIMIT 1   [ RunTime:0.0003s ]
SQL: SHOW COLUMNS FROM `think_category` [ RunTime:0.0073s ]
SQL: SELECT * FROM `think_category` WHERE ( parentid=0 )  [ RunTime:0.0009s ]
INFO: [ view_parse ] --START--
INFO: [ template_filter ] --START--
INFO: Run Behavior\ContentReplaceBehavior [ RunTime:0.000085s ]
INFO: [ template_filter ] --END-- [ RunTime:0.000202s ]
NOTIC: [8] Undefined index: cid E:\www\thinkp\Application\Ue\Common\function.php 第 32 行.
NOTIC: [8] Undefined index: aid E:\www\thinkp\Application\Ue\Common\function.php 第 33 行.
SQL: SELECT * FROM `think_sysconfig` WHERE ( varname='cfg_description' ) LIMIT 1   [ RunTime:0.0008s ]
NOTIC: [8] Undefined index: cid E:\www\thinkp\Application\Ue\Common\function.php 第 32 行.
NOTIC: [8] Undefined index: aid E:\www\thinkp\Application\Ue\Common\function.php 第 33 行.
SQL: SELECT * FROM `think_sysconfig` WHERE ( varname='cfg_keywords' ) LIMIT 1   [ RunTime:0.0008s ]
NOTIC: [8] Use of undefined constant cfg_webname - assumed 'cfg_webname' E:\www\thinkp\Application\Runtime\Cache\Ue\0506db7323ed060f47824f98c0eae460.php 第 12 行.
SQL: SELECT * FROM `think_sysconfig` WHERE ( varname='cfg_webname' ) LIMIT 1   [ RunTime:0.0006s ]
NOTIC: [2] Missing argument 2 for getcategory(), called in E:\www\thinkp\Application\Runtime\Cache\Ue\0506db7323ed060f47824f98c0eae460.php on line 21 and defined E:\www\thinkp\Application\Ue\Common\function.php 第 79 行.
SQL: SELECT * FROM `think_category` WHERE ( parentid=0 ) ORDER BY listorder  [ RunTime:0.0005s ]
NOTIC: [8] Undefined index: cid E:\www\thinkp\Application\Ue\Common\function.php 第 105 行.
SQL: SELECT * FROM `think_category` WHERE ( catid=1 ) LIMIT 1   [ RunTime:0.0003s ]
NOTIC: [8] Undefined index: cid E:\www\thinkp\Application\Ue\Common\function.php 第 105 行.
SQL: SELECT * FROM `think_category` WHERE ( catid=6 ) LIMIT 1   [ RunTime:0.0007s ]
NOTIC: [8] Undefined index: cid E:\www\thinkp\Application\Ue\Common\function.php 第 105 行.
SQL: SELECT * FROM `think_category` WHERE ( catid=4 ) LIMIT 1   [ RunTime:0.0006s ]
NOTIC: [8] Undefined index: cid E:\www\thinkp\Application\Ue\Common\function.php 第 105 行.
SQL: SELECT * FROM `think_category` WHERE ( catid=54 ) LIMIT 1   [ RunTime:0.0003s ]
NOTIC: [8] Undefined index: cid E:\www\thinkp\Application\Ue\Common\function.php 第 105 行.
SQL: SELECT * FROM `think_category` WHERE ( catid=7 ) LIMIT 1   [ RunTime:0.0003s ]
NOTIC: [2] Missing argument 2 for getcategory(), called in E:\www\thinkp\Application\Runtime\Cache\Ue\0506db7323ed060f47824f98c0eae460.php on line 28 and defined E:\www\thinkp\Application\Ue\Common\function.php 第 79 行.
SQL: SELECT * FROM `think_category` WHERE ( parentid=0 ) ORDER BY listorder  [ RunTime:0.0006s ]
NOTIC: [8] Undefined index: cid E:\www\thinkp\Application\Ue\Common\function.php 第 105 行.
SQL: SELECT * FROM `think_category` WHERE ( catid=1 ) LIMIT 1   [ RunTime:0.0007s ]
NOTIC: [8] Undefined index: cid E:\www\thinkp\Application\Ue\Common\function.php 第 105 行.
SQL: SELECT * FROM `think_category` WHERE ( catid=6 ) LIMIT 1   [ RunTime:0.0007s ]
NOTIC: [8] Undefined index: cid E:\www\thinkp\Application\Ue\Common\function.php 第 105 行.
SQL: SELECT * FROM `think_category` WHERE ( catid=4 ) LIMIT 1   [ RunTime:0.0010s ]
NOTIC: [8] Undefined index: cid E:\www\thinkp\Application\Ue\Common\function.php 第 105 行.
SQL: SELECT * FROM `think_category` WHERE ( catid=54 ) LIMIT 1   [ RunTime:0.0012s ]
NOTIC: [8] Undefined index: cid E:\www\thinkp\Application\Ue\Common\function.php 第 105 行.
SQL: SELECT * FROM `think_category` WHERE ( catid=7 ) LIMIT 1   [ RunTime:0.0010s ]
NOTIC: [8] Use of undefined constant catid - assumed 'catid' E:\www\thinkp\Application\Runtime\Cache\Ue\0506db7323ed060f47824f98c0eae460.php 第 31 行.
SQL: SELECT * FROM `think_category` WHERE ( parentid=1 ) ORDER BY listorder  [ RunTime:0.0013s ]
NOTIC: [8] Undefined index: cid E:\www\thinkp\Application\Ue\Common\function.php 第 105 行.
SQL: SELECT * FROM `think_category` WHERE ( catid=64 ) LIMIT 1   [ RunTime:0.0008s ]
NOTIC: [8] Undefined index: cid E:\www\thinkp\Application\Ue\Common\function.php 第 105 行.
SQL: SELECT * FROM `think_category` WHERE ( catid=34 ) LIMIT 1   [ RunTime:0.0006s ]
NOTIC: [8] Undefined index: cid E:\www\thinkp\Application\Ue\Common\function.php 第 105 行.
SQL: SELECT * FROM `think_category` WHERE ( catid=39 ) LIMIT 1   [ RunTime:0.0005s ]
NOTIC: [8] Undefined index: cid E:\www\thinkp\Application\Ue\Common\function.php 第 105 行.
SQL: SELECT * FROM `think_category` WHERE ( catid=45 ) LIMIT 1   [ RunTime:0.0007s ]
NOTIC: [8] Use of undefined constant catid - assumed 'catid' E:\www\thinkp\Application\Runtime\Cache\Ue\0506db7323ed060f47824f98c0eae460.php 第 31 行.
SQL: SELECT * FROM `think_category` WHERE ( parentid=6 ) ORDER BY listorder  [ RunTime:0.0006s ]
NOTIC: [8] Undefined index: cid E:\www\thinkp\Application\Ue\Common\function.php 第 105 行.
SQL: SELECT * FROM `think_category` WHERE ( catid=51 ) LIMIT 1   [ RunTime:0.0004s ]
NOTIC: [8] Undefined index: cid E:\www\thinkp\Application\Ue\Common\function.php 第 105 行.
SQL: SELECT * FROM `think_category` WHERE ( catid=47 ) LIMIT 1   [ RunTime:0.0003s ]
NOTIC: [8] Undefined index: cid E:\www\thinkp\Application\Ue\Common\function.php 第 105 行.
SQL: SELECT * FROM `think_category` WHERE ( catid=53 ) LIMIT 1   [ RunTime:0.0003s ]
NOTIC: [8] Undefined index: cid E:\www\thinkp\Application\Ue\Common\function.php 第 105 行.
SQL: SELECT * FROM `think_category` WHERE ( catid=52 ) LIMIT 1   [ RunTime:0.0007s ]
NOTIC: [8] Undefined index: cid E:\www\thinkp\Application\Ue\Common\function.php 第 105 行.
SQL: SELECT * FROM `think_category` WHERE ( catid=55 ) LIMIT 1   [ RunTime:0.0005s ]
NOTIC: [8] Use of undefined constant catid - assumed 'catid' E:\www\thinkp\Application\Runtime\Cache\Ue\0506db7323ed060f47824f98c0eae460.php 第 31 行.
SQL: SELECT * FROM `think_category` WHERE ( parentid=4 ) ORDER BY listorder  [ RunTime:0.0015s ]
NOTIC: [8] Undefined index: cid E:\www\thinkp\Application\Ue\Common\function.php 第 105 行.
SQL: SELECT * FROM `think_category` WHERE ( catid=48 ) LIMIT 1   [ RunTime:0.0011s ]
NOTIC: [8] Undefined index: cid E:\www\thinkp\Application\Ue\Common\function.php 第 105 行.
SQL: SELECT * FROM `think_category` WHERE ( catid=50 ) LIMIT 1   [ RunTime:0.0006s ]
NOTIC: [8] Undefined index: cid E:\www\thinkp\Application\Ue\Common\function.php 第 105 行.
SQL: SELECT * FROM `think_category` WHERE ( catid=65 ) LIMIT 1   [ RunTime:0.0009s ]
NOTIC: [8] Undefined index: cid E:\www\thinkp\Application\Ue\Common\function.php 第 105 行.
SQL: SELECT * FROM `think_category` WHERE ( catid=66 ) LIMIT 1   [ RunTime:0.0007s ]
NOTIC: [8] Undefined index: cid E:\www\thinkp\Application\Ue\Common\function.php 第 105 行.
SQL: SELECT * FROM `think_category` WHERE ( catid=67 ) LIMIT 1   [ RunTime:0.0006s ]
NOTIC: [8] Undefined index: cid E:\www\thinkp\Application\Ue\Common\function.php 第 105 行.
SQL: SELECT * FROM `think_category` WHERE ( catid=68 ) LIMIT 1   [ RunTime:0.0004s ]
NOTIC: [8] Undefined index: cid E:\www\thinkp\Application\Ue\Common\function.php 第 105 行.
SQL: SELECT * FROM `think_category` WHERE ( catid=69 ) LIMIT 1   [ RunTime:0.0003s ]
NOTIC: [8] Undefined index: cid E:\www\thinkp\Application\Ue\Common\function.php 第 105 行.
SQL: SELECT * FROM `think_category` WHERE ( catid=70 ) LIMIT 1   [ RunTime:0.0006s ]
NOTIC: [8] Use of undefined constant catid - assumed 'catid' E:\www\thinkp\Application\Runtime\Cache\Ue\0506db7323ed060f47824f98c0eae460.php 第 31 行.
SQL: SELECT * FROM `think_category` WHERE ( parentid=54 ) ORDER BY listorder  [ RunTime:0.0004s ]
NOTIC: [8] Use of undefined constant catid - assumed 'catid' E:\www\thinkp\Application\Runtime\Cache\Ue\0506db7323ed060f47824f98c0eae460.php 第 31 行.
SQL: SELECT * FROM `think_category` WHERE ( parentid=7 ) ORDER BY listorder  [ RunTime:0.0004s ]
NOTIC: [8] Undefined index: cid E:\www\thinkp\Application\Ue\Common\function.php 第 105 行.
SQL: SELECT * FROM `think_category` WHERE ( catid=13 ) LIMIT 1   [ RunTime:0.0003s ]
NOTIC: [8] Undefined index: cid E:\www\thinkp\Application\Ue\Common\function.php 第 105 行.
SQL: SELECT * FROM `think_category` WHERE ( catid=14 ) LIMIT 1   [ RunTime:0.0003s ]
INFO: Run Behavior\ParseTemplateBehavior [ RunTime:0.055248s ]
INFO: [ view_parse ] --END-- [ RunTime:0.055350s ]
INFO: [ view_filter ] --START--
INFO: Run Behavior\WriteHtmlCacheBehavior [ RunTime:0.000861s ]
INFO: [ view_filter ] --END-- [ RunTime:0.000946s ]
INFO: [ app_end ] --START--
INFO: Run Behavior\ShowPageTraceBehavior [ RunTime:0.001117s ]
INFO: [ app_end ] --END-- [ RunTime:0.001216s ]

[ 2016-06-15T09:42:26+08:00 ] ::1 /thinkp/index.php/Ue/Ajax/getcontent/cid/66
INFO: [ app_init ] --START--
INFO: Run Behavior\BuildLiteBehavior [ RunTime:0.000030s ]
INFO: [ app_init ] --END-- [ RunTime:0.000813s ]
INFO: [ app_begin ] --START--
INFO: Run Behavior\ReadHtmlCacheBehavior [ RunTime:0.001607s ]
INFO: [ app_begin ] --END-- [ RunTime:0.001736s ]
SQL: SHOW COLUMNS FROM `think_sysconfig` [ RunTime:0.0071s ]
SQL: SELECT * FROM `think_sysconfig` WHERE ( varname='cfg_theme' ) LIMIT 1   [ RunTime:0.0008s ]
SQL: SELECT * FROM `think_sysconfig` WHERE ( varname='cfg_wap' ) LIMIT 1   [ RunTime:0.0008s ]
SQL: SHOW COLUMNS FROM `think_category` [ RunTime:0.0075s ]
SQL: SELECT * FROM `think_category` WHERE ( parentid=0 )  [ RunTime:0.0012s ]
NOTIC: [8] Use of undefined constant cid - assumed 'cid' E:\www\thinkp\Application\Ue\Controller\AjaxController.class.php 第 9 行.
NOTIC: [8] Use of undefined constant aid - assumed 'aid' E:\www\thinkp\Application\Ue\Controller\AjaxController.class.php 第 10 行.
NOTIC: [8] Undefined index: aid E:\www\thinkp\Application\Ue\Controller\AjaxController.class.php 第 10 行.
SQL: SHOW COLUMNS FROM `think_page` [ RunTime:0.0056s ]
SQL: SELECT * FROM `think_page` WHERE ( catid=66 ) LIMIT 1   [ RunTime:0.0008s ]
NOTIC: [8] Use of undefined constant content - assumed 'content' E:\www\thinkp\Application\Ue\Controller\AjaxController.class.php 第 14 行.
INFO: [ app_end ] --START--
INFO: Run Behavior\ShowPageTraceBehavior [ RunTime:0.001937s ]
INFO: [ app_end ] --END-- [ RunTime:0.002060s ]

[ 2016-06-15T09:42:39+08:00 ] ::1 /thinkp/index.php/Ue/Ajax/getcontent/cid/67
INFO: [ app_init ] --START--
INFO: Run Behavior\BuildLiteBehavior [ RunTime:0.000036s ]
INFO: [ app_init ] --END-- [ RunTime:0.000915s ]
INFO: [ app_begin ] --START--
INFO: Run Behavior\ReadHtmlCacheBehavior [ RunTime:0.001154s ]
INFO: [ app_begin ] --END-- [ RunTime:0.001290s ]
SQL: SHOW COLUMNS FROM `think_sysconfig` [ RunTime:0.0071s ]
SQL: SELECT * FROM `think_sysconfig` WHERE ( varname='cfg_theme' ) LIMIT 1   [ RunTime:0.0009s ]
SQL: SELECT * FROM `think_sysconfig` WHERE ( varname='cfg_wap' ) LIMIT 1   [ RunTime:0.0007s ]
SQL: SHOW COLUMNS FROM `think_category` [ RunTime:0.0065s ]
SQL: SELECT * FROM `think_category` WHERE ( parentid=0 )  [ RunTime:0.0011s ]
NOTIC: [8] Use of undefined constant cid - assumed 'cid' E:\www\thinkp\Application\Ue\Controller\AjaxController.class.php 第 9 行.
NOTIC: [8] Use of undefined constant aid - assumed 'aid' E:\www\thinkp\Application\Ue\Controller\AjaxController.class.php 第 10 行.
NOTIC: [8] Undefined index: aid E:\www\thinkp\Application\Ue\Controller\AjaxController.class.php 第 10 行.
SQL: SHOW COLUMNS FROM `think_page` [ RunTime:0.0063s ]
SQL: SELECT * FROM `think_page` WHERE ( catid=67 ) LIMIT 1   [ RunTime:0.0009s ]
NOTIC: [8] Use of undefined constant content - assumed 'content' E:\www\thinkp\Application\Ue\Controller\AjaxController.class.php 第 14 行.
INFO: [ app_end ] --START--
INFO: Run Behavior\ShowPageTraceBehavior [ RunTime:0.001424s ]
INFO: [ app_end ] --END-- [ RunTime:0.001544s ]

[ 2016-06-15T09:42:43+08:00 ] ::1 /thinkp/index.php/Ue/Ajax/getcontent/cid/68
INFO: [ app_init ] --START--
INFO: Run Behavior\BuildLiteBehavior [ RunTime:0.000024s ]
INFO: [ app_init ] --END-- [ RunTime:0.000635s ]
INFO: [ app_begin ] --START--
INFO: Run Behavior\ReadHtmlCacheBehavior [ RunTime:0.001342s ]
INFO: [ app_begin ] --END-- [ RunTime:0.001480s ]
SQL: SHOW COLUMNS FROM `think_sysconfig` [ RunTime:0.0055s ]
SQL: SELECT * FROM `think_sysconfig` WHERE ( varname='cfg_theme' ) LIMIT 1   [ RunTime:0.0007s ]
SQL: SELECT * FROM `think_sysconfig` WHERE ( varname='cfg_wap' ) LIMIT 1   [ RunTime:0.0004s ]
SQL: SHOW COLUMNS FROM `think_category` [ RunTime:0.0066s ]
SQL: SELECT * FROM `think_category` WHERE ( parentid=0 )  [ RunTime:0.0011s ]
NOTIC: [8] Use of undefined constant cid - assumed 'cid' E:\www\thinkp\Application\Ue\Controller\AjaxController.class.php 第 9 行.
NOTIC: [8] Use of undefined constant aid - assumed 'aid' E:\www\thinkp\Application\Ue\Controller\AjaxController.class.php 第 10 行.
NOTIC: [8] Undefined index: aid E:\www\thinkp\Application\Ue\Controller\AjaxController.class.php 第 10 行.
SQL: SHOW COLUMNS FROM `think_page` [ RunTime:0.0060s ]
SQL: SELECT * FROM `think_page` WHERE ( catid=68 ) LIMIT 1   [ RunTime:0.0006s ]
NOTIC: [8] Use of undefined constant content - assumed 'content' E:\www\thinkp\Application\Ue\Controller\AjaxController.class.php 第 14 行.
INFO: [ app_end ] --START--
INFO: Run Behavior\ShowPageTraceBehavior [ RunTime:0.001245s ]
INFO: [ app_end ] --END-- [ RunTime:0.001344s ]

