[ 2016-07-10T18:01:25+08:00 ] ::1 /thinkv_p/
INFO: [ app_init ] --START--
INFO: Run Behavior\BuildLiteBehavior [ RunTime:0.000027s ]
INFO: [ app_init ] --END-- [ RunTime:0.000635s ]
INFO: [ app_begin ] --START--
INFO: Run Behavior\ReadHtmlCacheBehavior [ RunTime:0.001325s ]
INFO: [ app_begin ] --END-- [ RunTime:0.001480s ]
SQL: SHOW COLUMNS FROM `think_sysconfig` [ RunTime:0.0058s ]
SQL: SELECT * FROM `think_sysconfig` WHERE ( varname='cfg_theme' ) LIMIT 1   [ RunTime:0.0006s ]
SQL: SELECT * FROM `think_sysconfig` WHERE ( varname='cfg_wap' ) LIMIT 1   [ RunTime:0.0003s ]
SQL: SHOW COLUMNS FROM `think_category` [ RunTime:0.0077s ]
SQL: SELECT * FROM `think_category` WHERE ( parentid=0 )  [ RunTime:0.0010s ]
ERR: 模板不存在:./Theme/Ue/najia/pc//index.html

[ 2016-07-10T19:14:26+08:00 ] ::1 /thinkv_p/
INFO: [ app_init ] --START--
INFO: Run Behavior\BuildLiteBehavior [ RunTime:0.000027s ]
INFO: [ app_init ] --END-- [ RunTime:0.000627s ]
INFO: [ app_begin ] --START--
INFO: Run Behavior\ReadHtmlCacheBehavior [ RunTime:0.001109s ]
INFO: [ app_begin ] --END-- [ RunTime:0.001226s ]
SQL: SHOW COLUMNS FROM `think_sysconfig` [ RunTime:0.0058s ]
SQL: SELECT * FROM `think_sysconfig` WHERE ( varname='cfg_theme' ) LIMIT 1   [ RunTime:0.0008s ]
SQL: SELECT * FROM `think_sysconfig` WHERE ( varname='cfg_wap' ) LIMIT 1   [ RunTime:0.0009s ]
SQL: SHOW COLUMNS FROM `think_category` [ RunTime:0.0079s ]
SQL: SELECT * FROM `think_category` WHERE ( parentid=0 )  [ RunTime:0.0009s ]
INFO: [ view_parse ] --START--
INFO: [ template_filter ] --START--
INFO: Run Behavior\ContentReplaceBehavior [ RunTime:0.000091s ]
INFO: [ template_filter ] --END-- [ RunTime:0.000207s ]
NOTIC: [8] Use of undefined constant cfg_webname - assumed 'cfg_webname' E:\www\thinkv_p\Application\Runtime\Cache\Ue\36bfe89e1e28dbe73425186ed5cc5bf8.php 第 9 行.
SQL: SELECT * FROM `think_sysconfig` WHERE ( varname='cfg_webname' ) LIMIT 1   [ RunTime:0.0007s ]
SQL: SELECT * FROM `think_sysconfig` WHERE ( varname='cfg_indexurl' ) LIMIT 1   [ RunTime:0.0007s ]
NOTIC: [8] Use of undefined constant index_banner - assumed 'index_banner' E:\www\thinkv_p\Application\Runtime\Cache\Ue\36bfe89e1e28dbe73425186ed5cc5bf8.php 第 30 行.
NOTIC: [8] Use of undefined constant img - assumed 'img' E:\www\thinkv_p\Application\Runtime\Cache\Ue\36bfe89e1e28dbe73425186ed5cc5bf8.php 第 30 行.
NOTIC: [2] Missing argument 3 for getcatlist(), called in E:\www\thinkv_p\Application\Runtime\Cache\Ue\36bfe89e1e28dbe73425186ed5cc5bf8.php on line 30 and defined E:\www\thinkv_p\Application\Ue\Common\function.php 第 335 行.
SQL: SHOW COLUMNS FROM `think_catset_list` [ RunTime:0.0071s ]
NOTIC: [8] Undefined variable: catid E:\www\thinkv_p\Application\Ue\Common\function.php 第 338 行.
NOTIC: [8] Undefined index: parentid E:\www\thinkv_p\Application\Ue\Common\function.php 第 340 行.
SQL: SELECT * FROM `think_catset_list` WHERE ( value='index_banner'AND catid = '0' ) LIMIT 1   [ RunTime:0.0008s ]
SQL: SELECT * FROM `think_catset_list` WHERE ( value='index_banner'AND catid = '' ) LIMIT 1   [ RunTime:0.0007s ]
NOTIC: [8] Undefined offset: 1 E:\www\thinkv_p\Application\Common\Common\function.php 第 92 行.
NOTIC: [8] Uninitialized string offset: 0 E:\www\thinkv_p\Application\Runtime\Cache\Ue\36bfe89e1e28dbe73425186ed5cc5bf8.php 第 30 行.
SQL: SELECT * FROM `think_sysconfig` WHERE ( varname='cfg_indexurl' ) LIMIT 1   [ RunTime:0.0005s ]
NOTIC: [2] Missing argument 2 for getcategory(), called in E:\www\thinkv_p\Application\Runtime\Cache\Ue\36bfe89e1e28dbe73425186ed5cc5bf8.php on line 38 and defined E:\www\thinkv_p\Application\Ue\Common\function.php 第 72 行.
NOTIC: [2] Missing argument 3 for getcategory(), called in E:\www\thinkv_p\Application\Runtime\Cache\Ue\36bfe89e1e28dbe73425186ed5cc5bf8.php on line 38 and defined E:\www\thinkv_p\Application\Ue\Common\function.php 第 72 行.
SQL: SELECT * FROM `think_category` WHERE ( parentid=0 ) ORDER BY listorder  [ RunTime:0.0007s ]
NOTIC: [8] Undefined variable: catinfos E:\www\thinkv_p\Application\Ue\Common\function.php 第 126 行.
NOTIC: [8] Undefined variable: catinfot E:\www\thinkv_p\Application\Ue\Common\function.php 第 126 行.
NOTIC: [8] Undefined variable: catinfos E:\www\thinkv_p\Application\Ue\Common\function.php 第 126 行.
NOTIC: [8] Undefined variable: catinfot E:\www\thinkv_p\Application\Ue\Common\function.php 第 126 行.
NOTIC: [8] Use of undefined constant catid - assumed 'catid' E:\www\thinkv_p\Application\Runtime\Cache\Ue\36bfe89e1e28dbe73425186ed5cc5bf8.php 第 41 行.
NOTIC: [2] Missing argument 3 for getcategory(), called in E:\www\thinkv_p\Application\Runtime\Cache\Ue\36bfe89e1e28dbe73425186ed5cc5bf8.php on line 41 and defined E:\www\thinkv_p\Application\Ue\Common\function.php 第 72 行.
NOTIC: [8] Undefined variable: usable E:\www\thinkv_p\Application\Ue\Common\function.php 第 78 行.
SQL: SELECT * FROM `think_category` WHERE ( usable_type=1 and parentid=118 ) ORDER BY listorder  [ RunTime:0.0004s ]
NOTIC: [8] Use of undefined constant catid - assumed 'catid' E:\www\thinkv_p\Application\Runtime\Cache\Ue\36bfe89e1e28dbe73425186ed5cc5bf8.php 第 41 行.
NOTIC: [2] Missing argument 3 for getcategory(), called in E:\www\thinkv_p\Application\Runtime\Cache\Ue\36bfe89e1e28dbe73425186ed5cc5bf8.php on line 41 and defined E:\www\thinkv_p\Application\Ue\Common\function.php 第 72 行.
NOTIC: [8] Undefined variable: usable E:\www\thinkv_p\Application\Ue\Common\function.php 第 78 行.
SQL: SELECT * FROM `think_category` WHERE ( usable_type=1 and parentid=122 ) ORDER BY listorder  [ RunTime:0.0004s ]
NOTIC: [2] Missing argument 3 for getdatalist(), called in E:\www\thinkv_p\Application\Runtime\Cache\Ue\36bfe89e1e28dbe73425186ed5cc5bf8.php on line 54 and defined E:\www\thinkv_p\Application\Ue\Common\function.php 第 193 行.
SQL: SELECT * FROM `think_category` WHERE ( catid=81 ) LIMIT 1   [ RunTime:0.0003s ]
NOTIC: [8] Undefined variable: type E:\www\thinkv_p\Application\Ue\Common\function.php 第 200 行.
ERR: 1146:Table 'thinkpf.think_' doesn't exist
 [ SQL语句 ] : SELECT * FROM `think_` WHERE ( `catid` = 81 ) ORDER BY listorder,updatetime desc LIMIT 2  
ERR: 1146:Table 'thinkpf.think_' doesn't exist
 [ SQL语句 ] : SELECT * FROM `think_` WHERE ( `catid` = 81 ) ORDER BY listorder,updatetime desc LIMIT 2  

[ 2016-07-10T19:14:37+08:00 ] ::1 /thinkv_p/
INFO: [ app_init ] --START--
INFO: Run Behavior\BuildLiteBehavior [ RunTime:0.000023s ]
INFO: [ app_init ] --END-- [ RunTime:0.000571s ]
INFO: [ app_begin ] --START--
INFO: Run Behavior\ReadHtmlCacheBehavior [ RunTime:0.001045s ]
INFO: [ app_begin ] --END-- [ RunTime:0.001149s ]
SQL: SHOW COLUMNS FROM `think_sysconfig` [ RunTime:0.0060s ]
SQL: SELECT * FROM `think_sysconfig` WHERE ( varname='cfg_theme' ) LIMIT 1   [ RunTime:0.0005s ]
SQL: SELECT * FROM `think_sysconfig` WHERE ( varname='cfg_wap' ) LIMIT 1   [ RunTime:0.0003s ]
SQL: SHOW COLUMNS FROM `think_category` [ RunTime:0.0064s ]
SQL: SELECT * FROM `think_category` WHERE ( parentid=0 )  [ RunTime:0.0007s ]
INFO: [ view_parse ] --START--
INFO: [ template_filter ] --START--
INFO: Run Behavior\ContentReplaceBehavior [ RunTime:0.000089s ]
INFO: [ template_filter ] --END-- [ RunTime:0.000198s ]
NOTIC: [8] Use of undefined constant cfg_webname - assumed 'cfg_webname' E:\www\thinkv_p\Application\Runtime\Cache\Ue\36bfe89e1e28dbe73425186ed5cc5bf8.php 第 9 行.
SQL: SELECT * FROM `think_sysconfig` WHERE ( varname='cfg_webname' ) LIMIT 1   [ RunTime:0.0006s ]
SQL: SELECT * FROM `think_sysconfig` WHERE ( varname='cfg_indexurl' ) LIMIT 1   [ RunTime:0.0003s ]
NOTIC: [8] Use of undefined constant index_banner - assumed 'index_banner' E:\www\thinkv_p\Application\Runtime\Cache\Ue\36bfe89e1e28dbe73425186ed5cc5bf8.php 第 30 行.
NOTIC: [8] Use of undefined constant img - assumed 'img' E:\www\thinkv_p\Application\Runtime\Cache\Ue\36bfe89e1e28dbe73425186ed5cc5bf8.php 第 30 行.
NOTIC: [2] Missing argument 3 for getcatlist(), called in E:\www\thinkv_p\Application\Runtime\Cache\Ue\36bfe89e1e28dbe73425186ed5cc5bf8.php on line 30 and defined E:\www\thinkv_p\Application\Ue\Common\function.php 第 335 行.
SQL: SHOW COLUMNS FROM `think_catset_list` [ RunTime:0.0058s ]
NOTIC: [8] Undefined variable: catid E:\www\thinkv_p\Application\Ue\Common\function.php 第 338 行.
NOTIC: [8] Undefined index: parentid E:\www\thinkv_p\Application\Ue\Common\function.php 第 340 行.
SQL: SELECT * FROM `think_catset_list` WHERE ( value='index_banner'AND catid = '0' ) LIMIT 1   [ RunTime:0.0005s ]
SQL: SELECT * FROM `think_catset_list` WHERE ( value='index_banner'AND catid = '' ) LIMIT 1   [ RunTime:0.0008s ]
NOTIC: [8] Undefined offset: 1 E:\www\thinkv_p\Application\Common\Common\function.php 第 92 行.
NOTIC: [8] Uninitialized string offset: 0 E:\www\thinkv_p\Application\Runtime\Cache\Ue\36bfe89e1e28dbe73425186ed5cc5bf8.php 第 30 行.
SQL: SELECT * FROM `think_sysconfig` WHERE ( varname='cfg_indexurl' ) LIMIT 1   [ RunTime:0.0009s ]
NOTIC: [2] Missing argument 2 for getcategory(), called in E:\www\thinkv_p\Application\Runtime\Cache\Ue\36bfe89e1e28dbe73425186ed5cc5bf8.php on line 38 and defined E:\www\thinkv_p\Application\Ue\Common\function.php 第 72 行.
NOTIC: [2] Missing argument 3 for getcategory(), called in E:\www\thinkv_p\Application\Runtime\Cache\Ue\36bfe89e1e28dbe73425186ed5cc5bf8.php on line 38 and defined E:\www\thinkv_p\Application\Ue\Common\function.php 第 72 行.
SQL: SELECT * FROM `think_category` WHERE ( parentid=0 ) ORDER BY listorder  [ RunTime:0.0006s ]
NOTIC: [8] Undefined variable: catinfos E:\www\thinkv_p\Application\Ue\Common\function.php 第 126 行.
NOTIC: [8] Undefined variable: catinfot E:\www\thinkv_p\Application\Ue\Common\function.php 第 126 行.
NOTIC: [8] Undefined variable: catinfos E:\www\thinkv_p\Application\Ue\Common\function.php 第 126 行.
NOTIC: [8] Undefined variable: catinfot E:\www\thinkv_p\Application\Ue\Common\function.php 第 126 行.
NOTIC: [8] Use of undefined constant catid - assumed 'catid' E:\www\thinkv_p\Application\Runtime\Cache\Ue\36bfe89e1e28dbe73425186ed5cc5bf8.php 第 41 行.
NOTIC: [2] Missing argument 3 for getcategory(), called in E:\www\thinkv_p\Application\Runtime\Cache\Ue\36bfe89e1e28dbe73425186ed5cc5bf8.php on line 41 and defined E:\www\thinkv_p\Application\Ue\Common\function.php 第 72 行.
NOTIC: [8] Undefined variable: usable E:\www\thinkv_p\Application\Ue\Common\function.php 第 78 行.
SQL: SELECT * FROM `think_category` WHERE ( usable_type=1 and parentid=118 ) ORDER BY listorder  [ RunTime:0.0004s ]
NOTIC: [8] Use of undefined constant catid - assumed 'catid' E:\www\thinkv_p\Application\Runtime\Cache\Ue\36bfe89e1e28dbe73425186ed5cc5bf8.php 第 41 行.
NOTIC: [2] Missing argument 3 for getcategory(), called in E:\www\thinkv_p\Application\Runtime\Cache\Ue\36bfe89e1e28dbe73425186ed5cc5bf8.php on line 41 and defined E:\www\thinkv_p\Application\Ue\Common\function.php 第 72 行.
NOTIC: [8] Undefined variable: usable E:\www\thinkv_p\Application\Ue\Common\function.php 第 78 行.
SQL: SELECT * FROM `think_category` WHERE ( usable_type=1 and parentid=122 ) ORDER BY listorder  [ RunTime:0.0004s ]
NOTIC: [2] Missing argument 3 for getdatalist(), called in E:\www\thinkv_p\Application\Runtime\Cache\Ue\36bfe89e1e28dbe73425186ed5cc5bf8.php on line 54 and defined E:\www\thinkv_p\Application\Ue\Common\function.php 第 193 行.
SQL: SELECT * FROM `think_category` WHERE ( catid=81 ) LIMIT 1   [ RunTime:0.0003s ]
NOTIC: [8] Undefined variable: type E:\www\thinkv_p\Application\Ue\Common\function.php 第 200 行.
ERR: 1146:Table 'thinkpf.think_' doesn't exist
 [ SQL语句 ] : SELECT * FROM `think_` WHERE ( `catid` = 81 ) ORDER BY listorder,updatetime desc LIMIT 2  
ERR: 1146:Table 'thinkpf.think_' doesn't exist
 [ SQL语句 ] : SELECT * FROM `think_` WHERE ( `catid` = 81 ) ORDER BY listorder,updatetime desc LIMIT 2  

[ 2016-07-10T19:14:38+08:00 ] ::1 /thinkv_p/
INFO: [ app_init ] --START--
INFO: Run Behavior\BuildLiteBehavior [ RunTime:0.000029s ]
INFO: [ app_init ] --END-- [ RunTime:0.000763s ]
INFO: [ app_begin ] --START--
INFO: Run Behavior\ReadHtmlCacheBehavior [ RunTime:0.001414s ]
INFO: [ app_begin ] --END-- [ RunTime:0.001528s ]
SQL: SHOW COLUMNS FROM `think_sysconfig` [ RunTime:0.0060s ]
SQL: SELECT * FROM `think_sysconfig` WHERE ( varname='cfg_theme' ) LIMIT 1   [ RunTime:0.0007s ]
SQL: SELECT * FROM `think_sysconfig` WHERE ( varname='cfg_wap' ) LIMIT 1   [ RunTime:0.0003s ]
SQL: SHOW COLUMNS FROM `think_category` [ RunTime:0.0071s ]
SQL: SELECT * FROM `think_category` WHERE ( parentid=0 )  [ RunTime:0.0007s ]
INFO: [ view_parse ] --START--
INFO: [ template_filter ] --START--
INFO: Run Behavior\ContentReplaceBehavior [ RunTime:0.000092s ]
INFO: [ template_filter ] --END-- [ RunTime:0.000210s ]
NOTIC: [8] Use of undefined constant cfg_webname - assumed 'cfg_webname' E:\www\thinkv_p\Application\Runtime\Cache\Ue\36bfe89e1e28dbe73425186ed5cc5bf8.php 第 9 行.
SQL: SELECT * FROM `think_sysconfig` WHERE ( varname='cfg_webname' ) LIMIT 1   [ RunTime:0.0006s ]
SQL: SELECT * FROM `think_sysconfig` WHERE ( varname='cfg_indexurl' ) LIMIT 1   [ RunTime:0.0003s ]
NOTIC: [8] Use of undefined constant index_banner - assumed 'index_banner' E:\www\thinkv_p\Application\Runtime\Cache\Ue\36bfe89e1e28dbe73425186ed5cc5bf8.php 第 30 行.
NOTIC: [8] Use of undefined constant img - assumed 'img' E:\www\thinkv_p\Application\Runtime\Cache\Ue\36bfe89e1e28dbe73425186ed5cc5bf8.php 第 30 行.
NOTIC: [2] Missing argument 3 for getcatlist(), called in E:\www\thinkv_p\Application\Runtime\Cache\Ue\36bfe89e1e28dbe73425186ed5cc5bf8.php on line 30 and defined E:\www\thinkv_p\Application\Ue\Common\function.php 第 335 行.
SQL: SHOW COLUMNS FROM `think_catset_list` [ RunTime:0.0065s ]
NOTIC: [8] Undefined variable: catid E:\www\thinkv_p\Application\Ue\Common\function.php 第 338 行.
NOTIC: [8] Undefined index: parentid E:\www\thinkv_p\Application\Ue\Common\function.php 第 340 行.
SQL: SELECT * FROM `think_catset_list` WHERE ( value='index_banner'AND catid = '0' ) LIMIT 1   [ RunTime:0.0007s ]
SQL: SELECT * FROM `think_catset_list` WHERE ( value='index_banner'AND catid = '' ) LIMIT 1   [ RunTime:0.0004s ]
NOTIC: [8] Undefined offset: 1 E:\www\thinkv_p\Application\Common\Common\function.php 第 92 行.
NOTIC: [8] Uninitialized string offset: 0 E:\www\thinkv_p\Application\Runtime\Cache\Ue\36bfe89e1e28dbe73425186ed5cc5bf8.php 第 30 行.
SQL: SELECT * FROM `think_sysconfig` WHERE ( varname='cfg_indexurl' ) LIMIT 1   [ RunTime:0.0009s ]
NOTIC: [2] Missing argument 2 for getcategory(), called in E:\www\thinkv_p\Application\Runtime\Cache\Ue\36bfe89e1e28dbe73425186ed5cc5bf8.php on line 38 and defined E:\www\thinkv_p\Application\Ue\Common\function.php 第 72 行.
NOTIC: [2] Missing argument 3 for getcategory(), called in E:\www\thinkv_p\Application\Runtime\Cache\Ue\36bfe89e1e28dbe73425186ed5cc5bf8.php on line 38 and defined E:\www\thinkv_p\Application\Ue\Common\function.php 第 72 行.
SQL: SELECT * FROM `think_category` WHERE ( parentid=0 ) ORDER BY listorder  [ RunTime:0.0011s ]
NOTIC: [8] Undefined variable: catinfos E:\www\thinkv_p\Application\Ue\Common\function.php 第 126 行.
NOTIC: [8] Undefined variable: catinfot E:\www\thinkv_p\Application\Ue\Common\function.php 第 126 行.
NOTIC: [8] Undefined variable: catinfos E:\www\thinkv_p\Application\Ue\Common\function.php 第 126 行.
NOTIC: [8] Undefined variable: catinfot E:\www\thinkv_p\Application\Ue\Common\function.php 第 126 行.
NOTIC: [8] Use of undefined constant catid - assumed 'catid' E:\www\thinkv_p\Application\Runtime\Cache\Ue\36bfe89e1e28dbe73425186ed5cc5bf8.php 第 41 行.
NOTIC: [2] Missing argument 3 for getcategory(), called in E:\www\thinkv_p\Application\Runtime\Cache\Ue\36bfe89e1e28dbe73425186ed5cc5bf8.php on line 41 and defined E:\www\thinkv_p\Application\Ue\Common\function.php 第 72 行.
NOTIC: [8] Undefined variable: usable E:\www\thinkv_p\Application\Ue\Common\function.php 第 78 行.
SQL: SELECT * FROM `think_category` WHERE ( usable_type=1 and parentid=118 ) ORDER BY listorder  [ RunTime:0.0009s ]
NOTIC: [8] Use of undefined constant catid - assumed 'catid' E:\www\thinkv_p\Application\Runtime\Cache\Ue\36bfe89e1e28dbe73425186ed5cc5bf8.php 第 41 行.
NOTIC: [2] Missing argument 3 for getcategory(), called in E:\www\thinkv_p\Application\Runtime\Cache\Ue\36bfe89e1e28dbe73425186ed5cc5bf8.php on line 41 and defined E:\www\thinkv_p\Application\Ue\Common\function.php 第 72 行.
NOTIC: [8] Undefined variable: usable E:\www\thinkv_p\Application\Ue\Common\function.php 第 78 行.
SQL: SELECT * FROM `think_category` WHERE ( usable_type=1 and parentid=122 ) ORDER BY listorder  [ RunTime:0.0008s ]
NOTIC: [2] Missing argument 3 for getdatalist(), called in E:\www\thinkv_p\Application\Runtime\Cache\Ue\36bfe89e1e28dbe73425186ed5cc5bf8.php on line 54 and defined E:\www\thinkv_p\Application\Ue\Common\function.php 第 193 行.
SQL: SELECT * FROM `think_category` WHERE ( catid=81 ) LIMIT 1   [ RunTime:0.0007s ]
NOTIC: [8] Undefined variable: type E:\www\thinkv_p\Application\Ue\Common\function.php 第 200 行.
ERR: 1146:Table 'thinkpf.think_' doesn't exist
 [ SQL语句 ] : SELECT * FROM `think_` WHERE ( `catid` = 81 ) ORDER BY listorder,updatetime desc LIMIT 2  
ERR: 1146:Table 'thinkpf.think_' doesn't exist
 [ SQL语句 ] : SELECT * FROM `think_` WHERE ( `catid` = 81 ) ORDER BY listorder,updatetime desc LIMIT 2  

[ 2016-07-10T19:14:41+08:00 ] ::1 /thinkv_p/
INFO: [ app_init ] --START--
INFO: Run Behavior\BuildLiteBehavior [ RunTime:0.000023s ]
INFO: [ app_init ] --END-- [ RunTime:0.000553s ]
INFO: [ app_begin ] --START--
INFO: Run Behavior\ReadHtmlCacheBehavior [ RunTime:0.001073s ]
INFO: [ app_begin ] --END-- [ RunTime:0.001186s ]
SQL: SHOW COLUMNS FROM `think_sysconfig` [ RunTime:0.0059s ]
SQL: SELECT * FROM `think_sysconfig` WHERE ( varname='cfg_theme' ) LIMIT 1   [ RunTime:0.0007s ]
SQL: SELECT * FROM `think_sysconfig` WHERE ( varname='cfg_wap' ) LIMIT 1   [ RunTime:0.0004s ]
SQL: SHOW COLUMNS FROM `think_category` [ RunTime:0.0065s ]
SQL: SELECT * FROM `think_category` WHERE ( parentid=0 )  [ RunTime:0.0007s ]
INFO: [ view_parse ] --START--
INFO: [ template_filter ] --START--
INFO: Run Behavior\ContentReplaceBehavior [ RunTime:0.000095s ]
INFO: [ template_filter ] --END-- [ RunTime:0.000210s ]
NOTIC: [8] Use of undefined constant cfg_webname - assumed 'cfg_webname' E:\www\thinkv_p\Application\Runtime\Cache\Ue\36bfe89e1e28dbe73425186ed5cc5bf8.php 第 9 行.
SQL: SELECT * FROM `think_sysconfig` WHERE ( varname='cfg_webname' ) LIMIT 1   [ RunTime:0.0007s ]
SQL: SELECT * FROM `think_sysconfig` WHERE ( varname='cfg_indexurl' ) LIMIT 1   [ RunTime:0.0003s ]
NOTIC: [8] Use of undefined constant index_banner - assumed 'index_banner' E:\www\thinkv_p\Application\Runtime\Cache\Ue\36bfe89e1e28dbe73425186ed5cc5bf8.php 第 30 行.
NOTIC: [8] Use of undefined constant img - assumed 'img' E:\www\thinkv_p\Application\Runtime\Cache\Ue\36bfe89e1e28dbe73425186ed5cc5bf8.php 第 30 行.
NOTIC: [2] Missing argument 3 for getcatlist(), called in E:\www\thinkv_p\Application\Runtime\Cache\Ue\36bfe89e1e28dbe73425186ed5cc5bf8.php on line 30 and defined E:\www\thinkv_p\Application\Ue\Common\function.php 第 335 行.
SQL: SHOW COLUMNS FROM `think_catset_list` [ RunTime:0.0063s ]
NOTIC: [8] Undefined variable: catid E:\www\thinkv_p\Application\Ue\Common\function.php 第 338 行.
NOTIC: [8] Undefined index: parentid E:\www\thinkv_p\Application\Ue\Common\function.php 第 340 行.
SQL: SELECT * FROM `think_catset_list` WHERE ( value='index_banner'AND catid = '0' ) LIMIT 1   [ RunTime:0.0007s ]
SQL: SELECT * FROM `think_catset_list` WHERE ( value='index_banner'AND catid = '' ) LIMIT 1   [ RunTime:0.0004s ]
NOTIC: [8] Undefined offset: 1 E:\www\thinkv_p\Application\Common\Common\function.php 第 92 行.
NOTIC: [8] Uninitialized string offset: 0 E:\www\thinkv_p\Application\Runtime\Cache\Ue\36bfe89e1e28dbe73425186ed5cc5bf8.php 第 30 行.
SQL: SELECT * FROM `think_sysconfig` WHERE ( varname='cfg_indexurl' ) LIMIT 1   [ RunTime:0.0008s ]
NOTIC: [2] Missing argument 2 for getcategory(), called in E:\www\thinkv_p\Application\Runtime\Cache\Ue\36bfe89e1e28dbe73425186ed5cc5bf8.php on line 38 and defined E:\www\thinkv_p\Application\Ue\Common\function.php 第 72 行.
NOTIC: [2] Missing argument 3 for getcategory(), called in E:\www\thinkv_p\Application\Runtime\Cache\Ue\36bfe89e1e28dbe73425186ed5cc5bf8.php on line 38 and defined E:\www\thinkv_p\Application\Ue\Common\function.php 第 72 行.
SQL: SELECT * FROM `think_category` WHERE ( parentid=0 ) ORDER BY listorder  [ RunTime:0.0010s ]
NOTIC: [8] Undefined variable: catinfos E:\www\thinkv_p\Application\Ue\Common\function.php 第 126 行.
NOTIC: [8] Undefined variable: catinfot E:\www\thinkv_p\Application\Ue\Common\function.php 第 126 行.
NOTIC: [8] Undefined variable: catinfos E:\www\thinkv_p\Application\Ue\Common\function.php 第 126 行.
NOTIC: [8] Undefined variable: catinfot E:\www\thinkv_p\Application\Ue\Common\function.php 第 126 行.
NOTIC: [8] Use of undefined constant catid - assumed 'catid' E:\www\thinkv_p\Application\Runtime\Cache\Ue\36bfe89e1e28dbe73425186ed5cc5bf8.php 第 41 行.
NOTIC: [2] Missing argument 3 for getcategory(), called in E:\www\thinkv_p\Application\Runtime\Cache\Ue\36bfe89e1e28dbe73425186ed5cc5bf8.php on line 41 and defined E:\www\thinkv_p\Application\Ue\Common\function.php 第 72 行.
NOTIC: [8] Undefined variable: usable E:\www\thinkv_p\Application\Ue\Common\function.php 第 78 行.
SQL: SELECT * FROM `think_category` WHERE ( usable_type=1 and parentid=118 ) ORDER BY listorder  [ RunTime:0.0005s ]
NOTIC: [8] Use of undefined constant catid - assumed 'catid' E:\www\thinkv_p\Application\Runtime\Cache\Ue\36bfe89e1e28dbe73425186ed5cc5bf8.php 第 41 行.
NOTIC: [2] Missing argument 3 for getcategory(), called in E:\www\thinkv_p\Application\Runtime\Cache\Ue\36bfe89e1e28dbe73425186ed5cc5bf8.php on line 41 and defined E:\www\thinkv_p\Application\Ue\Common\function.php 第 72 行.
NOTIC: [8] Undefined variable: usable E:\www\thinkv_p\Application\Ue\Common\function.php 第 78 行.
SQL: SELECT * FROM `think_category` WHERE ( usable_type=1 and parentid=122 ) ORDER BY listorder  [ RunTime:0.0007s ]
NOTIC: [2] Missing argument 3 for getdatalist(), called in E:\www\thinkv_p\Application\Runtime\Cache\Ue\36bfe89e1e28dbe73425186ed5cc5bf8.php on line 54 and defined E:\www\thinkv_p\Application\Ue\Common\function.php 第 193 行.
SQL: SELECT * FROM `think_category` WHERE ( catid=81 ) LIMIT 1   [ RunTime:0.0005s ]
NOTIC: [8] Undefined variable: type E:\www\thinkv_p\Application\Ue\Common\function.php 第 200 行.
ERR: 1146:Table 'thinkpf.think_' doesn't exist
 [ SQL语句 ] : SELECT * FROM `think_` WHERE ( `catid` = 81 ) ORDER BY listorder,updatetime desc LIMIT 2  
ERR: 1146:Table 'thinkpf.think_' doesn't exist
 [ SQL语句 ] : SELECT * FROM `think_` WHERE ( `catid` = 81 ) ORDER BY listorder,updatetime desc LIMIT 2  

[ 2016-07-10T19:15:48+08:00 ] ::1 /thinkv_p/
INFO: [ app_init ] --START--
INFO: Run Behavior\BuildLiteBehavior [ RunTime:0.000027s ]
INFO: [ app_init ] --END-- [ RunTime:0.000709s ]
INFO: [ app_begin ] --START--
INFO: Run Behavior\ReadHtmlCacheBehavior [ RunTime:0.001083s ]
INFO: [ app_begin ] --END-- [ RunTime:0.001197s ]
SQL: SHOW COLUMNS FROM `think_sysconfig` [ RunTime:0.0066s ]
SQL: SELECT * FROM `think_sysconfig` WHERE ( varname='cfg_theme' ) LIMIT 1   [ RunTime:0.0012s ]
SQL: SELECT * FROM `think_sysconfig` WHERE ( varname='cfg_wap' ) LIMIT 1   [ RunTime:0.0010s ]
SQL: SHOW COLUMNS FROM `think_category` [ RunTime:0.0088s ]
SQL: SELECT * FROM `think_category` WHERE ( parentid=0 )  [ RunTime:0.0008s ]
INFO: [ view_parse ] --START--
INFO: [ template_filter ] --START--
INFO: Run Behavior\ContentReplaceBehavior [ RunTime:0.000091s ]
INFO: [ template_filter ] --END-- [ RunTime:0.000205s ]
NOTIC: [8] Use of undefined constant cfg_webname - assumed 'cfg_webname' E:\www\thinkv_p\Application\Runtime\Cache\Ue\36bfe89e1e28dbe73425186ed5cc5bf8.php 第 9 行.
SQL: SELECT * FROM `think_sysconfig` WHERE ( varname='cfg_webname' ) LIMIT 1   [ RunTime:0.0010s ]
SQL: SELECT * FROM `think_sysconfig` WHERE ( varname='cfg_indexurl' ) LIMIT 1   [ RunTime:0.0006s ]
NOTIC: [8] Use of undefined constant index_banner - assumed 'index_banner' E:\www\thinkv_p\Application\Runtime\Cache\Ue\36bfe89e1e28dbe73425186ed5cc5bf8.php 第 30 行.
NOTIC: [8] Use of undefined constant img - assumed 'img' E:\www\thinkv_p\Application\Runtime\Cache\Ue\36bfe89e1e28dbe73425186ed5cc5bf8.php 第 30 行.
NOTIC: [2] Missing argument 3 for getcatlist(), called in E:\www\thinkv_p\Application\Runtime\Cache\Ue\36bfe89e1e28dbe73425186ed5cc5bf8.php on line 30 and defined E:\www\thinkv_p\Application\Ue\Common\function.php 第 335 行.
SQL: SHOW COLUMNS FROM `think_catset_list` [ RunTime:0.0065s ]
NOTIC: [8] Undefined variable: catid E:\www\thinkv_p\Application\Ue\Common\function.php 第 338 行.
NOTIC: [8] Undefined index: parentid E:\www\thinkv_p\Application\Ue\Common\function.php 第 340 行.
SQL: SELECT * FROM `think_catset_list` WHERE ( value='index_banner'AND catid = '0' ) LIMIT 1   [ RunTime:0.0005s ]
SQL: SELECT * FROM `think_catset_list` WHERE ( value='index_banner'AND catid = '' ) LIMIT 1   [ RunTime:0.0003s ]
NOTIC: [8] Undefined offset: 1 E:\www\thinkv_p\Application\Common\Common\function.php 第 92 行.
NOTIC: [8] Uninitialized string offset: 0 E:\www\thinkv_p\Application\Runtime\Cache\Ue\36bfe89e1e28dbe73425186ed5cc5bf8.php 第 30 行.
SQL: SELECT * FROM `think_sysconfig` WHERE ( varname='cfg_indexurl' ) LIMIT 1   [ RunTime:0.0003s ]
NOTIC: [2] Missing argument 2 for getcategory(), called in E:\www\thinkv_p\Application\Runtime\Cache\Ue\36bfe89e1e28dbe73425186ed5cc5bf8.php on line 38 and defined E:\www\thinkv_p\Application\Ue\Common\function.php 第 72 行.
NOTIC: [2] Missing argument 3 for getcategory(), called in E:\www\thinkv_p\Application\Runtime\Cache\Ue\36bfe89e1e28dbe73425186ed5cc5bf8.php on line 38 and defined E:\www\thinkv_p\Application\Ue\Common\function.php 第 72 行.
SQL: SELECT * FROM `think_category` WHERE ( parentid=0 ) ORDER BY listorder  [ RunTime:0.0005s ]
NOTIC: [8] Undefined variable: catinfos E:\www\thinkv_p\Application\Ue\Common\function.php 第 126 行.
NOTIC: [8] Undefined variable: catinfot E:\www\thinkv_p\Application\Ue\Common\function.php 第 126 行.
NOTIC: [8] Undefined variable: catinfos E:\www\thinkv_p\Application\Ue\Common\function.php 第 126 行.
NOTIC: [8] Undefined variable: catinfot E:\www\thinkv_p\Application\Ue\Common\function.php 第 126 行.
NOTIC: [8] Undefined variable: catinfos E:\www\thinkv_p\Application\Ue\Common\function.php 第 126 行.
NOTIC: [8] Undefined variable: catinfot E:\www\thinkv_p\Application\Ue\Common\function.php 第 126 行.
NOTIC: [8] Undefined variable: catinfos E:\www\thinkv_p\Application\Ue\Common\function.php 第 126 行.
NOTIC: [8] Undefined variable: catinfot E:\www\thinkv_p\Application\Ue\Common\function.php 第 126 行.
NOTIC: [8] Use of undefined constant catid - assumed 'catid' E:\www\thinkv_p\Application\Runtime\Cache\Ue\36bfe89e1e28dbe73425186ed5cc5bf8.php 第 41 行.
NOTIC: [2] Missing argument 3 for getcategory(), called in E:\www\thinkv_p\Application\Runtime\Cache\Ue\36bfe89e1e28dbe73425186ed5cc5bf8.php on line 41 and defined E:\www\thinkv_p\Application\Ue\Common\function.php 第 72 行.
NOTIC: [8] Undefined variable: usable E:\www\thinkv_p\Application\Ue\Common\function.php 第 78 行.
SQL: SELECT * FROM `think_category` WHERE ( usable_type=1 and parentid=117 ) ORDER BY listorder  [ RunTime:0.0005s ]
NOTIC: [8] Use of undefined constant catid - assumed 'catid' E:\www\thinkv_p\Application\Runtime\Cache\Ue\36bfe89e1e28dbe73425186ed5cc5bf8.php 第 41 行.
NOTIC: [2] Missing argument 3 for getcategory(), called in E:\www\thinkv_p\Application\Runtime\Cache\Ue\36bfe89e1e28dbe73425186ed5cc5bf8.php on line 41 and defined E:\www\thinkv_p\Application\Ue\Common\function.php 第 72 行.
NOTIC: [8] Undefined variable: usable E:\www\thinkv_p\Application\Ue\Common\function.php 第 78 行.
SQL: SELECT * FROM `think_category` WHERE ( usable_type=1 and parentid=118 ) ORDER BY listorder  [ RunTime:0.0008s ]
NOTIC: [8] Use of undefined constant catid - assumed 'catid' E:\www\thinkv_p\Application\Runtime\Cache\Ue\36bfe89e1e28dbe73425186ed5cc5bf8.php 第 41 行.
NOTIC: [2] Missing argument 3 for getcategory(), called in E:\www\thinkv_p\Application\Runtime\Cache\Ue\36bfe89e1e28dbe73425186ed5cc5bf8.php on line 41 and defined E:\www\thinkv_p\Application\Ue\Common\function.php 第 72 行.
NOTIC: [8] Undefined variable: usable E:\www\thinkv_p\Application\Ue\Common\function.php 第 78 行.
SQL: SELECT * FROM `think_category` WHERE ( usable_type=1 and parentid=121 ) ORDER BY listorder  [ RunTime:0.0012s ]
NOTIC: [8] Use of undefined constant catid - assumed 'catid' E:\www\thinkv_p\Application\Runtime\Cache\Ue\36bfe89e1e28dbe73425186ed5cc5bf8.php 第 41 行.
NOTIC: [2] Missing argument 3 for getcategory(), called in E:\www\thinkv_p\Application\Runtime\Cache\Ue\36bfe89e1e28dbe73425186ed5cc5bf8.php on line 41 and defined E:\www\thinkv_p\Application\Ue\Common\function.php 第 72 行.
NOTIC: [8] Undefined variable: usable E:\www\thinkv_p\Application\Ue\Common\function.php 第 78 行.
SQL: SELECT * FROM `think_category` WHERE ( usable_type=1 and parentid=122 ) ORDER BY listorder  [ RunTime:0.0009s ]
NOTIC: [2] Missing argument 3 for getdatalist(), called in E:\www\thinkv_p\Application\Runtime\Cache\Ue\36bfe89e1e28dbe73425186ed5cc5bf8.php on line 54 and defined E:\www\thinkv_p\Application\Ue\Common\function.php 第 193 行.
SQL: SELECT * FROM `think_category` WHERE ( catid=81 ) LIMIT 1   [ RunTime:0.0007s ]
NOTIC: [8] Undefined variable: type E:\www\thinkv_p\Application\Ue\Common\function.php 第 200 行.
ERR: 1146:Table 'thinkpf.think_' doesn't exist
 [ SQL语句 ] : SELECT * FROM `think_` WHERE ( `catid` = 81 ) ORDER BY listorder,updatetime desc LIMIT 2  
ERR: 1146:Table 'thinkpf.think_' doesn't exist
 [ SQL语句 ] : SELECT * FROM `think_` WHERE ( `catid` = 81 ) ORDER BY listorder,updatetime desc LIMIT 2  

[ 2016-07-10T19:16:02+08:00 ] ::1 /thinkv_p/
INFO: [ app_init ] --START--
INFO: Run Behavior\BuildLiteBehavior [ RunTime:0.000037s ]
INFO: [ app_init ] --END-- [ RunTime:0.000956s ]
INFO: [ app_begin ] --START--
INFO: Run Behavior\ReadHtmlCacheBehavior [ RunTime:0.001220s ]
INFO: [ app_begin ] --END-- [ RunTime:0.001344s ]
SQL: SHOW COLUMNS FROM `think_sysconfig` [ RunTime:0.0057s ]
SQL: SELECT * FROM `think_sysconfig` WHERE ( varname='cfg_theme' ) LIMIT 1   [ RunTime:0.0008s ]
SQL: SELECT * FROM `think_sysconfig` WHERE ( varname='cfg_wap' ) LIMIT 1   [ RunTime:0.0007s ]
SQL: SHOW COLUMNS FROM `think_category` [ RunTime:0.0066s ]
SQL: SELECT * FROM `think_category` WHERE ( parentid=0 )  [ RunTime:0.0007s ]
INFO: [ view_parse ] --START--
INFO: [ template_filter ] --START--
INFO: Run Behavior\ContentReplaceBehavior [ RunTime:0.000089s ]
INFO: [ template_filter ] --END-- [ RunTime:0.000198s ]
NOTIC: [8] Use of undefined constant cfg_webname - assumed 'cfg_webname' E:\www\thinkv_p\Application\Runtime\Cache\Ue\36bfe89e1e28dbe73425186ed5cc5bf8.php 第 9 行.
SQL: SELECT * FROM `think_sysconfig` WHERE ( varname='cfg_webname' ) LIMIT 1   [ RunTime:0.0006s ]
SQL: SELECT * FROM `think_sysconfig` WHERE ( varname='cfg_indexurl' ) LIMIT 1   [ RunTime:0.0003s ]
NOTIC: [8] Use of undefined constant index_banner - assumed 'index_banner' E:\www\thinkv_p\Application\Runtime\Cache\Ue\36bfe89e1e28dbe73425186ed5cc5bf8.php 第 30 行.
NOTIC: [8] Use of undefined constant img - assumed 'img' E:\www\thinkv_p\Application\Runtime\Cache\Ue\36bfe89e1e28dbe73425186ed5cc5bf8.php 第 30 行.
NOTIC: [2] Missing argument 3 for getcatlist(), called in E:\www\thinkv_p\Application\Runtime\Cache\Ue\36bfe89e1e28dbe73425186ed5cc5bf8.php on line 30 and defined E:\www\thinkv_p\Application\Ue\Common\function.php 第 335 行.
SQL: SHOW COLUMNS FROM `think_catset_list` [ RunTime:0.0061s ]
NOTIC: [8] Undefined variable: catid E:\www\thinkv_p\Application\Ue\Common\function.php 第 338 行.
NOTIC: [8] Undefined index: parentid E:\www\thinkv_p\Application\Ue\Common\function.php 第 340 行.
SQL: SELECT * FROM `think_catset_list` WHERE ( value='index_banner'AND catid = '0' ) LIMIT 1   [ RunTime:0.0005s ]
SQL: SELECT * FROM `think_catset_list` WHERE ( value='index_banner'AND catid = '' ) LIMIT 1   [ RunTime:0.0003s ]
NOTIC: [8] Undefined offset: 1 E:\www\thinkv_p\Application\Common\Common\function.php 第 92 行.
NOTIC: [8] Uninitialized string offset: 0 E:\www\thinkv_p\Application\Runtime\Cache\Ue\36bfe89e1e28dbe73425186ed5cc5bf8.php 第 30 行.
SQL: SELECT * FROM `think_sysconfig` WHERE ( varname='cfg_indexurl' ) LIMIT 1   [ RunTime:0.0006s ]
NOTIC: [2] Missing argument 2 for getcategory(), called in E:\www\thinkv_p\Application\Runtime\Cache\Ue\36bfe89e1e28dbe73425186ed5cc5bf8.php on line 38 and defined E:\www\thinkv_p\Application\Ue\Common\function.php 第 72 行.
NOTIC: [2] Missing argument 3 for getcategory(), called in E:\www\thinkv_p\Application\Runtime\Cache\Ue\36bfe89e1e28dbe73425186ed5cc5bf8.php on line 38 and defined E:\www\thinkv_p\Application\Ue\Common\function.php 第 72 行.
SQL: SELECT * FROM `think_category` WHERE ( parentid=0 ) ORDER BY listorder  [ RunTime:0.0007s ]
NOTIC: [8] Undefined variable: catinfos E:\www\thinkv_p\Application\Ue\Common\function.php 第 126 行.
NOTIC: [8] Undefined variable: catinfot E:\www\thinkv_p\Application\Ue\Common\function.php 第 126 行.
NOTIC: [8] Undefined variable: catinfos E:\www\thinkv_p\Application\Ue\Common\function.php 第 126 行.
NOTIC: [8] Undefined variable: catinfot E:\www\thinkv_p\Application\Ue\Common\function.php 第 126 行.
NOTIC: [8] Undefined variable: catinfos E:\www\thinkv_p\Application\Ue\Common\function.php 第 126 行.
NOTIC: [8] Undefined variable: catinfot E:\www\thinkv_p\Application\Ue\Common\function.php 第 126 行.
NOTIC: [8] Undefined variable: catinfos E:\www\thinkv_p\Application\Ue\Common\function.php 第 126 行.
NOTIC: [8] Undefined variable: catinfot E:\www\thinkv_p\Application\Ue\Common\function.php 第 126 行.
NOTIC: [8] Use of undefined constant catid - assumed 'catid' E:\www\thinkv_p\Application\Runtime\Cache\Ue\36bfe89e1e28dbe73425186ed5cc5bf8.php 第 41 行.
NOTIC: [2] Missing argument 3 for getcategory(), called in E:\www\thinkv_p\Application\Runtime\Cache\Ue\36bfe89e1e28dbe73425186ed5cc5bf8.php on line 41 and defined E:\www\thinkv_p\Application\Ue\Common\function.php 第 72 行.
NOTIC: [8] Undefined variable: usable E:\www\thinkv_p\Application\Ue\Common\function.php 第 78 行.
SQL: SELECT * FROM `think_category` WHERE ( usable_type=1 and parentid=117 ) ORDER BY listorder  [ RunTime:0.0007s ]
NOTIC: [8] Use of undefined constant catid - assumed 'catid' E:\www\thinkv_p\Application\Runtime\Cache\Ue\36bfe89e1e28dbe73425186ed5cc5bf8.php 第 41 行.
NOTIC: [2] Missing argument 3 for getcategory(), called in E:\www\thinkv_p\Application\Runtime\Cache\Ue\36bfe89e1e28dbe73425186ed5cc5bf8.php on line 41 and defined E:\www\thinkv_p\Application\Ue\Common\function.php 第 72 行.
NOTIC: [8] Undefined variable: usable E:\www\thinkv_p\Application\Ue\Common\function.php 第 78 行.
SQL: SELECT * FROM `think_category` WHERE ( usable_type=1 and parentid=118 ) ORDER BY listorder  [ RunTime:0.0004s ]
NOTIC: [8] Use of undefined constant catid - assumed 'catid' E:\www\thinkv_p\Application\Runtime\Cache\Ue\36bfe89e1e28dbe73425186ed5cc5bf8.php 第 41 行.
NOTIC: [2] Missing argument 3 for getcategory(), called in E:\www\thinkv_p\Application\Runtime\Cache\Ue\36bfe89e1e28dbe73425186ed5cc5bf8.php on line 41 and defined E:\www\thinkv_p\Application\Ue\Common\function.php 第 72 行.
NOTIC: [8] Undefined variable: usable E:\www\thinkv_p\Application\Ue\Common\function.php 第 78 行.
SQL: SELECT * FROM `think_category` WHERE ( usable_type=1 and parentid=121 ) ORDER BY listorder  [ RunTime:0.0004s ]
NOTIC: [8] Use of undefined constant catid - assumed 'catid' E:\www\thinkv_p\Application\Runtime\Cache\Ue\36bfe89e1e28dbe73425186ed5cc5bf8.php 第 41 行.
NOTIC: [2] Missing argument 3 for getcategory(), called in E:\www\thinkv_p\Application\Runtime\Cache\Ue\36bfe89e1e28dbe73425186ed5cc5bf8.php on line 41 and defined E:\www\thinkv_p\Application\Ue\Common\function.php 第 72 行.
NOTIC: [8] Undefined variable: usable E:\www\thinkv_p\Application\Ue\Common\function.php 第 78 行.
SQL: SELECT * FROM `think_category` WHERE ( usable_type=1 and parentid=122 ) ORDER BY listorder  [ RunTime:0.0006s ]
NOTIC: [2] Missing argument 3 for getdatalist(), called in E:\www\thinkv_p\Application\Runtime\Cache\Ue\36bfe89e1e28dbe73425186ed5cc5bf8.php on line 54 and defined E:\www\thinkv_p\Application\Ue\Common\function.php 第 193 行.
SQL: SELECT * FROM `think_category` WHERE ( catid=81 ) LIMIT 1   [ RunTime:0.0005s ]
NOTIC: [8] Undefined variable: type E:\www\thinkv_p\Application\Ue\Common\function.php 第 200 行.
ERR: 1146:Table 'thinkpf.think_' doesn't exist
 [ SQL语句 ] : SELECT * FROM `think_` WHERE ( `catid` = 81 ) ORDER BY listorder,updatetime desc LIMIT 2  
ERR: 1146:Table 'thinkpf.think_' doesn't exist
 [ SQL语句 ] : SELECT * FROM `think_` WHERE ( `catid` = 81 ) ORDER BY listorder,updatetime desc LIMIT 2  

[ 2016-07-10T19:16:04+08:00 ] ::1 /thinkv_p/
INFO: [ app_init ] --START--
INFO: Run Behavior\BuildLiteBehavior [ RunTime:0.000029s ]
INFO: [ app_init ] --END-- [ RunTime:0.000737s ]
INFO: [ app_begin ] --START--
INFO: Run Behavior\ReadHtmlCacheBehavior [ RunTime:0.001402s ]
INFO: [ app_begin ] --END-- [ RunTime:0.001573s ]
SQL: SHOW COLUMNS FROM `think_sysconfig` [ RunTime:0.0061s ]
SQL: SELECT * FROM `think_sysconfig` WHERE ( varname='cfg_theme' ) LIMIT 1   [ RunTime:0.0007s ]
SQL: SELECT * FROM `think_sysconfig` WHERE ( varname='cfg_wap' ) LIMIT 1   [ RunTime:0.0009s ]
SQL: SHOW COLUMNS FROM `think_category` [ RunTime:0.0066s ]
SQL: SELECT * FROM `think_category` WHERE ( parentid=0 )  [ RunTime:0.0007s ]
INFO: [ view_parse ] --START--
INFO: [ template_filter ] --START--
INFO: Run Behavior\ContentReplaceBehavior [ RunTime:0.000090s ]
INFO: [ template_filter ] --END-- [ RunTime:0.000210s ]
NOTIC: [8] Use of undefined constant cfg_webname - assumed 'cfg_webname' E:\www\thinkv_p\Application\Runtime\Cache\Ue\36bfe89e1e28dbe73425186ed5cc5bf8.php 第 9 行.
SQL: SELECT * FROM `think_sysconfig` WHERE ( varname='cfg_webname' ) LIMIT 1   [ RunTime:0.0010s ]
SQL: SELECT * FROM `think_sysconfig` WHERE ( varname='cfg_indexurl' ) LIMIT 1   [ RunTime:0.0007s ]
NOTIC: [8] Use of undefined constant index_banner - assumed 'index_banner' E:\www\thinkv_p\Application\Runtime\Cache\Ue\36bfe89e1e28dbe73425186ed5cc5bf8.php 第 30 行.
NOTIC: [8] Use of undefined constant img - assumed 'img' E:\www\thinkv_p\Application\Runtime\Cache\Ue\36bfe89e1e28dbe73425186ed5cc5bf8.php 第 30 行.
NOTIC: [2] Missing argument 3 for getcatlist(), called in E:\www\thinkv_p\Application\Runtime\Cache\Ue\36bfe89e1e28dbe73425186ed5cc5bf8.php on line 30 and defined E:\www\thinkv_p\Application\Ue\Common\function.php 第 335 行.
SQL: SHOW COLUMNS FROM `think_catset_list` [ RunTime:0.0061s ]
NOTIC: [8] Undefined variable: catid E:\www\thinkv_p\Application\Ue\Common\function.php 第 338 行.
NOTIC: [8] Undefined index: parentid E:\www\thinkv_p\Application\Ue\Common\function.php 第 340 行.
SQL: SELECT * FROM `think_catset_list` WHERE ( value='index_banner'AND catid = '0' ) LIMIT 1   [ RunTime:0.0006s ]
SQL: SELECT * FROM `think_catset_list` WHERE ( value='index_banner'AND catid = '' ) LIMIT 1   [ RunTime:0.0003s ]
NOTIC: [8] Undefined offset: 1 E:\www\thinkv_p\Application\Common\Common\function.php 第 92 行.
NOTIC: [8] Uninitialized string offset: 0 E:\www\thinkv_p\Application\Runtime\Cache\Ue\36bfe89e1e28dbe73425186ed5cc5bf8.php 第 30 行.
SQL: SELECT * FROM `think_sysconfig` WHERE ( varname='cfg_indexurl' ) LIMIT 1   [ RunTime:0.0003s ]
NOTIC: [2] Missing argument 2 for getcategory(), called in E:\www\thinkv_p\Application\Runtime\Cache\Ue\36bfe89e1e28dbe73425186ed5cc5bf8.php on line 38 and defined E:\www\thinkv_p\Application\Ue\Common\function.php 第 72 行.
NOTIC: [2] Missing argument 3 for getcategory(), called in E:\www\thinkv_p\Application\Runtime\Cache\Ue\36bfe89e1e28dbe73425186ed5cc5bf8.php on line 38 and defined E:\www\thinkv_p\Application\Ue\Common\function.php 第 72 行.
SQL: SELECT * FROM `think_category` WHERE ( parentid=0 ) ORDER BY listorder  [ RunTime:0.0006s ]
NOTIC: [8] Undefined variable: catinfos E:\www\thinkv_p\Application\Ue\Common\function.php 第 126 行.
NOTIC: [8] Undefined variable: catinfot E:\www\thinkv_p\Application\Ue\Common\function.php 第 126 行.
NOTIC: [8] Undefined variable: catinfos E:\www\thinkv_p\Application\Ue\Common\function.php 第 126 行.
NOTIC: [8] Undefined variable: catinfot E:\www\thinkv_p\Application\Ue\Common\function.php 第 126 行.
NOTIC: [8] Undefined variable: catinfos E:\www\thinkv_p\Application\Ue\Common\function.php 第 126 行.
NOTIC: [8] Undefined variable: catinfot E:\www\thinkv_p\Application\Ue\Common\function.php 第 126 行.
NOTIC: [8] Undefined variable: catinfos E:\www\thinkv_p\Application\Ue\Common\function.php 第 126 行.
NOTIC: [8] Undefined variable: catinfot E:\www\thinkv_p\Application\Ue\Common\function.php 第 126 行.
NOTIC: [8] Use of undefined constant catid - assumed 'catid' E:\www\thinkv_p\Application\Runtime\Cache\Ue\36bfe89e1e28dbe73425186ed5cc5bf8.php 第 41 行.
NOTIC: [2] Missing argument 3 for getcategory(), called in E:\www\thinkv_p\Application\Runtime\Cache\Ue\36bfe89e1e28dbe73425186ed5cc5bf8.php on line 41 and defined E:\www\thinkv_p\Application\Ue\Common\function.php 第 72 行.
NOTIC: [8] Undefined variable: usable E:\www\thinkv_p\Application\Ue\Common\function.php 第 78 行.
SQL: SELECT * FROM `think_category` WHERE ( usable_type=1 and parentid=117 ) ORDER BY listorder  [ RunTime:0.0008s ]
NOTIC: [8] Use of undefined constant catid - assumed 'catid' E:\www\thinkv_p\Application\Runtime\Cache\Ue\36bfe89e1e28dbe73425186ed5cc5bf8.php 第 41 行.
NOTIC: [2] Missing argument 3 for getcategory(), called in E:\www\thinkv_p\Application\Runtime\Cache\Ue\36bfe89e1e28dbe73425186ed5cc5bf8.php on line 41 and defined E:\www\thinkv_p\Application\Ue\Common\function.php 第 72 行.
NOTIC: [8] Undefined variable: usable E:\www\thinkv_p\Application\Ue\Common\function.php 第 78 行.
SQL: SELECT * FROM `think_category` WHERE ( usable_type=1 and parentid=118 ) ORDER BY listorder  [ RunTime:0.0005s ]
NOTIC: [8] Use of undefined constant catid - assumed 'catid' E:\www\thinkv_p\Application\Runtime\Cache\Ue\36bfe89e1e28dbe73425186ed5cc5bf8.php 第 41 行.
NOTIC: [2] Missing argument 3 for getcategory(), called in E:\www\thinkv_p\Application\Runtime\Cache\Ue\36bfe89e1e28dbe73425186ed5cc5bf8.php on line 41 and defined E:\www\thinkv_p\Application\Ue\Common\function.php 第 72 行.
NOTIC: [8] Undefined variable: usable E:\www\thinkv_p\Application\Ue\Common\function.php 第 78 行.
SQL: SELECT * FROM `think_category` WHERE ( usable_type=1 and parentid=121 ) ORDER BY listorder  [ RunTime:0.0004s ]
NOTIC: [8] Use of undefined constant catid - assumed 'catid' E:\www\thinkv_p\Application\Runtime\Cache\Ue\36bfe89e1e28dbe73425186ed5cc5bf8.php 第 41 行.
NOTIC: [2] Missing argument 3 for getcategory(), called in E:\www\thinkv_p\Application\Runtime\Cache\Ue\36bfe89e1e28dbe73425186ed5cc5bf8.php on line 41 and defined E:\www\thinkv_p\Application\Ue\Common\function.php 第 72 行.
NOTIC: [8] Undefined variable: usable E:\www\thinkv_p\Application\Ue\Common\function.php 第 78 行.
SQL: SELECT * FROM `think_category` WHERE ( usable_type=1 and parentid=122 ) ORDER BY listorder  [ RunTime:0.0004s ]
NOTIC: [2] Missing argument 3 for getdatalist(), called in E:\www\thinkv_p\Application\Runtime\Cache\Ue\36bfe89e1e28dbe73425186ed5cc5bf8.php on line 54 and defined E:\www\thinkv_p\Application\Ue\Common\function.php 第 193 行.
SQL: SELECT * FROM `think_category` WHERE ( catid=81 ) LIMIT 1   [ RunTime:0.0007s ]
NOTIC: [8] Undefined variable: type E:\www\thinkv_p\Application\Ue\Common\function.php 第 200 行.
ERR: 1146:Table 'thinkpf.think_' doesn't exist
 [ SQL语句 ] : SELECT * FROM `think_` WHERE ( `catid` = 81 ) ORDER BY listorder,updatetime desc LIMIT 2  
ERR: 1146:Table 'thinkpf.think_' doesn't exist
 [ SQL语句 ] : SELECT * FROM `think_` WHERE ( `catid` = 81 ) ORDER BY listorder,updatetime desc LIMIT 2  

[ 2016-07-10T19:28:23+08:00 ] ::1 /thinkv_p/
INFO: [ app_init ] --START--
INFO: Run Behavior\BuildLiteBehavior [ RunTime:0.000030s ]
INFO: [ app_init ] --END-- [ RunTime:0.000792s ]
INFO: [ app_begin ] --START--
INFO: Run Behavior\ReadHtmlCacheBehavior [ RunTime:0.001250s ]
INFO: [ app_begin ] --END-- [ RunTime:0.001392s ]
SQL: SHOW COLUMNS FROM `think_sysconfig` [ RunTime:0.0067s ]
SQL: SELECT * FROM `think_sysconfig` WHERE ( varname='cfg_theme' ) LIMIT 1   [ RunTime:0.0010s ]
SQL: SELECT * FROM `think_sysconfig` WHERE ( varname='cfg_wap' ) LIMIT 1   [ RunTime:0.0009s ]
SQL: SHOW COLUMNS FROM `think_category` [ RunTime:0.0071s ]
SQL: SELECT * FROM `think_category` WHERE ( parentid=0 )  [ RunTime:0.0009s ]
INFO: [ view_parse ] --START--
INFO: [ template_filter ] --START--
INFO: Run Behavior\ContentReplaceBehavior [ RunTime:0.000095s ]
INFO: [ template_filter ] --END-- [ RunTime:0.000221s ]
NOTIC: [8] Use of undefined constant cfg_webname - assumed 'cfg_webname' E:\www\thinkv_p\Application\Runtime\Cache\Ue\36bfe89e1e28dbe73425186ed5cc5bf8.php 第 9 行.
SQL: SELECT * FROM `think_sysconfig` WHERE ( varname='cfg_webname' ) LIMIT 1   [ RunTime:0.0009s ]
SQL: SELECT * FROM `think_sysconfig` WHERE ( varname='cfg_indexurl' ) LIMIT 1   [ RunTime:0.0008s ]
NOTIC: [8] Use of undefined constant index_banner - assumed 'index_banner' E:\www\thinkv_p\Application\Runtime\Cache\Ue\36bfe89e1e28dbe73425186ed5cc5bf8.php 第 30 行.
NOTIC: [8] Use of undefined constant img - assumed 'img' E:\www\thinkv_p\Application\Runtime\Cache\Ue\36bfe89e1e28dbe73425186ed5cc5bf8.php 第 30 行.
NOTIC: [2] Missing argument 3 for getcatlist(), called in E:\www\thinkv_p\Application\Runtime\Cache\Ue\36bfe89e1e28dbe73425186ed5cc5bf8.php on line 30 and defined E:\www\thinkv_p\Application\Ue\Common\function.php 第 327 行.
SQL: SHOW COLUMNS FROM `think_catset_list` [ RunTime:0.0062s ]
NOTIC: [8] Undefined variable: catid E:\www\thinkv_p\Application\Ue\Common\function.php 第 330 行.
NOTIC: [8] Undefined index: parentid E:\www\thinkv_p\Application\Ue\Common\function.php 第 332 行.
SQL: SELECT * FROM `think_catset_list` WHERE ( value='index_banner'AND catid = '0' ) LIMIT 1   [ RunTime:0.0007s ]
SQL: SELECT * FROM `think_catset_list` WHERE ( value='index_banner'AND catid = '' ) LIMIT 1   [ RunTime:0.0003s ]
NOTIC: [8] Undefined offset: 1 E:\www\thinkv_p\Application\Common\Common\function.php 第 92 行.
NOTIC: [8] Uninitialized string offset: 0 E:\www\thinkv_p\Application\Runtime\Cache\Ue\36bfe89e1e28dbe73425186ed5cc5bf8.php 第 30 行.
SQL: SELECT * FROM `think_sysconfig` WHERE ( varname='cfg_indexurl' ) LIMIT 1   [ RunTime:0.0003s ]
NOTIC: [2] Missing argument 2 for getcategory(), called in E:\www\thinkv_p\Application\Runtime\Cache\Ue\36bfe89e1e28dbe73425186ed5cc5bf8.php on line 38 and defined E:\www\thinkv_p\Application\Ue\Common\function.php 第 72 行.
SQL: SELECT * FROM `think_category` WHERE ( parentid=0 ) ORDER BY listorder  [ RunTime:0.0010s ]
NOTIC: [8] Undefined variable: catinfos E:\www\thinkv_p\Application\Ue\Common\function.php 第 118 行.
NOTIC: [8] Undefined variable: catinfot E:\www\thinkv_p\Application\Ue\Common\function.php 第 118 行.
NOTIC: [8] Undefined variable: catinfos E:\www\thinkv_p\Application\Ue\Common\function.php 第 118 行.
NOTIC: [8] Undefined variable: catinfot E:\www\thinkv_p\Application\Ue\Common\function.php 第 118 行.
NOTIC: [8] Undefined variable: catinfos E:\www\thinkv_p\Application\Ue\Common\function.php 第 118 行.
NOTIC: [8] Undefined variable: catinfot E:\www\thinkv_p\Application\Ue\Common\function.php 第 118 行.
NOTIC: [8] Undefined variable: catinfos E:\www\thinkv_p\Application\Ue\Common\function.php 第 118 行.
NOTIC: [8] Undefined variable: catinfot E:\www\thinkv_p\Application\Ue\Common\function.php 第 118 行.
NOTIC: [8] Use of undefined constant catid - assumed 'catid' E:\www\thinkv_p\Application\Runtime\Cache\Ue\36bfe89e1e28dbe73425186ed5cc5bf8.php 第 41 行.
SQL: SELECT * FROM `think_category` WHERE ( usable_type='1' and parentid=117 ) ORDER BY listorder  [ RunTime:0.0012s ]
NOTIC: [8] Use of undefined constant catid - assumed 'catid' E:\www\thinkv_p\Application\Runtime\Cache\Ue\36bfe89e1e28dbe73425186ed5cc5bf8.php 第 41 行.
SQL: SELECT * FROM `think_category` WHERE ( usable_type='1' and parentid=118 ) ORDER BY listorder  [ RunTime:0.0009s ]
NOTIC: [8] Use of undefined constant catid - assumed 'catid' E:\www\thinkv_p\Application\Runtime\Cache\Ue\36bfe89e1e28dbe73425186ed5cc5bf8.php 第 41 行.
SQL: SELECT * FROM `think_category` WHERE ( usable_type='1' and parentid=121 ) ORDER BY listorder  [ RunTime:0.0007s ]
NOTIC: [8] Use of undefined constant catid - assumed 'catid' E:\www\thinkv_p\Application\Runtime\Cache\Ue\36bfe89e1e28dbe73425186ed5cc5bf8.php 第 41 行.
SQL: SELECT * FROM `think_category` WHERE ( usable_type='1' and parentid=122 ) ORDER BY listorder  [ RunTime:0.0004s ]
NOTIC: [2] Missing argument 3 for getdatalist(), called in E:\www\thinkv_p\Application\Runtime\Cache\Ue\36bfe89e1e28dbe73425186ed5cc5bf8.php on line 54 and defined E:\www\thinkv_p\Application\Ue\Common\function.php 第 185 行.
SQL: SELECT * FROM `think_category` WHERE ( catid=81 ) LIMIT 1   [ RunTime:0.0003s ]
NOTIC: [8] Undefined variable: type E:\www\thinkv_p\Application\Ue\Common\function.php 第 192 行.
ERR: 1146:Table 'thinkpf.think_' doesn't exist
 [ SQL语句 ] : SELECT * FROM `think_` WHERE ( `catid` = 81 ) ORDER BY listorder,updatetime desc LIMIT 2  
ERR: 1146:Table 'thinkpf.think_' doesn't exist
 [ SQL语句 ] : SELECT * FROM `think_` WHERE ( `catid` = 81 ) ORDER BY listorder,updatetime desc LIMIT 2  

[ 2016-07-10T19:28:24+08:00 ] ::1 /thinkv_p/
INFO: [ app_init ] --START--
INFO: Run Behavior\BuildLiteBehavior [ RunTime:0.000023s ]
INFO: [ app_init ] --END-- [ RunTime:0.000568s ]
INFO: [ app_begin ] --START--
INFO: Run Behavior\ReadHtmlCacheBehavior [ RunTime:0.000974s ]
INFO: [ app_begin ] --END-- [ RunTime:0.001083s ]
SQL: SHOW COLUMNS FROM `think_sysconfig` [ RunTime:0.0069s ]
SQL: SELECT * FROM `think_sysconfig` WHERE ( varname='cfg_theme' ) LIMIT 1   [ RunTime:0.0005s ]
SQL: SELECT * FROM `think_sysconfig` WHERE ( varname='cfg_wap' ) LIMIT 1   [ RunTime:0.0006s ]
SQL: SHOW COLUMNS FROM `think_category` [ RunTime:0.0065s ]
SQL: SELECT * FROM `think_category` WHERE ( parentid=0 )  [ RunTime:0.0009s ]
INFO: [ view_parse ] --START--
INFO: [ template_filter ] --START--
INFO: Run Behavior\ContentReplaceBehavior [ RunTime:0.000091s ]
INFO: [ template_filter ] --END-- [ RunTime:0.000202s ]
NOTIC: [8] Use of undefined constant cfg_webname - assumed 'cfg_webname' E:\www\thinkv_p\Application\Runtime\Cache\Ue\36bfe89e1e28dbe73425186ed5cc5bf8.php 第 9 行.
SQL: SELECT * FROM `think_sysconfig` WHERE ( varname='cfg_webname' ) LIMIT 1   [ RunTime:0.0009s ]
SQL: SELECT * FROM `think_sysconfig` WHERE ( varname='cfg_indexurl' ) LIMIT 1   [ RunTime:0.0007s ]
NOTIC: [8] Use of undefined constant index_banner - assumed 'index_banner' E:\www\thinkv_p\Application\Runtime\Cache\Ue\36bfe89e1e28dbe73425186ed5cc5bf8.php 第 30 行.
NOTIC: [8] Use of undefined constant img - assumed 'img' E:\www\thinkv_p\Application\Runtime\Cache\Ue\36bfe89e1e28dbe73425186ed5cc5bf8.php 第 30 行.
NOTIC: [2] Missing argument 3 for getcatlist(), called in E:\www\thinkv_p\Application\Runtime\Cache\Ue\36bfe89e1e28dbe73425186ed5cc5bf8.php on line 30 and defined E:\www\thinkv_p\Application\Ue\Common\function.php 第 327 行.
SQL: SHOW COLUMNS FROM `think_catset_list` [ RunTime:0.0064s ]
NOTIC: [8] Undefined variable: catid E:\www\thinkv_p\Application\Ue\Common\function.php 第 330 行.
NOTIC: [8] Undefined index: parentid E:\www\thinkv_p\Application\Ue\Common\function.php 第 332 行.
SQL: SELECT * FROM `think_catset_list` WHERE ( value='index_banner'AND catid = '0' ) LIMIT 1   [ RunTime:0.0005s ]
SQL: SELECT * FROM `think_catset_list` WHERE ( value='index_banner'AND catid = '' ) LIMIT 1   [ RunTime:0.0006s ]
NOTIC: [8] Undefined offset: 1 E:\www\thinkv_p\Application\Common\Common\function.php 第 92 行.
NOTIC: [8] Uninitialized string offset: 0 E:\www\thinkv_p\Application\Runtime\Cache\Ue\36bfe89e1e28dbe73425186ed5cc5bf8.php 第 30 行.
SQL: SELECT * FROM `think_sysconfig` WHERE ( varname='cfg_indexurl' ) LIMIT 1   [ RunTime:0.0007s ]
NOTIC: [2] Missing argument 2 for getcategory(), called in E:\www\thinkv_p\Application\Runtime\Cache\Ue\36bfe89e1e28dbe73425186ed5cc5bf8.php on line 38 and defined E:\www\thinkv_p\Application\Ue\Common\function.php 第 72 行.
SQL: SELECT * FROM `think_category` WHERE ( parentid=0 ) ORDER BY listorder  [ RunTime:0.0009s ]
NOTIC: [8] Undefined variable: catinfos E:\www\thinkv_p\Application\Ue\Common\function.php 第 118 行.
NOTIC: [8] Undefined variable: catinfot E:\www\thinkv_p\Application\Ue\Common\function.php 第 118 行.
NOTIC: [8] Undefined variable: catinfos E:\www\thinkv_p\Application\Ue\Common\function.php 第 118 行.
NOTIC: [8] Undefined variable: catinfot E:\www\thinkv_p\Application\Ue\Common\function.php 第 118 行.
NOTIC: [8] Undefined variable: catinfos E:\www\thinkv_p\Application\Ue\Common\function.php 第 118 行.
NOTIC: [8] Undefined variable: catinfot E:\www\thinkv_p\Application\Ue\Common\function.php 第 118 行.
NOTIC: [8] Undefined variable: catinfos E:\www\thinkv_p\Application\Ue\Common\function.php 第 118 行.
NOTIC: [8] Undefined variable: catinfot E:\www\thinkv_p\Application\Ue\Common\function.php 第 118 行.
NOTIC: [8] Use of undefined constant catid - assumed 'catid' E:\www\thinkv_p\Application\Runtime\Cache\Ue\36bfe89e1e28dbe73425186ed5cc5bf8.php 第 41 行.
SQL: SELECT * FROM `think_category` WHERE ( usable_type='1' and parentid=117 ) ORDER BY listorder  [ RunTime:0.0009s ]
NOTIC: [8] Use of undefined constant catid - assumed 'catid' E:\www\thinkv_p\Application\Runtime\Cache\Ue\36bfe89e1e28dbe73425186ed5cc5bf8.php 第 41 行.
SQL: SELECT * FROM `think_category` WHERE ( usable_type='1' and parentid=118 ) ORDER BY listorder  [ RunTime:0.0009s ]
NOTIC: [8] Use of undefined constant catid - assumed 'catid' E:\www\thinkv_p\Application\Runtime\Cache\Ue\36bfe89e1e28dbe73425186ed5cc5bf8.php 第 41 行.
SQL: SELECT * FROM `think_category` WHERE ( usable_type='1' and parentid=121 ) ORDER BY listorder  [ RunTime:0.0009s ]
NOTIC: [8] Use of undefined constant catid - assumed 'catid' E:\www\thinkv_p\Application\Runtime\Cache\Ue\36bfe89e1e28dbe73425186ed5cc5bf8.php 第 41 行.
SQL: SELECT * FROM `think_category` WHERE ( usable_type='1' and parentid=122 ) ORDER BY listorder  [ RunTime:0.0008s ]
NOTIC: [2] Missing argument 3 for getdatalist(), called in E:\www\thinkv_p\Application\Runtime\Cache\Ue\36bfe89e1e28dbe73425186ed5cc5bf8.php on line 54 and defined E:\www\thinkv_p\Application\Ue\Common\function.php 第 185 行.
SQL: SELECT * FROM `think_category` WHERE ( catid=81 ) LIMIT 1   [ RunTime:0.0006s ]
NOTIC: [8] Undefined variable: type E:\www\thinkv_p\Application\Ue\Common\function.php 第 192 行.
ERR: 1146:Table 'thinkpf.think_' doesn't exist
 [ SQL语句 ] : SELECT * FROM `think_` WHERE ( `catid` = 81 ) ORDER BY listorder,updatetime desc LIMIT 2  
ERR: 1146:Table 'thinkpf.think_' doesn't exist
 [ SQL语句 ] : SELECT * FROM `think_` WHERE ( `catid` = 81 ) ORDER BY listorder,updatetime desc LIMIT 2  

[ 2016-07-10T19:28:27+08:00 ] ::1 /thinkv_p/
INFO: [ app_init ] --START--
INFO: Run Behavior\BuildLiteBehavior [ RunTime:0.000027s ]
INFO: [ app_init ] --END-- [ RunTime:0.000799s ]
INFO: [ app_begin ] --START--
INFO: Run Behavior\ReadHtmlCacheBehavior [ RunTime:0.001430s ]
INFO: [ app_begin ] --END-- [ RunTime:0.001684s ]
SQL: SHOW COLUMNS FROM `think_sysconfig` [ RunTime:0.0059s ]
SQL: SELECT * FROM `think_sysconfig` WHERE ( varname='cfg_theme' ) LIMIT 1   [ RunTime:0.0006s ]
SQL: SELECT * FROM `think_sysconfig` WHERE ( varname='cfg_wap' ) LIMIT 1   [ RunTime:0.0005s ]
SQL: SHOW COLUMNS FROM `think_category` [ RunTime:0.0073s ]
SQL: SELECT * FROM `think_category` WHERE ( parentid=0 )  [ RunTime:0.0007s ]
INFO: [ view_parse ] --START--
INFO: [ template_filter ] --START--
INFO: Run Behavior\ContentReplaceBehavior [ RunTime:0.000094s ]
INFO: [ template_filter ] --END-- [ RunTime:0.000213s ]
NOTIC: [8] Use of undefined constant cfg_webname - assumed 'cfg_webname' E:\www\thinkv_p\Application\Runtime\Cache\Ue\36bfe89e1e28dbe73425186ed5cc5bf8.php 第 9 行.
SQL: SELECT * FROM `think_sysconfig` WHERE ( varname='cfg_webname' ) LIMIT 1   [ RunTime:0.0007s ]
SQL: SELECT * FROM `think_sysconfig` WHERE ( varname='cfg_indexurl' ) LIMIT 1   [ RunTime:0.0004s ]
NOTIC: [8] Use of undefined constant index_banner - assumed 'index_banner' E:\www\thinkv_p\Application\Runtime\Cache\Ue\36bfe89e1e28dbe73425186ed5cc5bf8.php 第 30 行.
NOTIC: [8] Use of undefined constant img - assumed 'img' E:\www\thinkv_p\Application\Runtime\Cache\Ue\36bfe89e1e28dbe73425186ed5cc5bf8.php 第 30 行.
NOTIC: [2] Missing argument 3 for getcatlist(), called in E:\www\thinkv_p\Application\Runtime\Cache\Ue\36bfe89e1e28dbe73425186ed5cc5bf8.php on line 30 and defined E:\www\thinkv_p\Application\Ue\Common\function.php 第 327 行.
SQL: SHOW COLUMNS FROM `think_catset_list` [ RunTime:0.0071s ]
NOTIC: [8] Undefined variable: catid E:\www\thinkv_p\Application\Ue\Common\function.php 第 330 行.
NOTIC: [8] Undefined index: parentid E:\www\thinkv_p\Application\Ue\Common\function.php 第 332 行.
SQL: SELECT * FROM `think_catset_list` WHERE ( value='index_banner'AND catid = '0' ) LIMIT 1   [ RunTime:0.0007s ]
SQL: SELECT * FROM `think_catset_list` WHERE ( value='index_banner'AND catid = '' ) LIMIT 1   [ RunTime:0.0003s ]
NOTIC: [8] Undefined offset: 1 E:\www\thinkv_p\Application\Common\Common\function.php 第 92 行.
NOTIC: [8] Uninitialized string offset: 0 E:\www\thinkv_p\Application\Runtime\Cache\Ue\36bfe89e1e28dbe73425186ed5cc5bf8.php 第 30 行.
SQL: SELECT * FROM `think_sysconfig` WHERE ( varname='cfg_indexurl' ) LIMIT 1   [ RunTime:0.0003s ]
NOTIC: [2] Missing argument 2 for getcategory(), called in E:\www\thinkv_p\Application\Runtime\Cache\Ue\36bfe89e1e28dbe73425186ed5cc5bf8.php on line 38 and defined E:\www\thinkv_p\Application\Ue\Common\function.php 第 72 行.
SQL: SELECT * FROM `think_category` WHERE ( parentid=0 ) ORDER BY listorder  [ RunTime:0.0005s ]
NOTIC: [8] Undefined variable: catinfos E:\www\thinkv_p\Application\Ue\Common\function.php 第 118 行.
NOTIC: [8] Undefined variable: catinfot E:\www\thinkv_p\Application\Ue\Common\function.php 第 118 行.
NOTIC: [8] Undefined variable: catinfos E:\www\thinkv_p\Application\Ue\Common\function.php 第 118 行.
NOTIC: [8] Undefined variable: catinfot E:\www\thinkv_p\Application\Ue\Common\function.php 第 118 行.
NOTIC: [8] Undefined variable: catinfos E:\www\thinkv_p\Application\Ue\Common\function.php 第 118 行.
NOTIC: [8] Undefined variable: catinfot E:\www\thinkv_p\Application\Ue\Common\function.php 第 118 行.
NOTIC: [8] Undefined variable: catinfos E:\www\thinkv_p\Application\Ue\Common\function.php 第 118 行.
NOTIC: [8] Undefined variable: catinfot E:\www\thinkv_p\Application\Ue\Common\function.php 第 118 行.
NOTIC: [8] Use of undefined constant catid - assumed 'catid' E:\www\thinkv_p\Application\Runtime\Cache\Ue\36bfe89e1e28dbe73425186ed5cc5bf8.php 第 41 行.
SQL: SELECT * FROM `think_category` WHERE ( usable_type='1' and parentid=117 ) ORDER BY listorder  [ RunTime:0.0008s ]
NOTIC: [8] Use of undefined constant catid - assumed 'catid' E:\www\thinkv_p\Application\Runtime\Cache\Ue\36bfe89e1e28dbe73425186ed5cc5bf8.php 第 41 行.
SQL: SELECT * FROM `think_category` WHERE ( usable_type='1' and parentid=118 ) ORDER BY listorder  [ RunTime:0.0009s ]
NOTIC: [8] Use of undefined constant catid - assumed 'catid' E:\www\thinkv_p\Application\Runtime\Cache\Ue\36bfe89e1e28dbe73425186ed5cc5bf8.php 第 41 行.
SQL: SELECT * FROM `think_category` WHERE ( usable_type='1' and parentid=121 ) ORDER BY listorder  [ RunTime:0.0008s ]
NOTIC: [8] Use of undefined constant catid - assumed 'catid' E:\www\thinkv_p\Application\Runtime\Cache\Ue\36bfe89e1e28dbe73425186ed5cc5bf8.php 第 41 行.
SQL: SELECT * FROM `think_category` WHERE ( usable_type='1' and parentid=122 ) ORDER BY listorder  [ RunTime:0.0009s ]
NOTIC: [2] Missing argument 3 for getdatalist(), called in E:\www\thinkv_p\Application\Runtime\Cache\Ue\36bfe89e1e28dbe73425186ed5cc5bf8.php on line 54 and defined E:\www\thinkv_p\Application\Ue\Common\function.php 第 185 行.
SQL: SELECT * FROM `think_category` WHERE ( catid=81 ) LIMIT 1   [ RunTime:0.0006s ]
NOTIC: [8] Undefined variable: type E:\www\thinkv_p\Application\Ue\Common\function.php 第 192 行.
ERR: 1146:Table 'thinkpf.think_' doesn't exist
 [ SQL语句 ] : SELECT * FROM `think_` WHERE ( `catid` = 81 ) ORDER BY listorder,updatetime desc LIMIT 2  
ERR: 1146:Table 'thinkpf.think_' doesn't exist
 [ SQL语句 ] : SELECT * FROM `think_` WHERE ( `catid` = 81 ) ORDER BY listorder,updatetime desc LIMIT 2  

[ 2016-07-10T19:28:50+08:00 ] ::1 /thinkv_p/
INFO: [ app_init ] --START--
INFO: Run Behavior\BuildLiteBehavior [ RunTime:0.000030s ]
INFO: [ app_init ] --END-- [ RunTime:0.000797s ]
INFO: [ app_begin ] --START--
INFO: Run Behavior\ReadHtmlCacheBehavior [ RunTime:0.002013s ]
INFO: [ app_begin ] --END-- [ RunTime:0.002238s ]
SQL: SHOW COLUMNS FROM `think_sysconfig` [ RunTime:0.0060s ]
SQL: SELECT * FROM `think_sysconfig` WHERE ( varname='cfg_theme' ) LIMIT 1   [ RunTime:0.0009s ]
SQL: SELECT * FROM `think_sysconfig` WHERE ( varname='cfg_wap' ) LIMIT 1   [ RunTime:0.0007s ]
SQL: SHOW COLUMNS FROM `think_category` [ RunTime:0.0069s ]
SQL: SELECT * FROM `think_category` WHERE ( parentid=0 )  [ RunTime:0.0008s ]
INFO: [ view_parse ] --START--
INFO: [ template_filter ] --START--
INFO: Run Behavior\ContentReplaceBehavior [ RunTime:0.000092s ]
INFO: [ template_filter ] --END-- [ RunTime:0.000202s ]
NOTIC: [8] Use of undefined constant cfg_webname - assumed 'cfg_webname' E:\www\thinkv_p\Application\Runtime\Cache\Ue\36bfe89e1e28dbe73425186ed5cc5bf8.php 第 9 行.
SQL: SELECT * FROM `think_sysconfig` WHERE ( varname='cfg_webname' ) LIMIT 1   [ RunTime:0.0008s ]
SQL: SELECT * FROM `think_sysconfig` WHERE ( varname='cfg_indexurl' ) LIMIT 1   [ RunTime:0.0007s ]
NOTIC: [8] Use of undefined constant index_banner - assumed 'index_banner' E:\www\thinkv_p\Application\Runtime\Cache\Ue\36bfe89e1e28dbe73425186ed5cc5bf8.php 第 30 行.
NOTIC: [8] Use of undefined constant img - assumed 'img' E:\www\thinkv_p\Application\Runtime\Cache\Ue\36bfe89e1e28dbe73425186ed5cc5bf8.php 第 30 行.
NOTIC: [2] Missing argument 3 for getcatlist(), called in E:\www\thinkv_p\Application\Runtime\Cache\Ue\36bfe89e1e28dbe73425186ed5cc5bf8.php on line 30 and defined E:\www\thinkv_p\Application\Ue\Common\function.php 第 329 行.
SQL: SHOW COLUMNS FROM `think_catset_list` [ RunTime:0.0071s ]
NOTIC: [8] Undefined variable: catid E:\www\thinkv_p\Application\Ue\Common\function.php 第 332 行.
NOTIC: [8] Undefined index: parentid E:\www\thinkv_p\Application\Ue\Common\function.php 第 334 行.
SQL: SELECT * FROM `think_catset_list` WHERE ( value='index_banner'AND catid = '0' ) LIMIT 1   [ RunTime:0.0006s ]
SQL: SELECT * FROM `think_catset_list` WHERE ( value='index_banner'AND catid = '' ) LIMIT 1   [ RunTime:0.0003s ]
NOTIC: [8] Undefined offset: 1 E:\www\thinkv_p\Application\Common\Common\function.php 第 92 行.
NOTIC: [8] Uninitialized string offset: 0 E:\www\thinkv_p\Application\Runtime\Cache\Ue\36bfe89e1e28dbe73425186ed5cc5bf8.php 第 30 行.
SQL: SELECT * FROM `think_sysconfig` WHERE ( varname='cfg_indexurl' ) LIMIT 1   [ RunTime:0.0003s ]
NOTIC: [2] Missing argument 2 for getcategory(), called in E:\www\thinkv_p\Application\Runtime\Cache\Ue\36bfe89e1e28dbe73425186ed5cc5bf8.php on line 38 and defined E:\www\thinkv_p\Application\Ue\Common\function.php 第 72 行.
SQL: SELECT * FROM `think_category` WHERE ( parentid=0 ) ORDER BY listorder  [ RunTime:0.0005s ]
NOTIC: [8] Undefined variable: catinfos E:\www\thinkv_p\Application\Ue\Common\function.php 第 120 行.
NOTIC: [8] Undefined variable: catinfot E:\www\thinkv_p\Application\Ue\Common\function.php 第 120 行.
NOTIC: [8] Undefined variable: catinfos E:\www\thinkv_p\Application\Ue\Common\function.php 第 120 行.
NOTIC: [8] Undefined variable: catinfot E:\www\thinkv_p\Application\Ue\Common\function.php 第 120 行.
NOTIC: [8] Undefined variable: catinfos E:\www\thinkv_p\Application\Ue\Common\function.php 第 120 行.
NOTIC: [8] Undefined variable: catinfot E:\www\thinkv_p\Application\Ue\Common\function.php 第 120 行.
NOTIC: [8] Undefined variable: catinfos E:\www\thinkv_p\Application\Ue\Common\function.php 第 120 行.
NOTIC: [8] Undefined variable: catinfot E:\www\thinkv_p\Application\Ue\Common\function.php 第 120 行.
NOTIC: [8] Use of undefined constant catid - assumed 'catid' E:\www\thinkv_p\Application\Runtime\Cache\Ue\36bfe89e1e28dbe73425186ed5cc5bf8.php 第 41 行.
SQL: SELECT * FROM `think_category` WHERE ( usable_type='1' and parentid=117 ) ORDER BY listorder  [ RunTime:0.0004s ]
NOTIC: [8] Use of undefined constant catid - assumed 'catid' E:\www\thinkv_p\Application\Runtime\Cache\Ue\36bfe89e1e28dbe73425186ed5cc5bf8.php 第 41 行.
SQL: SELECT * FROM `think_category` WHERE ( usable_type='1' and parentid=118 ) ORDER BY listorder  [ RunTime:0.0004s ]
NOTIC: [8] Use of undefined constant catid - assumed 'catid' E:\www\thinkv_p\Application\Runtime\Cache\Ue\36bfe89e1e28dbe73425186ed5cc5bf8.php 第 41 行.
SQL: SELECT * FROM `think_category` WHERE ( usable_type='1' and parentid=121 ) ORDER BY listorder  [ RunTime:0.0004s ]
NOTIC: [8] Use of undefined constant catid - assumed 'catid' E:\www\thinkv_p\Application\Runtime\Cache\Ue\36bfe89e1e28dbe73425186ed5cc5bf8.php 第 41 行.
SQL: SELECT * FROM `think_category` WHERE ( usable_type='1' and parentid=122 ) ORDER BY listorder  [ RunTime:0.0004s ]
NOTIC: [2] Missing argument 3 for getdatalist(), called in E:\www\thinkv_p\Application\Runtime\Cache\Ue\36bfe89e1e28dbe73425186ed5cc5bf8.php on line 54 and defined E:\www\thinkv_p\Application\Ue\Common\function.php 第 187 行.
SQL: SELECT * FROM `think_category` WHERE ( catid=81 ) LIMIT 1   [ RunTime:0.0003s ]
NOTIC: [8] Undefined variable: type E:\www\thinkv_p\Application\Ue\Common\function.php 第 194 行.
ERR: 1146:Table 'thinkpf.think_' doesn't exist
 [ SQL语句 ] : SELECT * FROM `think_` WHERE ( `catid` = 81 ) ORDER BY listorder,updatetime desc LIMIT 2  
ERR: 1146:Table 'thinkpf.think_' doesn't exist
 [ SQL语句 ] : SELECT * FROM `think_` WHERE ( `catid` = 81 ) ORDER BY listorder,updatetime desc LIMIT 2  

[ 2016-07-10T19:30:02+08:00 ] ::1 /thinkv_p/
INFO: [ app_init ] --START--
INFO: Run Behavior\BuildLiteBehavior [ RunTime:0.000024s ]
INFO: [ app_init ] --END-- [ RunTime:0.000571s ]
INFO: [ app_begin ] --START--
INFO: Run Behavior\ReadHtmlCacheBehavior [ RunTime:0.001545s ]
INFO: [ app_begin ] --END-- [ RunTime:0.001706s ]
SQL: SHOW COLUMNS FROM `think_sysconfig` [ RunTime:0.0060s ]
SQL: SELECT * FROM `think_sysconfig` WHERE ( varname='cfg_theme' ) LIMIT 1   [ RunTime:0.0007s ]
SQL: SELECT * FROM `think_sysconfig` WHERE ( varname='cfg_wap' ) LIMIT 1   [ RunTime:0.0007s ]
SQL: SHOW COLUMNS FROM `think_category` [ RunTime:0.0070s ]
SQL: SELECT * FROM `think_category` WHERE ( parentid=0 )  [ RunTime:0.0010s ]
INFO: [ view_parse ] --START--
INFO: [ template_filter ] --START--
INFO: Run Behavior\ContentReplaceBehavior [ RunTime:0.000099s ]
INFO: [ template_filter ] --END-- [ RunTime:0.000223s ]
NOTIC: [8] Use of undefined constant cfg_webname - assumed 'cfg_webname' E:\www\thinkv_p\Application\Runtime\Cache\Ue\36bfe89e1e28dbe73425186ed5cc5bf8.php 第 9 行.
SQL: SELECT * FROM `think_sysconfig` WHERE ( varname='cfg_webname' ) LIMIT 1   [ RunTime:0.0008s ]
SQL: SELECT * FROM `think_sysconfig` WHERE ( varname='cfg_indexurl' ) LIMIT 1   [ RunTime:0.0004s ]
NOTIC: [8] Use of undefined constant index_banner - assumed 'index_banner' E:\www\thinkv_p\Application\Runtime\Cache\Ue\36bfe89e1e28dbe73425186ed5cc5bf8.php 第 30 行.
NOTIC: [8] Use of undefined constant img - assumed 'img' E:\www\thinkv_p\Application\Runtime\Cache\Ue\36bfe89e1e28dbe73425186ed5cc5bf8.php 第 30 行.
NOTIC: [2] Missing argument 3 for getcatlist(), called in E:\www\thinkv_p\Application\Runtime\Cache\Ue\36bfe89e1e28dbe73425186ed5cc5bf8.php on line 30 and defined E:\www\thinkv_p\Application\Ue\Common\function.php 第 328 行.
SQL: SHOW COLUMNS FROM `think_catset_list` [ RunTime:0.0066s ]
NOTIC: [8] Undefined variable: catid E:\www\thinkv_p\Application\Ue\Common\function.php 第 331 行.
NOTIC: [8] Undefined index: parentid E:\www\thinkv_p\Application\Ue\Common\function.php 第 333 行.
SQL: SELECT * FROM `think_catset_list` WHERE ( value='index_banner'AND catid = '0' ) LIMIT 1   [ RunTime:0.0009s ]
SQL: SELECT * FROM `think_catset_list` WHERE ( value='index_banner'AND catid = '' ) LIMIT 1   [ RunTime:0.0011s ]
NOTIC: [8] Undefined offset: 1 E:\www\thinkv_p\Application\Common\Common\function.php 第 92 行.
NOTIC: [8] Uninitialized string offset: 0 E:\www\thinkv_p\Application\Runtime\Cache\Ue\36bfe89e1e28dbe73425186ed5cc5bf8.php 第 30 行.
SQL: SELECT * FROM `think_sysconfig` WHERE ( varname='cfg_indexurl' ) LIMIT 1   [ RunTime:0.0009s ]
NOTIC: [2] Missing argument 2 for getcategory(), called in E:\www\thinkv_p\Application\Runtime\Cache\Ue\36bfe89e1e28dbe73425186ed5cc5bf8.php on line 38 and defined E:\www\thinkv_p\Application\Ue\Common\function.php 第 72 行.
SQL: SELECT * FROM `think_category` WHERE ( usable_type='1' and parentid=0 ) ORDER BY listorder  [ RunTime:0.0012s ]
NOTIC: [8] Undefined variable: catinfos E:\www\thinkv_p\Application\Ue\Common\function.php 第 119 行.
NOTIC: [8] Undefined variable: catinfot E:\www\thinkv_p\Application\Ue\Common\function.php 第 119 行.
NOTIC: [8] Use of undefined constant catid - assumed 'catid' E:\www\thinkv_p\Application\Runtime\Cache\Ue\36bfe89e1e28dbe73425186ed5cc5bf8.php 第 41 行.
SQL: SELECT * FROM `think_category` WHERE ( usable_type='1' and parentid=118 ) ORDER BY listorder  [ RunTime:0.0010s ]
NOTIC: [2] Missing argument 3 for getdatalist(), called in E:\www\thinkv_p\Application\Runtime\Cache\Ue\36bfe89e1e28dbe73425186ed5cc5bf8.php on line 54 and defined E:\www\thinkv_p\Application\Ue\Common\function.php 第 186 行.
SQL: SELECT * FROM `think_category` WHERE ( catid=81 ) LIMIT 1   [ RunTime:0.0006s ]
NOTIC: [8] Undefined variable: type E:\www\thinkv_p\Application\Ue\Common\function.php 第 193 行.
ERR: 1146:Table 'thinkpf.think_' doesn't exist
 [ SQL语句 ] : SELECT * FROM `think_` WHERE ( `catid` = 81 ) ORDER BY listorder,updatetime desc LIMIT 2  
ERR: 1146:Table 'thinkpf.think_' doesn't exist
 [ SQL语句 ] : SELECT * FROM `think_` WHERE ( `catid` = 81 ) ORDER BY listorder,updatetime desc LIMIT 2  

[ 2016-07-10T19:30:10+08:00 ] ::1 /thinkv_p/
INFO: [ app_init ] --START--
INFO: Run Behavior\BuildLiteBehavior [ RunTime:0.000029s ]
INFO: [ app_init ] --END-- [ RunTime:0.000711s ]
INFO: [ app_begin ] --START--
INFO: Run Behavior\ReadHtmlCacheBehavior [ RunTime:0.000949s ]
INFO: [ app_begin ] --END-- [ RunTime:0.001056s ]
SQL: SHOW COLUMNS FROM `think_sysconfig` [ RunTime:0.0062s ]
SQL: SELECT * FROM `think_sysconfig` WHERE ( varname='cfg_theme' ) LIMIT 1   [ RunTime:0.0007s ]
SQL: SELECT * FROM `think_sysconfig` WHERE ( varname='cfg_wap' ) LIMIT 1   [ RunTime:0.0006s ]
SQL: SHOW COLUMNS FROM `think_category` [ RunTime:0.0066s ]
SQL: SELECT * FROM `think_category` WHERE ( parentid=0 )  [ RunTime:0.0008s ]
INFO: [ view_parse ] --START--
INFO: [ template_filter ] --START--
INFO: Run Behavior\ContentReplaceBehavior [ RunTime:0.000096s ]
INFO: [ template_filter ] --END-- [ RunTime:0.000207s ]
NOTIC: [8] Use of undefined constant cfg_webname - assumed 'cfg_webname' E:\www\thinkv_p\Application\Runtime\Cache\Ue\36bfe89e1e28dbe73425186ed5cc5bf8.php 第 9 行.
SQL: SELECT * FROM `think_sysconfig` WHERE ( varname='cfg_webname' ) LIMIT 1   [ RunTime:0.0006s ]
SQL: SELECT * FROM `think_sysconfig` WHERE ( varname='cfg_indexurl' ) LIMIT 1   [ RunTime:0.0005s ]
NOTIC: [8] Use of undefined constant index_banner - assumed 'index_banner' E:\www\thinkv_p\Application\Runtime\Cache\Ue\36bfe89e1e28dbe73425186ed5cc5bf8.php 第 30 行.
NOTIC: [8] Use of undefined constant img - assumed 'img' E:\www\thinkv_p\Application\Runtime\Cache\Ue\36bfe89e1e28dbe73425186ed5cc5bf8.php 第 30 行.
NOTIC: [2] Missing argument 3 for getcatlist(), called in E:\www\thinkv_p\Application\Runtime\Cache\Ue\36bfe89e1e28dbe73425186ed5cc5bf8.php on line 30 and defined E:\www\thinkv_p\Application\Ue\Common\function.php 第 328 行.
SQL: SHOW COLUMNS FROM `think_catset_list` [ RunTime:0.0062s ]
NOTIC: [8] Undefined variable: catid E:\www\thinkv_p\Application\Ue\Common\function.php 第 331 行.
NOTIC: [8] Undefined index: parentid E:\www\thinkv_p\Application\Ue\Common\function.php 第 333 行.
SQL: SELECT * FROM `think_catset_list` WHERE ( value='index_banner'AND catid = '0' ) LIMIT 1   [ RunTime:0.0007s ]
SQL: SELECT * FROM `think_catset_list` WHERE ( value='index_banner'AND catid = '' ) LIMIT 1   [ RunTime:0.0005s ]
NOTIC: [8] Undefined offset: 1 E:\www\thinkv_p\Application\Common\Common\function.php 第 92 行.
NOTIC: [8] Uninitialized string offset: 0 E:\www\thinkv_p\Application\Runtime\Cache\Ue\36bfe89e1e28dbe73425186ed5cc5bf8.php 第 30 行.
SQL: SELECT * FROM `think_sysconfig` WHERE ( varname='cfg_indexurl' ) LIMIT 1   [ RunTime:0.0005s ]
NOTIC: [2] Missing argument 2 for getcategory(), called in E:\www\thinkv_p\Application\Runtime\Cache\Ue\36bfe89e1e28dbe73425186ed5cc5bf8.php on line 38 and defined E:\www\thinkv_p\Application\Ue\Common\function.php 第 72 行.
SQL: SELECT * FROM `think_category` WHERE ( usable_type='1' and parentid=0 ) ORDER BY listorder  [ RunTime:0.0006s ]
NOTIC: [2] Missing argument 3 for getdatalist(), called in E:\www\thinkv_p\Application\Runtime\Cache\Ue\36bfe89e1e28dbe73425186ed5cc5bf8.php on line 54 and defined E:\www\thinkv_p\Application\Ue\Common\function.php 第 186 行.
SQL: SELECT * FROM `think_category` WHERE ( catid=81 ) LIMIT 1   [ RunTime:0.0007s ]
NOTIC: [8] Undefined variable: type E:\www\thinkv_p\Application\Ue\Common\function.php 第 193 行.
ERR: 1146:Table 'thinkpf.think_' doesn't exist
 [ SQL语句 ] : SELECT * FROM `think_` WHERE ( `catid` = 81 ) ORDER BY listorder,updatetime desc LIMIT 2  
ERR: 1146:Table 'thinkpf.think_' doesn't exist
 [ SQL语句 ] : SELECT * FROM `think_` WHERE ( `catid` = 81 ) ORDER BY listorder,updatetime desc LIMIT 2  

[ 2016-07-10T19:30:25+08:00 ] ::1 /thinkv_p/
INFO: [ app_init ] --START--
INFO: Run Behavior\BuildLiteBehavior [ RunTime:0.000034s ]
INFO: [ app_init ] --END-- [ RunTime:0.000966s ]
INFO: [ app_begin ] --START--
INFO: Run Behavior\ReadHtmlCacheBehavior [ RunTime:0.001052s ]
INFO: [ app_begin ] --END-- [ RunTime:0.001172s ]
SQL: SHOW COLUMNS FROM `think_sysconfig` [ RunTime:0.0067s ]
SQL: SELECT * FROM `think_sysconfig` WHERE ( varname='cfg_theme' ) LIMIT 1   [ RunTime:0.0008s ]
SQL: SELECT * FROM `think_sysconfig` WHERE ( varname='cfg_wap' ) LIMIT 1   [ RunTime:0.0007s ]
SQL: SHOW COLUMNS FROM `think_category` [ RunTime:0.0077s ]
SQL: SELECT * FROM `think_category` WHERE ( parentid=0 )  [ RunTime:0.0009s ]
INFO: [ view_parse ] --START--
INFO: [ template_filter ] --START--
INFO: Run Behavior\ContentReplaceBehavior [ RunTime:0.000206s ]
INFO: [ template_filter ] --END-- [ RunTime:0.000501s ]
NOTIC: [8] Use of undefined constant cfg_webname - assumed 'cfg_webname' E:\www\thinkv_p\Application\Runtime\Cache\Ue\36bfe89e1e28dbe73425186ed5cc5bf8.php 第 9 行.
SQL: SELECT * FROM `think_sysconfig` WHERE ( varname='cfg_webname' ) LIMIT 1   [ RunTime:0.0009s ]
SQL: SELECT * FROM `think_sysconfig` WHERE ( varname='cfg_indexurl' ) LIMIT 1   [ RunTime:0.0005s ]
NOTIC: [8] Use of undefined constant index_banner - assumed 'index_banner' E:\www\thinkv_p\Application\Runtime\Cache\Ue\36bfe89e1e28dbe73425186ed5cc5bf8.php 第 30 行.
NOTIC: [8] Use of undefined constant img - assumed 'img' E:\www\thinkv_p\Application\Runtime\Cache\Ue\36bfe89e1e28dbe73425186ed5cc5bf8.php 第 30 行.
NOTIC: [2] Missing argument 3 for getcatlist(), called in E:\www\thinkv_p\Application\Runtime\Cache\Ue\36bfe89e1e28dbe73425186ed5cc5bf8.php on line 30 and defined E:\www\thinkv_p\Application\Ue\Common\function.php 第 328 行.
SQL: SHOW COLUMNS FROM `think_catset_list` [ RunTime:0.0078s ]
NOTIC: [8] Undefined variable: catid E:\www\thinkv_p\Application\Ue\Common\function.php 第 331 行.
NOTIC: [8] Undefined index: parentid E:\www\thinkv_p\Application\Ue\Common\function.php 第 333 行.
SQL: SELECT * FROM `think_catset_list` WHERE ( value='index_banner'AND catid = '0' ) LIMIT 1   [ RunTime:0.0008s ]
SQL: SELECT * FROM `think_catset_list` WHERE ( value='index_banner'AND catid = '' ) LIMIT 1   [ RunTime:0.0006s ]
NOTIC: [8] Undefined offset: 1 E:\www\thinkv_p\Application\Common\Common\function.php 第 92 行.
NOTIC: [8] Uninitialized string offset: 0 E:\www\thinkv_p\Application\Runtime\Cache\Ue\36bfe89e1e28dbe73425186ed5cc5bf8.php 第 30 行.
SQL: SELECT * FROM `think_sysconfig` WHERE ( varname='cfg_indexurl' ) LIMIT 1   [ RunTime:0.0005s ]
NOTIC: [2] Missing argument 2 for getcategory(), called in E:\www\thinkv_p\Application\Runtime\Cache\Ue\36bfe89e1e28dbe73425186ed5cc5bf8.php on line 38 and defined E:\www\thinkv_p\Application\Ue\Common\function.php 第 72 行.
SQL: SELECT * FROM `think_category` WHERE ( usable_type='1' and parentid=0 ) ORDER BY listorder  [ RunTime:0.0007s ]
NOTIC: [8] Undefined variable: catinfos E:\www\thinkv_p\Application\Ue\Common\function.php 第 119 行.
NOTIC: [8] Undefined variable: catinfot E:\www\thinkv_p\Application\Ue\Common\function.php 第 119 行.
NOTIC: [8] Undefined variable: catinfos E:\www\thinkv_p\Application\Ue\Common\function.php 第 119 行.
NOTIC: [8] Undefined variable: catinfot E:\www\thinkv_p\Application\Ue\Common\function.php 第 119 行.
NOTIC: [8] Undefined variable: catinfos E:\www\thinkv_p\Application\Ue\Common\function.php 第 119 行.
NOTIC: [8] Undefined variable: catinfot E:\www\thinkv_p\Application\Ue\Common\function.php 第 119 行.
NOTIC: [8] Undefined variable: catinfos E:\www\thinkv_p\Application\Ue\Common\function.php 第 119 行.
NOTIC: [8] Undefined variable: catinfot E:\www\thinkv_p\Application\Ue\Common\function.php 第 119 行.
NOTIC: [8] Use of undefined constant catid - assumed 'catid' E:\www\thinkv_p\Application\Runtime\Cache\Ue\36bfe89e1e28dbe73425186ed5cc5bf8.php 第 41 行.
SQL: SELECT * FROM `think_category` WHERE ( usable_type='1' and parentid=117 ) ORDER BY listorder  [ RunTime:0.0009s ]
NOTIC: [8] Use of undefined constant catid - assumed 'catid' E:\www\thinkv_p\Application\Runtime\Cache\Ue\36bfe89e1e28dbe73425186ed5cc5bf8.php 第 41 行.
SQL: SELECT * FROM `think_category` WHERE ( usable_type='1' and parentid=118 ) ORDER BY listorder  [ RunTime:0.0008s ]
NOTIC: [8] Use of undefined constant catid - assumed 'catid' E:\www\thinkv_p\Application\Runtime\Cache\Ue\36bfe89e1e28dbe73425186ed5cc5bf8.php 第 41 行.
SQL: SELECT * FROM `think_category` WHERE ( usable_type='1' and parentid=121 ) ORDER BY listorder  [ RunTime:0.0006s ]
NOTIC: [8] Use of undefined constant catid - assumed 'catid' E:\www\thinkv_p\Application\Runtime\Cache\Ue\36bfe89e1e28dbe73425186ed5cc5bf8.php 第 41 行.
SQL: SELECT * FROM `think_category` WHERE ( usable_type='1' and parentid=122 ) ORDER BY listorder  [ RunTime:0.0008s ]
NOTIC: [2] Missing argument 3 for getdatalist(), called in E:\www\thinkv_p\Application\Runtime\Cache\Ue\36bfe89e1e28dbe73425186ed5cc5bf8.php on line 54 and defined E:\www\thinkv_p\Application\Ue\Common\function.php 第 186 行.
SQL: SELECT * FROM `think_category` WHERE ( catid=81 ) LIMIT 1   [ RunTime:0.0009s ]
NOTIC: [8] Undefined variable: type E:\www\thinkv_p\Application\Ue\Common\function.php 第 193 行.
ERR: 1146:Table 'thinkpf.think_' doesn't exist
 [ SQL语句 ] : SELECT * FROM `think_` WHERE ( `catid` = 81 ) ORDER BY listorder,updatetime desc LIMIT 2  
ERR: 1146:Table 'thinkpf.think_' doesn't exist
 [ SQL语句 ] : SELECT * FROM `think_` WHERE ( `catid` = 81 ) ORDER BY listorder,updatetime desc LIMIT 2  

[ 2016-07-10T19:30:38+08:00 ] ::1 /thinkv_p/
INFO: [ app_init ] --START--
INFO: Run Behavior\BuildLiteBehavior [ RunTime:0.000029s ]
INFO: [ app_init ] --END-- [ RunTime:0.000707s ]
INFO: [ app_begin ] --START--
INFO: Run Behavior\ReadHtmlCacheBehavior [ RunTime:0.001065s ]
INFO: [ app_begin ] --END-- [ RunTime:0.001173s ]
SQL: SHOW COLUMNS FROM `think_sysconfig` [ RunTime:0.0063s ]
SQL: SELECT * FROM `think_sysconfig` WHERE ( varname='cfg_theme' ) LIMIT 1   [ RunTime:0.0007s ]
SQL: SELECT * FROM `think_sysconfig` WHERE ( varname='cfg_wap' ) LIMIT 1   [ RunTime:0.0007s ]
SQL: SHOW COLUMNS FROM `think_category` [ RunTime:0.0086s ]
SQL: SELECT * FROM `think_category` WHERE ( parentid=0 )  [ RunTime:0.0010s ]
INFO: [ view_parse ] --START--
INFO: [ template_filter ] --START--
INFO: Run Behavior\ContentReplaceBehavior [ RunTime:0.000104s ]
INFO: [ template_filter ] --END-- [ RunTime:0.000251s ]
NOTIC: [8] Use of undefined constant cfg_webname - assumed 'cfg_webname' E:\www\thinkv_p\Application\Runtime\Cache\Ue\36bfe89e1e28dbe73425186ed5cc5bf8.php 第 9 行.
SQL: SELECT * FROM `think_sysconfig` WHERE ( varname='cfg_webname' ) LIMIT 1   [ RunTime:0.0007s ]
SQL: SELECT * FROM `think_sysconfig` WHERE ( varname='cfg_indexurl' ) LIMIT 1   [ RunTime:0.0006s ]
NOTIC: [8] Use of undefined constant index_banner - assumed 'index_banner' E:\www\thinkv_p\Application\Runtime\Cache\Ue\36bfe89e1e28dbe73425186ed5cc5bf8.php 第 30 行.
NOTIC: [8] Use of undefined constant img - assumed 'img' E:\www\thinkv_p\Application\Runtime\Cache\Ue\36bfe89e1e28dbe73425186ed5cc5bf8.php 第 30 行.
NOTIC: [2] Missing argument 3 for getcatlist(), called in E:\www\thinkv_p\Application\Runtime\Cache\Ue\36bfe89e1e28dbe73425186ed5cc5bf8.php on line 30 and defined E:\www\thinkv_p\Application\Ue\Common\function.php 第 328 行.
SQL: SHOW COLUMNS FROM `think_catset_list` [ RunTime:0.0069s ]
NOTIC: [8] Undefined variable: catid E:\www\thinkv_p\Application\Ue\Common\function.php 第 331 行.
NOTIC: [8] Undefined index: parentid E:\www\thinkv_p\Application\Ue\Common\function.php 第 333 行.
SQL: SELECT * FROM `think_catset_list` WHERE ( value='index_banner'AND catid = '0' ) LIMIT 1   [ RunTime:0.0012s ]
SQL: SELECT * FROM `think_catset_list` WHERE ( value='index_banner'AND catid = '' ) LIMIT 1   [ RunTime:0.0006s ]
NOTIC: [8] Undefined offset: 1 E:\www\thinkv_p\Application\Common\Common\function.php 第 92 行.
NOTIC: [8] Uninitialized string offset: 0 E:\www\thinkv_p\Application\Runtime\Cache\Ue\36bfe89e1e28dbe73425186ed5cc5bf8.php 第 30 行.
SQL: SELECT * FROM `think_sysconfig` WHERE ( varname='cfg_indexurl' ) LIMIT 1   [ RunTime:0.0008s ]
NOTIC: [2] Missing argument 2 for getcategory(), called in E:\www\thinkv_p\Application\Runtime\Cache\Ue\36bfe89e1e28dbe73425186ed5cc5bf8.php on line 38 and defined E:\www\thinkv_p\Application\Ue\Common\function.php 第 72 行.
SQL: SELECT * FROM `think_category` WHERE ( usable_type='1' and parentid=0 ) ORDER BY listorder  [ RunTime:0.0010s ]
NOTIC: [8] Undefined variable: catinfos E:\www\thinkv_p\Application\Ue\Common\function.php 第 119 行.
NOTIC: [8] Undefined variable: catinfot E:\www\thinkv_p\Application\Ue\Common\function.php 第 119 行.
NOTIC: [8] Undefined variable: catinfos E:\www\thinkv_p\Application\Ue\Common\function.php 第 119 行.
NOTIC: [8] Undefined variable: catinfot E:\www\thinkv_p\Application\Ue\Common\function.php 第 119 行.
NOTIC: [8] Undefined variable: catinfos E:\www\thinkv_p\Application\Ue\Common\function.php 第 119 行.
NOTIC: [8] Undefined variable: catinfot E:\www\thinkv_p\Application\Ue\Common\function.php 第 119 行.
NOTIC: [8] Use of undefined constant catid - assumed 'catid' E:\www\thinkv_p\Application\Runtime\Cache\Ue\36bfe89e1e28dbe73425186ed5cc5bf8.php 第 41 行.
SQL: SELECT * FROM `think_category` WHERE ( usable_type='1' and parentid=117 ) ORDER BY listorder  [ RunTime:0.0008s ]
NOTIC: [8] Use of undefined constant catid - assumed 'catid' E:\www\thinkv_p\Application\Runtime\Cache\Ue\36bfe89e1e28dbe73425186ed5cc5bf8.php 第 41 行.
SQL: SELECT * FROM `think_category` WHERE ( usable_type='1' and parentid=118 ) ORDER BY listorder  [ RunTime:0.0007s ]
NOTIC: [8] Use of undefined constant catid - assumed 'catid' E:\www\thinkv_p\Application\Runtime\Cache\Ue\36bfe89e1e28dbe73425186ed5cc5bf8.php 第 41 行.
SQL: SELECT * FROM `think_category` WHERE ( usable_type='1' and parentid=121 ) ORDER BY listorder  [ RunTime:0.0004s ]
NOTIC: [2] Missing argument 3 for getdatalist(), called in E:\www\thinkv_p\Application\Runtime\Cache\Ue\36bfe89e1e28dbe73425186ed5cc5bf8.php on line 54 and defined E:\www\thinkv_p\Application\Ue\Common\function.php 第 186 行.
SQL: SELECT * FROM `think_category` WHERE ( catid=81 ) LIMIT 1   [ RunTime:0.0007s ]
NOTIC: [8] Undefined variable: type E:\www\thinkv_p\Application\Ue\Common\function.php 第 193 行.
ERR: 1146:Table 'thinkpf.think_' doesn't exist
 [ SQL语句 ] : SELECT * FROM `think_` WHERE ( `catid` = 81 ) ORDER BY listorder,updatetime desc LIMIT 2  
ERR: 1146:Table 'thinkpf.think_' doesn't exist
 [ SQL语句 ] : SELECT * FROM `think_` WHERE ( `catid` = 81 ) ORDER BY listorder,updatetime desc LIMIT 2  

[ 2016-07-10T19:30:48+08:00 ] ::1 /thinkv_p/
INFO: [ app_init ] --START--
INFO: Run Behavior\BuildLiteBehavior [ RunTime:0.000025s ]
INFO: [ app_init ] --END-- [ RunTime:0.000661s ]
INFO: [ app_begin ] --START--
INFO: Run Behavior\ReadHtmlCacheBehavior [ RunTime:0.001067s ]
INFO: [ app_begin ] --END-- [ RunTime:0.001172s ]
SQL: SHOW COLUMNS FROM `think_sysconfig` [ RunTime:0.0061s ]
SQL: SELECT * FROM `think_sysconfig` WHERE ( varname='cfg_theme' ) LIMIT 1   [ RunTime:0.0007s ]
SQL: SELECT * FROM `think_sysconfig` WHERE ( varname='cfg_wap' ) LIMIT 1   [ RunTime:0.0007s ]
SQL: SHOW COLUMNS FROM `think_category` [ RunTime:0.0071s ]
SQL: SELECT * FROM `think_category` WHERE ( parentid=0 )  [ RunTime:0.0008s ]
INFO: [ view_parse ] --START--
INFO: [ template_filter ] --START--
INFO: Run Behavior\ContentReplaceBehavior [ RunTime:0.000096s ]
INFO: [ template_filter ] --END-- [ RunTime:0.000328s ]
NOTIC: [8] Use of undefined constant cfg_webname - assumed 'cfg_webname' E:\www\thinkv_p\Application\Runtime\Cache\Ue\36bfe89e1e28dbe73425186ed5cc5bf8.php 第 9 行.
SQL: SELECT * FROM `think_sysconfig` WHERE ( varname='cfg_webname' ) LIMIT 1   [ RunTime:0.0007s ]
SQL: SELECT * FROM `think_sysconfig` WHERE ( varname='cfg_indexurl' ) LIMIT 1   [ RunTime:0.0003s ]
NOTIC: [8] Use of undefined constant index_banner - assumed 'index_banner' E:\www\thinkv_p\Application\Runtime\Cache\Ue\36bfe89e1e28dbe73425186ed5cc5bf8.php 第 30 行.
NOTIC: [8] Use of undefined constant img - assumed 'img' E:\www\thinkv_p\Application\Runtime\Cache\Ue\36bfe89e1e28dbe73425186ed5cc5bf8.php 第 30 行.
NOTIC: [2] Missing argument 3 for getcatlist(), called in E:\www\thinkv_p\Application\Runtime\Cache\Ue\36bfe89e1e28dbe73425186ed5cc5bf8.php on line 30 and defined E:\www\thinkv_p\Application\Ue\Common\function.php 第 328 行.
SQL: SHOW COLUMNS FROM `think_catset_list` [ RunTime:0.0072s ]
NOTIC: [8] Undefined variable: catid E:\www\thinkv_p\Application\Ue\Common\function.php 第 331 行.
NOTIC: [8] Undefined index: parentid E:\www\thinkv_p\Application\Ue\Common\function.php 第 333 行.
SQL: SELECT * FROM `think_catset_list` WHERE ( value='index_banner'AND catid = '0' ) LIMIT 1   [ RunTime:0.0007s ]
SQL: SELECT * FROM `think_catset_list` WHERE ( value='index_banner'AND catid = '' ) LIMIT 1   [ RunTime:0.0004s ]
NOTIC: [8] Undefined offset: 1 E:\www\thinkv_p\Application\Common\Common\function.php 第 92 行.
NOTIC: [8] Uninitialized string offset: 0 E:\www\thinkv_p\Application\Runtime\Cache\Ue\36bfe89e1e28dbe73425186ed5cc5bf8.php 第 30 行.
SQL: SELECT * FROM `think_sysconfig` WHERE ( varname='cfg_indexurl' ) LIMIT 1   [ RunTime:0.0004s ]
NOTIC: [2] Missing argument 2 for getcategory(), called in E:\www\thinkv_p\Application\Runtime\Cache\Ue\36bfe89e1e28dbe73425186ed5cc5bf8.php on line 38 and defined E:\www\thinkv_p\Application\Ue\Common\function.php 第 72 行.
SQL: SELECT * FROM `think_category` WHERE ( usable_type='1' and parentid=0 ) ORDER BY listorder  [ RunTime:0.0009s ]
NOTIC: [8] Undefined variable: catinfos E:\www\thinkv_p\Application\Ue\Common\function.php 第 119 行.
NOTIC: [8] Undefined variable: catinfot E:\www\thinkv_p\Application\Ue\Common\function.php 第 119 行.
NOTIC: [8] Undefined variable: catinfos E:\www\thinkv_p\Application\Ue\Common\function.php 第 119 行.
NOTIC: [8] Undefined variable: catinfot E:\www\thinkv_p\Application\Ue\Common\function.php 第 119 行.
NOTIC: [8] Undefined variable: catinfos E:\www\thinkv_p\Application\Ue\Common\function.php 第 119 行.
NOTIC: [8] Undefined variable: catinfot E:\www\thinkv_p\Application\Ue\Common\function.php 第 119 行.
NOTIC: [8] Use of undefined constant catid - assumed 'catid' E:\www\thinkv_p\Application\Runtime\Cache\Ue\36bfe89e1e28dbe73425186ed5cc5bf8.php 第 41 行.
SQL: SELECT * FROM `think_category` WHERE ( usable_type='1' and parentid=117 ) ORDER BY listorder  [ RunTime:0.0009s ]
NOTIC: [8] Undefined variable: catinfos E:\www\thinkv_p\Application\Ue\Common\function.php 第 119 行.
NOTIC: [8] Undefined variable: catinfot E:\www\thinkv_p\Application\Ue\Common\function.php 第 119 行.
NOTIC: [8] Use of undefined constant catid - assumed 'catid' E:\www\thinkv_p\Application\Runtime\Cache\Ue\36bfe89e1e28dbe73425186ed5cc5bf8.php 第 41 行.
SQL: SELECT * FROM `think_category` WHERE ( usable_type='1' and parentid=118 ) ORDER BY listorder  [ RunTime:0.0008s ]
NOTIC: [8] Use of undefined constant catid - assumed 'catid' E:\www\thinkv_p\Application\Runtime\Cache\Ue\36bfe89e1e28dbe73425186ed5cc5bf8.php 第 41 行.
SQL: SELECT * FROM `think_category` WHERE ( usable_type='1' and parentid=121 ) ORDER BY listorder  [ RunTime:0.0007s ]
NOTIC: [2] Missing argument 3 for getdatalist(), called in E:\www\thinkv_p\Application\Runtime\Cache\Ue\36bfe89e1e28dbe73425186ed5cc5bf8.php on line 54 and defined E:\www\thinkv_p\Application\Ue\Common\function.php 第 186 行.
SQL: SELECT * FROM `think_category` WHERE ( catid=81 ) LIMIT 1   [ RunTime:0.0004s ]
NOTIC: [8] Undefined variable: type E:\www\thinkv_p\Application\Ue\Common\function.php 第 193 行.
ERR: 1146:Table 'thinkpf.think_' doesn't exist
 [ SQL语句 ] : SELECT * FROM `think_` WHERE ( `catid` = 81 ) ORDER BY listorder,updatetime desc LIMIT 2  
ERR: 1146:Table 'thinkpf.think_' doesn't exist
 [ SQL语句 ] : SELECT * FROM `think_` WHERE ( `catid` = 81 ) ORDER BY listorder,updatetime desc LIMIT 2  

