[ 2016-08-16T16:24:09+08:00 ] ::1 /thinkv/
INFO: [ app_init ] --START--
INFO: Run Behavior\BuildLiteBehavior [ RunTime:0.000030s ]
INFO: [ app_init ] --END-- [ RunTime:0.000649s ]
INFO: [ app_begin ] --START--
INFO: Run Behavior\ReadHtmlCacheBehavior [ RunTime:0.000960s ]
INFO: [ app_begin ] --END-- [ RunTime:0.001079s ]
ERR: SQLSTATE[28000] [1045] Access denied for user 'root'@'localhost' (using password: YES)

[ 2016-08-16T18:30:36+08:00 ] ::1 /thinkv/index.php/Ue/List/index/cid/7
INFO: [ app_init ] --START--
INFO: Run Behavior\BuildLiteBehavior [ RunTime:0.000031s ]
INFO: [ app_init ] --END-- [ RunTime:0.000857s ]
INFO: [ app_begin ] --START--
INFO: Run Behavior\ReadHtmlCacheBehavior [ RunTime:0.001103s ]
INFO: [ app_begin ] --END-- [ RunTime:0.001216s ]
SQL: SHOW COLUMNS FROM `think_sysconfig` [ RunTime:0.0066s ]
SQL: SELECT * FROM `think_sysconfig` WHERE ( varname='cfg_theme' ) LIMIT 1   [ RunTime:0.0008s ]
SQL: SELECT * FROM `think_sysconfig` WHERE ( varname='cfg_wap' ) LIMIT 1   [ RunTime:0.0006s ]
SQL: SHOW COLUMNS FROM `think_category` [ RunTime:0.0079s ]
SQL: SELECT * FROM `think_category` WHERE ( parentid=0 )  [ RunTime:0.0006s ]
SQL: SELECT * FROM `think_category` WHERE ( catid=7 ) LIMIT 1   [ RunTime:0.0006s ]
ERR: 1064:You have an error in your SQL syntax; check the manual that corresponds to your MySQL server version for the right syntax to use near ') LIMIT 1' at line 1
 [ SQL语句 ] : SELECT * FROM `think_category` WHERE ( catid= ) LIMIT 1  
ERR: 1064:You have an error in your SQL syntax; check the manual that corresponds to your MySQL server version for the right syntax to use near ') LIMIT 1' at line 1
 [ SQL语句 ] : SELECT * FROM `think_category` WHERE ( catid= ) LIMIT 1  

[ 2016-08-16T18:30:39+08:00 ] ::1 /thinkv/index.php
INFO: [ app_init ] --START--
INFO: Run Behavior\BuildLiteBehavior [ RunTime:0.000024s ]
INFO: [ app_init ] --END-- [ RunTime:0.000588s ]
INFO: [ app_begin ] --START--
INFO: Run Behavior\ReadHtmlCacheBehavior [ RunTime:0.001312s ]
INFO: [ app_begin ] --END-- [ RunTime:0.001441s ]
SQL: SHOW COLUMNS FROM `think_sysconfig` [ RunTime:0.0056s ]
SQL: SELECT * FROM `think_sysconfig` WHERE ( varname='cfg_theme' ) LIMIT 1   [ RunTime:0.0006s ]
SQL: SELECT * FROM `think_sysconfig` WHERE ( varname='cfg_wap' ) LIMIT 1   [ RunTime:0.0007s ]
SQL: SHOW COLUMNS FROM `think_category` [ RunTime:0.0073s ]
SQL: SELECT * FROM `think_category` WHERE ( parentid=0 )  [ RunTime:0.0005s ]
INFO: [ view_parse ] --START--
INFO: [ template_filter ] --START--
INFO: Run Behavior\ContentReplaceBehavior [ RunTime:0.000095s ]
INFO: [ template_filter ] --END-- [ RunTime:0.000218s ]
NOTIC: [8] Use of undefined constant cfg_webname - assumed 'cfg_webname' E:\www\thinkv\Application\Runtime\Cache\Ue\36bfe89e1e28dbe73425186ed5cc5bf8.php 第 9 行.
SQL: SELECT * FROM `think_sysconfig` WHERE ( varname='cfg_webname' ) LIMIT 1   [ RunTime:0.0006s ]
SQL: SELECT * FROM `think_sysconfig` WHERE ( varname='cfg_indexurl' ) LIMIT 1   [ RunTime:0.0003s ]
NOTIC: [8] Use of undefined constant index_banner - assumed 'index_banner' E:\www\thinkv\Application\Runtime\Cache\Ue\36bfe89e1e28dbe73425186ed5cc5bf8.php 第 30 行.
NOTIC: [8] Use of undefined constant img - assumed 'img' E:\www\thinkv\Application\Runtime\Cache\Ue\36bfe89e1e28dbe73425186ed5cc5bf8.php 第 30 行.
NOTIC: [2] Missing argument 3 for getcatlist(), called in E:\www\thinkv\Application\Runtime\Cache\Ue\36bfe89e1e28dbe73425186ed5cc5bf8.php on line 30 and defined E:\www\thinkv\Application\Ue\Common\function.php 第 342 行.
SQL: SHOW COLUMNS FROM `think_catset_list` [ RunTime:0.0068s ]
NOTIC: [8] Undefined variable: catid E:\www\thinkv\Application\Ue\Common\function.php 第 345 行.
NOTIC: [8] Undefined index: parentid E:\www\thinkv\Application\Ue\Common\function.php 第 347 行.
SQL: SELECT * FROM `think_catset_list` WHERE ( value='index_banner'AND catid = '0' ) LIMIT 1   [ RunTime:0.0009s ]
SQL: SELECT * FROM `think_catset_list` WHERE ( value='index_banner'AND catid = '' ) LIMIT 1   [ RunTime:0.0004s ]
NOTIC: [8] Undefined offset: 1 E:\www\thinkv\Application\Common\Common\function.php 第 124 行.
NOTIC: [8] Uninitialized string offset: 0 E:\www\thinkv\Application\Runtime\Cache\Ue\36bfe89e1e28dbe73425186ed5cc5bf8.php 第 30 行.
SQL: SELECT * FROM `think_sysconfig` WHERE ( varname='cfg_indexurl' ) LIMIT 1   [ RunTime:0.0003s ]
NOTIC: [2] Missing argument 2 for getcategory(), called in E:\www\thinkv\Application\Runtime\Cache\Ue\36bfe89e1e28dbe73425186ed5cc5bf8.php on line 38 and defined E:\www\thinkv\Application\Ue\Common\function.php 第 72 行.
SQL: SELECT * FROM `think_category` WHERE ( usable_type='1' and parentid=0 ) ORDER BY listorder  [ RunTime:0.0004s ]
NOTIC: [2] Missing argument 3 for getdatalist(), called in E:\www\thinkv\Application\Runtime\Cache\Ue\36bfe89e1e28dbe73425186ed5cc5bf8.php on line 54 and defined E:\www\thinkv\Application\Ue\Common\function.php 第 200 行.
SQL: SELECT * FROM `think_category` WHERE ( catid=81 ) LIMIT 1   [ RunTime:0.0003s ]
NOTIC: [8] Undefined variable: type E:\www\thinkv\Application\Ue\Common\function.php 第 207 行.
ERR: 1146:Table 'thinkv.think_' doesn't exist
 [ SQL语句 ] : SELECT * FROM `think_` WHERE ( `catid` = 81 ) ORDER BY listorder,updatetime desc LIMIT 2  
ERR: 1146:Table 'thinkv.think_' doesn't exist
 [ SQL语句 ] : SELECT * FROM `think_` WHERE ( `catid` = 81 ) ORDER BY listorder,updatetime desc LIMIT 2  

[ 2016-08-16T18:30:43+08:00 ] ::1 /thinkv/index.php/Ue/List/index/cid/7
INFO: [ app_init ] --START--
INFO: Run Behavior\BuildLiteBehavior [ RunTime:0.000024s ]
INFO: [ app_init ] --END-- [ RunTime:0.000595s ]
INFO: [ app_begin ] --START--
INFO: Run Behavior\ReadHtmlCacheBehavior [ RunTime:0.001091s ]
INFO: [ app_begin ] --END-- [ RunTime:0.001200s ]
SQL: SHOW COLUMNS FROM `think_sysconfig` [ RunTime:0.0065s ]
SQL: SELECT * FROM `think_sysconfig` WHERE ( varname='cfg_theme' ) LIMIT 1   [ RunTime:0.0007s ]
SQL: SELECT * FROM `think_sysconfig` WHERE ( varname='cfg_wap' ) LIMIT 1   [ RunTime:0.0004s ]
SQL: SHOW COLUMNS FROM `think_category` [ RunTime:0.0066s ]
SQL: SELECT * FROM `think_category` WHERE ( parentid=0 )  [ RunTime:0.0008s ]
SQL: SELECT * FROM `think_category` WHERE ( catid=7 ) LIMIT 1   [ RunTime:0.0011s ]
ERR: 1064:You have an error in your SQL syntax; check the manual that corresponds to your MySQL server version for the right syntax to use near ') LIMIT 1' at line 1
 [ SQL语句 ] : SELECT * FROM `think_category` WHERE ( catid= ) LIMIT 1  
ERR: 1064:You have an error in your SQL syntax; check the manual that corresponds to your MySQL server version for the right syntax to use near ') LIMIT 1' at line 1
 [ SQL语句 ] : SELECT * FROM `think_category` WHERE ( catid= ) LIMIT 1  

[ 2016-08-16T18:30:52+08:00 ] ::1 /thinkv/index.php/Ue
INFO: [ app_init ] --START--
INFO: Run Behavior\BuildLiteBehavior [ RunTime:0.000038s ]
INFO: [ app_init ] --END-- [ RunTime:0.000935s ]
INFO: [ app_begin ] --START--
INFO: Run Behavior\ReadHtmlCacheBehavior [ RunTime:0.001309s ]
INFO: [ app_begin ] --END-- [ RunTime:0.001438s ]
SQL: SHOW COLUMNS FROM `think_sysconfig` [ RunTime:0.0059s ]
SQL: SELECT * FROM `think_sysconfig` WHERE ( varname='cfg_theme' ) LIMIT 1   [ RunTime:0.0007s ]
SQL: SELECT * FROM `think_sysconfig` WHERE ( varname='cfg_wap' ) LIMIT 1   [ RunTime:0.0004s ]
SQL: SHOW COLUMNS FROM `think_category` [ RunTime:0.0069s ]
SQL: SELECT * FROM `think_category` WHERE ( parentid=0 )  [ RunTime:0.0007s ]
INFO: [ view_parse ] --START--
INFO: [ template_filter ] --START--
INFO: Run Behavior\ContentReplaceBehavior [ RunTime:0.000092s ]
INFO: [ template_filter ] --END-- [ RunTime:0.000203s ]
NOTIC: [8] Use of undefined constant cfg_webname - assumed 'cfg_webname' E:\www\thinkv\Application\Runtime\Cache\Ue\36bfe89e1e28dbe73425186ed5cc5bf8.php 第 9 行.
SQL: SELECT * FROM `think_sysconfig` WHERE ( varname='cfg_webname' ) LIMIT 1   [ RunTime:0.0006s ]
SQL: SELECT * FROM `think_sysconfig` WHERE ( varname='cfg_indexurl' ) LIMIT 1   [ RunTime:0.0006s ]
NOTIC: [8] Use of undefined constant index_banner - assumed 'index_banner' E:\www\thinkv\Application\Runtime\Cache\Ue\36bfe89e1e28dbe73425186ed5cc5bf8.php 第 30 行.
NOTIC: [8] Use of undefined constant img - assumed 'img' E:\www\thinkv\Application\Runtime\Cache\Ue\36bfe89e1e28dbe73425186ed5cc5bf8.php 第 30 行.
NOTIC: [2] Missing argument 3 for getcatlist(), called in E:\www\thinkv\Application\Runtime\Cache\Ue\36bfe89e1e28dbe73425186ed5cc5bf8.php on line 30 and defined E:\www\thinkv\Application\Ue\Common\function.php 第 342 行.
SQL: SHOW COLUMNS FROM `think_catset_list` [ RunTime:0.0072s ]
NOTIC: [8] Undefined variable: catid E:\www\thinkv\Application\Ue\Common\function.php 第 345 行.
NOTIC: [8] Undefined index: parentid E:\www\thinkv\Application\Ue\Common\function.php 第 347 行.
SQL: SELECT * FROM `think_catset_list` WHERE ( value='index_banner'AND catid = '0' ) LIMIT 1   [ RunTime:0.0008s ]
SQL: SELECT * FROM `think_catset_list` WHERE ( value='index_banner'AND catid = '' ) LIMIT 1   [ RunTime:0.0004s ]
NOTIC: [8] Undefined offset: 1 E:\www\thinkv\Application\Common\Common\function.php 第 124 行.
NOTIC: [8] Uninitialized string offset: 0 E:\www\thinkv\Application\Runtime\Cache\Ue\36bfe89e1e28dbe73425186ed5cc5bf8.php 第 30 行.
SQL: SELECT * FROM `think_sysconfig` WHERE ( varname='cfg_indexurl' ) LIMIT 1   [ RunTime:0.0003s ]
NOTIC: [2] Missing argument 2 for getcategory(), called in E:\www\thinkv\Application\Runtime\Cache\Ue\36bfe89e1e28dbe73425186ed5cc5bf8.php on line 38 and defined E:\www\thinkv\Application\Ue\Common\function.php 第 72 行.
SQL: SELECT * FROM `think_category` WHERE ( usable_type='1' and parentid=0 ) ORDER BY listorder  [ RunTime:0.0004s ]
NOTIC: [2] Missing argument 3 for getdatalist(), called in E:\www\thinkv\Application\Runtime\Cache\Ue\36bfe89e1e28dbe73425186ed5cc5bf8.php on line 54 and defined E:\www\thinkv\Application\Ue\Common\function.php 第 200 行.
SQL: SELECT * FROM `think_category` WHERE ( catid=81 ) LIMIT 1   [ RunTime:0.0003s ]
NOTIC: [8] Undefined variable: type E:\www\thinkv\Application\Ue\Common\function.php 第 207 行.
ERR: 1146:Table 'thinkv.think_' doesn't exist
 [ SQL语句 ] : SELECT * FROM `think_` WHERE ( `catid` = 81 ) ORDER BY listorder,updatetime desc LIMIT 2  
ERR: 1146:Table 'thinkv.think_' doesn't exist
 [ SQL语句 ] : SELECT * FROM `think_` WHERE ( `catid` = 81 ) ORDER BY listorder,updatetime desc LIMIT 2  

