[ 2016-07-04T22:37:57+08:00 ] ::1 /he/
INFO: [ app_init ] --START--
INFO: Run Behavior\BuildLiteBehavior [ RunTime:0.000030s ]
INFO: [ app_init ] --END-- [ RunTime:0.001257s ]
INFO: [ app_begin ] --START--
INFO: Run Behavior\ReadHtmlCacheBehavior [ RunTime:0.009150s ]
INFO: [ app_begin ] --END-- [ RunTime:0.009275s ]
SQL: SHOW COLUMNS FROM `think_sysconfig` [ RunTime:0.0493s ]
SQL: SELECT * FROM `think_sysconfig` WHERE ( varname='cfg_theme' ) LIMIT 1   [ RunTime:0.0016s ]
SQL: SELECT * FROM `think_sysconfig` WHERE ( varname='cfg_wap' ) LIMIT 1   [ RunTime:0.0007s ]
SQL: SHOW COLUMNS FROM `think_category` [ RunTime:0.0274s ]
SQL: SELECT * FROM `think_category` WHERE ( parentid=0 )  [ RunTime:0.0012s ]
INFO: [ view_parse ] --START--
INFO: [ template_filter ] --START--
INFO: Run Behavior\ContentReplaceBehavior [ RunTime:0.000092s ]
INFO: [ template_filter ] --END-- [ RunTime:0.000206s ]
NOTIC: [8] Use of undefined constant cfg_webname - assumed 'cfg_webname' E:\www\he\Application\Runtime\Cache\Ue\808813c6a855567b62439811c82f00f8.php 第 9 行.
SQL: SELECT * FROM `think_sysconfig` WHERE ( varname='cfg_webname' ) LIMIT 1   [ RunTime:0.0008s ]
SQL: SELECT * FROM `think_sysconfig` WHERE ( varname='cfg_indexurl' ) LIMIT 1   [ RunTime:0.0003s ]
NOTIC: [8] Use of undefined constant index_banner - assumed 'index_banner' E:\www\he\Application\Runtime\Cache\Ue\808813c6a855567b62439811c82f00f8.php 第 30 行.
NOTIC: [8] Use of undefined constant img - assumed 'img' E:\www\he\Application\Runtime\Cache\Ue\808813c6a855567b62439811c82f00f8.php 第 30 行.
NOTIC: [2] Missing argument 3 for getcatlist(), called in E:\www\he\Application\Runtime\Cache\Ue\808813c6a855567b62439811c82f00f8.php on line 30 and defined E:\www\he\Application\Ue\Common\function.php 第 324 行.
SQL: SHOW COLUMNS FROM `think_catset_list` [ RunTime:0.0379s ]
NOTIC: [8] Undefined variable: catid E:\www\he\Application\Ue\Common\function.php 第 327 行.
NOTIC: [8] Undefined index: parentid E:\www\he\Application\Ue\Common\function.php 第 329 行.
SQL: SELECT * FROM `think_catset_list` WHERE ( value='index_banner'AND catid = '0' ) LIMIT 1   [ RunTime:0.0006s ]
SQL: SELECT * FROM `think_sysconfig` WHERE ( varname='cfg_indexurl' ) LIMIT 1   [ RunTime:0.0003s ]
NOTIC: [2] Missing argument 2 for getcategory(), called in E:\www\he\Application\Runtime\Cache\Ue\808813c6a855567b62439811c82f00f8.php on line 38 and defined E:\www\he\Application\Ue\Common\function.php 第 72 行.
SQL: SELECT * FROM `think_category` WHERE ( parentid=0 ) ORDER BY listorder  [ RunTime:0.0005s ]
NOTIC: [8] Undefined variable: catinfos E:\www\he\Application\Ue\Common\function.php 第 115 行.
NOTIC: [8] Undefined variable: catinfot E:\www\he\Application\Ue\Common\function.php 第 115 行.
NOTIC: [8] Undefined variable: catinfos E:\www\he\Application\Ue\Common\function.php 第 115 行.
NOTIC: [8] Undefined variable: catinfot E:\www\he\Application\Ue\Common\function.php 第 115 行.
NOTIC: [8] Undefined variable: catinfos E:\www\he\Application\Ue\Common\function.php 第 115 行.
NOTIC: [8] Undefined variable: catinfot E:\www\he\Application\Ue\Common\function.php 第 115 行.
NOTIC: [8] Undefined variable: catinfos E:\www\he\Application\Ue\Common\function.php 第 115 行.
NOTIC: [8] Undefined variable: catinfot E:\www\he\Application\Ue\Common\function.php 第 115 行.
NOTIC: [8] Undefined variable: catinfos E:\www\he\Application\Ue\Common\function.php 第 115 行.
NOTIC: [8] Undefined variable: catinfot E:\www\he\Application\Ue\Common\function.php 第 115 行.
NOTIC: [8] Undefined variable: catinfos E:\www\he\Application\Ue\Common\function.php 第 115 行.
NOTIC: [8] Undefined variable: catinfot E:\www\he\Application\Ue\Common\function.php 第 115 行.
NOTIC: [8] Undefined variable: catinfos E:\www\he\Application\Ue\Common\function.php 第 115 行.
NOTIC: [8] Undefined variable: catinfot E:\www\he\Application\Ue\Common\function.php 第 115 行.
NOTIC: [8] Undefined variable: catinfos E:\www\he\Application\Ue\Common\function.php 第 115 行.
NOTIC: [8] Undefined variable: catinfot E:\www\he\Application\Ue\Common\function.php 第 115 行.
NOTIC: [8] Use of undefined constant catid - assumed 'catid' E:\www\he\Application\Runtime\Cache\Ue\808813c6a855567b62439811c82f00f8.php 第 41 行.
SQL: SELECT * FROM `think_category` WHERE ( parentid=72 ) ORDER BY listorder  [ RunTime:0.0004s ]
NOTIC: [8] Undefined variable: catinfos E:\www\he\Application\Ue\Common\function.php 第 115 行.
NOTIC: [8] Undefined variable: catinfot E:\www\he\Application\Ue\Common\function.php 第 115 行.
NOTIC: [8] Undefined variable: catinfos E:\www\he\Application\Ue\Common\function.php 第 115 行.
NOTIC: [8] Undefined variable: catinfot E:\www\he\Application\Ue\Common\function.php 第 115 行.
NOTIC: [8] Undefined variable: catinfos E:\www\he\Application\Ue\Common\function.php 第 115 行.
NOTIC: [8] Undefined variable: catinfot E:\www\he\Application\Ue\Common\function.php 第 115 行.
NOTIC: [8] Undefined variable: catinfos E:\www\he\Application\Ue\Common\function.php 第 115 行.
NOTIC: [8] Undefined variable: catinfot E:\www\he\Application\Ue\Common\function.php 第 115 行.
NOTIC: [8] Undefined variable: catinfos E:\www\he\Application\Ue\Common\function.php 第 115 行.
NOTIC: [8] Undefined variable: catinfot E:\www\he\Application\Ue\Common\function.php 第 115 行.
NOTIC: [8] Undefined variable: catinfos E:\www\he\Application\Ue\Common\function.php 第 115 行.
NOTIC: [8] Undefined variable: catinfot E:\www\he\Application\Ue\Common\function.php 第 115 行.
NOTIC: [8] Use of undefined constant catid - assumed 'catid' E:\www\he\Application\Runtime\Cache\Ue\808813c6a855567b62439811c82f00f8.php 第 41 行.
SQL: SELECT * FROM `think_category` WHERE ( parentid=73 ) ORDER BY listorder  [ RunTime:0.0004s ]
NOTIC: [8] Undefined variable: catinfos E:\www\he\Application\Ue\Common\function.php 第 115 行.
NOTIC: [8] Undefined variable: catinfot E:\www\he\Application\Ue\Common\function.php 第 115 行.
NOTIC: [8] Undefined variable: catinfos E:\www\he\Application\Ue\Common\function.php 第 115 行.
NOTIC: [8] Undefined variable: catinfot E:\www\he\Application\Ue\Common\function.php 第 115 行.
NOTIC: [8] Undefined variable: catinfos E:\www\he\Application\Ue\Common\function.php 第 115 行.
NOTIC: [8] Undefined variable: catinfot E:\www\he\Application\Ue\Common\function.php 第 115 行.
NOTIC: [8] Undefined variable: catinfos E:\www\he\Application\Ue\Common\function.php 第 115 行.
NOTIC: [8] Undefined variable: catinfot E:\www\he\Application\Ue\Common\function.php 第 115 行.
NOTIC: [8] Undefined variable: catinfos E:\www\he\Application\Ue\Common\function.php 第 115 行.
NOTIC: [8] Undefined variable: catinfot E:\www\he\Application\Ue\Common\function.php 第 115 行.
NOTIC: [8] Use of undefined constant catid - assumed 'catid' E:\www\he\Application\Runtime\Cache\Ue\808813c6a855567b62439811c82f00f8.php 第 41 行.
SQL: SELECT * FROM `think_category` WHERE ( parentid=74 ) ORDER BY listorder  [ RunTime:0.0004s ]
NOTIC: [8] Undefined variable: catinfos E:\www\he\Application\Ue\Common\function.php 第 115 行.
NOTIC: [8] Undefined variable: catinfot E:\www\he\Application\Ue\Common\function.php 第 115 行.
NOTIC: [8] Undefined variable: catinfos E:\www\he\Application\Ue\Common\function.php 第 115 行.
NOTIC: [8] Undefined variable: catinfot E:\www\he\Application\Ue\Common\function.php 第 115 行.
NOTIC: [8] Undefined variable: catinfos E:\www\he\Application\Ue\Common\function.php 第 115 行.
NOTIC: [8] Undefined variable: catinfot E:\www\he\Application\Ue\Common\function.php 第 115 行.
NOTIC: [8] Undefined variable: catinfos E:\www\he\Application\Ue\Common\function.php 第 115 行.
NOTIC: [8] Undefined variable: catinfot E:\www\he\Application\Ue\Common\function.php 第 115 行.
NOTIC: [8] Use of undefined constant catid - assumed 'catid' E:\www\he\Application\Runtime\Cache\Ue\808813c6a855567b62439811c82f00f8.php 第 41 行.
SQL: SELECT * FROM `think_category` WHERE ( parentid=75 ) ORDER BY listorder  [ RunTime:0.0004s ]
NOTIC: [8] Undefined variable: catinfos E:\www\he\Application\Ue\Common\function.php 第 115 行.
NOTIC: [8] Undefined variable: catinfot E:\www\he\Application\Ue\Common\function.php 第 115 行.
NOTIC: [8] Undefined variable: catinfos E:\www\he\Application\Ue\Common\function.php 第 115 行.
NOTIC: [8] Undefined variable: catinfot E:\www\he\Application\Ue\Common\function.php 第 115 行.
NOTIC: [8] Use of undefined constant catid - assumed 'catid' E:\www\he\Application\Runtime\Cache\Ue\808813c6a855567b62439811c82f00f8.php 第 41 行.
SQL: SELECT * FROM `think_category` WHERE ( parentid=76 ) ORDER BY listorder  [ RunTime:0.0004s ]
NOTIC: [8] Undefined variable: catinfos E:\www\he\Application\Ue\Common\function.php 第 115 行.
NOTIC: [8] Undefined variable: catinfot E:\www\he\Application\Ue\Common\function.php 第 115 行.
NOTIC: [8] Undefined variable: catinfos E:\www\he\Application\Ue\Common\function.php 第 115 行.
NOTIC: [8] Undefined variable: catinfot E:\www\he\Application\Ue\Common\function.php 第 115 行.
NOTIC: [8] Undefined variable: catinfos E:\www\he\Application\Ue\Common\function.php 第 115 行.
NOTIC: [8] Undefined variable: catinfot E:\www\he\Application\Ue\Common\function.php 第 115 行.
NOTIC: [8] Use of undefined constant catid - assumed 'catid' E:\www\he\Application\Runtime\Cache\Ue\808813c6a855567b62439811c82f00f8.php 第 41 行.
SQL: SELECT * FROM `think_category` WHERE ( parentid=77 ) ORDER BY listorder  [ RunTime:0.0004s ]
NOTIC: [8] Undefined variable: catinfos E:\www\he\Application\Ue\Common\function.php 第 115 行.
NOTIC: [8] Undefined variable: catinfot E:\www\he\Application\Ue\Common\function.php 第 115 行.
NOTIC: [8] Undefined variable: catinfos E:\www\he\Application\Ue\Common\function.php 第 115 行.
NOTIC: [8] Undefined variable: catinfot E:\www\he\Application\Ue\Common\function.php 第 115 行.
NOTIC: [8] Use of undefined constant catid - assumed 'catid' E:\www\he\Application\Runtime\Cache\Ue\808813c6a855567b62439811c82f00f8.php 第 41 行.
SQL: SELECT * FROM `think_category` WHERE ( parentid=78 ) ORDER BY listorder  [ RunTime:0.0004s ]
NOTIC: [8] Undefined variable: catinfos E:\www\he\Application\Ue\Common\function.php 第 115 行.
NOTIC: [8] Undefined variable: catinfot E:\www\he\Application\Ue\Common\function.php 第 115 行.
NOTIC: [8] Undefined variable: catinfos E:\www\he\Application\Ue\Common\function.php 第 115 行.
NOTIC: [8] Undefined variable: catinfot E:\www\he\Application\Ue\Common\function.php 第 115 行.
NOTIC: [8] Undefined variable: catinfos E:\www\he\Application\Ue\Common\function.php 第 115 行.
NOTIC: [8] Undefined variable: catinfot E:\www\he\Application\Ue\Common\function.php 第 115 行.
NOTIC: [8] Use of undefined constant catid - assumed 'catid' E:\www\he\Application\Runtime\Cache\Ue\808813c6a855567b62439811c82f00f8.php 第 41 行.
SQL: SELECT * FROM `think_category` WHERE ( parentid=79 ) ORDER BY listorder  [ RunTime:0.0003s ]
NOTIC: [8] Undefined variable: catinfos E:\www\he\Application\Ue\Common\function.php 第 115 行.
NOTIC: [8] Undefined variable: catinfot E:\www\he\Application\Ue\Common\function.php 第 115 行.
NOTIC: [2] Missing argument 3 for getdatalist(), called in E:\www\he\Application\Runtime\Cache\Ue\808813c6a855567b62439811c82f00f8.php on line 54 and defined E:\www\he\Application\Ue\Common\function.php 第 182 行.
SQL: SELECT * FROM `think_category` WHERE ( catid=81 ) LIMIT 1   [ RunTime:0.0006s ]
SQL: SHOW COLUMNS FROM `think_news` [ RunTime:0.0319s ]
NOTIC: [8] Undefined variable: type E:\www\he\Application\Ue\Common\function.php 第 189 行.
SQL: SELECT * FROM `think_news` WHERE ( `catid` = 81 ) ORDER BY listorder,updatetime desc LIMIT 2   [ RunTime:0.0235s ]
NOTIC: [2] Missing argument 3 for getdatalist(), called in E:\www\he\Application\Runtime\Cache\Ue\808813c6a855567b62439811c82f00f8.php on line 58 and defined E:\www\he\Application\Ue\Common\function.php 第 182 行.
SQL: SELECT * FROM `think_category` WHERE ( catid=80 ) LIMIT 1   [ RunTime:0.0011s ]
SQL: SHOW COLUMNS FROM `think_page` [ RunTime:0.0296s ]
NOTIC: [8] Undefined variable: type E:\www\he\Application\Ue\Common\function.php 第 189 行.
SQL: SELECT * FROM `think_page` WHERE ( `catid` = 80 ) ORDER BY listorder,updatetime desc LIMIT 1   [ RunTime:0.0217s ]
NOTIC: [8] Use of undefined constant cfg_powerby - assumed 'cfg_powerby' E:\www\he\Application\Runtime\Cache\Ue\808813c6a855567b62439811c82f00f8.php 第 87 行.
SQL: SELECT * FROM `think_sysconfig` WHERE ( varname='cfg_powerby' ) LIMIT 1   [ RunTime:0.0009s ]
NOTIC: [8] Use of undefined constant weibo - assumed 'weibo' E:\www\he\Application\Runtime\Cache\Ue\808813c6a855567b62439811c82f00f8.php 第 90 行.
SQL: SELECT * FROM `think_sysconfig` WHERE ( varname='weibo' ) LIMIT 1   [ RunTime:0.0007s ]
NOTIC: [8] Use of undefined constant tencent - assumed 'tencent' E:\www\he\Application\Runtime\Cache\Ue\808813c6a855567b62439811c82f00f8.php 第 91 行.
SQL: SELECT * FROM `think_sysconfig` WHERE ( varname='tencent' ) LIMIT 1   [ RunTime:0.0007s ]
INFO: Run Behavior\ParseTemplateBehavior [ RunTime:0.214434s ]
INFO: [ view_parse ] --END-- [ RunTime:0.214619s ]
INFO: [ view_filter ] --START--
INFO: Run Behavior\WriteHtmlCacheBehavior [ RunTime:0.022536s ]
INFO: [ view_filter ] --END-- [ RunTime:0.022793s ]
INFO: [ app_end ] --START--
INFO: Run Behavior\ShowPageTraceBehavior [ RunTime:0.008709s ]
INFO: [ app_end ] --END-- [ RunTime:0.008969s ]

[ 2016-07-04T22:38:21+08:00 ] ::1 /he/
INFO: [ app_init ] --START--
INFO: Run Behavior\BuildLiteBehavior [ RunTime:0.000025s ]
INFO: [ app_init ] --END-- [ RunTime:0.000589s ]
INFO: [ app_begin ] --START--
INFO: Run Behavior\ReadHtmlCacheBehavior [ RunTime:0.001041s ]
INFO: [ app_begin ] --END-- [ RunTime:0.001149s ]
SQL: SHOW COLUMNS FROM `think_sysconfig` [ RunTime:0.0066s ]
SQL: SELECT * FROM `think_sysconfig` WHERE ( varname='cfg_theme' ) LIMIT 1   [ RunTime:0.0006s ]
SQL: SELECT * FROM `think_sysconfig` WHERE ( varname='cfg_wap' ) LIMIT 1   [ RunTime:0.0004s ]
SQL: SHOW COLUMNS FROM `think_category` [ RunTime:0.0078s ]
SQL: SELECT * FROM `think_category` WHERE ( parentid=0 )  [ RunTime:0.0011s ]
INFO: [ view_parse ] --START--
INFO: [ template_filter ] --START--
INFO: Run Behavior\ContentReplaceBehavior [ RunTime:0.000094s ]
INFO: [ template_filter ] --END-- [ RunTime:0.000226s ]
NOTIC: [8] Use of undefined constant cfg_webname - assumed 'cfg_webname' E:\www\he\Application\Runtime\Cache\Ue\808813c6a855567b62439811c82f00f8.php 第 9 行.
SQL: SELECT * FROM `think_sysconfig` WHERE ( varname='cfg_webname' ) LIMIT 1   [ RunTime:0.0006s ]
SQL: SELECT * FROM `think_sysconfig` WHERE ( varname='cfg_indexurl' ) LIMIT 1   [ RunTime:0.0004s ]
NOTIC: [8] Use of undefined constant index_banner - assumed 'index_banner' E:\www\he\Application\Runtime\Cache\Ue\808813c6a855567b62439811c82f00f8.php 第 30 行.
NOTIC: [8] Use of undefined constant img - assumed 'img' E:\www\he\Application\Runtime\Cache\Ue\808813c6a855567b62439811c82f00f8.php 第 30 行.
NOTIC: [2] Missing argument 3 for getcatlist(), called in E:\www\he\Application\Runtime\Cache\Ue\808813c6a855567b62439811c82f00f8.php on line 30 and defined E:\www\he\Application\Ue\Common\function.php 第 324 行.
SQL: SHOW COLUMNS FROM `think_catset_list` [ RunTime:0.0073s ]
NOTIC: [8] Undefined variable: catid E:\www\he\Application\Ue\Common\function.php 第 327 行.
NOTIC: [8] Undefined index: parentid E:\www\he\Application\Ue\Common\function.php 第 329 行.
SQL: SELECT * FROM `think_catset_list` WHERE ( value='index_banner'AND catid = '0' ) LIMIT 1   [ RunTime:0.0009s ]
SQL: SELECT * FROM `think_sysconfig` WHERE ( varname='cfg_indexurl' ) LIMIT 1   [ RunTime:0.0008s ]
NOTIC: [2] Missing argument 2 for getcategory(), called in E:\www\he\Application\Runtime\Cache\Ue\808813c6a855567b62439811c82f00f8.php on line 38 and defined E:\www\he\Application\Ue\Common\function.php 第 72 行.
SQL: SELECT * FROM `think_category` WHERE ( parentid=0 ) ORDER BY listorder  [ RunTime:0.0011s ]
NOTIC: [8] Undefined variable: catinfos E:\www\he\Application\Ue\Common\function.php 第 115 行.
NOTIC: [8] Undefined variable: catinfot E:\www\he\Application\Ue\Common\function.php 第 115 行.
NOTIC: [8] Undefined variable: catinfos E:\www\he\Application\Ue\Common\function.php 第 115 行.
NOTIC: [8] Undefined variable: catinfot E:\www\he\Application\Ue\Common\function.php 第 115 行.
NOTIC: [8] Undefined variable: catinfos E:\www\he\Application\Ue\Common\function.php 第 115 行.
NOTIC: [8] Undefined variable: catinfot E:\www\he\Application\Ue\Common\function.php 第 115 行.
NOTIC: [8] Undefined variable: catinfos E:\www\he\Application\Ue\Common\function.php 第 115 行.
NOTIC: [8] Undefined variable: catinfot E:\www\he\Application\Ue\Common\function.php 第 115 行.
NOTIC: [8] Undefined variable: catinfos E:\www\he\Application\Ue\Common\function.php 第 115 行.
NOTIC: [8] Undefined variable: catinfot E:\www\he\Application\Ue\Common\function.php 第 115 行.
NOTIC: [8] Undefined variable: catinfos E:\www\he\Application\Ue\Common\function.php 第 115 行.
NOTIC: [8] Undefined variable: catinfot E:\www\he\Application\Ue\Common\function.php 第 115 行.
NOTIC: [8] Undefined variable: catinfos E:\www\he\Application\Ue\Common\function.php 第 115 行.
NOTIC: [8] Undefined variable: catinfot E:\www\he\Application\Ue\Common\function.php 第 115 行.
NOTIC: [8] Undefined variable: catinfos E:\www\he\Application\Ue\Common\function.php 第 115 行.
NOTIC: [8] Undefined variable: catinfot E:\www\he\Application\Ue\Common\function.php 第 115 行.
NOTIC: [8] Use of undefined constant catid - assumed 'catid' E:\www\he\Application\Runtime\Cache\Ue\808813c6a855567b62439811c82f00f8.php 第 41 行.
SQL: SELECT * FROM `think_category` WHERE ( parentid=72 ) ORDER BY listorder  [ RunTime:0.0009s ]
NOTIC: [8] Undefined variable: catinfos E:\www\he\Application\Ue\Common\function.php 第 115 行.
NOTIC: [8] Undefined variable: catinfot E:\www\he\Application\Ue\Common\function.php 第 115 行.
NOTIC: [8] Undefined variable: catinfos E:\www\he\Application\Ue\Common\function.php 第 115 行.
NOTIC: [8] Undefined variable: catinfot E:\www\he\Application\Ue\Common\function.php 第 115 行.
NOTIC: [8] Undefined variable: catinfos E:\www\he\Application\Ue\Common\function.php 第 115 行.
NOTIC: [8] Undefined variable: catinfot E:\www\he\Application\Ue\Common\function.php 第 115 行.
NOTIC: [8] Undefined variable: catinfos E:\www\he\Application\Ue\Common\function.php 第 115 行.
NOTIC: [8] Undefined variable: catinfot E:\www\he\Application\Ue\Common\function.php 第 115 行.
NOTIC: [8] Undefined variable: catinfos E:\www\he\Application\Ue\Common\function.php 第 115 行.
NOTIC: [8] Undefined variable: catinfot E:\www\he\Application\Ue\Common\function.php 第 115 行.
NOTIC: [8] Undefined variable: catinfos E:\www\he\Application\Ue\Common\function.php 第 115 行.
NOTIC: [8] Undefined variable: catinfot E:\www\he\Application\Ue\Common\function.php 第 115 行.
NOTIC: [8] Use of undefined constant catid - assumed 'catid' E:\www\he\Application\Runtime\Cache\Ue\808813c6a855567b62439811c82f00f8.php 第 41 行.
SQL: SELECT * FROM `think_category` WHERE ( parentid=73 ) ORDER BY listorder  [ RunTime:0.0005s ]
NOTIC: [8] Undefined variable: catinfos E:\www\he\Application\Ue\Common\function.php 第 115 行.
NOTIC: [8] Undefined variable: catinfot E:\www\he\Application\Ue\Common\function.php 第 115 行.
NOTIC: [8] Undefined variable: catinfos E:\www\he\Application\Ue\Common\function.php 第 115 行.
NOTIC: [8] Undefined variable: catinfot E:\www\he\Application\Ue\Common\function.php 第 115 行.
NOTIC: [8] Undefined variable: catinfos E:\www\he\Application\Ue\Common\function.php 第 115 行.
NOTIC: [8] Undefined variable: catinfot E:\www\he\Application\Ue\Common\function.php 第 115 行.
NOTIC: [8] Undefined variable: catinfos E:\www\he\Application\Ue\Common\function.php 第 115 行.
NOTIC: [8] Undefined variable: catinfot E:\www\he\Application\Ue\Common\function.php 第 115 行.
NOTIC: [8] Undefined variable: catinfos E:\www\he\Application\Ue\Common\function.php 第 115 行.
NOTIC: [8] Undefined variable: catinfot E:\www\he\Application\Ue\Common\function.php 第 115 行.
NOTIC: [8] Use of undefined constant catid - assumed 'catid' E:\www\he\Application\Runtime\Cache\Ue\808813c6a855567b62439811c82f00f8.php 第 41 行.
SQL: SELECT * FROM `think_category` WHERE ( parentid=74 ) ORDER BY listorder  [ RunTime:0.0004s ]
NOTIC: [8] Undefined variable: catinfos E:\www\he\Application\Ue\Common\function.php 第 115 行.
NOTIC: [8] Undefined variable: catinfot E:\www\he\Application\Ue\Common\function.php 第 115 行.
NOTIC: [8] Undefined variable: catinfos E:\www\he\Application\Ue\Common\function.php 第 115 行.
NOTIC: [8] Undefined variable: catinfot E:\www\he\Application\Ue\Common\function.php 第 115 行.
NOTIC: [8] Undefined variable: catinfos E:\www\he\Application\Ue\Common\function.php 第 115 行.
NOTIC: [8] Undefined variable: catinfot E:\www\he\Application\Ue\Common\function.php 第 115 行.
NOTIC: [8] Undefined variable: catinfos E:\www\he\Application\Ue\Common\function.php 第 115 行.
NOTIC: [8] Undefined variable: catinfot E:\www\he\Application\Ue\Common\function.php 第 115 行.
NOTIC: [8] Use of undefined constant catid - assumed 'catid' E:\www\he\Application\Runtime\Cache\Ue\808813c6a855567b62439811c82f00f8.php 第 41 行.
SQL: SELECT * FROM `think_category` WHERE ( parentid=75 ) ORDER BY listorder  [ RunTime:0.0007s ]
NOTIC: [8] Undefined variable: catinfos E:\www\he\Application\Ue\Common\function.php 第 115 行.
NOTIC: [8] Undefined variable: catinfot E:\www\he\Application\Ue\Common\function.php 第 115 行.
NOTIC: [8] Undefined variable: catinfos E:\www\he\Application\Ue\Common\function.php 第 115 行.
NOTIC: [8] Undefined variable: catinfot E:\www\he\Application\Ue\Common\function.php 第 115 行.
NOTIC: [8] Use of undefined constant catid - assumed 'catid' E:\www\he\Application\Runtime\Cache\Ue\808813c6a855567b62439811c82f00f8.php 第 41 行.
SQL: SELECT * FROM `think_category` WHERE ( parentid=76 ) ORDER BY listorder  [ RunTime:0.0009s ]
NOTIC: [8] Undefined variable: catinfos E:\www\he\Application\Ue\Common\function.php 第 115 行.
NOTIC: [8] Undefined variable: catinfot E:\www\he\Application\Ue\Common\function.php 第 115 行.
NOTIC: [8] Undefined variable: catinfos E:\www\he\Application\Ue\Common\function.php 第 115 行.
NOTIC: [8] Undefined variable: catinfot E:\www\he\Application\Ue\Common\function.php 第 115 行.
NOTIC: [8] Undefined variable: catinfos E:\www\he\Application\Ue\Common\function.php 第 115 行.
NOTIC: [8] Undefined variable: catinfot E:\www\he\Application\Ue\Common\function.php 第 115 行.
NOTIC: [8] Use of undefined constant catid - assumed 'catid' E:\www\he\Application\Runtime\Cache\Ue\808813c6a855567b62439811c82f00f8.php 第 41 行.
SQL: SELECT * FROM `think_category` WHERE ( parentid=77 ) ORDER BY listorder  [ RunTime:0.0011s ]
NOTIC: [8] Undefined variable: catinfos E:\www\he\Application\Ue\Common\function.php 第 115 行.
NOTIC: [8] Undefined variable: catinfot E:\www\he\Application\Ue\Common\function.php 第 115 行.
NOTIC: [8] Undefined variable: catinfos E:\www\he\Application\Ue\Common\function.php 第 115 行.
NOTIC: [8] Undefined variable: catinfot E:\www\he\Application\Ue\Common\function.php 第 115 行.
NOTIC: [8] Use of undefined constant catid - assumed 'catid' E:\www\he\Application\Runtime\Cache\Ue\808813c6a855567b62439811c82f00f8.php 第 41 行.
SQL: SELECT * FROM `think_category` WHERE ( parentid=78 ) ORDER BY listorder  [ RunTime:0.0011s ]
NOTIC: [8] Undefined variable: catinfos E:\www\he\Application\Ue\Common\function.php 第 115 行.
NOTIC: [8] Undefined variable: catinfot E:\www\he\Application\Ue\Common\function.php 第 115 行.
NOTIC: [8] Undefined variable: catinfos E:\www\he\Application\Ue\Common\function.php 第 115 行.
NOTIC: [8] Undefined variable: catinfot E:\www\he\Application\Ue\Common\function.php 第 115 行.
NOTIC: [8] Undefined variable: catinfos E:\www\he\Application\Ue\Common\function.php 第 115 行.
NOTIC: [8] Undefined variable: catinfot E:\www\he\Application\Ue\Common\function.php 第 115 行.
NOTIC: [8] Use of undefined constant catid - assumed 'catid' E:\www\he\Application\Runtime\Cache\Ue\808813c6a855567b62439811c82f00f8.php 第 41 行.
SQL: SELECT * FROM `think_category` WHERE ( parentid=79 ) ORDER BY listorder  [ RunTime:0.0008s ]
NOTIC: [8] Undefined variable: catinfos E:\www\he\Application\Ue\Common\function.php 第 115 行.
NOTIC: [8] Undefined variable: catinfot E:\www\he\Application\Ue\Common\function.php 第 115 行.
NOTIC: [2] Missing argument 3 for getdatalist(), called in E:\www\he\Application\Runtime\Cache\Ue\808813c6a855567b62439811c82f00f8.php on line 54 and defined E:\www\he\Application\Ue\Common\function.php 第 182 行.
SQL: SELECT * FROM `think_category` WHERE ( catid=81 ) LIMIT 1   [ RunTime:0.0005s ]
SQL: SHOW COLUMNS FROM `think_news` [ RunTime:0.0071s ]
NOTIC: [8] Undefined variable: type E:\www\he\Application\Ue\Common\function.php 第 189 行.
SQL: SELECT * FROM `think_news` WHERE ( `catid` = 81 ) ORDER BY listorder,updatetime desc LIMIT 2   [ RunTime:0.0009s ]
NOTIC: [2] Missing argument 3 for getdatalist(), called in E:\www\he\Application\Runtime\Cache\Ue\808813c6a855567b62439811c82f00f8.php on line 58 and defined E:\www\he\Application\Ue\Common\function.php 第 182 行.
SQL: SELECT * FROM `think_category` WHERE ( catid=80 ) LIMIT 1   [ RunTime:0.0008s ]
SQL: SHOW COLUMNS FROM `think_page` [ RunTime:0.0068s ]
NOTIC: [8] Undefined variable: type E:\www\he\Application\Ue\Common\function.php 第 189 行.
SQL: SELECT * FROM `think_page` WHERE ( `catid` = 80 ) ORDER BY listorder,updatetime desc LIMIT 1   [ RunTime:0.0009s ]
NOTIC: [8] Use of undefined constant cfg_powerby - assumed 'cfg_powerby' E:\www\he\Application\Runtime\Cache\Ue\808813c6a855567b62439811c82f00f8.php 第 87 行.
SQL: SELECT * FROM `think_sysconfig` WHERE ( varname='cfg_powerby' ) LIMIT 1   [ RunTime:0.0006s ]
NOTIC: [8] Use of undefined constant weibo - assumed 'weibo' E:\www\he\Application\Runtime\Cache\Ue\808813c6a855567b62439811c82f00f8.php 第 90 行.
SQL: SELECT * FROM `think_sysconfig` WHERE ( varname='weibo' ) LIMIT 1   [ RunTime:0.0006s ]
NOTIC: [8] Use of undefined constant tencent - assumed 'tencent' E:\www\he\Application\Runtime\Cache\Ue\808813c6a855567b62439811c82f00f8.php 第 91 行.
SQL: SELECT * FROM `think_sysconfig` WHERE ( varname='tencent' ) LIMIT 1   [ RunTime:0.0003s ]
INFO: Run Behavior\ParseTemplateBehavior [ RunTime:0.068330s ]
INFO: [ view_parse ] --END-- [ RunTime:0.068413s ]
INFO: [ view_filter ] --START--
INFO: Run Behavior\WriteHtmlCacheBehavior [ RunTime:0.000943s ]
INFO: [ view_filter ] --END-- [ RunTime:0.001023s ]
INFO: [ app_end ] --START--
INFO: Run Behavior\ShowPageTraceBehavior [ RunTime:0.001063s ]
INFO: [ app_end ] --END-- [ RunTime:0.001146s ]

[ 2016-07-04T22:38:23+08:00 ] ::1 /he/index.php/Ue/List/index/cid/87
INFO: [ app_init ] --START--
INFO: Run Behavior\BuildLiteBehavior [ RunTime:0.000024s ]
INFO: [ app_init ] --END-- [ RunTime:0.000583s ]
INFO: [ app_begin ] --START--
INFO: Run Behavior\ReadHtmlCacheBehavior [ RunTime:0.001279s ]
INFO: [ app_begin ] --END-- [ RunTime:0.001406s ]
SQL: SHOW COLUMNS FROM `think_sysconfig` [ RunTime:0.0061s ]
SQL: SELECT * FROM `think_sysconfig` WHERE ( varname='cfg_theme' ) LIMIT 1   [ RunTime:0.0006s ]
SQL: SELECT * FROM `think_sysconfig` WHERE ( varname='cfg_wap' ) LIMIT 1   [ RunTime:0.0003s ]
SQL: SHOW COLUMNS FROM `think_category` [ RunTime:0.0075s ]
SQL: SELECT * FROM `think_category` WHERE ( parentid=0 )  [ RunTime:0.0011s ]
SQL: SELECT * FROM `think_category` WHERE ( catid=87 ) LIMIT 1   [ RunTime:0.0008s ]
SQL: SELECT * FROM `think_category` WHERE ( catid=1 ) LIMIT 1   [ RunTime:0.0007s ]
NOTIC: [8] Use of undefined constant url - assumed 'url' E:\www\he\Application\Ue\Controller\ListController.class.php 第 15 行.
NOTIC: [8] Use of undefined constant catid - assumed 'catid' E:\www\he\Application\Ue\Controller\ListController.class.php 第 37 行.
SQL: SHOW COLUMNS FROM `think_page` [ RunTime:0.0068s ]
SQL: SELECT * FROM `think_category` WHERE ( parentid=87 )  [ RunTime:0.0006s ]
NOTIC: [8] Undefined index: p E:\www\he\Application\Ue\Controller\ListController.class.php 第 86 行.
SQL: SELECT * FROM `think_page` WHERE ( `catid` = 87 ) ORDER BY listorder,updatetime desc LIMIT 0,6   [ RunTime:0.0009s ]
SQL: SELECT COUNT(*) AS tp_count FROM `think_page` WHERE ( catid=87 ) LIMIT 1   [ RunTime:0.0008s ]
INFO: [ view_parse ] --START--
INFO: [ template_filter ] --START--
INFO: Run Behavior\ContentReplaceBehavior [ RunTime:0.000133s ]
INFO: [ template_filter ] --END-- [ RunTime:0.000262s ]
NOTIC: [8] Use of undefined constant cfg_webname - assumed 'cfg_webname' E:\www\he\Application\Runtime\Cache\Ue\130664cd9577286b24421ec44757b44b.php 第 10 行.
SQL: SELECT * FROM `think_sysconfig` WHERE ( varname='cfg_webname' ) LIMIT 1   [ RunTime:0.0006s ]
SQL: SELECT * FROM `think_sysconfig` WHERE ( varname='cfg_indexurl' ) LIMIT 1   [ RunTime:0.0003s ]
NOTIC: [8] Use of undefined constant us_banner - assumed 'us_banner' E:\www\he\Application\Runtime\Cache\Ue\130664cd9577286b24421ec44757b44b.php 第 36 行.
NOTIC: [8] Use of undefined constant img - assumed 'img' E:\www\he\Application\Runtime\Cache\Ue\130664cd9577286b24421ec44757b44b.php 第 36 行.
NOTIC: [2] Missing argument 3 for getcatlist(), called in E:\www\he\Application\Runtime\Cache\Ue\130664cd9577286b24421ec44757b44b.php on line 36 and defined E:\www\he\Application\Ue\Common\function.php 第 324 行.
SQL: SHOW COLUMNS FROM `think_catset_list` [ RunTime:0.0070s ]
NOTIC: [8] Undefined variable: catid E:\www\he\Application\Ue\Common\function.php 第 327 行.
SQL: SELECT * FROM `think_catset_list` WHERE ( value='us_banner'AND catid = '87' ) LIMIT 1   [ RunTime:0.0006s ]
SQL: SELECT * FROM `think_catset_list` WHERE ( value='us_banner'AND catid = '79' ) LIMIT 1   [ RunTime:0.0003s ]
SQL: SELECT * FROM `think_sysconfig` WHERE ( varname='cfg_indexurl' ) LIMIT 1   [ RunTime:0.0004s ]
NOTIC: [2] Missing argument 2 for getcategory(), called in E:\www\he\Application\Runtime\Cache\Ue\130664cd9577286b24421ec44757b44b.php on line 43 and defined E:\www\he\Application\Ue\Common\function.php 第 72 行.
SQL: SELECT * FROM `think_category` WHERE ( parentid=0 ) ORDER BY listorder  [ RunTime:0.0011s ]
SQL: SELECT * FROM `think_category` WHERE ( parentid=72 AND catid = 87 )  [ RunTime:0.0010s ]
SQL: SELECT * FROM `think_category` WHERE ( parentid=72 AND catid = 79 )  [ RunTime:0.0008s ]
SQL: SELECT * FROM `think_category` WHERE ( parentid=73 AND catid = 87 )  [ RunTime:0.0004s ]
SQL: SELECT * FROM `think_category` WHERE ( parentid=73 AND catid = 79 )  [ RunTime:0.0003s ]
SQL: SELECT * FROM `think_category` WHERE ( parentid=74 AND catid = 87 )  [ RunTime:0.0003s ]
SQL: SELECT * FROM `think_category` WHERE ( parentid=74 AND catid = 79 )  [ RunTime:0.0003s ]
SQL: SELECT * FROM `think_category` WHERE ( parentid=75 AND catid = 87 )  [ RunTime:0.0003s ]
SQL: SELECT * FROM `think_category` WHERE ( parentid=75 AND catid = 79 )  [ RunTime:0.0007s ]
SQL: SELECT * FROM `think_category` WHERE ( parentid=76 AND catid = 87 )  [ RunTime:0.0007s ]
SQL: SELECT * FROM `think_category` WHERE ( parentid=76 AND catid = 79 )  [ RunTime:0.0006s ]
SQL: SELECT * FROM `think_category` WHERE ( parentid=77 AND catid = 87 )  [ RunTime:0.0008s ]
SQL: SELECT * FROM `think_category` WHERE ( parentid=77 AND catid = 79 )  [ RunTime:0.0008s ]
SQL: SELECT * FROM `think_category` WHERE ( parentid=78 AND catid = 87 )  [ RunTime:0.0011s ]
SQL: SELECT * FROM `think_category` WHERE ( parentid=78 AND catid = 79 )  [ RunTime:0.0006s ]
SQL: SELECT * FROM `think_category` WHERE ( parentid=79 AND catid = 87 )  [ RunTime:0.0006s ]
SQL: SELECT * FROM `think_category` WHERE ( parentid=79 AND catid = 79 )  [ RunTime:0.0005s ]
NOTIC: [8] Use of undefined constant catid - assumed 'catid' E:\www\he\Application\Runtime\Cache\Ue\130664cd9577286b24421ec44757b44b.php 第 46 行.
SQL: SELECT * FROM `think_category` WHERE ( parentid=72 ) ORDER BY listorder  [ RunTime:0.0010s ]
SQL: SELECT * FROM `think_category` WHERE ( parentid=80 AND catid = 87 )  [ RunTime:0.0004s ]
SQL: SELECT * FROM `think_category` WHERE ( parentid=80 AND catid = 79 )  [ RunTime:0.0003s ]
SQL: SELECT * FROM `think_category` WHERE ( parentid=88 AND catid = 87 )  [ RunTime:0.0006s ]
SQL: SELECT * FROM `think_category` WHERE ( parentid=88 AND catid = 79 )  [ RunTime:0.0008s ]
SQL: SELECT * FROM `think_category` WHERE ( parentid=89 AND catid = 87 )  [ RunTime:0.0005s ]
SQL: SELECT * FROM `think_category` WHERE ( parentid=89 AND catid = 79 )  [ RunTime:0.0003s ]
SQL: SELECT * FROM `think_category` WHERE ( parentid=90 AND catid = 87 )  [ RunTime:0.0003s ]
SQL: SELECT * FROM `think_category` WHERE ( parentid=90 AND catid = 79 )  [ RunTime:0.0003s ]
SQL: SELECT * FROM `think_category` WHERE ( parentid=91 AND catid = 87 )  [ RunTime:0.0006s ]
SQL: SELECT * FROM `think_category` WHERE ( parentid=91 AND catid = 79 )  [ RunTime:0.0006s ]
SQL: SELECT * FROM `think_category` WHERE ( parentid=92 AND catid = 87 )  [ RunTime:0.0006s ]
SQL: SELECT * FROM `think_category` WHERE ( parentid=92 AND catid = 79 )  [ RunTime:0.0006s ]
NOTIC: [8] Use of undefined constant catid - assumed 'catid' E:\www\he\Application\Runtime\Cache\Ue\130664cd9577286b24421ec44757b44b.php 第 46 行.
SQL: SELECT * FROM `think_category` WHERE ( parentid=73 ) ORDER BY listorder  [ RunTime:0.0012s ]
SQL: SELECT * FROM `think_category` WHERE ( parentid=81 AND catid = 87 )  [ RunTime:0.0010s ]
SQL: SELECT * FROM `think_category` WHERE ( parentid=81 AND catid = 79 )  [ RunTime:0.0006s ]
SQL: SELECT * FROM `think_category` WHERE ( parentid=93 AND catid = 87 )  [ RunTime:0.0003s ]
SQL: SELECT * FROM `think_category` WHERE ( parentid=93 AND catid = 79 )  [ RunTime:0.0003s ]
SQL: SELECT * FROM `think_category` WHERE ( parentid=94 AND catid = 87 )  [ RunTime:0.0006s ]
SQL: SELECT * FROM `think_category` WHERE ( parentid=94 AND catid = 79 )  [ RunTime:0.0007s ]
SQL: SELECT * FROM `think_category` WHERE ( parentid=96 AND catid = 87 )  [ RunTime:0.0007s ]
SQL: SELECT * FROM `think_category` WHERE ( parentid=96 AND catid = 79 )  [ RunTime:0.0003s ]
SQL: SELECT * FROM `think_category` WHERE ( parentid=97 AND catid = 87 )  [ RunTime:0.0004s ]
SQL: SELECT * FROM `think_category` WHERE ( parentid=97 AND catid = 79 )  [ RunTime:0.0005s ]
NOTIC: [8] Use of undefined constant catid - assumed 'catid' E:\www\he\Application\Runtime\Cache\Ue\130664cd9577286b24421ec44757b44b.php 第 46 行.
SQL: SELECT * FROM `think_category` WHERE ( parentid=74 ) ORDER BY listorder  [ RunTime:0.0007s ]
SQL: SELECT * FROM `think_category` WHERE ( parentid=82 AND catid = 87 )  [ RunTime:0.0003s ]
SQL: SELECT * FROM `think_category` WHERE ( parentid=82 AND catid = 79 )  [ RunTime:0.0003s ]
SQL: SELECT * FROM `think_category` WHERE ( parentid=98 AND catid = 87 )  [ RunTime:0.0003s ]
SQL: SELECT * FROM `think_category` WHERE ( parentid=98 AND catid = 79 )  [ RunTime:0.0003s ]
SQL: SELECT * FROM `think_category` WHERE ( parentid=99 AND catid = 87 )  [ RunTime:0.0003s ]
SQL: SELECT * FROM `think_category` WHERE ( parentid=99 AND catid = 79 )  [ RunTime:0.0006s ]
SQL: SELECT * FROM `think_category` WHERE ( parentid=100 AND catid = 87 )  [ RunTime:0.0007s ]
SQL: SELECT * FROM `think_category` WHERE ( parentid=100 AND catid = 79 )  [ RunTime:0.0004s ]
NOTIC: [8] Use of undefined constant catid - assumed 'catid' E:\www\he\Application\Runtime\Cache\Ue\130664cd9577286b24421ec44757b44b.php 第 46 行.
SQL: SELECT * FROM `think_category` WHERE ( parentid=75 ) ORDER BY listorder  [ RunTime:0.0009s ]
SQL: SELECT * FROM `think_category` WHERE ( parentid=83 AND catid = 87 )  [ RunTime:0.0008s ]
SQL: SELECT * FROM `think_category` WHERE ( parentid=83 AND catid = 79 )  [ RunTime:0.0010s ]
SQL: SELECT * FROM `think_category` WHERE ( parentid=110 AND catid = 87 )  [ RunTime:0.0009s ]
SQL: SELECT * FROM `think_category` WHERE ( parentid=110 AND catid = 79 )  [ RunTime:0.0007s ]
NOTIC: [8] Use of undefined constant catid - assumed 'catid' E:\www\he\Application\Runtime\Cache\Ue\130664cd9577286b24421ec44757b44b.php 第 46 行.
SQL: SELECT * FROM `think_category` WHERE ( parentid=76 ) ORDER BY listorder  [ RunTime:0.0007s ]
SQL: SELECT * FROM `think_category` WHERE ( parentid=84 AND catid = 87 )  [ RunTime:0.0007s ]
SQL: SELECT * FROM `think_category` WHERE ( parentid=84 AND catid = 79 )  [ RunTime:0.0005s ]
SQL: SELECT * FROM `think_category` WHERE ( parentid=111 AND catid = 87 )  [ RunTime:0.0004s ]
SQL: SELECT * FROM `think_category` WHERE ( parentid=111 AND catid = 79 )  [ RunTime:0.0003s ]
SQL: SELECT * FROM `think_category` WHERE ( parentid=112 AND catid = 87 )  [ RunTime:0.0003s ]
SQL: SELECT * FROM `think_category` WHERE ( parentid=112 AND catid = 79 )  [ RunTime:0.0006s ]
NOTIC: [8] Use of undefined constant catid - assumed 'catid' E:\www\he\Application\Runtime\Cache\Ue\130664cd9577286b24421ec44757b44b.php 第 46 行.
SQL: SELECT * FROM `think_category` WHERE ( parentid=77 ) ORDER BY listorder  [ RunTime:0.0007s ]
SQL: SELECT * FROM `think_category` WHERE ( parentid=85 AND catid = 87 )  [ RunTime:0.0004s ]
SQL: SELECT * FROM `think_category` WHERE ( parentid=85 AND catid = 79 )  [ RunTime:0.0003s ]
SQL: SELECT * FROM `think_category` WHERE ( parentid=113 AND catid = 87 )  [ RunTime:0.0003s ]
SQL: SELECT * FROM `think_category` WHERE ( parentid=113 AND catid = 79 )  [ RunTime:0.0003s ]
NOTIC: [8] Use of undefined constant catid - assumed 'catid' E:\www\he\Application\Runtime\Cache\Ue\130664cd9577286b24421ec44757b44b.php 第 46 行.
SQL: SELECT * FROM `think_category` WHERE ( parentid=78 ) ORDER BY listorder  [ RunTime:0.0004s ]
SQL: SELECT * FROM `think_category` WHERE ( parentid=86 AND catid = 87 )  [ RunTime:0.0003s ]
SQL: SELECT * FROM `think_category` WHERE ( parentid=86 AND catid = 79 )  [ RunTime:0.0003s ]
SQL: SELECT * FROM `think_category` WHERE ( parentid=115 AND catid = 87 )  [ RunTime:0.0004s ]
SQL: SELECT * FROM `think_category` WHERE ( parentid=115 AND catid = 79 )  [ RunTime:0.0009s ]
SQL: SELECT * FROM `think_category` WHERE ( parentid=114 AND catid = 87 )  [ RunTime:0.0008s ]
SQL: SELECT * FROM `think_category` WHERE ( parentid=114 AND catid = 79 )  [ RunTime:0.0009s ]
NOTIC: [8] Use of undefined constant catid - assumed 'catid' E:\www\he\Application\Runtime\Cache\Ue\130664cd9577286b24421ec44757b44b.php 第 46 行.
SQL: SELECT * FROM `think_category` WHERE ( parentid=79 ) ORDER BY listorder  [ RunTime:0.0009s ]
NOTIC: [8] Use of undefined constant catid - assumed 'catid' E:\www\he\Application\Runtime\Cache\Ue\130664cd9577286b24421ec44757b44b.php 第 64 行.
SQL: SELECT * FROM `think_category` WHERE ( catid=87 ) LIMIT 1   [ RunTime:0.0007s ]
SQL: SELECT * FROM `think_category` WHERE ( parentid=79 ) ORDER BY listorder  [ RunTime:0.0006s ]
NOTIC: [8] Use of undefined constant catid - assumed 'catid' E:\www\he\Application\Runtime\Cache\Ue\130664cd9577286b24421ec44757b44b.php 第 64 行.
NOTIC: [8] Use of undefined constant catid - assumed 'catid' E:\www\he\Application\Runtime\Cache\Ue\130664cd9577286b24421ec44757b44b.php 第 64 行.
NOTIC: [2] Missing argument 1 for location(), called in E:\www\he\Application\Runtime\Cache\Ue\130664cd9577286b24421ec44757b44b.php on line 77 and defined E:\www\he\Application\Ue\Common\function.php 第 253 行.
SQL: SELECT * FROM `think_category` WHERE ( catid=87 ) LIMIT 1   [ RunTime:0.0003s ]
NOTIC: [8] Undefined variable: m E:\www\he\Application\Ue\Common\function.php 第 259 行.
NOTIC: [8] Use of undefined constant home - assumed 'home' E:\www\he\Application\Ue\Common\function.php 第 270 行.
SQL: SELECT * FROM `think_category` WHERE ( catid=79 ) LIMIT 1   [ RunTime:0.0004s ]
NOTIC: [8] Use of undefined constant catid - assumed 'catid' E:\www\he\Application\Ue\Common\function.php 第 276 行.
NOTIC: [8] Use of undefined constant catname - assumed 'catname' E:\www\he\Application\Ue\Common\function.php 第 276 行.
NOTIC: [8] Use of undefined constant catname - assumed 'catname' E:\www\he\Application\Ue\Common\function.php 第 276 行.
NOTIC: [8] Use of undefined constant cfg_powerby - assumed 'cfg_powerby' E:\www\he\Application\Runtime\Cache\Ue\130664cd9577286b24421ec44757b44b.php 第 307 行.
SQL: SELECT * FROM `think_sysconfig` WHERE ( varname='cfg_powerby' ) LIMIT 1   [ RunTime:0.0007s ]
NOTIC: [8] Use of undefined constant weibo - assumed 'weibo' E:\www\he\Application\Runtime\Cache\Ue\130664cd9577286b24421ec44757b44b.php 第 310 行.
SQL: SELECT * FROM `think_sysconfig` WHERE ( varname='weibo' ) LIMIT 1   [ RunTime:0.0006s ]
NOTIC: [8] Use of undefined constant tencent - assumed 'tencent' E:\www\he\Application\Runtime\Cache\Ue\130664cd9577286b24421ec44757b44b.php 第 311 行.
SQL: SELECT * FROM `think_sysconfig` WHERE ( varname='tencent' ) LIMIT 1   [ RunTime:0.0006s ]
INFO: Run Behavior\ParseTemplateBehavior [ RunTime:0.112627s ]
INFO: [ view_parse ] --END-- [ RunTime:0.112740s ]
INFO: [ view_filter ] --START--
INFO: Run Behavior\WriteHtmlCacheBehavior [ RunTime:0.001038s ]
INFO: [ view_filter ] --END-- [ RunTime:0.001144s ]
INFO: [ app_end ] --START--
INFO: Run Behavior\ShowPageTraceBehavior [ RunTime:0.001278s ]
INFO: [ app_end ] --END-- [ RunTime:0.001373s ]

[ 2016-07-04T22:56:47+08:00 ] ::1 /he/
INFO: [ app_init ] --START--
INFO: Run Behavior\BuildLiteBehavior [ RunTime:0.000024s ]
INFO: [ app_init ] --END-- [ RunTime:0.000572s ]
INFO: [ app_begin ] --START--
INFO: Run Behavior\ReadHtmlCacheBehavior [ RunTime:0.000936s ]
INFO: [ app_begin ] --END-- [ RunTime:0.001038s ]
SQL: SHOW COLUMNS FROM `think_sysconfig` [ RunTime:0.0058s ]
SQL: SELECT * FROM `think_sysconfig` WHERE ( varname='cfg_theme' ) LIMIT 1   [ RunTime:0.0005s ]
SQL: SELECT * FROM `think_sysconfig` WHERE ( varname='cfg_wap' ) LIMIT 1   [ RunTime:0.0003s ]
SQL: SHOW COLUMNS FROM `think_category` [ RunTime:0.0063s ]
SQL: SELECT * FROM `think_category` WHERE ( parentid=0 )  [ RunTime:0.0007s ]
INFO: [ view_parse ] --START--
INFO: [ template_filter ] --START--
INFO: Run Behavior\ContentReplaceBehavior [ RunTime:0.000093s ]
INFO: [ template_filter ] --END-- [ RunTime:0.000201s ]
NOTIC: [8] Use of undefined constant cfg_webname - assumed 'cfg_webname' E:\www\he\Application\Runtime\Cache\Ue\808813c6a855567b62439811c82f00f8.php 第 9 行.
SQL: SELECT * FROM `think_sysconfig` WHERE ( varname='cfg_webname' ) LIMIT 1   [ RunTime:0.0005s ]
SQL: SELECT * FROM `think_sysconfig` WHERE ( varname='cfg_indexurl' ) LIMIT 1   [ RunTime:0.0003s ]
NOTIC: [8] Use of undefined constant index_banner - assumed 'index_banner' E:\www\he\Application\Runtime\Cache\Ue\808813c6a855567b62439811c82f00f8.php 第 30 行.
NOTIC: [8] Use of undefined constant img - assumed 'img' E:\www\he\Application\Runtime\Cache\Ue\808813c6a855567b62439811c82f00f8.php 第 30 行.
NOTIC: [2] Missing argument 3 for getcatlist(), called in E:\www\he\Application\Runtime\Cache\Ue\808813c6a855567b62439811c82f00f8.php on line 30 and defined E:\www\he\Application\Ue\Common\function.php 第 324 行.
SQL: SHOW COLUMNS FROM `think_catset_list` [ RunTime:0.0060s ]
NOTIC: [8] Undefined variable: catid E:\www\he\Application\Ue\Common\function.php 第 327 行.
NOTIC: [8] Undefined index: parentid E:\www\he\Application\Ue\Common\function.php 第 329 行.
SQL: SELECT * FROM `think_catset_list` WHERE ( value='index_banner'AND catid = '0' ) LIMIT 1   [ RunTime:0.0006s ]
SQL: SELECT * FROM `think_sysconfig` WHERE ( varname='cfg_indexurl' ) LIMIT 1   [ RunTime:0.0003s ]
NOTIC: [2] Missing argument 2 for getcategory(), called in E:\www\he\Application\Runtime\Cache\Ue\808813c6a855567b62439811c82f00f8.php on line 38 and defined E:\www\he\Application\Ue\Common\function.php 第 72 行.
SQL: SELECT * FROM `think_category` WHERE ( parentid=0 ) ORDER BY listorder  [ RunTime:0.0005s ]
NOTIC: [8] Undefined variable: catinfos E:\www\he\Application\Ue\Common\function.php 第 115 行.
NOTIC: [8] Undefined variable: catinfot E:\www\he\Application\Ue\Common\function.php 第 115 行.
NOTIC: [8] Undefined variable: catinfos E:\www\he\Application\Ue\Common\function.php 第 115 行.
NOTIC: [8] Undefined variable: catinfot E:\www\he\Application\Ue\Common\function.php 第 115 行.
NOTIC: [8] Undefined variable: catinfos E:\www\he\Application\Ue\Common\function.php 第 115 行.
NOTIC: [8] Undefined variable: catinfot E:\www\he\Application\Ue\Common\function.php 第 115 行.
NOTIC: [8] Undefined variable: catinfos E:\www\he\Application\Ue\Common\function.php 第 115 行.
NOTIC: [8] Undefined variable: catinfot E:\www\he\Application\Ue\Common\function.php 第 115 行.
NOTIC: [8] Undefined variable: catinfos E:\www\he\Application\Ue\Common\function.php 第 115 行.
NOTIC: [8] Undefined variable: catinfot E:\www\he\Application\Ue\Common\function.php 第 115 行.
NOTIC: [8] Undefined variable: catinfos E:\www\he\Application\Ue\Common\function.php 第 115 行.
NOTIC: [8] Undefined variable: catinfot E:\www\he\Application\Ue\Common\function.php 第 115 行.
NOTIC: [8] Undefined variable: catinfos E:\www\he\Application\Ue\Common\function.php 第 115 行.
NOTIC: [8] Undefined variable: catinfot E:\www\he\Application\Ue\Common\function.php 第 115 行.
NOTIC: [8] Undefined variable: catinfos E:\www\he\Application\Ue\Common\function.php 第 115 行.
NOTIC: [8] Undefined variable: catinfot E:\www\he\Application\Ue\Common\function.php 第 115 行.
NOTIC: [8] Use of undefined constant catid - assumed 'catid' E:\www\he\Application\Runtime\Cache\Ue\808813c6a855567b62439811c82f00f8.php 第 41 行.
SQL: SELECT * FROM `think_category` WHERE ( parentid=72 ) ORDER BY listorder  [ RunTime:0.0004s ]
NOTIC: [8] Undefined variable: catinfos E:\www\he\Application\Ue\Common\function.php 第 115 行.
NOTIC: [8] Undefined variable: catinfot E:\www\he\Application\Ue\Common\function.php 第 115 行.
NOTIC: [8] Undefined variable: catinfos E:\www\he\Application\Ue\Common\function.php 第 115 行.
NOTIC: [8] Undefined variable: catinfot E:\www\he\Application\Ue\Common\function.php 第 115 行.
NOTIC: [8] Undefined variable: catinfos E:\www\he\Application\Ue\Common\function.php 第 115 行.
NOTIC: [8] Undefined variable: catinfot E:\www\he\Application\Ue\Common\function.php 第 115 行.
NOTIC: [8] Undefined variable: catinfos E:\www\he\Application\Ue\Common\function.php 第 115 行.
NOTIC: [8] Undefined variable: catinfot E:\www\he\Application\Ue\Common\function.php 第 115 行.
NOTIC: [8] Undefined variable: catinfos E:\www\he\Application\Ue\Common\function.php 第 115 行.
NOTIC: [8] Undefined variable: catinfot E:\www\he\Application\Ue\Common\function.php 第 115 行.
NOTIC: [8] Undefined variable: catinfos E:\www\he\Application\Ue\Common\function.php 第 115 行.
NOTIC: [8] Undefined variable: catinfot E:\www\he\Application\Ue\Common\function.php 第 115 行.
NOTIC: [8] Use of undefined constant catid - assumed 'catid' E:\www\he\Application\Runtime\Cache\Ue\808813c6a855567b62439811c82f00f8.php 第 41 行.
SQL: SELECT * FROM `think_category` WHERE ( parentid=73 ) ORDER BY listorder  [ RunTime:0.0004s ]
NOTIC: [8] Undefined variable: catinfos E:\www\he\Application\Ue\Common\function.php 第 115 行.
NOTIC: [8] Undefined variable: catinfot E:\www\he\Application\Ue\Common\function.php 第 115 行.
NOTIC: [8] Undefined variable: catinfos E:\www\he\Application\Ue\Common\function.php 第 115 行.
NOTIC: [8] Undefined variable: catinfot E:\www\he\Application\Ue\Common\function.php 第 115 行.
NOTIC: [8] Undefined variable: catinfos E:\www\he\Application\Ue\Common\function.php 第 115 行.
NOTIC: [8] Undefined variable: catinfot E:\www\he\Application\Ue\Common\function.php 第 115 行.
NOTIC: [8] Undefined variable: catinfos E:\www\he\Application\Ue\Common\function.php 第 115 行.
NOTIC: [8] Undefined variable: catinfot E:\www\he\Application\Ue\Common\function.php 第 115 行.
NOTIC: [8] Undefined variable: catinfos E:\www\he\Application\Ue\Common\function.php 第 115 行.
NOTIC: [8] Undefined variable: catinfot E:\www\he\Application\Ue\Common\function.php 第 115 行.
NOTIC: [8] Use of undefined constant catid - assumed 'catid' E:\www\he\Application\Runtime\Cache\Ue\808813c6a855567b62439811c82f00f8.php 第 41 行.
SQL: SELECT * FROM `think_category` WHERE ( parentid=74 ) ORDER BY listorder  [ RunTime:0.0004s ]
NOTIC: [8] Undefined variable: catinfos E:\www\he\Application\Ue\Common\function.php 第 115 行.
NOTIC: [8] Undefined variable: catinfot E:\www\he\Application\Ue\Common\function.php 第 115 行.
NOTIC: [8] Undefined variable: catinfos E:\www\he\Application\Ue\Common\function.php 第 115 行.
NOTIC: [8] Undefined variable: catinfot E:\www\he\Application\Ue\Common\function.php 第 115 行.
NOTIC: [8] Undefined variable: catinfos E:\www\he\Application\Ue\Common\function.php 第 115 行.
NOTIC: [8] Undefined variable: catinfot E:\www\he\Application\Ue\Common\function.php 第 115 行.
NOTIC: [8] Undefined variable: catinfos E:\www\he\Application\Ue\Common\function.php 第 115 行.
NOTIC: [8] Undefined variable: catinfot E:\www\he\Application\Ue\Common\function.php 第 115 行.
NOTIC: [8] Use of undefined constant catid - assumed 'catid' E:\www\he\Application\Runtime\Cache\Ue\808813c6a855567b62439811c82f00f8.php 第 41 行.
SQL: SELECT * FROM `think_category` WHERE ( parentid=75 ) ORDER BY listorder  [ RunTime:0.0004s ]
NOTIC: [8] Undefined variable: catinfos E:\www\he\Application\Ue\Common\function.php 第 115 行.
NOTIC: [8] Undefined variable: catinfot E:\www\he\Application\Ue\Common\function.php 第 115 行.
NOTIC: [8] Undefined variable: catinfos E:\www\he\Application\Ue\Common\function.php 第 115 行.
NOTIC: [8] Undefined variable: catinfot E:\www\he\Application\Ue\Common\function.php 第 115 行.
NOTIC: [8] Use of undefined constant catid - assumed 'catid' E:\www\he\Application\Runtime\Cache\Ue\808813c6a855567b62439811c82f00f8.php 第 41 行.
SQL: SELECT * FROM `think_category` WHERE ( parentid=76 ) ORDER BY listorder  [ RunTime:0.0004s ]
NOTIC: [8] Undefined variable: catinfos E:\www\he\Application\Ue\Common\function.php 第 115 行.
NOTIC: [8] Undefined variable: catinfot E:\www\he\Application\Ue\Common\function.php 第 115 行.
NOTIC: [8] Undefined variable: catinfos E:\www\he\Application\Ue\Common\function.php 第 115 行.
NOTIC: [8] Undefined variable: catinfot E:\www\he\Application\Ue\Common\function.php 第 115 行.
NOTIC: [8] Undefined variable: catinfos E:\www\he\Application\Ue\Common\function.php 第 115 行.
NOTIC: [8] Undefined variable: catinfot E:\www\he\Application\Ue\Common\function.php 第 115 行.
NOTIC: [8] Use of undefined constant catid - assumed 'catid' E:\www\he\Application\Runtime\Cache\Ue\808813c6a855567b62439811c82f00f8.php 第 41 行.
SQL: SELECT * FROM `think_category` WHERE ( parentid=77 ) ORDER BY listorder  [ RunTime:0.0004s ]
NOTIC: [8] Undefined variable: catinfos E:\www\he\Application\Ue\Common\function.php 第 115 行.
NOTIC: [8] Undefined variable: catinfot E:\www\he\Application\Ue\Common\function.php 第 115 行.
NOTIC: [8] Undefined variable: catinfos E:\www\he\Application\Ue\Common\function.php 第 115 行.
NOTIC: [8] Undefined variable: catinfot E:\www\he\Application\Ue\Common\function.php 第 115 行.
NOTIC: [8] Use of undefined constant catid - assumed 'catid' E:\www\he\Application\Runtime\Cache\Ue\808813c6a855567b62439811c82f00f8.php 第 41 行.
SQL: SELECT * FROM `think_category` WHERE ( parentid=78 ) ORDER BY listorder  [ RunTime:0.0004s ]
NOTIC: [8] Undefined variable: catinfos E:\www\he\Application\Ue\Common\function.php 第 115 行.
NOTIC: [8] Undefined variable: catinfot E:\www\he\Application\Ue\Common\function.php 第 115 行.
NOTIC: [8] Undefined variable: catinfos E:\www\he\Application\Ue\Common\function.php 第 115 行.
NOTIC: [8] Undefined variable: catinfot E:\www\he\Application\Ue\Common\function.php 第 115 行.
NOTIC: [8] Undefined variable: catinfos E:\www\he\Application\Ue\Common\function.php 第 115 行.
NOTIC: [8] Undefined variable: catinfot E:\www\he\Application\Ue\Common\function.php 第 115 行.
NOTIC: [8] Use of undefined constant catid - assumed 'catid' E:\www\he\Application\Runtime\Cache\Ue\808813c6a855567b62439811c82f00f8.php 第 41 行.
SQL: SELECT * FROM `think_category` WHERE ( parentid=79 ) ORDER BY listorder  [ RunTime:0.0003s ]
NOTIC: [8] Undefined variable: catinfos E:\www\he\Application\Ue\Common\function.php 第 115 行.
NOTIC: [8] Undefined variable: catinfot E:\www\he\Application\Ue\Common\function.php 第 115 行.
NOTIC: [2] Missing argument 3 for getdatalist(), called in E:\www\he\Application\Runtime\Cache\Ue\808813c6a855567b62439811c82f00f8.php on line 54 and defined E:\www\he\Application\Ue\Common\function.php 第 182 行.
SQL: SELECT * FROM `think_category` WHERE ( catid=81 ) LIMIT 1   [ RunTime:0.0003s ]
SQL: SHOW COLUMNS FROM `think_news` [ RunTime:0.0064s ]
NOTIC: [8] Undefined variable: type E:\www\he\Application\Ue\Common\function.php 第 189 行.
SQL: SELECT * FROM `think_news` WHERE ( `catid` = 81 ) ORDER BY listorder,updatetime desc LIMIT 2   [ RunTime:0.0007s ]
NOTIC: [2] Missing argument 3 for getdatalist(), called in E:\www\he\Application\Runtime\Cache\Ue\808813c6a855567b62439811c82f00f8.php on line 58 and defined E:\www\he\Application\Ue\Common\function.php 第 182 行.
SQL: SELECT * FROM `think_category` WHERE ( catid=80 ) LIMIT 1   [ RunTime:0.0003s ]
SQL: SHOW COLUMNS FROM `think_page` [ RunTime:0.0058s ]
NOTIC: [8] Undefined variable: type E:\www\he\Application\Ue\Common\function.php 第 189 行.
SQL: SELECT * FROM `think_page` WHERE ( `catid` = 80 ) ORDER BY listorder,updatetime desc LIMIT 1   [ RunTime:0.0006s ]
NOTIC: [8] Use of undefined constant cfg_powerby - assumed 'cfg_powerby' E:\www\he\Application\Runtime\Cache\Ue\808813c6a855567b62439811c82f00f8.php 第 87 行.
SQL: SELECT * FROM `think_sysconfig` WHERE ( varname='cfg_powerby' ) LIMIT 1   [ RunTime:0.0003s ]
NOTIC: [8] Use of undefined constant weibo - assumed 'weibo' E:\www\he\Application\Runtime\Cache\Ue\808813c6a855567b62439811c82f00f8.php 第 90 行.
SQL: SELECT * FROM `think_sysconfig` WHERE ( varname='weibo' ) LIMIT 1   [ RunTime:0.0002s ]
NOTIC: [8] Use of undefined constant tencent - assumed 'tencent' E:\www\he\Application\Runtime\Cache\Ue\808813c6a855567b62439811c82f00f8.php 第 91 行.
SQL: SELECT * FROM `think_sysconfig` WHERE ( varname='tencent' ) LIMIT 1   [ RunTime:0.0002s ]
INFO: Run Behavior\ParseTemplateBehavior [ RunTime:0.053629s ]
INFO: [ view_parse ] --END-- [ RunTime:0.053712s ]
INFO: [ view_filter ] --START--
INFO: Run Behavior\WriteHtmlCacheBehavior [ RunTime:0.000946s ]
INFO: [ view_filter ] --END-- [ RunTime:0.001048s ]
INFO: [ app_end ] --START--
INFO: Run Behavior\ShowPageTraceBehavior [ RunTime:0.001145s ]
INFO: [ app_end ] --END-- [ RunTime:0.001240s ]

[ 2016-07-04T23:00:09+08:00 ] ::1 /he/
INFO: [ app_init ] --START--
INFO: Run Behavior\BuildLiteBehavior [ RunTime:0.000025s ]
INFO: [ app_init ] --END-- [ RunTime:0.000570s ]
INFO: [ app_begin ] --START--
INFO: Run Behavior\ReadHtmlCacheBehavior [ RunTime:0.001154s ]
INFO: [ app_begin ] --END-- [ RunTime:0.001278s ]
SQL: SHOW COLUMNS FROM `think_sysconfig` [ RunTime:0.0067s ]
SQL: SELECT * FROM `think_sysconfig` WHERE ( varname='cfg_theme' ) LIMIT 1   [ RunTime:0.0005s ]
SQL: SELECT * FROM `think_sysconfig` WHERE ( varname='cfg_wap' ) LIMIT 1   [ RunTime:0.0002s ]
SQL: SHOW COLUMNS FROM `think_category` [ RunTime:0.0067s ]
SQL: SELECT * FROM `think_category` WHERE ( parentid=0 )  [ RunTime:0.0016s ]
INFO: [ view_parse ] --START--
INFO: [ template_filter ] --START--
INFO: Run Behavior\ContentReplaceBehavior [ RunTime:0.000097s ]
INFO: [ template_filter ] --END-- [ RunTime:0.000226s ]
NOTIC: [8] Use of undefined constant cfg_webname - assumed 'cfg_webname' E:\www\he\Application\Runtime\Cache\Ue\36bfe89e1e28dbe73425186ed5cc5bf8.php 第 9 行.
SQL: SELECT * FROM `think_sysconfig` WHERE ( varname='cfg_webname' ) LIMIT 1   [ RunTime:0.0010s ]
SQL: SELECT * FROM `think_sysconfig` WHERE ( varname='cfg_indexurl' ) LIMIT 1   [ RunTime:0.0008s ]
NOTIC: [8] Use of undefined constant index_banner - assumed 'index_banner' E:\www\he\Application\Runtime\Cache\Ue\36bfe89e1e28dbe73425186ed5cc5bf8.php 第 30 行.
NOTIC: [8] Use of undefined constant img - assumed 'img' E:\www\he\Application\Runtime\Cache\Ue\36bfe89e1e28dbe73425186ed5cc5bf8.php 第 30 行.
NOTIC: [2] Missing argument 3 for getcatlist(), called in E:\www\he\Application\Runtime\Cache\Ue\36bfe89e1e28dbe73425186ed5cc5bf8.php on line 30 and defined E:\www\he\Application\Ue\Common\function.php 第 324 行.
SQL: SHOW COLUMNS FROM `think_catset_list` [ RunTime:0.0063s ]
NOTIC: [8] Undefined variable: catid E:\www\he\Application\Ue\Common\function.php 第 327 行.
NOTIC: [8] Undefined index: parentid E:\www\he\Application\Ue\Common\function.php 第 329 行.
SQL: SELECT * FROM `think_catset_list` WHERE ( value='index_banner'AND catid = '0' ) LIMIT 1   [ RunTime:0.0006s ]
SQL: SELECT * FROM `think_sysconfig` WHERE ( varname='cfg_indexurl' ) LIMIT 1   [ RunTime:0.0003s ]
NOTIC: [2] Missing argument 2 for getcategory(), called in E:\www\he\Application\Runtime\Cache\Ue\36bfe89e1e28dbe73425186ed5cc5bf8.php on line 38 and defined E:\www\he\Application\Ue\Common\function.php 第 72 行.
SQL: SELECT * FROM `think_category` WHERE ( parentid=0 ) ORDER BY listorder  [ RunTime:0.0005s ]
NOTIC: [8] Undefined variable: catinfos E:\www\he\Application\Ue\Common\function.php 第 115 行.
NOTIC: [8] Undefined variable: catinfot E:\www\he\Application\Ue\Common\function.php 第 115 行.
NOTIC: [8] Undefined variable: catinfos E:\www\he\Application\Ue\Common\function.php 第 115 行.
NOTIC: [8] Undefined variable: catinfot E:\www\he\Application\Ue\Common\function.php 第 115 行.
NOTIC: [8] Undefined variable: catinfos E:\www\he\Application\Ue\Common\function.php 第 115 行.
NOTIC: [8] Undefined variable: catinfot E:\www\he\Application\Ue\Common\function.php 第 115 行.
NOTIC: [8] Undefined variable: catinfos E:\www\he\Application\Ue\Common\function.php 第 115 行.
NOTIC: [8] Undefined variable: catinfot E:\www\he\Application\Ue\Common\function.php 第 115 行.
NOTIC: [8] Undefined variable: catinfos E:\www\he\Application\Ue\Common\function.php 第 115 行.
NOTIC: [8] Undefined variable: catinfot E:\www\he\Application\Ue\Common\function.php 第 115 行.
NOTIC: [8] Undefined variable: catinfos E:\www\he\Application\Ue\Common\function.php 第 115 行.
NOTIC: [8] Undefined variable: catinfot E:\www\he\Application\Ue\Common\function.php 第 115 行.
NOTIC: [8] Undefined variable: catinfos E:\www\he\Application\Ue\Common\function.php 第 115 行.
NOTIC: [8] Undefined variable: catinfot E:\www\he\Application\Ue\Common\function.php 第 115 行.
NOTIC: [8] Undefined variable: catinfos E:\www\he\Application\Ue\Common\function.php 第 115 行.
NOTIC: [8] Undefined variable: catinfot E:\www\he\Application\Ue\Common\function.php 第 115 行.
NOTIC: [8] Use of undefined constant catid - assumed 'catid' E:\www\he\Application\Runtime\Cache\Ue\36bfe89e1e28dbe73425186ed5cc5bf8.php 第 41 行.
SQL: SELECT * FROM `think_category` WHERE ( parentid=72 ) ORDER BY listorder  [ RunTime:0.0004s ]
NOTIC: [8] Undefined variable: catinfos E:\www\he\Application\Ue\Common\function.php 第 115 行.
NOTIC: [8] Undefined variable: catinfot E:\www\he\Application\Ue\Common\function.php 第 115 行.
NOTIC: [8] Undefined variable: catinfos E:\www\he\Application\Ue\Common\function.php 第 115 行.
NOTIC: [8] Undefined variable: catinfot E:\www\he\Application\Ue\Common\function.php 第 115 行.
NOTIC: [8] Undefined variable: catinfos E:\www\he\Application\Ue\Common\function.php 第 115 行.
NOTIC: [8] Undefined variable: catinfot E:\www\he\Application\Ue\Common\function.php 第 115 行.
NOTIC: [8] Undefined variable: catinfos E:\www\he\Application\Ue\Common\function.php 第 115 行.
NOTIC: [8] Undefined variable: catinfot E:\www\he\Application\Ue\Common\function.php 第 115 行.
NOTIC: [8] Undefined variable: catinfos E:\www\he\Application\Ue\Common\function.php 第 115 行.
NOTIC: [8] Undefined variable: catinfot E:\www\he\Application\Ue\Common\function.php 第 115 行.
NOTIC: [8] Undefined variable: catinfos E:\www\he\Application\Ue\Common\function.php 第 115 行.
NOTIC: [8] Undefined variable: catinfot E:\www\he\Application\Ue\Common\function.php 第 115 行.
NOTIC: [8] Use of undefined constant catid - assumed 'catid' E:\www\he\Application\Runtime\Cache\Ue\36bfe89e1e28dbe73425186ed5cc5bf8.php 第 41 行.
SQL: SELECT * FROM `think_category` WHERE ( parentid=73 ) ORDER BY listorder  [ RunTime:0.0006s ]
NOTIC: [8] Undefined variable: catinfos E:\www\he\Application\Ue\Common\function.php 第 115 行.
NOTIC: [8] Undefined variable: catinfot E:\www\he\Application\Ue\Common\function.php 第 115 行.
NOTIC: [8] Undefined variable: catinfos E:\www\he\Application\Ue\Common\function.php 第 115 行.
NOTIC: [8] Undefined variable: catinfot E:\www\he\Application\Ue\Common\function.php 第 115 行.
NOTIC: [8] Undefined variable: catinfos E:\www\he\Application\Ue\Common\function.php 第 115 行.
NOTIC: [8] Undefined variable: catinfot E:\www\he\Application\Ue\Common\function.php 第 115 行.
NOTIC: [8] Undefined variable: catinfos E:\www\he\Application\Ue\Common\function.php 第 115 行.
NOTIC: [8] Undefined variable: catinfot E:\www\he\Application\Ue\Common\function.php 第 115 行.
NOTIC: [8] Undefined variable: catinfos E:\www\he\Application\Ue\Common\function.php 第 115 行.
NOTIC: [8] Undefined variable: catinfot E:\www\he\Application\Ue\Common\function.php 第 115 行.
NOTIC: [8] Use of undefined constant catid - assumed 'catid' E:\www\he\Application\Runtime\Cache\Ue\36bfe89e1e28dbe73425186ed5cc5bf8.php 第 41 行.
SQL: SELECT * FROM `think_category` WHERE ( parentid=74 ) ORDER BY listorder  [ RunTime:0.0017s ]
NOTIC: [8] Undefined variable: catinfos E:\www\he\Application\Ue\Common\function.php 第 115 行.
NOTIC: [8] Undefined variable: catinfot E:\www\he\Application\Ue\Common\function.php 第 115 行.
NOTIC: [8] Undefined variable: catinfos E:\www\he\Application\Ue\Common\function.php 第 115 行.
NOTIC: [8] Undefined variable: catinfot E:\www\he\Application\Ue\Common\function.php 第 115 行.
NOTIC: [8] Undefined variable: catinfos E:\www\he\Application\Ue\Common\function.php 第 115 行.
NOTIC: [8] Undefined variable: catinfot E:\www\he\Application\Ue\Common\function.php 第 115 行.
NOTIC: [8] Undefined variable: catinfos E:\www\he\Application\Ue\Common\function.php 第 115 行.
NOTIC: [8] Undefined variable: catinfot E:\www\he\Application\Ue\Common\function.php 第 115 行.
NOTIC: [8] Use of undefined constant catid - assumed 'catid' E:\www\he\Application\Runtime\Cache\Ue\36bfe89e1e28dbe73425186ed5cc5bf8.php 第 41 行.
SQL: SELECT * FROM `think_category` WHERE ( parentid=75 ) ORDER BY listorder  [ RunTime:0.0009s ]
NOTIC: [8] Undefined variable: catinfos E:\www\he\Application\Ue\Common\function.php 第 115 行.
NOTIC: [8] Undefined variable: catinfot E:\www\he\Application\Ue\Common\function.php 第 115 行.
NOTIC: [8] Undefined variable: catinfos E:\www\he\Application\Ue\Common\function.php 第 115 行.
NOTIC: [8] Undefined variable: catinfot E:\www\he\Application\Ue\Common\function.php 第 115 行.
NOTIC: [8] Use of undefined constant catid - assumed 'catid' E:\www\he\Application\Runtime\Cache\Ue\36bfe89e1e28dbe73425186ed5cc5bf8.php 第 41 行.
SQL: SELECT * FROM `think_category` WHERE ( parentid=76 ) ORDER BY listorder  [ RunTime:0.0007s ]
NOTIC: [8] Undefined variable: catinfos E:\www\he\Application\Ue\Common\function.php 第 115 行.
NOTIC: [8] Undefined variable: catinfot E:\www\he\Application\Ue\Common\function.php 第 115 行.
NOTIC: [8] Undefined variable: catinfos E:\www\he\Application\Ue\Common\function.php 第 115 行.
NOTIC: [8] Undefined variable: catinfot E:\www\he\Application\Ue\Common\function.php 第 115 行.
NOTIC: [8] Undefined variable: catinfos E:\www\he\Application\Ue\Common\function.php 第 115 行.
NOTIC: [8] Undefined variable: catinfot E:\www\he\Application\Ue\Common\function.php 第 115 行.
NOTIC: [8] Use of undefined constant catid - assumed 'catid' E:\www\he\Application\Runtime\Cache\Ue\36bfe89e1e28dbe73425186ed5cc5bf8.php 第 41 行.
SQL: SELECT * FROM `think_category` WHERE ( parentid=77 ) ORDER BY listorder  [ RunTime:0.0004s ]
NOTIC: [8] Undefined variable: catinfos E:\www\he\Application\Ue\Common\function.php 第 115 行.
NOTIC: [8] Undefined variable: catinfot E:\www\he\Application\Ue\Common\function.php 第 115 行.
NOTIC: [8] Undefined variable: catinfos E:\www\he\Application\Ue\Common\function.php 第 115 行.
NOTIC: [8] Undefined variable: catinfot E:\www\he\Application\Ue\Common\function.php 第 115 行.
NOTIC: [8] Use of undefined constant catid - assumed 'catid' E:\www\he\Application\Runtime\Cache\Ue\36bfe89e1e28dbe73425186ed5cc5bf8.php 第 41 行.
SQL: SELECT * FROM `think_category` WHERE ( parentid=78 ) ORDER BY listorder  [ RunTime:0.0004s ]
NOTIC: [8] Undefined variable: catinfos E:\www\he\Application\Ue\Common\function.php 第 115 行.
NOTIC: [8] Undefined variable: catinfot E:\www\he\Application\Ue\Common\function.php 第 115 行.
NOTIC: [8] Undefined variable: catinfos E:\www\he\Application\Ue\Common\function.php 第 115 行.
NOTIC: [8] Undefined variable: catinfot E:\www\he\Application\Ue\Common\function.php 第 115 行.
NOTIC: [8] Undefined variable: catinfos E:\www\he\Application\Ue\Common\function.php 第 115 行.
NOTIC: [8] Undefined variable: catinfot E:\www\he\Application\Ue\Common\function.php 第 115 行.
NOTIC: [8] Use of undefined constant catid - assumed 'catid' E:\www\he\Application\Runtime\Cache\Ue\36bfe89e1e28dbe73425186ed5cc5bf8.php 第 41 行.
SQL: SELECT * FROM `think_category` WHERE ( parentid=79 ) ORDER BY listorder  [ RunTime:0.0006s ]
NOTIC: [8] Undefined variable: catinfos E:\www\he\Application\Ue\Common\function.php 第 115 行.
NOTIC: [8] Undefined variable: catinfot E:\www\he\Application\Ue\Common\function.php 第 115 行.
NOTIC: [2] Missing argument 3 for getdatalist(), called in E:\www\he\Application\Runtime\Cache\Ue\36bfe89e1e28dbe73425186ed5cc5bf8.php on line 54 and defined E:\www\he\Application\Ue\Common\function.php 第 182 行.
SQL: SELECT * FROM `think_category` WHERE ( catid=81 ) LIMIT 1   [ RunTime:0.0005s ]
SQL: SHOW COLUMNS FROM `think_news` [ RunTime:0.0063s ]
NOTIC: [8] Undefined variable: type E:\www\he\Application\Ue\Common\function.php 第 189 行.
SQL: SELECT * FROM `think_news` WHERE ( `catid` = 81 ) ORDER BY listorder,updatetime desc LIMIT 2   [ RunTime:0.0012s ]
NOTIC: [2] Missing argument 3 for getdatalist(), called in E:\www\he\Application\Runtime\Cache\Ue\36bfe89e1e28dbe73425186ed5cc5bf8.php on line 58 and defined E:\www\he\Application\Ue\Common\function.php 第 182 行.
SQL: SELECT * FROM `think_category` WHERE ( catid=80 ) LIMIT 1   [ RunTime:0.0010s ]
SQL: SHOW COLUMNS FROM `think_page` [ RunTime:0.0064s ]
NOTIC: [8] Undefined variable: type E:\www\he\Application\Ue\Common\function.php 第 189 行.
SQL: SELECT * FROM `think_page` WHERE ( `catid` = 80 ) ORDER BY listorder,updatetime desc LIMIT 1   [ RunTime:0.0005s ]
NOTIC: [8] Use of undefined constant cfg_powerby - assumed 'cfg_powerby' E:\www\he\Application\Runtime\Cache\Ue\36bfe89e1e28dbe73425186ed5cc5bf8.php 第 87 行.
SQL: SELECT * FROM `think_sysconfig` WHERE ( varname='cfg_powerby' ) LIMIT 1   [ RunTime:0.0003s ]
NOTIC: [8] Use of undefined constant weibo - assumed 'weibo' E:\www\he\Application\Runtime\Cache\Ue\36bfe89e1e28dbe73425186ed5cc5bf8.php 第 90 行.
SQL: SELECT * FROM `think_sysconfig` WHERE ( varname='weibo' ) LIMIT 1   [ RunTime:0.0002s ]
NOTIC: [8] Use of undefined constant tencent - assumed 'tencent' E:\www\he\Application\Runtime\Cache\Ue\36bfe89e1e28dbe73425186ed5cc5bf8.php 第 91 行.
SQL: SELECT * FROM `think_sysconfig` WHERE ( varname='tencent' ) LIMIT 1   [ RunTime:0.0005s ]
INFO: Run Behavior\ParseTemplateBehavior [ RunTime:0.075732s ]
INFO: [ view_parse ] --END-- [ RunTime:0.075820s ]
INFO: [ view_filter ] --START--
INFO: Run Behavior\WriteHtmlCacheBehavior [ RunTime:0.000982s ]
INFO: [ view_filter ] --END-- [ RunTime:0.001065s ]
INFO: [ app_end ] --START--
INFO: Run Behavior\ShowPageTraceBehavior [ RunTime:0.001075s ]
INFO: [ app_end ] --END-- [ RunTime:0.001160s ]

[ 2016-07-04T23:13:00+08:00 ] ::1 /he/
INFO: [ app_init ] --START--
INFO: Run Behavior\BuildLiteBehavior [ RunTime:0.000024s ]
INFO: [ app_init ] --END-- [ RunTime:0.000557s ]
INFO: [ app_begin ] --START--
INFO: Run Behavior\ReadHtmlCacheBehavior [ RunTime:0.000986s ]
INFO: [ app_begin ] --END-- [ RunTime:0.001109s ]
SQL: SHOW COLUMNS FROM `think_sysconfig` [ RunTime:0.0065s ]
SQL: SELECT * FROM `think_sysconfig` WHERE ( varname='cfg_theme' ) LIMIT 1   [ RunTime:0.0010s ]
SQL: SELECT * FROM `think_sysconfig` WHERE ( varname='cfg_wap' ) LIMIT 1   [ RunTime:0.0006s ]
SQL: SHOW COLUMNS FROM `think_category` [ RunTime:0.0074s ]
SQL: SELECT * FROM `think_category` WHERE ( parentid=0 )  [ RunTime:0.0005s ]
INFO: [ view_parse ] --START--
INFO: [ template_filter ] --START--
INFO: Run Behavior\ContentReplaceBehavior [ RunTime:0.000091s ]
INFO: [ template_filter ] --END-- [ RunTime:0.000186s ]
NOTIC: [8] Use of undefined constant cfg_webname - assumed 'cfg_webname' E:\www\he\Application\Runtime\Cache\Ue\36bfe89e1e28dbe73425186ed5cc5bf8.php 第 9 行.
SQL: SELECT * FROM `think_sysconfig` WHERE ( varname='cfg_webname' ) LIMIT 1   [ RunTime:0.0011s ]
SQL: SELECT * FROM `think_sysconfig` WHERE ( varname='cfg_indexurl' ) LIMIT 1   [ RunTime:0.0007s ]
NOTIC: [8] Use of undefined constant index_banner - assumed 'index_banner' E:\www\he\Application\Runtime\Cache\Ue\36bfe89e1e28dbe73425186ed5cc5bf8.php 第 30 行.
NOTIC: [8] Use of undefined constant img - assumed 'img' E:\www\he\Application\Runtime\Cache\Ue\36bfe89e1e28dbe73425186ed5cc5bf8.php 第 30 行.
NOTIC: [2] Missing argument 3 for getcatlist(), called in E:\www\he\Application\Runtime\Cache\Ue\36bfe89e1e28dbe73425186ed5cc5bf8.php on line 30 and defined E:\www\he\Application\Ue\Common\function.php 第 324 行.
SQL: SHOW COLUMNS FROM `think_catset_list` [ RunTime:0.0064s ]
NOTIC: [8] Undefined variable: catid E:\www\he\Application\Ue\Common\function.php 第 327 行.
NOTIC: [8] Undefined index: parentid E:\www\he\Application\Ue\Common\function.php 第 329 行.
SQL: SELECT * FROM `think_catset_list` WHERE ( value='index_banner'AND catid = '0' ) LIMIT 1   [ RunTime:0.0007s ]
SQL: SELECT * FROM `think_catset_list` WHERE ( value='index_banner'AND catid = '' ) LIMIT 1   [ RunTime:0.0005s ]
NOTIC: [8] Undefined offset: 1 E:\www\he\Application\Common\Common\function.php 第 92 行.
NOTIC: [8] Uninitialized string offset: 0 E:\www\he\Application\Runtime\Cache\Ue\36bfe89e1e28dbe73425186ed5cc5bf8.php 第 30 行.
SQL: SELECT * FROM `think_sysconfig` WHERE ( varname='cfg_indexurl' ) LIMIT 1   [ RunTime:0.0003s ]
NOTIC: [2] Missing argument 2 for getcategory(), called in E:\www\he\Application\Runtime\Cache\Ue\36bfe89e1e28dbe73425186ed5cc5bf8.php on line 38 and defined E:\www\he\Application\Ue\Common\function.php 第 72 行.
SQL: SELECT * FROM `think_category` WHERE ( parentid=0 ) ORDER BY listorder  [ RunTime:0.0004s ]
NOTIC: [2] Missing argument 3 for getdatalist(), called in E:\www\he\Application\Runtime\Cache\Ue\36bfe89e1e28dbe73425186ed5cc5bf8.php on line 54 and defined E:\www\he\Application\Ue\Common\function.php 第 182 行.
SQL: SELECT * FROM `think_category` WHERE ( catid=81 ) LIMIT 1   [ RunTime:0.0004s ]
NOTIC: [8] Undefined variable: type E:\www\he\Application\Ue\Common\function.php 第 189 行.
ERR: 1146:Table 'newp.think_' doesn't exist
 [ SQL语句 ] : SELECT * FROM `think_` WHERE ( `catid` = 81 ) ORDER BY listorder,updatetime desc LIMIT 2  
ERR: 1146:Table 'newp.think_' doesn't exist
 [ SQL语句 ] : SELECT * FROM `think_` WHERE ( `catid` = 81 ) ORDER BY listorder,updatetime desc LIMIT 2  

[ 2016-07-04T23:13:11+08:00 ] ::1 /he/
INFO: [ app_init ] --START--
INFO: Run Behavior\BuildLiteBehavior [ RunTime:0.000024s ]
INFO: [ app_init ] --END-- [ RunTime:0.000565s ]
INFO: [ app_begin ] --START--
INFO: Run Behavior\ReadHtmlCacheBehavior [ RunTime:0.001288s ]
INFO: [ app_begin ] --END-- [ RunTime:0.001421s ]
SQL: SHOW COLUMNS FROM `think_sysconfig` [ RunTime:0.0068s ]
SQL: SELECT * FROM `think_sysconfig` WHERE ( varname='cfg_theme' ) LIMIT 1   [ RunTime:0.0006s ]
SQL: SELECT * FROM `think_sysconfig` WHERE ( varname='cfg_wap' ) LIMIT 1   [ RunTime:0.0003s ]
SQL: SHOW COLUMNS FROM `think_category` [ RunTime:0.0066s ]
SQL: SELECT * FROM `think_category` WHERE ( parentid=0 )  [ RunTime:0.0006s ]
INFO: [ view_parse ] --START--
INFO: [ template_filter ] --START--
INFO: Run Behavior\ContentReplaceBehavior [ RunTime:0.000091s ]
INFO: [ template_filter ] --END-- [ RunTime:0.000184s ]
NOTIC: [8] Use of undefined constant cfg_webname - assumed 'cfg_webname' E:\www\he\Application\Runtime\Cache\Ue\36bfe89e1e28dbe73425186ed5cc5bf8.php 第 9 行.
SQL: SELECT * FROM `think_sysconfig` WHERE ( varname='cfg_webname' ) LIMIT 1   [ RunTime:0.0008s ]
SQL: SELECT * FROM `think_sysconfig` WHERE ( varname='cfg_indexurl' ) LIMIT 1   [ RunTime:0.0003s ]
NOTIC: [8] Use of undefined constant index_banner - assumed 'index_banner' E:\www\he\Application\Runtime\Cache\Ue\36bfe89e1e28dbe73425186ed5cc5bf8.php 第 30 行.
NOTIC: [8] Use of undefined constant img - assumed 'img' E:\www\he\Application\Runtime\Cache\Ue\36bfe89e1e28dbe73425186ed5cc5bf8.php 第 30 行.
NOTIC: [2] Missing argument 3 for getcatlist(), called in E:\www\he\Application\Runtime\Cache\Ue\36bfe89e1e28dbe73425186ed5cc5bf8.php on line 30 and defined E:\www\he\Application\Ue\Common\function.php 第 324 行.
SQL: SHOW COLUMNS FROM `think_catset_list` [ RunTime:0.0058s ]
NOTIC: [8] Undefined variable: catid E:\www\he\Application\Ue\Common\function.php 第 327 行.
NOTIC: [8] Undefined index: parentid E:\www\he\Application\Ue\Common\function.php 第 329 行.
SQL: SELECT * FROM `think_catset_list` WHERE ( value='index_banner'AND catid = '0' ) LIMIT 1   [ RunTime:0.0007s ]
SQL: SELECT * FROM `think_catset_list` WHERE ( value='index_banner'AND catid = '' ) LIMIT 1   [ RunTime:0.0003s ]
NOTIC: [8] Undefined offset: 1 E:\www\he\Application\Common\Common\function.php 第 92 行.
NOTIC: [8] Uninitialized string offset: 0 E:\www\he\Application\Runtime\Cache\Ue\36bfe89e1e28dbe73425186ed5cc5bf8.php 第 30 行.
SQL: SELECT * FROM `think_sysconfig` WHERE ( varname='cfg_indexurl' ) LIMIT 1   [ RunTime:0.0003s ]
NOTIC: [2] Missing argument 2 for getcategory(), called in E:\www\he\Application\Runtime\Cache\Ue\36bfe89e1e28dbe73425186ed5cc5bf8.php on line 38 and defined E:\www\he\Application\Ue\Common\function.php 第 72 行.
SQL: SELECT * FROM `think_category` WHERE ( parentid=0 ) ORDER BY listorder  [ RunTime:0.0003s ]
NOTIC: [2] Missing argument 3 for getdatalist(), called in E:\www\he\Application\Runtime\Cache\Ue\36bfe89e1e28dbe73425186ed5cc5bf8.php on line 54 and defined E:\www\he\Application\Ue\Common\function.php 第 182 行.
SQL: SELECT * FROM `think_category` WHERE ( catid=81 ) LIMIT 1   [ RunTime:0.0003s ]
NOTIC: [8] Undefined variable: type E:\www\he\Application\Ue\Common\function.php 第 189 行.
ERR: 1146:Table 'newp.think_' doesn't exist
 [ SQL语句 ] : SELECT * FROM `think_` WHERE ( `catid` = 81 ) ORDER BY listorder,updatetime desc LIMIT 2  
ERR: 1146:Table 'newp.think_' doesn't exist
 [ SQL语句 ] : SELECT * FROM `think_` WHERE ( `catid` = 81 ) ORDER BY listorder,updatetime desc LIMIT 2  

[ 2016-07-04T23:13:27+08:00 ] ::1 /he/
INFO: [ app_init ] --START--
INFO: Run Behavior\BuildLiteBehavior [ RunTime:0.000024s ]
INFO: [ app_init ] --END-- [ RunTime:0.000511s ]
INFO: [ app_begin ] --START--
INFO: Run Behavior\ReadHtmlCacheBehavior [ RunTime:0.000978s ]
INFO: [ app_begin ] --END-- [ RunTime:0.001148s ]
SQL: SHOW COLUMNS FROM `think_sysconfig` [ RunTime:0.0059s ]
SQL: SELECT * FROM `think_sysconfig` WHERE ( varname='cfg_theme' ) LIMIT 1   [ RunTime:0.0010s ]
SQL: SELECT * FROM `think_sysconfig` WHERE ( varname='cfg_wap' ) LIMIT 1   [ RunTime:0.0005s ]
SQL: SHOW COLUMNS FROM `think_category` [ RunTime:0.0068s ]
SQL: SELECT * FROM `think_category` WHERE ( parentid=0 )  [ RunTime:0.0008s ]
INFO: [ view_parse ] --START--
INFO: [ template_filter ] --START--
INFO: Run Behavior\ContentReplaceBehavior [ RunTime:0.000090s ]
INFO: [ template_filter ] --END-- [ RunTime:0.000199s ]
NOTIC: [8] Use of undefined constant cfg_webname - assumed 'cfg_webname' E:\www\he\Application\Runtime\Cache\Ue\36bfe89e1e28dbe73425186ed5cc5bf8.php 第 9 行.
SQL: SELECT * FROM `think_sysconfig` WHERE ( varname='cfg_webname' ) LIMIT 1   [ RunTime:0.0007s ]
SQL: SELECT * FROM `think_sysconfig` WHERE ( varname='cfg_indexurl' ) LIMIT 1   [ RunTime:0.0004s ]
NOTIC: [8] Use of undefined constant index_banner - assumed 'index_banner' E:\www\he\Application\Runtime\Cache\Ue\36bfe89e1e28dbe73425186ed5cc5bf8.php 第 30 行.
NOTIC: [8] Use of undefined constant img - assumed 'img' E:\www\he\Application\Runtime\Cache\Ue\36bfe89e1e28dbe73425186ed5cc5bf8.php 第 30 行.
NOTIC: [2] Missing argument 3 for getcatlist(), called in E:\www\he\Application\Runtime\Cache\Ue\36bfe89e1e28dbe73425186ed5cc5bf8.php on line 30 and defined E:\www\he\Application\Ue\Common\function.php 第 324 行.
SQL: SHOW COLUMNS FROM `think_catset_list` [ RunTime:0.0060s ]
NOTIC: [8] Undefined variable: catid E:\www\he\Application\Ue\Common\function.php 第 327 行.
NOTIC: [8] Undefined index: parentid E:\www\he\Application\Ue\Common\function.php 第 329 行.
SQL: SELECT * FROM `think_catset_list` WHERE ( value='index_banner'AND catid = '0' ) LIMIT 1   [ RunTime:0.0010s ]
SQL: SELECT * FROM `think_sysconfig` WHERE ( varname='cfg_indexurl' ) LIMIT 1   [ RunTime:0.0007s ]
NOTIC: [2] Missing argument 2 for getcategory(), called in E:\www\he\Application\Runtime\Cache\Ue\36bfe89e1e28dbe73425186ed5cc5bf8.php on line 38 and defined E:\www\he\Application\Ue\Common\function.php 第 72 行.
SQL: SELECT * FROM `think_category` WHERE ( parentid=0 ) ORDER BY listorder  [ RunTime:0.0007s ]
NOTIC: [8] Undefined variable: catinfos E:\www\he\Application\Ue\Common\function.php 第 115 行.
NOTIC: [8] Undefined variable: catinfot E:\www\he\Application\Ue\Common\function.php 第 115 行.
NOTIC: [8] Undefined variable: catinfos E:\www\he\Application\Ue\Common\function.php 第 115 行.
NOTIC: [8] Undefined variable: catinfot E:\www\he\Application\Ue\Common\function.php 第 115 行.
NOTIC: [8] Undefined variable: catinfos E:\www\he\Application\Ue\Common\function.php 第 115 行.
NOTIC: [8] Undefined variable: catinfot E:\www\he\Application\Ue\Common\function.php 第 115 行.
NOTIC: [8] Undefined variable: catinfos E:\www\he\Application\Ue\Common\function.php 第 115 行.
NOTIC: [8] Undefined variable: catinfot E:\www\he\Application\Ue\Common\function.php 第 115 行.
NOTIC: [8] Undefined variable: catinfos E:\www\he\Application\Ue\Common\function.php 第 115 行.
NOTIC: [8] Undefined variable: catinfot E:\www\he\Application\Ue\Common\function.php 第 115 行.
NOTIC: [8] Undefined variable: catinfos E:\www\he\Application\Ue\Common\function.php 第 115 行.
NOTIC: [8] Undefined variable: catinfot E:\www\he\Application\Ue\Common\function.php 第 115 行.
NOTIC: [8] Undefined variable: catinfos E:\www\he\Application\Ue\Common\function.php 第 115 行.
NOTIC: [8] Undefined variable: catinfot E:\www\he\Application\Ue\Common\function.php 第 115 行.
NOTIC: [8] Undefined variable: catinfos E:\www\he\Application\Ue\Common\function.php 第 115 行.
NOTIC: [8] Undefined variable: catinfot E:\www\he\Application\Ue\Common\function.php 第 115 行.
NOTIC: [8] Use of undefined constant catid - assumed 'catid' E:\www\he\Application\Runtime\Cache\Ue\36bfe89e1e28dbe73425186ed5cc5bf8.php 第 41 行.
SQL: SELECT * FROM `think_category` WHERE ( parentid=72 ) ORDER BY listorder  [ RunTime:0.0006s ]
NOTIC: [8] Undefined variable: catinfos E:\www\he\Application\Ue\Common\function.php 第 115 行.
NOTIC: [8] Undefined variable: catinfot E:\www\he\Application\Ue\Common\function.php 第 115 行.
NOTIC: [8] Undefined variable: catinfos E:\www\he\Application\Ue\Common\function.php 第 115 行.
NOTIC: [8] Undefined variable: catinfot E:\www\he\Application\Ue\Common\function.php 第 115 行.
NOTIC: [8] Undefined variable: catinfos E:\www\he\Application\Ue\Common\function.php 第 115 行.
NOTIC: [8] Undefined variable: catinfot E:\www\he\Application\Ue\Common\function.php 第 115 行.
NOTIC: [8] Undefined variable: catinfos E:\www\he\Application\Ue\Common\function.php 第 115 行.
NOTIC: [8] Undefined variable: catinfot E:\www\he\Application\Ue\Common\function.php 第 115 行.
NOTIC: [8] Undefined variable: catinfos E:\www\he\Application\Ue\Common\function.php 第 115 行.
NOTIC: [8] Undefined variable: catinfot E:\www\he\Application\Ue\Common\function.php 第 115 行.
NOTIC: [8] Undefined variable: catinfos E:\www\he\Application\Ue\Common\function.php 第 115 行.
NOTIC: [8] Undefined variable: catinfot E:\www\he\Application\Ue\Common\function.php 第 115 行.
NOTIC: [8] Use of undefined constant catid - assumed 'catid' E:\www\he\Application\Runtime\Cache\Ue\36bfe89e1e28dbe73425186ed5cc5bf8.php 第 41 行.
SQL: SELECT * FROM `think_category` WHERE ( parentid=73 ) ORDER BY listorder  [ RunTime:0.0008s ]
NOTIC: [8] Undefined variable: catinfos E:\www\he\Application\Ue\Common\function.php 第 115 行.
NOTIC: [8] Undefined variable: catinfot E:\www\he\Application\Ue\Common\function.php 第 115 行.
NOTIC: [8] Undefined variable: catinfos E:\www\he\Application\Ue\Common\function.php 第 115 行.
NOTIC: [8] Undefined variable: catinfot E:\www\he\Application\Ue\Common\function.php 第 115 行.
NOTIC: [8] Undefined variable: catinfos E:\www\he\Application\Ue\Common\function.php 第 115 行.
NOTIC: [8] Undefined variable: catinfot E:\www\he\Application\Ue\Common\function.php 第 115 行.
NOTIC: [8] Undefined variable: catinfos E:\www\he\Application\Ue\Common\function.php 第 115 行.
NOTIC: [8] Undefined variable: catinfot E:\www\he\Application\Ue\Common\function.php 第 115 行.
NOTIC: [8] Undefined variable: catinfos E:\www\he\Application\Ue\Common\function.php 第 115 行.
NOTIC: [8] Undefined variable: catinfot E:\www\he\Application\Ue\Common\function.php 第 115 行.
NOTIC: [8] Use of undefined constant catid - assumed 'catid' E:\www\he\Application\Runtime\Cache\Ue\36bfe89e1e28dbe73425186ed5cc5bf8.php 第 41 行.
SQL: SELECT * FROM `think_category` WHERE ( parentid=74 ) ORDER BY listorder  [ RunTime:0.0010s ]
NOTIC: [8] Undefined variable: catinfos E:\www\he\Application\Ue\Common\function.php 第 115 行.
NOTIC: [8] Undefined variable: catinfot E:\www\he\Application\Ue\Common\function.php 第 115 行.
NOTIC: [8] Undefined variable: catinfos E:\www\he\Application\Ue\Common\function.php 第 115 行.
NOTIC: [8] Undefined variable: catinfot E:\www\he\Application\Ue\Common\function.php 第 115 行.
NOTIC: [8] Undefined variable: catinfos E:\www\he\Application\Ue\Common\function.php 第 115 行.
NOTIC: [8] Undefined variable: catinfot E:\www\he\Application\Ue\Common\function.php 第 115 行.
NOTIC: [8] Undefined variable: catinfos E:\www\he\Application\Ue\Common\function.php 第 115 行.
NOTIC: [8] Undefined variable: catinfot E:\www\he\Application\Ue\Common\function.php 第 115 行.
NOTIC: [8] Use of undefined constant catid - assumed 'catid' E:\www\he\Application\Runtime\Cache\Ue\36bfe89e1e28dbe73425186ed5cc5bf8.php 第 41 行.
SQL: SELECT * FROM `think_category` WHERE ( parentid=75 ) ORDER BY listorder  [ RunTime:0.0008s ]
NOTIC: [8] Undefined variable: catinfos E:\www\he\Application\Ue\Common\function.php 第 115 行.
NOTIC: [8] Undefined variable: catinfot E:\www\he\Application\Ue\Common\function.php 第 115 行.
NOTIC: [8] Undefined variable: catinfos E:\www\he\Application\Ue\Common\function.php 第 115 行.
NOTIC: [8] Undefined variable: catinfot E:\www\he\Application\Ue\Common\function.php 第 115 行.
NOTIC: [8] Use of undefined constant catid - assumed 'catid' E:\www\he\Application\Runtime\Cache\Ue\36bfe89e1e28dbe73425186ed5cc5bf8.php 第 41 行.
SQL: SELECT * FROM `think_category` WHERE ( parentid=76 ) ORDER BY listorder  [ RunTime:0.0008s ]
NOTIC: [8] Undefined variable: catinfos E:\www\he\Application\Ue\Common\function.php 第 115 行.
NOTIC: [8] Undefined variable: catinfot E:\www\he\Application\Ue\Common\function.php 第 115 行.
NOTIC: [8] Undefined variable: catinfos E:\www\he\Application\Ue\Common\function.php 第 115 行.
NOTIC: [8] Undefined variable: catinfot E:\www\he\Application\Ue\Common\function.php 第 115 行.
NOTIC: [8] Undefined variable: catinfos E:\www\he\Application\Ue\Common\function.php 第 115 行.
NOTIC: [8] Undefined variable: catinfot E:\www\he\Application\Ue\Common\function.php 第 115 行.
NOTIC: [8] Use of undefined constant catid - assumed 'catid' E:\www\he\Application\Runtime\Cache\Ue\36bfe89e1e28dbe73425186ed5cc5bf8.php 第 41 行.
SQL: SELECT * FROM `think_category` WHERE ( parentid=77 ) ORDER BY listorder  [ RunTime:0.0004s ]
NOTIC: [8] Undefined variable: catinfos E:\www\he\Application\Ue\Common\function.php 第 115 行.
NOTIC: [8] Undefined variable: catinfot E:\www\he\Application\Ue\Common\function.php 第 115 行.
NOTIC: [8] Undefined variable: catinfos E:\www\he\Application\Ue\Common\function.php 第 115 行.
NOTIC: [8] Undefined variable: catinfot E:\www\he\Application\Ue\Common\function.php 第 115 行.
NOTIC: [8] Use of undefined constant catid - assumed 'catid' E:\www\he\Application\Runtime\Cache\Ue\36bfe89e1e28dbe73425186ed5cc5bf8.php 第 41 行.
SQL: SELECT * FROM `think_category` WHERE ( parentid=78 ) ORDER BY listorder  [ RunTime:0.0004s ]
NOTIC: [8] Undefined variable: catinfos E:\www\he\Application\Ue\Common\function.php 第 115 行.
NOTIC: [8] Undefined variable: catinfot E:\www\he\Application\Ue\Common\function.php 第 115 行.
NOTIC: [8] Undefined variable: catinfos E:\www\he\Application\Ue\Common\function.php 第 115 行.
NOTIC: [8] Undefined variable: catinfot E:\www\he\Application\Ue\Common\function.php 第 115 行.
NOTIC: [8] Undefined variable: catinfos E:\www\he\Application\Ue\Common\function.php 第 115 行.
NOTIC: [8] Undefined variable: catinfot E:\www\he\Application\Ue\Common\function.php 第 115 行.
NOTIC: [8] Use of undefined constant catid - assumed 'catid' E:\www\he\Application\Runtime\Cache\Ue\36bfe89e1e28dbe73425186ed5cc5bf8.php 第 41 行.
SQL: SELECT * FROM `think_category` WHERE ( parentid=79 ) ORDER BY listorder  [ RunTime:0.0011s ]
NOTIC: [8] Undefined variable: catinfos E:\www\he\Application\Ue\Common\function.php 第 115 行.
NOTIC: [8] Undefined variable: catinfot E:\www\he\Application\Ue\Common\function.php 第 115 行.
NOTIC: [2] Missing argument 3 for getdatalist(), called in E:\www\he\Application\Runtime\Cache\Ue\36bfe89e1e28dbe73425186ed5cc5bf8.php on line 54 and defined E:\www\he\Application\Ue\Common\function.php 第 182 行.
SQL: SELECT * FROM `think_category` WHERE ( catid=81 ) LIMIT 1   [ RunTime:0.0005s ]
SQL: SHOW COLUMNS FROM `think_news` [ RunTime:0.0064s ]
NOTIC: [8] Undefined variable: type E:\www\he\Application\Ue\Common\function.php 第 189 行.
SQL: SELECT * FROM `think_news` WHERE ( `catid` = 81 ) ORDER BY listorder,updatetime desc LIMIT 2   [ RunTime:0.0006s ]
NOTIC: [2] Missing argument 3 for getdatalist(), called in E:\www\he\Application\Runtime\Cache\Ue\36bfe89e1e28dbe73425186ed5cc5bf8.php on line 58 and defined E:\www\he\Application\Ue\Common\function.php 第 182 行.
SQL: SELECT * FROM `think_category` WHERE ( catid=80 ) LIMIT 1   [ RunTime:0.0007s ]
SQL: SHOW COLUMNS FROM `think_page` [ RunTime:0.0071s ]
NOTIC: [8] Undefined variable: type E:\www\he\Application\Ue\Common\function.php 第 189 行.
SQL: SELECT * FROM `think_page` WHERE ( `catid` = 80 ) ORDER BY listorder,updatetime desc LIMIT 1   [ RunTime:0.0007s ]
NOTIC: [8] Use of undefined constant cfg_powerby - assumed 'cfg_powerby' E:\www\he\Application\Runtime\Cache\Ue\36bfe89e1e28dbe73425186ed5cc5bf8.php 第 87 行.
SQL: SELECT * FROM `think_sysconfig` WHERE ( varname='cfg_powerby' ) LIMIT 1   [ RunTime:0.0003s ]
NOTIC: [8] Use of undefined constant weibo - assumed 'weibo' E:\www\he\Application\Runtime\Cache\Ue\36bfe89e1e28dbe73425186ed5cc5bf8.php 第 90 行.
SQL: SELECT * FROM `think_sysconfig` WHERE ( varname='weibo' ) LIMIT 1   [ RunTime:0.0003s ]
NOTIC: [8] Use of undefined constant tencent - assumed 'tencent' E:\www\he\Application\Runtime\Cache\Ue\36bfe89e1e28dbe73425186ed5cc5bf8.php 第 91 行.
SQL: SELECT * FROM `think_sysconfig` WHERE ( varname='tencent' ) LIMIT 1   [ RunTime:0.0004s ]
INFO: Run Behavior\ParseTemplateBehavior [ RunTime:0.061748s ]
INFO: [ view_parse ] --END-- [ RunTime:0.061838s ]
INFO: [ view_filter ] --START--
INFO: Run Behavior\WriteHtmlCacheBehavior [ RunTime:0.001157s ]
INFO: [ view_filter ] --END-- [ RunTime:0.001249s ]
INFO: [ app_end ] --START--
INFO: Run Behavior\ShowPageTraceBehavior [ RunTime:0.001024s ]
INFO: [ app_end ] --END-- [ RunTime:0.001108s ]

